CRITICAL - 2022-09-03 02:22:06 --> Undefined variable $profil
in APPPATH\Views\content\add.php on line 50.
 1 APPPATH\Views\content\add.php(50): CodeIgniter\Debug\Exceptions->errorHandler(2, 'Undefined variable $profil', 'APPPATH\\Views\\content\\add.php', 50)
 2 SYSTEMPATH\View\View.php(213): include('APPPATH\\Views\\content\\add.php')
 3 SYSTEMPATH\View\View.php(216): CodeIgniter\View\View->CodeIgniter\View\{closure}()
 4 SYSTEMPATH\Common.php(1137): CodeIgniter\View\View->render('content/add', [], true)
 5 APPPATH\Controllers\Content.php(35): view('content/add')
 6 SYSTEMPATH\CodeIgniter.php(898): App\Controllers\Content->create()
 7 SYSTEMPATH\CodeIgniter.php(457): CodeIgniter\CodeIgniter->runController(Object(App\Controllers\Content))
 8 SYSTEMPATH\CodeIgniter.php(340): CodeIgniter\CodeIgniter->handleRequest(null, Object(Config\Cache), false)
 9 FCPATH\index.php(67): CodeIgniter\CodeIgniter->run()
10 SYSTEMPATH\Commands\Server\rewrite.php(43): require_once('FCPATH\\index.php')
CRITICAL - 2022-09-03 02:22:16 --> Undefined variable $content
in APPPATH\Views\content\add.php on line 50.
 1 APPPATH\Views\content\add.php(50): CodeIgniter\Debug\Exceptions->errorHandler(2, 'Undefined variable $content', 'APPPATH\\Views\\content\\add.php', 50)
 2 SYSTEMPATH\View\View.php(213): include('APPPATH\\Views\\content\\add.php')
 3 SYSTEMPATH\View\View.php(216): CodeIgniter\View\View->CodeIgniter\View\{closure}()
 4 SYSTEMPATH\Common.php(1137): CodeIgniter\View\View->render('content/add', [], true)
 5 APPPATH\Controllers\Content.php(35): view('content/add')
 6 SYSTEMPATH\CodeIgniter.php(898): App\Controllers\Content->create()
 7 SYSTEMPATH\CodeIgniter.php(457): CodeIgniter\CodeIgniter->runController(Object(App\Controllers\Content))
 8 SYSTEMPATH\CodeIgniter.php(340): CodeIgniter\CodeIgniter->handleRequest(null, Object(Config\Cache), false)
 9 FCPATH\index.php(67): CodeIgniter\CodeIgniter->run()
10 SYSTEMPATH\Commands\Server\rewrite.php(43): require_once('FCPATH\\index.php')
CRITICAL - 2022-09-03 02:23:02 --> Undefined variable $content
in APPPATH\Views\content\add.php on line 48.
 1 APPPATH\Views\content\add.php(48): CodeIgniter\Debug\Exceptions->errorHandler(2, 'Undefined variable $content', 'APPPATH\\Views\\content\\add.php', 48)
 2 SYSTEMPATH\View\View.php(213): include('APPPATH\\Views\\content\\add.php')
 3 SYSTEMPATH\View\View.php(216): CodeIgniter\View\View->CodeIgniter\View\{closure}()
 4 SYSTEMPATH\Common.php(1137): CodeIgniter\View\View->render('content/add', [], true)
 5 APPPATH\Controllers\Content.php(35): view('content/add')
 6 SYSTEMPATH\CodeIgniter.php(898): App\Controllers\Content->create()
 7 SYSTEMPATH\CodeIgniter.php(457): CodeIgniter\CodeIgniter->runController(Object(App\Controllers\Content))
 8 SYSTEMPATH\CodeIgniter.php(340): CodeIgniter\CodeIgniter->handleRequest(null, Object(Config\Cache), false)
 9 FCPATH\index.php(67): CodeIgniter\CodeIgniter->run()
10 SYSTEMPATH\Commands\Server\rewrite.php(43): require_once('FCPATH\\index.php')
CRITICAL - 2022-09-03 02:23:43 --> Undefined variable $content
in APPPATH\Views\content\add.php on line 48.
 1 APPPATH\Views\content\add.php(48): CodeIgniter\Debug\Exceptions->errorHandler(2, 'Undefined variable $content', 'APPPATH\\Views\\content\\add.php', 48)
 2 SYSTEMPATH\View\View.php(213): include('APPPATH\\Views\\content\\add.php')
 3 SYSTEMPATH\View\View.php(216): CodeIgniter\View\View->CodeIgniter\View\{closure}()
 4 SYSTEMPATH\Common.php(1137): CodeIgniter\View\View->render('content/add', [], true)
 5 APPPATH\Controllers\Content.php(35): view('content/add')
 6 SYSTEMPATH\CodeIgniter.php(898): App\Controllers\Content->create()
 7 SYSTEMPATH\CodeIgniter.php(457): CodeIgniter\CodeIgniter->runController(Object(App\Controllers\Content))
 8 SYSTEMPATH\CodeIgniter.php(340): CodeIgniter\CodeIgniter->handleRequest(null, Object(Config\Cache), false)
 9 FCPATH\index.php(67): CodeIgniter\CodeIgniter->run()
10 SYSTEMPATH\Commands\Server\rewrite.php(43): require_once('FCPATH\\index.php')
CRITICAL - 2022-09-03 02:24:08 --> Attempt to read property "image" on array
in APPPATH\Views\content\add.php on line 48.
 1 APPPATH\Views\content\add.php(48): CodeIgniter\Debug\Exceptions->errorHandler(2, 'Attempt to read property "image" on array', 'APPPATH\\Views\\content\\add.php', 48)
 2 SYSTEMPATH\View\View.php(213): include('APPPATH\\Views\\content\\add.php')
 3 SYSTEMPATH\View\View.php(216): CodeIgniter\View\View->CodeIgniter\View\{closure}()
 4 SYSTEMPATH\Common.php(1137): CodeIgniter\View\View->render('content/add', [], true)
 5 APPPATH\Controllers\Content.php(38): view('content/add', [...])
 6 SYSTEMPATH\CodeIgniter.php(898): App\Controllers\Content->create()
 7 SYSTEMPATH\CodeIgniter.php(457): CodeIgniter\CodeIgniter->runController(Object(App\Controllers\Content))
 8 SYSTEMPATH\CodeIgniter.php(340): CodeIgniter\CodeIgniter->handleRequest(null, Object(Config\Cache), false)
 9 FCPATH\index.php(67): CodeIgniter\CodeIgniter->run()
10 SYSTEMPATH\Commands\Server\rewrite.php(43): require_once('FCPATH\\index.php')
CRITICAL - 2022-09-03 02:24:17 --> Attempt to read property "image" on null
in APPPATH\Views\content\add.php on line 48.
 1 APPPATH\Views\content\add.php(48): CodeIgniter\Debug\Exceptions->errorHandler(2, 'Attempt to read property "image" on null', 'APPPATH\\Views\\content\\add.php', 48)
 2 SYSTEMPATH\View\View.php(213): include('APPPATH\\Views\\content\\add.php')
 3 SYSTEMPATH\View\View.php(216): CodeIgniter\View\View->CodeIgniter\View\{closure}()
 4 SYSTEMPATH\Common.php(1137): CodeIgniter\View\View->render('content/add', [], true)
 5 APPPATH\Controllers\Content.php(38): view('content/add', [...])
 6 SYSTEMPATH\CodeIgniter.php(898): App\Controllers\Content->create()
 7 SYSTEMPATH\CodeIgniter.php(457): CodeIgniter\CodeIgniter->runController(Object(App\Controllers\Content))
 8 SYSTEMPATH\CodeIgniter.php(340): CodeIgniter\CodeIgniter->handleRequest(null, Object(Config\Cache), false)
 9 FCPATH\index.php(67): CodeIgniter\CodeIgniter->run()
10 SYSTEMPATH\Commands\Server\rewrite.php(43): require_once('FCPATH\\index.php')
CRITICAL - 2022-09-03 02:24:21 --> Attempt to read property "image" on array
in APPPATH\Views\content\add.php on line 48.
 1 APPPATH\Views\content\add.php(48): CodeIgniter\Debug\Exceptions->errorHandler(2, 'Attempt to read property "image" on array', 'APPPATH\\Views\\content\\add.php', 48)
 2 SYSTEMPATH\View\View.php(213): include('APPPATH\\Views\\content\\add.php')
 3 SYSTEMPATH\View\View.php(216): CodeIgniter\View\View->CodeIgniter\View\{closure}()
 4 SYSTEMPATH\Common.php(1137): CodeIgniter\View\View->render('content/add', [], true)
 5 APPPATH\Controllers\Content.php(38): view('content/add', [...])
 6 SYSTEMPATH\CodeIgniter.php(898): App\Controllers\Content->create()
 7 SYSTEMPATH\CodeIgniter.php(457): CodeIgniter\CodeIgniter->runController(Object(App\Controllers\Content))
 8 SYSTEMPATH\CodeIgniter.php(340): CodeIgniter\CodeIgniter->handleRequest(null, Object(Config\Cache), false)
 9 FCPATH\index.php(67): CodeIgniter\CodeIgniter->run()
10 SYSTEMPATH\Commands\Server\rewrite.php(43): require_once('FCPATH\\index.php')
CRITICAL - 2022-09-03 02:25:23 --> Call to undefined function content()
in APPPATH\Views\content\add.php on line 48.
 1 SYSTEMPATH\View\View.php(213): include()
 2 SYSTEMPATH\View\View.php(216): CodeIgniter\View\View->CodeIgniter\View\{closure}()
 3 SYSTEMPATH\Common.php(1137): CodeIgniter\View\View->render('content/add', [], true)
 4 APPPATH\Controllers\Content.php(38): view('content/add', [...])
 5 SYSTEMPATH\CodeIgniter.php(898): App\Controllers\Content->create()
 6 SYSTEMPATH\CodeIgniter.php(457): CodeIgniter\CodeIgniter->runController(Object(App\Controllers\Content))
 7 SYSTEMPATH\CodeIgniter.php(340): CodeIgniter\CodeIgniter->handleRequest(null, Object(Config\Cache), false)
 8 FCPATH\index.php(67): CodeIgniter\CodeIgniter->run()
 9 SYSTEMPATH\Commands\Server\rewrite.php(43): require_once('FCPATH\\index.php')
CRITICAL - 2022-09-03 02:25:45 --> Undefined array key "image"
in APPPATH\Views\content\add.php on line 48.
 1 APPPATH\Views\content\add.php(48): CodeIgniter\Debug\Exceptions->errorHandler(2, 'Undefined array key "image"', 'APPPATH\\Views\\content\\add.php', 48)
 2 SYSTEMPATH\View\View.php(213): include('APPPATH\\Views\\content\\add.php')
 3 SYSTEMPATH\View\View.php(216): CodeIgniter\View\View->CodeIgniter\View\{closure}()
 4 SYSTEMPATH\Common.php(1137): CodeIgniter\View\View->render('content/add', [], true)
 5 APPPATH\Controllers\Content.php(38): view('content/add', [...])
 6 SYSTEMPATH\CodeIgniter.php(898): App\Controllers\Content->create()
 7 SYSTEMPATH\CodeIgniter.php(457): CodeIgniter\CodeIgniter->runController(Object(App\Controllers\Content))
 8 SYSTEMPATH\CodeIgniter.php(340): CodeIgniter\CodeIgniter->handleRequest(null, Object(Config\Cache), false)
 9 FCPATH\index.php(67): CodeIgniter\CodeIgniter->run()
10 SYSTEMPATH\Commands\Server\rewrite.php(43): require_once('FCPATH\\index.php')
CRITICAL - 2022-09-03 02:26:22 --> Attempt to read property "image" on array
in APPPATH\Views\content\add.php on line 50.
 1 APPPATH\Views\content\add.php(50): CodeIgniter\Debug\Exceptions->errorHandler(2, 'Attempt to read property "image" on array', 'APPPATH\\Views\\content\\add.php', 50)
 2 SYSTEMPATH\View\View.php(213): include('APPPATH\\Views\\content\\add.php')
 3 SYSTEMPATH\View\View.php(216): CodeIgniter\View\View->CodeIgniter\View\{closure}()
 4 SYSTEMPATH\Common.php(1137): CodeIgniter\View\View->render('content/add', [], true)
 5 APPPATH\Controllers\Content.php(38): view('content/add', [...])
 6 SYSTEMPATH\CodeIgniter.php(898): App\Controllers\Content->create()
 7 SYSTEMPATH\CodeIgniter.php(457): CodeIgniter\CodeIgniter->runController(Object(App\Controllers\Content))
 8 SYSTEMPATH\CodeIgniter.php(340): CodeIgniter\CodeIgniter->handleRequest(null, Object(Config\Cache), false)
 9 FCPATH\index.php(67): CodeIgniter\CodeIgniter->run()
10 SYSTEMPATH\Commands\Server\rewrite.php(43): require_once('FCPATH\\index.php')
CRITICAL - 2022-09-03 02:31:50 --> Undefined variable $profil
in APPPATH\Views\content\add.php on line 50.
 1 APPPATH\Views\content\add.php(50): CodeIgniter\Debug\Exceptions->errorHandler(2, 'Undefined variable $profil', 'APPPATH\\Views\\content\\add.php', 50)
 2 SYSTEMPATH\View\View.php(213): include('APPPATH\\Views\\content\\add.php')
 3 SYSTEMPATH\View\View.php(216): CodeIgniter\View\View->CodeIgniter\View\{closure}()
 4 SYSTEMPATH\Common.php(1137): CodeIgniter\View\View->render('content/add', [], true)
 5 APPPATH\Controllers\Content.php(38): view('content/add', [...])
 6 SYSTEMPATH\CodeIgniter.php(898): App\Controllers\Content->create()
 7 SYSTEMPATH\CodeIgniter.php(457): CodeIgniter\CodeIgniter->runController(Object(App\Controllers\Content))
 8 SYSTEMPATH\CodeIgniter.php(340): CodeIgniter\CodeIgniter->handleRequest(null, Object(Config\Cache), false)
 9 FCPATH\index.php(67): CodeIgniter\CodeIgniter->run()
10 SYSTEMPATH\Commands\Server\rewrite.php(43): require_once('FCPATH\\index.php')
CRITICAL - 2022-09-03 02:32:14 --> Attempt to read property "deskripsi" on array
in APPPATH\Views\content\add.php on line 50.
 1 APPPATH\Views\content\add.php(50): CodeIgniter\Debug\Exceptions->errorHandler(2, 'Attempt to read property "deskripsi" on array', 'APPPATH\\Views\\content\\add.php', 50)
 2 SYSTEMPATH\View\View.php(213): include('APPPATH\\Views\\content\\add.php')
 3 SYSTEMPATH\View\View.php(216): CodeIgniter\View\View->CodeIgniter\View\{closure}()
 4 SYSTEMPATH\Common.php(1137): CodeIgniter\View\View->render('content/add', [], true)
 5 APPPATH\Controllers\Content.php(38): view('content/add', [...])
 6 SYSTEMPATH\CodeIgniter.php(898): App\Controllers\Content->create()
 7 SYSTEMPATH\CodeIgniter.php(457): CodeIgniter\CodeIgniter->runController(Object(App\Controllers\Content))
 8 SYSTEMPATH\CodeIgniter.php(340): CodeIgniter\CodeIgniter->handleRequest(null, Object(Config\Cache), false)
 9 FCPATH\index.php(67): CodeIgniter\CodeIgniter->run()
10 SYSTEMPATH\Commands\Server\rewrite.php(43): require_once('FCPATH\\index.php')
CRITICAL - 2022-09-03 02:32:23 --> Attempt to read property "judul" on array
in APPPATH\Views\content\add.php on line 50.
 1 APPPATH\Views\content\add.php(50): CodeIgniter\Debug\Exceptions->errorHandler(2, 'Attempt to read property "judul" on array', 'APPPATH\\Views\\content\\add.php', 50)
 2 SYSTEMPATH\View\View.php(213): include('APPPATH\\Views\\content\\add.php')
 3 SYSTEMPATH\View\View.php(216): CodeIgniter\View\View->CodeIgniter\View\{closure}()
 4 SYSTEMPATH\Common.php(1137): CodeIgniter\View\View->render('content/add', [], true)
 5 APPPATH\Controllers\Content.php(38): view('content/add', [...])
 6 SYSTEMPATH\CodeIgniter.php(898): App\Controllers\Content->create()
 7 SYSTEMPATH\CodeIgniter.php(457): CodeIgniter\CodeIgniter->runController(Object(App\Controllers\Content))
 8 SYSTEMPATH\CodeIgniter.php(340): CodeIgniter\CodeIgniter->handleRequest(null, Object(Config\Cache), false)
 9 FCPATH\index.php(67): CodeIgniter\CodeIgniter->run()
10 SYSTEMPATH\Commands\Server\rewrite.php(43): require_once('FCPATH\\index.php')
ERROR - 2022-09-03 02:38:28 --> mysqli_sql_exception: Column 'penulis' cannot be null in C:\xampp\htdocs\aplikasi_iro\system\Database\MySQLi\Connection.php:292
Stack trace:
#0 C:\xampp\htdocs\aplikasi_iro\system\Database\MySQLi\Connection.php(292): mysqli->query('INSERT INTO `co...', 0)
#1 C:\xampp\htdocs\aplikasi_iro\system\Database\BaseConnection.php(693): CodeIgniter\Database\MySQLi\Connection->execute('INSERT INTO `co...')
#2 C:\xampp\htdocs\aplikasi_iro\system\Database\BaseConnection.php(620): CodeIgniter\Database\BaseConnection->simpleQuery('INSERT INTO `co...')
#3 C:\xampp\htdocs\aplikasi_iro\system\Database\BaseBuilder.php(1916): CodeIgniter\Database\BaseConnection->query('INSERT INTO `co...', Array, false)
#4 C:\xampp\htdocs\aplikasi_iro\system\Model.php(278): CodeIgniter\Database\BaseBuilder->insert()
#5 C:\xampp\htdocs\aplikasi_iro\system\BaseModel.php(738): CodeIgniter\Model->doInsert(Array)
#6 C:\xampp\htdocs\aplikasi_iro\system\Model.php(666): CodeIgniter\BaseModel->insert(Array, false)
#7 C:\xampp\htdocs\aplikasi_iro\system\BaseModel.php(658): CodeIgniter\Model->insert(Array, false)
#8 C:\xampp\htdocs\aplikasi_iro\app\Controllers\Content.php(68): CodeIgniter\BaseModel->save(Array)
#9 C:\xampp\htdocs\aplikasi_iro\system\CodeIgniter.php(898): App\Controllers\Content->save()
#10 C:\xampp\htdocs\aplikasi_iro\system\CodeIgniter.php(457): CodeIgniter\CodeIgniter->runController(Object(App\Controllers\Content))
#11 C:\xampp\htdocs\aplikasi_iro\system\CodeIgniter.php(340): CodeIgniter\CodeIgniter->handleRequest(NULL, Object(Config\Cache), false)
#12 C:\xampp\htdocs\aplikasi_iro\public\index.php(67): CodeIgniter\CodeIgniter->run()
#13 C:\xampp\htdocs\aplikasi_iro\system\Commands\Server\rewrite.php(43): require_once('C:\\xampp\\htdocs...')
#14 {main}
ERROR - 2022-09-03 02:39:20 --> mysqli_sql_exception: Column 'penulis' cannot be null in C:\xampp\htdocs\aplikasi_iro\system\Database\MySQLi\Connection.php:292
Stack trace:
#0 C:\xampp\htdocs\aplikasi_iro\system\Database\MySQLi\Connection.php(292): mysqli->query('INSERT INTO `co...', 0)
#1 C:\xampp\htdocs\aplikasi_iro\system\Database\BaseConnection.php(693): CodeIgniter\Database\MySQLi\Connection->execute('INSERT INTO `co...')
#2 C:\xampp\htdocs\aplikasi_iro\system\Database\BaseConnection.php(620): CodeIgniter\Database\BaseConnection->simpleQuery('INSERT INTO `co...')
#3 C:\xampp\htdocs\aplikasi_iro\system\Database\BaseBuilder.php(1916): CodeIgniter\Database\BaseConnection->query('INSERT INTO `co...', Array, false)
#4 C:\xampp\htdocs\aplikasi_iro\system\Model.php(278): CodeIgniter\Database\BaseBuilder->insert()
#5 C:\xampp\htdocs\aplikasi_iro\system\BaseModel.php(738): CodeIgniter\Model->doInsert(Array)
#6 C:\xampp\htdocs\aplikasi_iro\system\Model.php(666): CodeIgniter\BaseModel->insert(Array, false)
#7 C:\xampp\htdocs\aplikasi_iro\system\BaseModel.php(658): CodeIgniter\Model->insert(Array, false)
#8 C:\xampp\htdocs\aplikasi_iro\app\Controllers\Content.php(68): CodeIgniter\BaseModel->save(Array)
#9 C:\xampp\htdocs\aplikasi_iro\system\CodeIgniter.php(898): App\Controllers\Content->save()
#10 C:\xampp\htdocs\aplikasi_iro\system\CodeIgniter.php(457): CodeIgniter\CodeIgniter->runController(Object(App\Controllers\Content))
#11 C:\xampp\htdocs\aplikasi_iro\system\CodeIgniter.php(340): CodeIgniter\CodeIgniter->handleRequest(NULL, Object(Config\Cache), false)
#12 C:\xampp\htdocs\aplikasi_iro\public\index.php(67): CodeIgniter\CodeIgniter->run()
#13 C:\xampp\htdocs\aplikasi_iro\system\Commands\Server\rewrite.php(43): require_once('C:\\xampp\\htdocs...')
#14 {main}
ERROR - 2022-09-03 03:04:09 --> mysqli_sql_exception: Column 'pemilik' cannot be null in C:\xampp\htdocs\aplikasi_iro\system\Database\MySQLi\Connection.php:292
Stack trace:
#0 C:\xampp\htdocs\aplikasi_iro\system\Database\MySQLi\Connection.php(292): mysqli->query('INSERT INTO `co...', 0)
#1 C:\xampp\htdocs\aplikasi_iro\system\Database\BaseConnection.php(693): CodeIgniter\Database\MySQLi\Connection->execute('INSERT INTO `co...')
#2 C:\xampp\htdocs\aplikasi_iro\system\Database\BaseConnection.php(620): CodeIgniter\Database\BaseConnection->simpleQuery('INSERT INTO `co...')
#3 C:\xampp\htdocs\aplikasi_iro\system\Database\BaseBuilder.php(1916): CodeIgniter\Database\BaseConnection->query('INSERT INTO `co...', Array, false)
#4 C:\xampp\htdocs\aplikasi_iro\system\Model.php(278): CodeIgniter\Database\BaseBuilder->insert()
#5 C:\xampp\htdocs\aplikasi_iro\system\BaseModel.php(738): CodeIgniter\Model->doInsert(Array)
#6 C:\xampp\htdocs\aplikasi_iro\system\Model.php(666): CodeIgniter\BaseModel->insert(Array, false)
#7 C:\xampp\htdocs\aplikasi_iro\system\BaseModel.php(658): CodeIgniter\Model->insert(Array, false)
#8 C:\xampp\htdocs\aplikasi_iro\app\Controllers\Course.php(54): CodeIgniter\BaseModel->save(Array)
#9 C:\xampp\htdocs\aplikasi_iro\system\CodeIgniter.php(898): App\Controllers\Course->save()
#10 C:\xampp\htdocs\aplikasi_iro\system\CodeIgniter.php(457): CodeIgniter\CodeIgniter->runController(Object(App\Controllers\Course))
#11 C:\xampp\htdocs\aplikasi_iro\system\CodeIgniter.php(340): CodeIgniter\CodeIgniter->handleRequest(NULL, Object(Config\Cache), false)
#12 C:\xampp\htdocs\aplikasi_iro\public\index.php(67): CodeIgniter\CodeIgniter->run()
#13 C:\xampp\htdocs\aplikasi_iro\system\Commands\Server\rewrite.php(43): require_once('C:\\xampp\\htdocs...')
#14 {main}
ERROR - 2022-09-03 03:12:55 --> mysqli_sql_exception: Cannot add or update a child row: a foreign key constraint fails (`iro`.`auth_groups_users`, CONSTRAINT `auth_groups_users_group_id_foreign` FOREIGN KEY (`group_id`) REFERENCES `auth_groups` (`id`) ON DELETE CASCADE) in C:\xampp\htdocs\aplikasi_iro\system\Database\MySQLi\Connection.php:292
Stack trace:
#0 C:\xampp\htdocs\aplikasi_iro\system\Database\MySQLi\Connection.php(292): mysqli->query('UPDATE `auth_gr...', 0)
#1 C:\xampp\htdocs\aplikasi_iro\system\Database\BaseConnection.php(693): CodeIgniter\Database\MySQLi\Connection->execute('UPDATE `auth_gr...')
#2 C:\xampp\htdocs\aplikasi_iro\system\Database\BaseConnection.php(620): CodeIgniter\Database\BaseConnection->simpleQuery('UPDATE `auth_gr...')
#3 C:\xampp\htdocs\aplikasi_iro\system\Database\BaseBuilder.php(2078): CodeIgniter\Database\BaseConnection->query('UPDATE `auth_gr...', Array, false)
#4 C:\xampp\htdocs\aplikasi_iro\app\Controllers\Admin.php(44): CodeIgniter\Database\BaseBuilder->update(Array)
#5 C:\xampp\htdocs\aplikasi_iro\system\CodeIgniter.php(898): App\Controllers\Admin->update('10')
#6 C:\xampp\htdocs\aplikasi_iro\system\CodeIgniter.php(457): CodeIgniter\CodeIgniter->runController(Object(App\Controllers\Admin))
#7 C:\xampp\htdocs\aplikasi_iro\system\CodeIgniter.php(340): CodeIgniter\CodeIgniter->handleRequest(NULL, Object(Config\Cache), false)
#8 C:\xampp\htdocs\aplikasi_iro\public\index.php(67): CodeIgniter\CodeIgniter->run()
#9 C:\xampp\htdocs\aplikasi_iro\system\Commands\Server\rewrite.php(43): require_once('C:\\xampp\\htdocs...')
#10 {main}
ERROR - 2022-09-03 03:12:56 --> mysqli_sql_exception: Cannot add or update a child row: a foreign key constraint fails (`iro`.`auth_groups_users`, CONSTRAINT `auth_groups_users_group_id_foreign` FOREIGN KEY (`group_id`) REFERENCES `auth_groups` (`id`) ON DELETE CASCADE) in C:\xampp\htdocs\aplikasi_iro\system\Database\MySQLi\Connection.php:292
Stack trace:
#0 C:\xampp\htdocs\aplikasi_iro\system\Database\MySQLi\Connection.php(292): mysqli->query('UPDATE `auth_gr...', 0)
#1 C:\xampp\htdocs\aplikasi_iro\system\Database\BaseConnection.php(693): CodeIgniter\Database\MySQLi\Connection->execute('UPDATE `auth_gr...')
#2 C:\xampp\htdocs\aplikasi_iro\system\Database\BaseConnection.php(620): CodeIgniter\Database\BaseConnection->simpleQuery('UPDATE `auth_gr...')
#3 C:\xampp\htdocs\aplikasi_iro\system\Database\BaseBuilder.php(2078): CodeIgniter\Database\BaseConnection->query('UPDATE `auth_gr...', Array, false)
#4 C:\xampp\htdocs\aplikasi_iro\app\Controllers\Admin.php(44): CodeIgniter\Database\BaseBuilder->update(Array)
#5 C:\xampp\htdocs\aplikasi_iro\system\CodeIgniter.php(898): App\Controllers\Admin->update('10')
#6 C:\xampp\htdocs\aplikasi_iro\system\CodeIgniter.php(457): CodeIgniter\CodeIgniter->runController(Object(App\Controllers\Admin))
#7 C:\xampp\htdocs\aplikasi_iro\system\CodeIgniter.php(340): CodeIgniter\CodeIgniter->handleRequest(NULL, Object(Config\Cache), false)
#8 C:\xampp\htdocs\aplikasi_iro\public\index.php(67): CodeIgniter\CodeIgniter->run()
#9 C:\xampp\htdocs\aplikasi_iro\system\Commands\Server\rewrite.php(43): require_once('C:\\xampp\\htdocs...')
#10 {main}
CRITICAL - 2022-09-03 04:09:01 --> The original file is not a valid file.
in SYSTEMPATH\HTTP\Files\UploadedFile.php on line 137.
 1 SYSTEMPATH\HTTP\Files\UploadedFile.php(137): CodeIgniter\HTTP\Exceptions\HTTPException::forInvalidFile()
 2 APPPATH\Controllers\Pengumuman.php(55): CodeIgniter\HTTP\Files\UploadedFile->move('FCPATH\\pengumuman_data', '1662196140_1598104f9b59e41618d3')
 3 SYSTEMPATH\CodeIgniter.php(898): App\Controllers\Pengumuman->save()
 4 SYSTEMPATH\CodeIgniter.php(457): CodeIgniter\CodeIgniter->runController(Object(App\Controllers\Pengumuman))
 5 SYSTEMPATH\CodeIgniter.php(340): CodeIgniter\CodeIgniter->handleRequest(null, Object(Config\Cache), false)
 6 FCPATH\index.php(67): CodeIgniter\CodeIgniter->run()
 7 SYSTEMPATH\Commands\Server\rewrite.php(43): require_once('FCPATH\\index.php')
CRITICAL - 2022-09-03 04:15:43 --> The original file is not a valid file.
in SYSTEMPATH\HTTP\Files\UploadedFile.php on line 137.
 1 SYSTEMPATH\HTTP\Files\UploadedFile.php(137): CodeIgniter\HTTP\Exceptions\HTTPException::forInvalidFile()
 2 APPPATH\Controllers\Pengumuman.php(58): CodeIgniter\HTTP\Files\UploadedFile->move('FCPATH\\pengumuman_data', '1662196543_d5c04090025165d16113')
 3 SYSTEMPATH\CodeIgniter.php(898): App\Controllers\Pengumuman->save()
 4 SYSTEMPATH\CodeIgniter.php(457): CodeIgniter\CodeIgniter->runController(Object(App\Controllers\Pengumuman))
 5 SYSTEMPATH\CodeIgniter.php(340): CodeIgniter\CodeIgniter->handleRequest(null, Object(Config\Cache), false)
 6 FCPATH\index.php(67): CodeIgniter\CodeIgniter->run()
 7 SYSTEMPATH\Commands\Server\rewrite.php(43): require_once('FCPATH\\index.php')
CRITICAL - 2022-09-03 04:18:59 --> Call to undefined method CodeIgniter\Validation\Validation::errors()
in APPPATH\Controllers\Pengumuman.php on line 54.
 1 SYSTEMPATH\CodeIgniter.php(898): App\Controllers\Pengumuman->save()
 2 SYSTEMPATH\CodeIgniter.php(457): CodeIgniter\CodeIgniter->runController(Object(App\Controllers\Pengumuman))
 3 SYSTEMPATH\CodeIgniter.php(340): CodeIgniter\CodeIgniter->handleRequest(null, Object(Config\Cache), false)
 4 FCPATH\index.php(67): CodeIgniter\CodeIgniter->run()
 5 SYSTEMPATH\Commands\Server\rewrite.php(43): require_once('FCPATH\\index.php')
CRITICAL - 2022-09-03 04:23:37 --> Attempt to read property "judul" on array
in APPPATH\Views\pengumuman\get.php on line 29.
 1 APPPATH\Views\pengumuman\get.php(29): CodeIgniter\Debug\Exceptions->errorHandler(2, 'Attempt to read property "judul" on array', 'APPPATH\\Views\\pengumuman\\get.php', 29)
 2 SYSTEMPATH\View\View.php(213): include('APPPATH\\Views\\pengumuman\\get.php')
 3 SYSTEMPATH\View\View.php(216): CodeIgniter\View\View->CodeIgniter\View\{closure}()
 4 SYSTEMPATH\Common.php(1137): CodeIgniter\View\View->render('pengumuman/get', [], true)
 5 APPPATH\Controllers\Pengumuman.php(18): view('pengumuman/get', [...])
 6 SYSTEMPATH\CodeIgniter.php(898): App\Controllers\Pengumuman->index()
 7 SYSTEMPATH\CodeIgniter.php(457): CodeIgniter\CodeIgniter->runController(Object(App\Controllers\Pengumuman))
 8 SYSTEMPATH\CodeIgniter.php(340): CodeIgniter\CodeIgniter->handleRequest(null, Object(Config\Cache), false)
 9 FCPATH\index.php(67): CodeIgniter\CodeIgniter->run()
10 SYSTEMPATH\Commands\Server\rewrite.php(43): require_once('FCPATH\\index.php')
CRITICAL - 2022-09-03 04:24:50 --> Attempt to read property "judul" on array
in APPPATH\Views\pengumuman\get.php on line 30.
 1 APPPATH\Views\pengumuman\get.php(30): CodeIgniter\Debug\Exceptions->errorHandler(2, 'Attempt to read property "judul" on array', 'APPPATH\\Views\\pengumuman\\get.php', 30)
 2 SYSTEMPATH\View\View.php(213): include('APPPATH\\Views\\pengumuman\\get.php')
 3 SYSTEMPATH\View\View.php(216): CodeIgniter\View\View->CodeIgniter\View\{closure}()
 4 SYSTEMPATH\Common.php(1137): CodeIgniter\View\View->render('pengumuman/get', [], true)
 5 APPPATH\Controllers\Pengumuman.php(18): view('pengumuman/get', [...])
 6 SYSTEMPATH\CodeIgniter.php(898): App\Controllers\Pengumuman->index()
 7 SYSTEMPATH\CodeIgniter.php(457): CodeIgniter\CodeIgniter->runController(Object(App\Controllers\Pengumuman))
 8 SYSTEMPATH\CodeIgniter.php(340): CodeIgniter\CodeIgniter->handleRequest(null, Object(Config\Cache), false)
 9 FCPATH\index.php(67): CodeIgniter\CodeIgniter->run()
10 SYSTEMPATH\Commands\Server\rewrite.php(43): require_once('FCPATH\\index.php')
CRITICAL - 2022-09-03 04:28:07 --> Attempt to read property "image" on array
in APPPATH\Views\pengumuman\get.php on line 23.
 1 APPPATH\Views\pengumuman\get.php(23): CodeIgniter\Debug\Exceptions->errorHandler(2, 'Attempt to read property "image" on array', 'APPPATH\\Views\\pengumuman\\get.php', 23)
 2 SYSTEMPATH\View\View.php(213): include('APPPATH\\Views\\pengumuman\\get.php')
 3 SYSTEMPATH\View\View.php(216): CodeIgniter\View\View->CodeIgniter\View\{closure}()
 4 SYSTEMPATH\Common.php(1137): CodeIgniter\View\View->render('pengumuman/get', [], true)
 5 APPPATH\Controllers\Pengumuman.php(18): view('pengumuman/get', [...])
 6 SYSTEMPATH\CodeIgniter.php(898): App\Controllers\Pengumuman->index()
 7 SYSTEMPATH\CodeIgniter.php(457): CodeIgniter\CodeIgniter->runController(Object(App\Controllers\Pengumuman))
 8 SYSTEMPATH\CodeIgniter.php(340): CodeIgniter\CodeIgniter->handleRequest(null, Object(Config\Cache), false)
 9 FCPATH\index.php(67): CodeIgniter\CodeIgniter->run()
10 SYSTEMPATH\Commands\Server\rewrite.php(43): require_once('FCPATH\\index.php')
CRITICAL - 2022-09-03 04:28:22 --> Attempt to read property "image" on array
in APPPATH\Views\pengumuman\get.php on line 24.
 1 APPPATH\Views\pengumuman\get.php(24): CodeIgniter\Debug\Exceptions->errorHandler(2, 'Attempt to read property "image" on array', 'APPPATH\\Views\\pengumuman\\get.php', 24)
 2 SYSTEMPATH\View\View.php(213): include('APPPATH\\Views\\pengumuman\\get.php')
 3 SYSTEMPATH\View\View.php(216): CodeIgniter\View\View->CodeIgniter\View\{closure}()
 4 SYSTEMPATH\Common.php(1137): CodeIgniter\View\View->render('pengumuman/get', [], true)
 5 APPPATH\Controllers\Pengumuman.php(18): view('pengumuman/get', [...])
 6 SYSTEMPATH\CodeIgniter.php(898): App\Controllers\Pengumuman->index()
 7 SYSTEMPATH\CodeIgniter.php(457): CodeIgniter\CodeIgniter->runController(Object(App\Controllers\Pengumuman))
 8 SYSTEMPATH\CodeIgniter.php(340): CodeIgniter\CodeIgniter->handleRequest(null, Object(Config\Cache), false)
 9 FCPATH\index.php(67): CodeIgniter\CodeIgniter->run()
10 SYSTEMPATH\Commands\Server\rewrite.php(43): require_once('FCPATH\\index.php')
CRITICAL - 2022-09-03 04:28:24 --> Attempt to read property "image" on array
in APPPATH\Views\pengumuman\get.php on line 24.
 1 APPPATH\Views\pengumuman\get.php(24): CodeIgniter\Debug\Exceptions->errorHandler(2, 'Attempt to read property "image" on array', 'APPPATH\\Views\\pengumuman\\get.php', 24)
 2 SYSTEMPATH\View\View.php(213): include('APPPATH\\Views\\pengumuman\\get.php')
 3 SYSTEMPATH\View\View.php(216): CodeIgniter\View\View->CodeIgniter\View\{closure}()
 4 SYSTEMPATH\Common.php(1137): CodeIgniter\View\View->render('pengumuman/get', [], true)
 5 APPPATH\Controllers\Pengumuman.php(18): view('pengumuman/get', [...])
 6 SYSTEMPATH\CodeIgniter.php(898): App\Controllers\Pengumuman->index()
 7 SYSTEMPATH\CodeIgniter.php(457): CodeIgniter\CodeIgniter->runController(Object(App\Controllers\Pengumuman))
 8 SYSTEMPATH\CodeIgniter.php(340): CodeIgniter\CodeIgniter->handleRequest(null, Object(Config\Cache), false)
 9 FCPATH\index.php(67): CodeIgniter\CodeIgniter->run()
10 SYSTEMPATH\Commands\Server\rewrite.php(43): require_once('FCPATH\\index.php')
CRITICAL - 2022-09-03 04:28:24 --> Attempt to read property "image" on array
in APPPATH\Views\pengumuman\get.php on line 24.
 1 APPPATH\Views\pengumuman\get.php(24): CodeIgniter\Debug\Exceptions->errorHandler(2, 'Attempt to read property "image" on array', 'APPPATH\\Views\\pengumuman\\get.php', 24)
 2 SYSTEMPATH\View\View.php(213): include('APPPATH\\Views\\pengumuman\\get.php')
 3 SYSTEMPATH\View\View.php(216): CodeIgniter\View\View->CodeIgniter\View\{closure}()
 4 SYSTEMPATH\Common.php(1137): CodeIgniter\View\View->render('pengumuman/get', [], true)
 5 APPPATH\Controllers\Pengumuman.php(18): view('pengumuman/get', [...])
 6 SYSTEMPATH\CodeIgniter.php(898): App\Controllers\Pengumuman->index()
 7 SYSTEMPATH\CodeIgniter.php(457): CodeIgniter\CodeIgniter->runController(Object(App\Controllers\Pengumuman))
 8 SYSTEMPATH\CodeIgniter.php(340): CodeIgniter\CodeIgniter->handleRequest(null, Object(Config\Cache), false)
 9 FCPATH\index.php(67): CodeIgniter\CodeIgniter->run()
10 SYSTEMPATH\Commands\Server\rewrite.php(43): require_once('FCPATH\\index.php')
CRITICAL - 2022-09-03 04:54:48 --> Unmatched '}'
in APPPATH\Views\pengumuman\get.php on line 52.
 1 SYSTEMPATH\View\View.php(216): CodeIgniter\View\View->CodeIgniter\View\{closure}()
 2 SYSTEMPATH\Common.php(1137): CodeIgniter\View\View->render('pengumuman/get', [], true)
 3 APPPATH\Controllers\Pengumuman.php(18): view('pengumuman/get', [...])
 4 SYSTEMPATH\CodeIgniter.php(898): App\Controllers\Pengumuman->index()
 5 SYSTEMPATH\CodeIgniter.php(457): CodeIgniter\CodeIgniter->runController(Object(App\Controllers\Pengumuman))
 6 SYSTEMPATH\CodeIgniter.php(340): CodeIgniter\CodeIgniter->handleRequest(null, Object(Config\Cache), false)
 7 FCPATH\index.php(67): CodeIgniter\CodeIgniter->run()
 8 SYSTEMPATH\Commands\Server\rewrite.php(43): require_once('FCPATH\\index.php')
CRITICAL - 2022-09-03 04:55:04 --> Undefined variable $items
in APPPATH\Views\pengumuman\get.php on line 17.
 1 APPPATH\Views\pengumuman\get.php(17): CodeIgniter\Debug\Exceptions->errorHandler(2, 'Undefined variable $items', 'APPPATH\\Views\\pengumuman\\get.php', 17)
 2 SYSTEMPATH\View\View.php(213): include('APPPATH\\Views\\pengumuman\\get.php')
 3 SYSTEMPATH\View\View.php(216): CodeIgniter\View\View->CodeIgniter\View\{closure}()
 4 SYSTEMPATH\Common.php(1137): CodeIgniter\View\View->render('pengumuman/get', [], true)
 5 APPPATH\Controllers\Pengumuman.php(18): view('pengumuman/get', [...])
 6 SYSTEMPATH\CodeIgniter.php(898): App\Controllers\Pengumuman->index()
 7 SYSTEMPATH\CodeIgniter.php(457): CodeIgniter\CodeIgniter->runController(Object(App\Controllers\Pengumuman))
 8 SYSTEMPATH\CodeIgniter.php(340): CodeIgniter\CodeIgniter->handleRequest(null, Object(Config\Cache), false)
 9 FCPATH\index.php(67): CodeIgniter\CodeIgniter->run()
10 SYSTEMPATH\Commands\Server\rewrite.php(43): require_once('FCPATH\\index.php')
CRITICAL - 2022-09-03 04:55:14 --> Undefined variable $item
in APPPATH\Views\pengumuman\get.php on line 17.
 1 APPPATH\Views\pengumuman\get.php(17): CodeIgniter\Debug\Exceptions->errorHandler(2, 'Undefined variable $item', 'APPPATH\\Views\\pengumuman\\get.php', 17)
 2 SYSTEMPATH\View\View.php(213): include('APPPATH\\Views\\pengumuman\\get.php')
 3 SYSTEMPATH\View\View.php(216): CodeIgniter\View\View->CodeIgniter\View\{closure}()
 4 SYSTEMPATH\Common.php(1137): CodeIgniter\View\View->render('pengumuman/get', [], true)
 5 APPPATH\Controllers\Pengumuman.php(18): view('pengumuman/get', [...])
 6 SYSTEMPATH\CodeIgniter.php(898): App\Controllers\Pengumuman->index()
 7 SYSTEMPATH\CodeIgniter.php(457): CodeIgniter\CodeIgniter->runController(Object(App\Controllers\Pengumuman))
 8 SYSTEMPATH\CodeIgniter.php(340): CodeIgniter\CodeIgniter->handleRequest(null, Object(Config\Cache), false)
 9 FCPATH\index.php(67): CodeIgniter\CodeIgniter->run()
10 SYSTEMPATH\Commands\Server\rewrite.php(43): require_once('FCPATH\\index.php')
CRITICAL - 2022-09-03 04:55:37 --> Undefined variable $row
in APPPATH\Views\pengumuman\get.php on line 17.
 1 APPPATH\Views\pengumuman\get.php(17): CodeIgniter\Debug\Exceptions->errorHandler(2, 'Undefined variable $row', 'APPPATH\\Views\\pengumuman\\get.php', 17)
 2 SYSTEMPATH\View\View.php(213): include('APPPATH\\Views\\pengumuman\\get.php')
 3 SYSTEMPATH\View\View.php(216): CodeIgniter\View\View->CodeIgniter\View\{closure}()
 4 SYSTEMPATH\Common.php(1137): CodeIgniter\View\View->render('pengumuman/get', [], true)
 5 APPPATH\Controllers\Pengumuman.php(18): view('pengumuman/get', [...])
 6 SYSTEMPATH\CodeIgniter.php(898): App\Controllers\Pengumuman->index()
 7 SYSTEMPATH\CodeIgniter.php(457): CodeIgniter\CodeIgniter->runController(Object(App\Controllers\Pengumuman))
 8 SYSTEMPATH\CodeIgniter.php(340): CodeIgniter\CodeIgniter->handleRequest(null, Object(Config\Cache), false)
 9 FCPATH\index.php(67): CodeIgniter\CodeIgniter->run()
10 SYSTEMPATH\Commands\Server\rewrite.php(43): require_once('FCPATH\\index.php')
CRITICAL - 2022-09-03 04:55:54 --> Undefined variable $item
in APPPATH\Views\pengumuman\get.php on line 26.
 1 APPPATH\Views\pengumuman\get.php(26): CodeIgniter\Debug\Exceptions->errorHandler(2, 'Undefined variable $item', 'APPPATH\\Views\\pengumuman\\get.php', 26)
 2 SYSTEMPATH\View\View.php(213): include('APPPATH\\Views\\pengumuman\\get.php')
 3 SYSTEMPATH\View\View.php(216): CodeIgniter\View\View->CodeIgniter\View\{closure}()
 4 SYSTEMPATH\Common.php(1137): CodeIgniter\View\View->render('pengumuman/get', [], true)
 5 APPPATH\Controllers\Pengumuman.php(18): view('pengumuman/get', [...])
 6 SYSTEMPATH\CodeIgniter.php(898): App\Controllers\Pengumuman->index()
 7 SYSTEMPATH\CodeIgniter.php(457): CodeIgniter\CodeIgniter->runController(Object(App\Controllers\Pengumuman))
 8 SYSTEMPATH\CodeIgniter.php(340): CodeIgniter\CodeIgniter->handleRequest(null, Object(Config\Cache), false)
 9 FCPATH\index.php(67): CodeIgniter\CodeIgniter->run()
10 SYSTEMPATH\Commands\Server\rewrite.php(43): require_once('FCPATH\\index.php')
CRITICAL - 2022-09-03 05:00:00 --> syntax error, unexpected token ";"
in APPPATH\Views\pengumuman\get.php on line 40.
 1 SYSTEMPATH\View\View.php(216): CodeIgniter\View\View->CodeIgniter\View\{closure}()
 2 SYSTEMPATH\Common.php(1137): CodeIgniter\View\View->render('pengumuman/get', [], true)
 3 APPPATH\Controllers\Pengumuman.php(18): view('pengumuman/get', [...])
 4 SYSTEMPATH\CodeIgniter.php(898): App\Controllers\Pengumuman->index()
 5 SYSTEMPATH\CodeIgniter.php(457): CodeIgniter\CodeIgniter->runController(Object(App\Controllers\Pengumuman))
 6 SYSTEMPATH\CodeIgniter.php(340): CodeIgniter\CodeIgniter->handleRequest(null, Object(Config\Cache), false)
 7 FCPATH\index.php(67): CodeIgniter\CodeIgniter->run()
 8 SYSTEMPATH\Commands\Server\rewrite.php(43): require_once('FCPATH\\index.php')
CRITICAL - 2022-09-03 05:00:01 --> syntax error, unexpected token ";"
in APPPATH\Views\pengumuman\get.php on line 40.
 1 SYSTEMPATH\View\View.php(216): CodeIgniter\View\View->CodeIgniter\View\{closure}()
 2 SYSTEMPATH\Common.php(1137): CodeIgniter\View\View->render('pengumuman/get', [], true)
 3 APPPATH\Controllers\Pengumuman.php(18): view('pengumuman/get', [...])
 4 SYSTEMPATH\CodeIgniter.php(898): App\Controllers\Pengumuman->index()
 5 SYSTEMPATH\CodeIgniter.php(457): CodeIgniter\CodeIgniter->runController(Object(App\Controllers\Pengumuman))
 6 SYSTEMPATH\CodeIgniter.php(340): CodeIgniter\CodeIgniter->handleRequest(null, Object(Config\Cache), false)
 7 FCPATH\index.php(67): CodeIgniter\CodeIgniter->run()
 8 SYSTEMPATH\Commands\Server\rewrite.php(43): require_once('FCPATH\\index.php')
CRITICAL - 2022-09-03 05:01:39 --> Undefined variable $user
in APPPATH\Views\pengumuman\get.php on line 35.
 1 APPPATH\Views\pengumuman\get.php(35): CodeIgniter\Debug\Exceptions->errorHandler(2, 'Undefined variable $user', 'APPPATH\\Views\\pengumuman\\get.php', 35)
 2 SYSTEMPATH\View\View.php(213): include('APPPATH\\Views\\pengumuman\\get.php')
 3 SYSTEMPATH\View\View.php(216): CodeIgniter\View\View->CodeIgniter\View\{closure}()
 4 SYSTEMPATH\Common.php(1137): CodeIgniter\View\View->render('pengumuman/get', [], true)
 5 APPPATH\Controllers\Pengumuman.php(18): view('pengumuman/get', [...])
 6 SYSTEMPATH\CodeIgniter.php(898): App\Controllers\Pengumuman->index()
 7 SYSTEMPATH\CodeIgniter.php(457): CodeIgniter\CodeIgniter->runController(Object(App\Controllers\Pengumuman))
 8 SYSTEMPATH\CodeIgniter.php(340): CodeIgniter\CodeIgniter->handleRequest(null, Object(Config\Cache), false)
 9 FCPATH\index.php(67): CodeIgniter\CodeIgniter->run()
10 SYSTEMPATH\Commands\Server\rewrite.php(43): require_once('FCPATH\\index.php')
CRITICAL - 2022-09-03 21:39:30 --> Undefined variable $userid
in APPPATH\Views\pengumuman\get.php on line 60.
 1 APPPATH\Views\pengumuman\get.php(60): CodeIgniter\Debug\Exceptions->errorHandler(2, 'Undefined variable $userid', 'APPPATH\\Views\\pengumuman\\get.php', 60)
 2 SYSTEMPATH\View\View.php(213): include('APPPATH\\Views\\pengumuman\\get.php')
 3 SYSTEMPATH\View\View.php(216): CodeIgniter\View\View->CodeIgniter\View\{closure}()
 4 SYSTEMPATH\Common.php(1137): CodeIgniter\View\View->render('pengumuman/get', [], true)
 5 APPPATH\Controllers\Pengumuman.php(18): view('pengumuman/get', [...])
 6 SYSTEMPATH\CodeIgniter.php(898): App\Controllers\Pengumuman->index()
 7 SYSTEMPATH\CodeIgniter.php(457): CodeIgniter\CodeIgniter->runController(Object(App\Controllers\Pengumuman))
 8 SYSTEMPATH\CodeIgniter.php(340): CodeIgniter\CodeIgniter->handleRequest(null, Object(Config\Cache), false)
 9 FCPATH\index.php(67): CodeIgniter\CodeIgniter->run()
10 SYSTEMPATH\Commands\Server\rewrite.php(43): require_once('FCPATH\\index.php')
CRITICAL - 2022-09-03 21:39:34 --> Undefined variable $id
in APPPATH\Views\pengumuman\get.php on line 60.
 1 APPPATH\Views\pengumuman\get.php(60): CodeIgniter\Debug\Exceptions->errorHandler(2, 'Undefined variable $id', 'APPPATH\\Views\\pengumuman\\get.php', 60)
 2 SYSTEMPATH\View\View.php(213): include('APPPATH\\Views\\pengumuman\\get.php')
 3 SYSTEMPATH\View\View.php(216): CodeIgniter\View\View->CodeIgniter\View\{closure}()
 4 SYSTEMPATH\Common.php(1137): CodeIgniter\View\View->render('pengumuman/get', [], true)
 5 APPPATH\Controllers\Pengumuman.php(18): view('pengumuman/get', [...])
 6 SYSTEMPATH\CodeIgniter.php(898): App\Controllers\Pengumuman->index()
 7 SYSTEMPATH\CodeIgniter.php(457): CodeIgniter\CodeIgniter->runController(Object(App\Controllers\Pengumuman))
 8 SYSTEMPATH\CodeIgniter.php(340): CodeIgniter\CodeIgniter->handleRequest(null, Object(Config\Cache), false)
 9 FCPATH\index.php(67): CodeIgniter\CodeIgniter->run()
10 SYSTEMPATH\Commands\Server\rewrite.php(43): require_once('FCPATH\\index.php')
CRITICAL - 2022-09-03 21:39:45 --> Undefined variable $userid
in APPPATH\Views\pengumuman\get.php on line 60.
 1 APPPATH\Views\pengumuman\get.php(60): CodeIgniter\Debug\Exceptions->errorHandler(2, 'Undefined variable $userid', 'APPPATH\\Views\\pengumuman\\get.php', 60)
 2 SYSTEMPATH\View\View.php(213): include('APPPATH\\Views\\pengumuman\\get.php')
 3 SYSTEMPATH\View\View.php(216): CodeIgniter\View\View->CodeIgniter\View\{closure}()
 4 SYSTEMPATH\Common.php(1137): CodeIgniter\View\View->render('pengumuman/get', [], true)
 5 APPPATH\Controllers\Pengumuman.php(18): view('pengumuman/get', [...])
 6 SYSTEMPATH\CodeIgniter.php(898): App\Controllers\Pengumuman->index()
 7 SYSTEMPATH\CodeIgniter.php(457): CodeIgniter\CodeIgniter->runController(Object(App\Controllers\Pengumuman))
 8 SYSTEMPATH\CodeIgniter.php(340): CodeIgniter\CodeIgniter->handleRequest(null, Object(Config\Cache), false)
 9 FCPATH\index.php(67): CodeIgniter\CodeIgniter->run()
10 SYSTEMPATH\Commands\Server\rewrite.php(43): require_once('FCPATH\\index.php')
CRITICAL - 2022-09-03 21:39:49 --> Undefined variable $id
in APPPATH\Views\pengumuman\get.php on line 60.
 1 APPPATH\Views\pengumuman\get.php(60): CodeIgniter\Debug\Exceptions->errorHandler(2, 'Undefined variable $id', 'APPPATH\\Views\\pengumuman\\get.php', 60)
 2 SYSTEMPATH\View\View.php(213): include('APPPATH\\Views\\pengumuman\\get.php')
 3 SYSTEMPATH\View\View.php(216): CodeIgniter\View\View->CodeIgniter\View\{closure}()
 4 SYSTEMPATH\Common.php(1137): CodeIgniter\View\View->render('pengumuman/get', [], true)
 5 APPPATH\Controllers\Pengumuman.php(18): view('pengumuman/get', [...])
 6 SYSTEMPATH\CodeIgniter.php(898): App\Controllers\Pengumuman->index()
 7 SYSTEMPATH\CodeIgniter.php(457): CodeIgniter\CodeIgniter->runController(Object(App\Controllers\Pengumuman))
 8 SYSTEMPATH\CodeIgniter.php(340): CodeIgniter\CodeIgniter->handleRequest(null, Object(Config\Cache), false)
 9 FCPATH\index.php(67): CodeIgniter\CodeIgniter->run()
10 SYSTEMPATH\Commands\Server\rewrite.php(43): require_once('FCPATH\\index.php')
CRITICAL - 2022-09-03 21:42:12 --> Undefined variable $user
in APPPATH\Views\pengumuman\get.php on line 61.
 1 APPPATH\Views\pengumuman\get.php(61): CodeIgniter\Debug\Exceptions->errorHandler(2, 'Undefined variable $user', 'APPPATH\\Views\\pengumuman\\get.php', 61)
 2 SYSTEMPATH\View\View.php(213): include('APPPATH\\Views\\pengumuman\\get.php')
 3 SYSTEMPATH\View\View.php(216): CodeIgniter\View\View->CodeIgniter\View\{closure}()
 4 SYSTEMPATH\Common.php(1137): CodeIgniter\View\View->render('pengumuman/get', [], true)
 5 APPPATH\Controllers\Pengumuman.php(18): view('pengumuman/get', [...])
 6 SYSTEMPATH\CodeIgniter.php(898): App\Controllers\Pengumuman->index()
 7 SYSTEMPATH\CodeIgniter.php(457): CodeIgniter\CodeIgniter->runController(Object(App\Controllers\Pengumuman))
 8 SYSTEMPATH\CodeIgniter.php(340): CodeIgniter\CodeIgniter->handleRequest(null, Object(Config\Cache), false)
 9 FCPATH\index.php(67): CodeIgniter\CodeIgniter->run()
10 SYSTEMPATH\Commands\Server\rewrite.php(43): require_once('FCPATH\\index.php')
ERROR - 2022-09-03 21:44:46 --> mysqli_sql_exception: Column 'id' in field list is ambiguous in C:\xampp\htdocs\aplikasi_iro\system\Database\MySQLi\Connection.php:292
Stack trace:
#0 C:\xampp\htdocs\aplikasi_iro\system\Database\MySQLi\Connection.php(292): mysqli->query('SELECT `id`\nFRO...', 0)
#1 C:\xampp\htdocs\aplikasi_iro\system\Database\BaseConnection.php(693): CodeIgniter\Database\MySQLi\Connection->execute('SELECT `id`\nFRO...')
#2 C:\xampp\htdocs\aplikasi_iro\system\Database\BaseConnection.php(620): CodeIgniter\Database\BaseConnection->simpleQuery('SELECT `id`\nFRO...')
#3 C:\xampp\htdocs\aplikasi_iro\system\Database\BaseBuilder.php(1585): CodeIgniter\Database\BaseConnection->query('SELECT `id`\nFRO...', Array, false)
#4 C:\xampp\htdocs\aplikasi_iro\app\Models\PengumumanModel.php(24): CodeIgniter\Database\BaseBuilder->get()
#5 C:\xampp\htdocs\aplikasi_iro\app\Controllers\Pengumuman.php(16): App\Models\PengumumanModel->getPaginated(3, NULL)
#6 C:\xampp\htdocs\aplikasi_iro\system\CodeIgniter.php(898): App\Controllers\Pengumuman->index()
#7 C:\xampp\htdocs\aplikasi_iro\system\CodeIgniter.php(457): CodeIgniter\CodeIgniter->runController(Object(App\Controllers\Pengumuman))
#8 C:\xampp\htdocs\aplikasi_iro\system\CodeIgniter.php(340): CodeIgniter\CodeIgniter->handleRequest(NULL, Object(Config\Cache), false)
#9 C:\xampp\htdocs\aplikasi_iro\public\index.php(67): CodeIgniter\CodeIgniter->run()
#10 C:\xampp\htdocs\aplikasi_iro\system\Commands\Server\rewrite.php(43): require_once('C:\\xampp\\htdocs...')
#11 {main}
ERROR - 2022-09-03 21:44:58 --> mysqli_sql_exception: Column 'id' in field list is ambiguous in C:\xampp\htdocs\aplikasi_iro\system\Database\MySQLi\Connection.php:292
Stack trace:
#0 C:\xampp\htdocs\aplikasi_iro\system\Database\MySQLi\Connection.php(292): mysqli->query('SELECT `id`\nFRO...', 0)
#1 C:\xampp\htdocs\aplikasi_iro\system\Database\BaseConnection.php(693): CodeIgniter\Database\MySQLi\Connection->execute('SELECT `id`\nFRO...')
#2 C:\xampp\htdocs\aplikasi_iro\system\Database\BaseConnection.php(620): CodeIgniter\Database\BaseConnection->simpleQuery('SELECT `id`\nFRO...')
#3 C:\xampp\htdocs\aplikasi_iro\system\Database\BaseBuilder.php(1585): CodeIgniter\Database\BaseConnection->query('SELECT `id`\nFRO...', Array, false)
#4 C:\xampp\htdocs\aplikasi_iro\app\Models\PengumumanModel.php(24): CodeIgniter\Database\BaseBuilder->get()
#5 C:\xampp\htdocs\aplikasi_iro\app\Controllers\Pengumuman.php(16): App\Models\PengumumanModel->getPaginated(3, NULL)
#6 C:\xampp\htdocs\aplikasi_iro\system\CodeIgniter.php(898): App\Controllers\Pengumuman->index()
#7 C:\xampp\htdocs\aplikasi_iro\system\CodeIgniter.php(457): CodeIgniter\CodeIgniter->runController(Object(App\Controllers\Pengumuman))
#8 C:\xampp\htdocs\aplikasi_iro\system\CodeIgniter.php(340): CodeIgniter\CodeIgniter->handleRequest(NULL, Object(Config\Cache), false)
#9 C:\xampp\htdocs\aplikasi_iro\public\index.php(67): CodeIgniter\CodeIgniter->run()
#10 C:\xampp\htdocs\aplikasi_iro\system\Commands\Server\rewrite.php(43): require_once('C:\\xampp\\htdocs...')
#11 {main}
CRITICAL - 2022-09-03 21:44:58 --> Undefined variable $user
in APPPATH\Views\pengumuman\get.php on line 60.
 1 APPPATH\Views\pengumuman\get.php(60): CodeIgniter\Debug\Exceptions->errorHandler(2, 'Undefined variable $user', 'APPPATH\\Views\\pengumuman\\get.php', 60)
 2 SYSTEMPATH\View\View.php(213): include('APPPATH\\Views\\pengumuman\\get.php')
 3 SYSTEMPATH\View\View.php(216): CodeIgniter\View\View->CodeIgniter\View\{closure}()
 4 SYSTEMPATH\Common.php(1137): CodeIgniter\View\View->render('pengumuman/get', [], true)
 5 APPPATH\Controllers\Pengumuman.php(18): view('pengumuman/get', [...])
 6 SYSTEMPATH\CodeIgniter.php(898): App\Controllers\Pengumuman->index()
 7 SYSTEMPATH\CodeIgniter.php(457): CodeIgniter\CodeIgniter->runController(Object(App\Controllers\Pengumuman))
 8 SYSTEMPATH\CodeIgniter.php(340): CodeIgniter\CodeIgniter->handleRequest(null, Object(Config\Cache), false)
 9 FCPATH\index.php(67): CodeIgniter\CodeIgniter->run()
10 SYSTEMPATH\Commands\Server\rewrite.php(43): require_once('FCPATH\\index.php')
ERROR - 2022-09-03 21:45:01 --> mysqli_sql_exception: Column 'id' in field list is ambiguous in C:\xampp\htdocs\aplikasi_iro\system\Database\MySQLi\Connection.php:292
Stack trace:
#0 C:\xampp\htdocs\aplikasi_iro\system\Database\MySQLi\Connection.php(292): mysqli->query('SELECT `id`\nFRO...', 0)
#1 C:\xampp\htdocs\aplikasi_iro\system\Database\BaseConnection.php(693): CodeIgniter\Database\MySQLi\Connection->execute('SELECT `id`\nFRO...')
#2 C:\xampp\htdocs\aplikasi_iro\system\Database\BaseConnection.php(620): CodeIgniter\Database\BaseConnection->simpleQuery('SELECT `id`\nFRO...')
#3 C:\xampp\htdocs\aplikasi_iro\system\Database\BaseBuilder.php(1585): CodeIgniter\Database\BaseConnection->query('SELECT `id`\nFRO...', Array, false)
#4 C:\xampp\htdocs\aplikasi_iro\app\Models\PengumumanModel.php(24): CodeIgniter\Database\BaseBuilder->get()
#5 C:\xampp\htdocs\aplikasi_iro\app\Controllers\Pengumuman.php(16): App\Models\PengumumanModel->getPaginated(3, NULL)
#6 C:\xampp\htdocs\aplikasi_iro\system\CodeIgniter.php(898): App\Controllers\Pengumuman->index()
#7 C:\xampp\htdocs\aplikasi_iro\system\CodeIgniter.php(457): CodeIgniter\CodeIgniter->runController(Object(App\Controllers\Pengumuman))
#8 C:\xampp\htdocs\aplikasi_iro\system\CodeIgniter.php(340): CodeIgniter\CodeIgniter->handleRequest(NULL, Object(Config\Cache), false)
#9 C:\xampp\htdocs\aplikasi_iro\public\index.php(67): CodeIgniter\CodeIgniter->run()
#10 C:\xampp\htdocs\aplikasi_iro\system\Commands\Server\rewrite.php(43): require_once('C:\\xampp\\htdocs...')
#11 {main}
CRITICAL - 2022-09-03 21:45:01 --> Undefined variable $users
in APPPATH\Views\pengumuman\get.php on line 60.
 1 APPPATH\Views\pengumuman\get.php(60): CodeIgniter\Debug\Exceptions->errorHandler(2, 'Undefined variable $users', 'APPPATH\\Views\\pengumuman\\get.php', 60)
 2 SYSTEMPATH\View\View.php(213): include('APPPATH\\Views\\pengumuman\\get.php')
 3 SYSTEMPATH\View\View.php(216): CodeIgniter\View\View->CodeIgniter\View\{closure}()
 4 SYSTEMPATH\Common.php(1137): CodeIgniter\View\View->render('pengumuman/get', [], true)
 5 APPPATH\Controllers\Pengumuman.php(18): view('pengumuman/get', [...])
 6 SYSTEMPATH\CodeIgniter.php(898): App\Controllers\Pengumuman->index()
 7 SYSTEMPATH\CodeIgniter.php(457): CodeIgniter\CodeIgniter->runController(Object(App\Controllers\Pengumuman))
 8 SYSTEMPATH\CodeIgniter.php(340): CodeIgniter\CodeIgniter->handleRequest(null, Object(Config\Cache), false)
 9 FCPATH\index.php(67): CodeIgniter\CodeIgniter->run()
10 SYSTEMPATH\Commands\Server\rewrite.php(43): require_once('FCPATH\\index.php')
ERROR - 2022-09-03 21:45:27 --> mysqli_sql_exception: Column 'id' in field list is ambiguous in C:\xampp\htdocs\aplikasi_iro\system\Database\MySQLi\Connection.php:292
Stack trace:
#0 C:\xampp\htdocs\aplikasi_iro\system\Database\MySQLi\Connection.php(292): mysqli->query('SELECT `id`\nFRO...', 0)
#1 C:\xampp\htdocs\aplikasi_iro\system\Database\BaseConnection.php(693): CodeIgniter\Database\MySQLi\Connection->execute('SELECT `id`\nFRO...')
#2 C:\xampp\htdocs\aplikasi_iro\system\Database\BaseConnection.php(620): CodeIgniter\Database\BaseConnection->simpleQuery('SELECT `id`\nFRO...')
#3 C:\xampp\htdocs\aplikasi_iro\system\Database\BaseBuilder.php(1585): CodeIgniter\Database\BaseConnection->query('SELECT `id`\nFRO...', Array, false)
#4 C:\xampp\htdocs\aplikasi_iro\app\Models\PengumumanModel.php(24): CodeIgniter\Database\BaseBuilder->get()
#5 C:\xampp\htdocs\aplikasi_iro\app\Controllers\Pengumuman.php(16): App\Models\PengumumanModel->getPaginated(3, NULL)
#6 C:\xampp\htdocs\aplikasi_iro\system\CodeIgniter.php(898): App\Controllers\Pengumuman->index()
#7 C:\xampp\htdocs\aplikasi_iro\system\CodeIgniter.php(457): CodeIgniter\CodeIgniter->runController(Object(App\Controllers\Pengumuman))
#8 C:\xampp\htdocs\aplikasi_iro\system\CodeIgniter.php(340): CodeIgniter\CodeIgniter->handleRequest(NULL, Object(Config\Cache), false)
#9 C:\xampp\htdocs\aplikasi_iro\public\index.php(67): CodeIgniter\CodeIgniter->run()
#10 C:\xampp\htdocs\aplikasi_iro\system\Commands\Server\rewrite.php(43): require_once('C:\\xampp\\htdocs...')
#11 {main}
ERROR - 2022-09-03 21:45:36 --> mysqli_sql_exception: Column 'id' in field list is ambiguous in C:\xampp\htdocs\aplikasi_iro\system\Database\MySQLi\Connection.php:292
Stack trace:
#0 C:\xampp\htdocs\aplikasi_iro\system\Database\MySQLi\Connection.php(292): mysqli->query('SELECT `id`\nFRO...', 0)
#1 C:\xampp\htdocs\aplikasi_iro\system\Database\BaseConnection.php(693): CodeIgniter\Database\MySQLi\Connection->execute('SELECT `id`\nFRO...')
#2 C:\xampp\htdocs\aplikasi_iro\system\Database\BaseConnection.php(620): CodeIgniter\Database\BaseConnection->simpleQuery('SELECT `id`\nFRO...')
#3 C:\xampp\htdocs\aplikasi_iro\system\Database\BaseBuilder.php(1585): CodeIgniter\Database\BaseConnection->query('SELECT `id`\nFRO...', Array, false)
#4 C:\xampp\htdocs\aplikasi_iro\app\Models\PengumumanModel.php(24): CodeIgniter\Database\BaseBuilder->get()
#5 C:\xampp\htdocs\aplikasi_iro\app\Controllers\Pengumuman.php(16): App\Models\PengumumanModel->getPaginated(3, NULL)
#6 C:\xampp\htdocs\aplikasi_iro\system\CodeIgniter.php(898): App\Controllers\Pengumuman->index()
#7 C:\xampp\htdocs\aplikasi_iro\system\CodeIgniter.php(457): CodeIgniter\CodeIgniter->runController(Object(App\Controllers\Pengumuman))
#8 C:\xampp\htdocs\aplikasi_iro\system\CodeIgniter.php(340): CodeIgniter\CodeIgniter->handleRequest(NULL, Object(Config\Cache), false)
#9 C:\xampp\htdocs\aplikasi_iro\public\index.php(67): CodeIgniter\CodeIgniter->run()
#10 C:\xampp\htdocs\aplikasi_iro\system\Commands\Server\rewrite.php(43): require_once('C:\\xampp\\htdocs...')
#11 {main}
ERROR - 2022-09-03 21:45:45 --> mysqli_sql_exception: Column 'id' in field list is ambiguous in C:\xampp\htdocs\aplikasi_iro\system\Database\MySQLi\Connection.php:292
Stack trace:
#0 C:\xampp\htdocs\aplikasi_iro\system\Database\MySQLi\Connection.php(292): mysqli->query('SELECT `id`\nFRO...', 0)
#1 C:\xampp\htdocs\aplikasi_iro\system\Database\BaseConnection.php(693): CodeIgniter\Database\MySQLi\Connection->execute('SELECT `id`\nFRO...')
#2 C:\xampp\htdocs\aplikasi_iro\system\Database\BaseConnection.php(620): CodeIgniter\Database\BaseConnection->simpleQuery('SELECT `id`\nFRO...')
#3 C:\xampp\htdocs\aplikasi_iro\system\Database\BaseBuilder.php(1585): CodeIgniter\Database\BaseConnection->query('SELECT `id`\nFRO...', Array, false)
#4 C:\xampp\htdocs\aplikasi_iro\app\Models\PengumumanModel.php(24): CodeIgniter\Database\BaseBuilder->get()
#5 C:\xampp\htdocs\aplikasi_iro\app\Controllers\Pengumuman.php(16): App\Models\PengumumanModel->getPaginated(3, NULL)
#6 C:\xampp\htdocs\aplikasi_iro\system\CodeIgniter.php(898): App\Controllers\Pengumuman->index()
#7 C:\xampp\htdocs\aplikasi_iro\system\CodeIgniter.php(457): CodeIgniter\CodeIgniter->runController(Object(App\Controllers\Pengumuman))
#8 C:\xampp\htdocs\aplikasi_iro\system\CodeIgniter.php(340): CodeIgniter\CodeIgniter->handleRequest(NULL, Object(Config\Cache), false)
#9 C:\xampp\htdocs\aplikasi_iro\public\index.php(67): CodeIgniter\CodeIgniter->run()
#10 C:\xampp\htdocs\aplikasi_iro\system\Commands\Server\rewrite.php(43): require_once('C:\\xampp\\htdocs...')
#11 {main}
ERROR - 2022-09-03 21:45:52 --> mysqli_sql_exception: Column 'id' in field list is ambiguous in C:\xampp\htdocs\aplikasi_iro\system\Database\MySQLi\Connection.php:292
Stack trace:
#0 C:\xampp\htdocs\aplikasi_iro\system\Database\MySQLi\Connection.php(292): mysqli->query('SELECT `id`\nFRO...', 0)
#1 C:\xampp\htdocs\aplikasi_iro\system\Database\BaseConnection.php(693): CodeIgniter\Database\MySQLi\Connection->execute('SELECT `id`\nFRO...')
#2 C:\xampp\htdocs\aplikasi_iro\system\Database\BaseConnection.php(620): CodeIgniter\Database\BaseConnection->simpleQuery('SELECT `id`\nFRO...')
#3 C:\xampp\htdocs\aplikasi_iro\system\Database\BaseBuilder.php(1585): CodeIgniter\Database\BaseConnection->query('SELECT `id`\nFRO...', Array, false)
#4 C:\xampp\htdocs\aplikasi_iro\app\Models\PengumumanModel.php(24): CodeIgniter\Database\BaseBuilder->get()
#5 C:\xampp\htdocs\aplikasi_iro\app\Controllers\Pengumuman.php(16): App\Models\PengumumanModel->getPaginated(3, NULL)
#6 C:\xampp\htdocs\aplikasi_iro\system\CodeIgniter.php(898): App\Controllers\Pengumuman->index()
#7 C:\xampp\htdocs\aplikasi_iro\system\CodeIgniter.php(457): CodeIgniter\CodeIgniter->runController(Object(App\Controllers\Pengumuman))
#8 C:\xampp\htdocs\aplikasi_iro\system\CodeIgniter.php(340): CodeIgniter\CodeIgniter->handleRequest(NULL, Object(Config\Cache), false)
#9 C:\xampp\htdocs\aplikasi_iro\public\index.php(67): CodeIgniter\CodeIgniter->run()
#10 C:\xampp\htdocs\aplikasi_iro\system\Commands\Server\rewrite.php(43): require_once('C:\\xampp\\htdocs...')
#11 {main}
CRITICAL - 2022-09-03 21:47:09 --> Undefined variable $value
in APPPATH\Views\pengumuman\get.php on line 68.
 1 APPPATH\Views\pengumuman\get.php(68): CodeIgniter\Debug\Exceptions->errorHandler(2, 'Undefined variable $value', 'APPPATH\\Views\\pengumuman\\get.php', 68)
 2 SYSTEMPATH\View\View.php(213): include('APPPATH\\Views\\pengumuman\\get.php')
 3 SYSTEMPATH\View\View.php(216): CodeIgniter\View\View->CodeIgniter\View\{closure}()
 4 SYSTEMPATH\Common.php(1137): CodeIgniter\View\View->render('pengumuman/get', [], true)
 5 APPPATH\Controllers\Pengumuman.php(18): view('pengumuman/get', [...])
 6 SYSTEMPATH\CodeIgniter.php(898): App\Controllers\Pengumuman->index()
 7 SYSTEMPATH\CodeIgniter.php(457): CodeIgniter\CodeIgniter->runController(Object(App\Controllers\Pengumuman))
 8 SYSTEMPATH\CodeIgniter.php(340): CodeIgniter\CodeIgniter->handleRequest(null, Object(Config\Cache), false)
 9 FCPATH\index.php(67): CodeIgniter\CodeIgniter->run()
10 SYSTEMPATH\Commands\Server\rewrite.php(43): require_once('FCPATH\\index.php')
CRITICAL - 2022-09-03 22:09:35 --> Attempt to read property "image" on null
in APPPATH\Controllers\Content.php on line 117.
 1 APPPATH\Controllers\Content.php(117): CodeIgniter\Debug\Exceptions->errorHandler(2, 'Attempt to read property "image" on null', 'APPPATH\\Controllers\\Content.php', 117)
 2 SYSTEMPATH\CodeIgniter.php(898): App\Controllers\Content->destroy('5')
 3 SYSTEMPATH\CodeIgniter.php(457): CodeIgniter\CodeIgniter->runController(Object(App\Controllers\Content))
 4 SYSTEMPATH\CodeIgniter.php(340): CodeIgniter\CodeIgniter->handleRequest(null, Object(Config\Cache), false)
 5 FCPATH\index.php(67): CodeIgniter\CodeIgniter->run()
 6 SYSTEMPATH\Commands\Server\rewrite.php(43): require_once('FCPATH\\index.php')
CRITICAL - 2022-09-03 22:15:38 --> Undefined variable $course
in APPPATH\Controllers\Pengumuman.php on line 120.
 1 APPPATH\Controllers\Pengumuman.php(120): CodeIgniter\Debug\Exceptions->errorHandler(2, 'Undefined variable $course', 'APPPATH\\Controllers\\Pengumuman.php', 120)
 2 SYSTEMPATH\CodeIgniter.php(898): App\Controllers\Pengumuman->destroy('4')
 3 SYSTEMPATH\CodeIgniter.php(457): CodeIgniter\CodeIgniter->runController(Object(App\Controllers\Pengumuman))
 4 SYSTEMPATH\CodeIgniter.php(340): CodeIgniter\CodeIgniter->handleRequest(null, Object(Config\Cache), false)
 5 FCPATH\index.php(67): CodeIgniter\CodeIgniter->run()
 6 SYSTEMPATH\Commands\Server\rewrite.php(43): require_once('FCPATH\\index.php')
