CRITICAL - 2022-08-26 18:26:55 --> Attempt to read property "username" on array
in APPPATH\Views\admin\user_list.php on line 50.
 1 APPPATH\Views\admin\user_list.php(50): CodeIgniter\Debug\Exceptions->errorHandler(2, 'Attempt to read property "username" on array', 'APPPATH\\Views\\admin\\user_list.php', 50)
 2 SYSTEMPATH\View\View.php(213): include('APPPATH\\Views\\admin\\user_list.php')
 3 SYSTEMPATH\View\View.php(216): CodeIgniter\View\View->CodeIgniter\View\{closure}()
 4 SYSTEMPATH\Common.php(1137): CodeIgniter\View\View->render('admin/user_list', [], true)
 5 APPPATH\Controllers\Admin.php(24): view('admin/user_list', [...])
 6 SYSTEMPATH\CodeIgniter.php(898): App\Controllers\Admin->index()
 7 SYSTEMPATH\CodeIgniter.php(457): CodeIgniter\CodeIgniter->runController(Object(App\Controllers\Admin))
 8 SYSTEMPATH\CodeIgniter.php(340): CodeIgniter\CodeIgniter->handleRequest(null, Object(Config\Cache), false)
 9 FCPATH\index.php(67): CodeIgniter\CodeIgniter->run()
10 SYSTEMPATH\Commands\Server\rewrite.php(43): require_once('FCPATH\\index.php')
CRITICAL - 2022-08-26 18:27:21 --> Call to a member function paginate() on array
in APPPATH\Controllers\Admin.php on line 21.
 1 SYSTEMPATH\CodeIgniter.php(898): App\Controllers\Admin->index()
 2 SYSTEMPATH\CodeIgniter.php(457): CodeIgniter\CodeIgniter->runController(Object(App\Controllers\Admin))
 3 SYSTEMPATH\CodeIgniter.php(340): CodeIgniter\CodeIgniter->handleRequest(null, Object(Config\Cache), false)
 4 FCPATH\index.php(67): CodeIgniter\CodeIgniter->run()
 5 SYSTEMPATH\Commands\Server\rewrite.php(43): require_once('FCPATH\\index.php')
CRITICAL - 2022-08-26 18:31:47 --> Undefined variable $pager
in APPPATH\Views\admin\user_list.php on line 67.
 1 APPPATH\Views\admin\user_list.php(67): CodeIgniter\Debug\Exceptions->errorHandler(2, 'Undefined variable $pager', 'APPPATH\\Views\\admin\\user_list.php', 67)
 2 SYSTEMPATH\View\View.php(213): include('APPPATH\\Views\\admin\\user_list.php')
 3 SYSTEMPATH\View\View.php(216): CodeIgniter\View\View->CodeIgniter\View\{closure}()
 4 SYSTEMPATH\Common.php(1137): CodeIgniter\View\View->render('admin/user_list', [], true)
 5 APPPATH\Controllers\Admin.php(20): view('admin/user_list', [...])
 6 SYSTEMPATH\CodeIgniter.php(898): App\Controllers\Admin->index()
 7 SYSTEMPATH\CodeIgniter.php(457): CodeIgniter\CodeIgniter->runController(Object(App\Controllers\Admin))
 8 SYSTEMPATH\CodeIgniter.php(340): CodeIgniter\CodeIgniter->handleRequest(null, Object(Config\Cache), false)
 9 FCPATH\index.php(67): CodeIgniter\CodeIgniter->run()
10 SYSTEMPATH\Commands\Server\rewrite.php(43): require_once('FCPATH\\index.php')
CRITICAL - 2022-08-26 18:33:40 --> Attempt to read property "username" on array
in APPPATH\Views\admin\user_list.php on line 50.
 1 APPPATH\Views\admin\user_list.php(50): CodeIgniter\Debug\Exceptions->errorHandler(2, 'Attempt to read property "username" on array', 'APPPATH\\Views\\admin\\user_list.php', 50)
 2 SYSTEMPATH\View\View.php(213): include('APPPATH\\Views\\admin\\user_list.php')
 3 SYSTEMPATH\View\View.php(216): CodeIgniter\View\View->CodeIgniter\View\{closure}()
 4 SYSTEMPATH\Common.php(1137): CodeIgniter\View\View->render('admin/user_list', [], true)
 5 APPPATH\Controllers\Admin.php(21): view('admin/user_list', [...])
 6 SYSTEMPATH\CodeIgniter.php(898): App\Controllers\Admin->index()
 7 SYSTEMPATH\CodeIgniter.php(457): CodeIgniter\CodeIgniter->runController(Object(App\Controllers\Admin))
 8 SYSTEMPATH\CodeIgniter.php(340): CodeIgniter\CodeIgniter->handleRequest(null, Object(Config\Cache), false)
 9 FCPATH\index.php(67): CodeIgniter\CodeIgniter->run()
10 SYSTEMPATH\Commands\Server\rewrite.php(43): require_once('FCPATH\\index.php')
CRITICAL - 2022-08-26 18:35:11 --> Attempt to read property "username" on array
in APPPATH\Views\admin\user_list.php on line 50.
 1 APPPATH\Views\admin\user_list.php(50): CodeIgniter\Debug\Exceptions->errorHandler(2, 'Attempt to read property "username" on array', 'APPPATH\\Views\\admin\\user_list.php', 50)
 2 SYSTEMPATH\View\View.php(213): include('APPPATH\\Views\\admin\\user_list.php')
 3 SYSTEMPATH\View\View.php(216): CodeIgniter\View\View->CodeIgniter\View\{closure}()
 4 SYSTEMPATH\Common.php(1137): CodeIgniter\View\View->render('admin/user_list', [], true)
 5 APPPATH\Controllers\Admin.php(20): view('admin/user_list', [...])
 6 SYSTEMPATH\CodeIgniter.php(898): App\Controllers\Admin->index()
 7 SYSTEMPATH\CodeIgniter.php(457): CodeIgniter\CodeIgniter->runController(Object(App\Controllers\Admin))
 8 SYSTEMPATH\CodeIgniter.php(340): CodeIgniter\CodeIgniter->handleRequest(null, Object(Config\Cache), false)
 9 FCPATH\index.php(67): CodeIgniter\CodeIgniter->run()
10 SYSTEMPATH\Commands\Server\rewrite.php(43): require_once('FCPATH\\index.php')
CRITICAL - 2022-08-26 18:35:12 --> Attempt to read property "username" on array
in APPPATH\Views\admin\user_list.php on line 50.
 1 APPPATH\Views\admin\user_list.php(50): CodeIgniter\Debug\Exceptions->errorHandler(2, 'Attempt to read property "username" on array', 'APPPATH\\Views\\admin\\user_list.php', 50)
 2 SYSTEMPATH\View\View.php(213): include('APPPATH\\Views\\admin\\user_list.php')
 3 SYSTEMPATH\View\View.php(216): CodeIgniter\View\View->CodeIgniter\View\{closure}()
 4 SYSTEMPATH\Common.php(1137): CodeIgniter\View\View->render('admin/user_list', [], true)
 5 APPPATH\Controllers\Admin.php(20): view('admin/user_list', [...])
 6 SYSTEMPATH\CodeIgniter.php(898): App\Controllers\Admin->index()
 7 SYSTEMPATH\CodeIgniter.php(457): CodeIgniter\CodeIgniter->runController(Object(App\Controllers\Admin))
 8 SYSTEMPATH\CodeIgniter.php(340): CodeIgniter\CodeIgniter->handleRequest(null, Object(Config\Cache), false)
 9 FCPATH\index.php(67): CodeIgniter\CodeIgniter->run()
10 SYSTEMPATH\Commands\Server\rewrite.php(43): require_once('FCPATH\\index.php')
CRITICAL - 2022-08-26 18:35:13 --> Attempt to read property "username" on array
in APPPATH\Views\admin\user_list.php on line 50.
 1 APPPATH\Views\admin\user_list.php(50): CodeIgniter\Debug\Exceptions->errorHandler(2, 'Attempt to read property "username" on array', 'APPPATH\\Views\\admin\\user_list.php', 50)
 2 SYSTEMPATH\View\View.php(213): include('APPPATH\\Views\\admin\\user_list.php')
 3 SYSTEMPATH\View\View.php(216): CodeIgniter\View\View->CodeIgniter\View\{closure}()
 4 SYSTEMPATH\Common.php(1137): CodeIgniter\View\View->render('admin/user_list', [], true)
 5 APPPATH\Controllers\Admin.php(20): view('admin/user_list', [...])
 6 SYSTEMPATH\CodeIgniter.php(898): App\Controllers\Admin->index()
 7 SYSTEMPATH\CodeIgniter.php(457): CodeIgniter\CodeIgniter->runController(Object(App\Controllers\Admin))
 8 SYSTEMPATH\CodeIgniter.php(340): CodeIgniter\CodeIgniter->handleRequest(null, Object(Config\Cache), false)
 9 FCPATH\index.php(67): CodeIgniter\CodeIgniter->run()
10 SYSTEMPATH\Commands\Server\rewrite.php(43): require_once('FCPATH\\index.php')
CRITICAL - 2022-08-26 18:35:59 --> Attempt to read property "username" on array
in APPPATH\Views\admin\user_list.php on line 50.
 1 APPPATH\Views\admin\user_list.php(50): CodeIgniter\Debug\Exceptions->errorHandler(2, 'Attempt to read property "username" on array', 'APPPATH\\Views\\admin\\user_list.php', 50)
 2 SYSTEMPATH\View\View.php(213): include('APPPATH\\Views\\admin\\user_list.php')
 3 SYSTEMPATH\View\View.php(216): CodeIgniter\View\View->CodeIgniter\View\{closure}()
 4 SYSTEMPATH\Common.php(1137): CodeIgniter\View\View->render('admin/user_list', [], true)
 5 APPPATH\Controllers\Admin.php(20): view('admin/user_list', [...])
 6 SYSTEMPATH\CodeIgniter.php(898): App\Controllers\Admin->index()
 7 SYSTEMPATH\CodeIgniter.php(457): CodeIgniter\CodeIgniter->runController(Object(App\Controllers\Admin))
 8 SYSTEMPATH\CodeIgniter.php(340): CodeIgniter\CodeIgniter->handleRequest(null, Object(Config\Cache), false)
 9 FCPATH\index.php(67): CodeIgniter\CodeIgniter->run()
10 SYSTEMPATH\Commands\Server\rewrite.php(43): require_once('FCPATH\\index.php')
CRITICAL - 2022-08-26 18:36:00 --> Attempt to read property "username" on array
in APPPATH\Views\admin\user_list.php on line 50.
 1 APPPATH\Views\admin\user_list.php(50): CodeIgniter\Debug\Exceptions->errorHandler(2, 'Attempt to read property "username" on array', 'APPPATH\\Views\\admin\\user_list.php', 50)
 2 SYSTEMPATH\View\View.php(213): include('APPPATH\\Views\\admin\\user_list.php')
 3 SYSTEMPATH\View\View.php(216): CodeIgniter\View\View->CodeIgniter\View\{closure}()
 4 SYSTEMPATH\Common.php(1137): CodeIgniter\View\View->render('admin/user_list', [], true)
 5 APPPATH\Controllers\Admin.php(20): view('admin/user_list', [...])
 6 SYSTEMPATH\CodeIgniter.php(898): App\Controllers\Admin->index()
 7 SYSTEMPATH\CodeIgniter.php(457): CodeIgniter\CodeIgniter->runController(Object(App\Controllers\Admin))
 8 SYSTEMPATH\CodeIgniter.php(340): CodeIgniter\CodeIgniter->handleRequest(null, Object(Config\Cache), false)
 9 FCPATH\index.php(67): CodeIgniter\CodeIgniter->run()
10 SYSTEMPATH\Commands\Server\rewrite.php(43): require_once('FCPATH\\index.php')
CRITICAL - 2022-08-26 18:37:37 --> Attempt to read property "username" on array
in APPPATH\Views\admin\user_list.php on line 50.
 1 APPPATH\Views\admin\user_list.php(50): CodeIgniter\Debug\Exceptions->errorHandler(2, 'Attempt to read property "username" on array', 'APPPATH\\Views\\admin\\user_list.php', 50)
 2 SYSTEMPATH\View\View.php(213): include('APPPATH\\Views\\admin\\user_list.php')
 3 SYSTEMPATH\View\View.php(216): CodeIgniter\View\View->CodeIgniter\View\{closure}()
 4 SYSTEMPATH\Common.php(1137): CodeIgniter\View\View->render('admin/user_list', [], true)
 5 APPPATH\Controllers\Admin.php(20): view('admin/user_list', [...])
 6 SYSTEMPATH\CodeIgniter.php(898): App\Controllers\Admin->index()
 7 SYSTEMPATH\CodeIgniter.php(457): CodeIgniter\CodeIgniter->runController(Object(App\Controllers\Admin))
 8 SYSTEMPATH\CodeIgniter.php(340): CodeIgniter\CodeIgniter->handleRequest(null, Object(Config\Cache), false)
 9 FCPATH\index.php(67): CodeIgniter\CodeIgniter->run()
10 SYSTEMPATH\Commands\Server\rewrite.php(43): require_once('FCPATH\\index.php')
CRITICAL - 2022-08-26 18:37:38 --> Attempt to read property "username" on array
in APPPATH\Views\admin\user_list.php on line 50.
 1 APPPATH\Views\admin\user_list.php(50): CodeIgniter\Debug\Exceptions->errorHandler(2, 'Attempt to read property "username" on array', 'APPPATH\\Views\\admin\\user_list.php', 50)
 2 SYSTEMPATH\View\View.php(213): include('APPPATH\\Views\\admin\\user_list.php')
 3 SYSTEMPATH\View\View.php(216): CodeIgniter\View\View->CodeIgniter\View\{closure}()
 4 SYSTEMPATH\Common.php(1137): CodeIgniter\View\View->render('admin/user_list', [], true)
 5 APPPATH\Controllers\Admin.php(20): view('admin/user_list', [...])
 6 SYSTEMPATH\CodeIgniter.php(898): App\Controllers\Admin->index()
 7 SYSTEMPATH\CodeIgniter.php(457): CodeIgniter\CodeIgniter->runController(Object(App\Controllers\Admin))
 8 SYSTEMPATH\CodeIgniter.php(340): CodeIgniter\CodeIgniter->handleRequest(null, Object(Config\Cache), false)
 9 FCPATH\index.php(67): CodeIgniter\CodeIgniter->run()
10 SYSTEMPATH\Commands\Server\rewrite.php(43): require_once('FCPATH\\index.php')
CRITICAL - 2022-08-26 18:37:40 --> Attempt to read property "username" on array
in APPPATH\Views\admin\user_list.php on line 50.
 1 APPPATH\Views\admin\user_list.php(50): CodeIgniter\Debug\Exceptions->errorHandler(2, 'Attempt to read property "username" on array', 'APPPATH\\Views\\admin\\user_list.php', 50)
 2 SYSTEMPATH\View\View.php(213): include('APPPATH\\Views\\admin\\user_list.php')
 3 SYSTEMPATH\View\View.php(216): CodeIgniter\View\View->CodeIgniter\View\{closure}()
 4 SYSTEMPATH\Common.php(1137): CodeIgniter\View\View->render('admin/user_list', [], true)
 5 APPPATH\Controllers\Admin.php(20): view('admin/user_list', [...])
 6 SYSTEMPATH\CodeIgniter.php(898): App\Controllers\Admin->index()
 7 SYSTEMPATH\CodeIgniter.php(457): CodeIgniter\CodeIgniter->runController(Object(App\Controllers\Admin))
 8 SYSTEMPATH\CodeIgniter.php(340): CodeIgniter\CodeIgniter->handleRequest(null, Object(Config\Cache), false)
 9 FCPATH\index.php(67): CodeIgniter\CodeIgniter->run()
10 SYSTEMPATH\Commands\Server\rewrite.php(43): require_once('FCPATH\\index.php')
CRITICAL - 2022-08-26 18:38:46 --> Attempt to read property "username" on array
in APPPATH\Views\admin\user_list.php on line 50.
 1 APPPATH\Views\admin\user_list.php(50): CodeIgniter\Debug\Exceptions->errorHandler(2, 'Attempt to read property "username" on array', 'APPPATH\\Views\\admin\\user_list.php', 50)
 2 SYSTEMPATH\View\View.php(213): include('APPPATH\\Views\\admin\\user_list.php')
 3 SYSTEMPATH\View\View.php(216): CodeIgniter\View\View->CodeIgniter\View\{closure}()
 4 SYSTEMPATH\Common.php(1137): CodeIgniter\View\View->render('admin/user_list', [], true)
 5 APPPATH\Controllers\Admin.php(20): view('admin/user_list', [...])
 6 SYSTEMPATH\CodeIgniter.php(898): App\Controllers\Admin->index()
 7 SYSTEMPATH\CodeIgniter.php(457): CodeIgniter\CodeIgniter->runController(Object(App\Controllers\Admin))
 8 SYSTEMPATH\CodeIgniter.php(340): CodeIgniter\CodeIgniter->handleRequest(null, Object(Config\Cache), false)
 9 FCPATH\index.php(67): CodeIgniter\CodeIgniter->run()
10 SYSTEMPATH\Commands\Server\rewrite.php(43): require_once('FCPATH\\index.php')
CRITICAL - 2022-08-26 18:39:24 --> Attempt to read property "username" on array
in APPPATH\Views\admin\user_list.php on line 50.
 1 APPPATH\Views\admin\user_list.php(50): CodeIgniter\Debug\Exceptions->errorHandler(2, 'Attempt to read property "username" on array', 'APPPATH\\Views\\admin\\user_list.php', 50)
 2 SYSTEMPATH\View\View.php(213): include('APPPATH\\Views\\admin\\user_list.php')
 3 SYSTEMPATH\View\View.php(216): CodeIgniter\View\View->CodeIgniter\View\{closure}()
 4 SYSTEMPATH\Common.php(1137): CodeIgniter\View\View->render('admin/user_list', [], true)
 5 APPPATH\Controllers\Admin.php(20): view('admin/user_list', [...])
 6 SYSTEMPATH\CodeIgniter.php(898): App\Controllers\Admin->index()
 7 SYSTEMPATH\CodeIgniter.php(457): CodeIgniter\CodeIgniter->runController(Object(App\Controllers\Admin))
 8 SYSTEMPATH\CodeIgniter.php(340): CodeIgniter\CodeIgniter->handleRequest(null, Object(Config\Cache), false)
 9 FCPATH\index.php(67): CodeIgniter\CodeIgniter->run()
10 SYSTEMPATH\Commands\Server\rewrite.php(43): require_once('FCPATH\\index.php')
CRITICAL - 2022-08-26 18:39:54 --> Attempt to read property "username" on array
in APPPATH\Views\admin\user_list.php on line 50.
 1 APPPATH\Views\admin\user_list.php(50): CodeIgniter\Debug\Exceptions->errorHandler(2, 'Attempt to read property "username" on array', 'APPPATH\\Views\\admin\\user_list.php', 50)
 2 SYSTEMPATH\View\View.php(213): include('APPPATH\\Views\\admin\\user_list.php')
 3 SYSTEMPATH\View\View.php(216): CodeIgniter\View\View->CodeIgniter\View\{closure}()
 4 SYSTEMPATH\Common.php(1137): CodeIgniter\View\View->render('admin/user_list', [], true)
 5 APPPATH\Controllers\Admin.php(21): view('admin/user_list', [...])
 6 SYSTEMPATH\CodeIgniter.php(898): App\Controllers\Admin->index()
 7 SYSTEMPATH\CodeIgniter.php(457): CodeIgniter\CodeIgniter->runController(Object(App\Controllers\Admin))
 8 SYSTEMPATH\CodeIgniter.php(340): CodeIgniter\CodeIgniter->handleRequest(null, Object(Config\Cache), false)
 9 FCPATH\index.php(67): CodeIgniter\CodeIgniter->run()
10 SYSTEMPATH\Commands\Server\rewrite.php(43): require_once('FCPATH\\index.php')
CRITICAL - 2022-08-26 18:39:57 --> Call to a member function links() on null
in APPPATH\Views\admin\user_list.php on line 63.
 1 SYSTEMPATH\View\View.php(213): include()
 2 SYSTEMPATH\View\View.php(216): CodeIgniter\View\View->CodeIgniter\View\{closure}()
 3 SYSTEMPATH\Common.php(1137): CodeIgniter\View\View->render('admin/user_list', [], true)
 4 APPPATH\Controllers\Admin.php(20): view('admin/user_list', [...])
 5 SYSTEMPATH\CodeIgniter.php(898): App\Controllers\Admin->index()
 6 SYSTEMPATH\CodeIgniter.php(457): CodeIgniter\CodeIgniter->runController(Object(App\Controllers\Admin))
 7 SYSTEMPATH\CodeIgniter.php(340): CodeIgniter\CodeIgniter->handleRequest(null, Object(Config\Cache), false)
 8 FCPATH\index.php(67): CodeIgniter\CodeIgniter->run()
 9 SYSTEMPATH\Commands\Server\rewrite.php(43): require_once('FCPATH\\index.php')
CRITICAL - 2022-08-26 18:40:07 --> syntax error, unexpected token ";", expecting "]"
in APPPATH\Controllers\Admin.php on line 18.
 1 SYSTEMPATH\Autoloader\Autoloader.php(259): CodeIgniter\Autoloader\Autoloader->includeFile('APPPATH\\Controllers\\Admin.php')
 2 SYSTEMPATH\Autoloader\Autoloader.php(237): CodeIgniter\Autoloader\Autoloader->loadInNamespace('App\\Controllers\\Admin')
 3 [internal function]: CodeIgniter\Autoloader\Autoloader->loadClass('App\\Controllers\\Admin')
 4 SYSTEMPATH\CodeIgniter.php(848): class_exists('\\App\\Controllers\\Admin', true)
 5 SYSTEMPATH\CodeIgniter.php(444): CodeIgniter\CodeIgniter->startController()
 6 SYSTEMPATH\CodeIgniter.php(340): CodeIgniter\CodeIgniter->handleRequest(null, Object(Config\Cache), false)
 7 FCPATH\index.php(67): CodeIgniter\CodeIgniter->run()
 8 SYSTEMPATH\Commands\Server\rewrite.php(43): require_once('FCPATH\\index.php')
CRITICAL - 2022-08-26 18:40:10 --> Call to a member function links() on null
in APPPATH\Views\admin\user_list.php on line 63.
 1 SYSTEMPATH\View\View.php(213): include()
 2 SYSTEMPATH\View\View.php(216): CodeIgniter\View\View->CodeIgniter\View\{closure}()
 3 SYSTEMPATH\Common.php(1137): CodeIgniter\View\View->render('admin/user_list', [], true)
 4 APPPATH\Controllers\Admin.php(20): view('admin/user_list', [...])
 5 SYSTEMPATH\CodeIgniter.php(898): App\Controllers\Admin->index()
 6 SYSTEMPATH\CodeIgniter.php(457): CodeIgniter\CodeIgniter->runController(Object(App\Controllers\Admin))
 7 SYSTEMPATH\CodeIgniter.php(340): CodeIgniter\CodeIgniter->handleRequest(null, Object(Config\Cache), false)
 8 FCPATH\index.php(67): CodeIgniter\CodeIgniter->run()
 9 SYSTEMPATH\Commands\Server\rewrite.php(43): require_once('FCPATH\\index.php')
CRITICAL - 2022-08-26 18:40:24 --> Attempt to read property "username" on array
in APPPATH\Views\admin\user_list.php on line 50.
 1 APPPATH\Views\admin\user_list.php(50): CodeIgniter\Debug\Exceptions->errorHandler(2, 'Attempt to read property "username" on array', 'APPPATH\\Views\\admin\\user_list.php', 50)
 2 SYSTEMPATH\View\View.php(213): include('APPPATH\\Views\\admin\\user_list.php')
 3 SYSTEMPATH\View\View.php(216): CodeIgniter\View\View->CodeIgniter\View\{closure}()
 4 SYSTEMPATH\Common.php(1137): CodeIgniter\View\View->render('admin/user_list', [], true)
 5 APPPATH\Controllers\Admin.php(20): view('admin/user_list', [...])
 6 SYSTEMPATH\CodeIgniter.php(898): App\Controllers\Admin->index()
 7 SYSTEMPATH\CodeIgniter.php(457): CodeIgniter\CodeIgniter->runController(Object(App\Controllers\Admin))
 8 SYSTEMPATH\CodeIgniter.php(340): CodeIgniter\CodeIgniter->handleRequest(null, Object(Config\Cache), false)
 9 FCPATH\index.php(67): CodeIgniter\CodeIgniter->run()
10 SYSTEMPATH\Commands\Server\rewrite.php(43): require_once('FCPATH\\index.php')
CRITICAL - 2022-08-26 18:40:32 --> Call to a member function links() on null
in APPPATH\Views\admin\user_list.php on line 63.
 1 SYSTEMPATH\View\View.php(213): include()
 2 SYSTEMPATH\View\View.php(216): CodeIgniter\View\View->CodeIgniter\View\{closure}()
 3 SYSTEMPATH\Common.php(1137): CodeIgniter\View\View->render('admin/user_list', [], true)
 4 APPPATH\Controllers\Admin.php(20): view('admin/user_list', [...])
 5 SYSTEMPATH\CodeIgniter.php(898): App\Controllers\Admin->index()
 6 SYSTEMPATH\CodeIgniter.php(457): CodeIgniter\CodeIgniter->runController(Object(App\Controllers\Admin))
 7 SYSTEMPATH\CodeIgniter.php(340): CodeIgniter\CodeIgniter->handleRequest(null, Object(Config\Cache), false)
 8 FCPATH\index.php(67): CodeIgniter\CodeIgniter->run()
 9 SYSTEMPATH\Commands\Server\rewrite.php(43): require_once('FCPATH\\index.php')
CRITICAL - 2022-08-26 18:40:33 --> Call to a member function links() on null
in APPPATH\Views\admin\user_list.php on line 63.
 1 SYSTEMPATH\View\View.php(213): include()
 2 SYSTEMPATH\View\View.php(216): CodeIgniter\View\View->CodeIgniter\View\{closure}()
 3 SYSTEMPATH\Common.php(1137): CodeIgniter\View\View->render('admin/user_list', [], true)
 4 APPPATH\Controllers\Admin.php(20): view('admin/user_list', [...])
 5 SYSTEMPATH\CodeIgniter.php(898): App\Controllers\Admin->index()
 6 SYSTEMPATH\CodeIgniter.php(457): CodeIgniter\CodeIgniter->runController(Object(App\Controllers\Admin))
 7 SYSTEMPATH\CodeIgniter.php(340): CodeIgniter\CodeIgniter->handleRequest(null, Object(Config\Cache), false)
 8 FCPATH\index.php(67): CodeIgniter\CodeIgniter->run()
 9 SYSTEMPATH\Commands\Server\rewrite.php(43): require_once('FCPATH\\index.php')
CRITICAL - 2022-08-26 18:40:35 --> Call to a member function links() on null
in APPPATH\Views\admin\user_list.php on line 63.
 1 SYSTEMPATH\View\View.php(213): include()
 2 SYSTEMPATH\View\View.php(216): CodeIgniter\View\View->CodeIgniter\View\{closure}()
 3 SYSTEMPATH\Common.php(1137): CodeIgniter\View\View->render('admin/user_list', [], true)
 4 APPPATH\Controllers\Admin.php(20): view('admin/user_list', [...])
 5 SYSTEMPATH\CodeIgniter.php(898): App\Controllers\Admin->index()
 6 SYSTEMPATH\CodeIgniter.php(457): CodeIgniter\CodeIgniter->runController(Object(App\Controllers\Admin))
 7 SYSTEMPATH\CodeIgniter.php(340): CodeIgniter\CodeIgniter->handleRequest(null, Object(Config\Cache), false)
 8 FCPATH\index.php(67): CodeIgniter\CodeIgniter->run()
 9 SYSTEMPATH\Commands\Server\rewrite.php(43): require_once('FCPATH\\index.php')
CRITICAL - 2022-08-26 18:40:52 --> Call to a member function links() on null
in APPPATH\Views\admin\user_list.php on line 63.
 1 SYSTEMPATH\View\View.php(213): include()
 2 SYSTEMPATH\View\View.php(216): CodeIgniter\View\View->CodeIgniter\View\{closure}()
 3 SYSTEMPATH\Common.php(1137): CodeIgniter\View\View->render('admin/user_list', [], true)
 4 APPPATH\Controllers\Admin.php(20): view('admin/user_list', [...])
 5 SYSTEMPATH\CodeIgniter.php(898): App\Controllers\Admin->index()
 6 SYSTEMPATH\CodeIgniter.php(457): CodeIgniter\CodeIgniter->runController(Object(App\Controllers\Admin))
 7 SYSTEMPATH\CodeIgniter.php(340): CodeIgniter\CodeIgniter->handleRequest(null, Object(Config\Cache), false)
 8 FCPATH\index.php(67): CodeIgniter\CodeIgniter->run()
 9 SYSTEMPATH\Commands\Server\rewrite.php(43): require_once('FCPATH\\index.php')
CRITICAL - 2022-08-26 18:41:14 --> Undefined variable $pager
in APPPATH\Views\admin\user_list.php on line 63.
 1 APPPATH\Views\admin\user_list.php(63): CodeIgniter\Debug\Exceptions->errorHandler(2, 'Undefined variable $pager', 'APPPATH\\Views\\admin\\user_list.php', 63)
 2 SYSTEMPATH\View\View.php(213): include('APPPATH\\Views\\admin\\user_list.php')
 3 SYSTEMPATH\View\View.php(216): CodeIgniter\View\View->CodeIgniter\View\{closure}()
 4 SYSTEMPATH\Common.php(1137): CodeIgniter\View\View->render('admin/user_list', [], true)
 5 APPPATH\Controllers\Admin.php(19): view('admin/user_list', [...])
 6 SYSTEMPATH\CodeIgniter.php(898): App\Controllers\Admin->index()
 7 SYSTEMPATH\CodeIgniter.php(457): CodeIgniter\CodeIgniter->runController(Object(App\Controllers\Admin))
 8 SYSTEMPATH\CodeIgniter.php(340): CodeIgniter\CodeIgniter->handleRequest(null, Object(Config\Cache), false)
 9 FCPATH\index.php(67): CodeIgniter\CodeIgniter->run()
10 SYSTEMPATH\Commands\Server\rewrite.php(43): require_once('FCPATH\\index.php')
CRITICAL - 2022-08-26 18:41:43 --> Attempt to read property "username" on array
in APPPATH\Views\admin\user_list.php on line 50.
 1 APPPATH\Views\admin\user_list.php(50): CodeIgniter\Debug\Exceptions->errorHandler(2, 'Attempt to read property "username" on array', 'APPPATH\\Views\\admin\\user_list.php', 50)
 2 SYSTEMPATH\View\View.php(213): include('APPPATH\\Views\\admin\\user_list.php')
 3 SYSTEMPATH\View\View.php(216): CodeIgniter\View\View->CodeIgniter\View\{closure}()
 4 SYSTEMPATH\Common.php(1137): CodeIgniter\View\View->render('admin/user_list', [], true)
 5 APPPATH\Controllers\Admin.php(19): view('admin/user_list', [...])
 6 SYSTEMPATH\CodeIgniter.php(898): App\Controllers\Admin->index()
 7 SYSTEMPATH\CodeIgniter.php(457): CodeIgniter\CodeIgniter->runController(Object(App\Controllers\Admin))
 8 SYSTEMPATH\CodeIgniter.php(340): CodeIgniter\CodeIgniter->handleRequest(null, Object(Config\Cache), false)
 9 FCPATH\index.php(67): CodeIgniter\CodeIgniter->run()
10 SYSTEMPATH\Commands\Server\rewrite.php(43): require_once('FCPATH\\index.php')
CRITICAL - 2022-08-26 18:44:19 --> Attempt to read property "username" on array
in APPPATH\Views\admin\user_list.php on line 50.
 1 APPPATH\Views\admin\user_list.php(50): CodeIgniter\Debug\Exceptions->errorHandler(2, 'Attempt to read property "username" on array', 'APPPATH\\Views\\admin\\user_list.php', 50)
 2 SYSTEMPATH\View\View.php(213): include('APPPATH\\Views\\admin\\user_list.php')
 3 SYSTEMPATH\View\View.php(216): CodeIgniter\View\View->CodeIgniter\View\{closure}()
 4 SYSTEMPATH\Common.php(1137): CodeIgniter\View\View->render('admin/user_list', [], true)
 5 APPPATH\Controllers\Admin.php(20): view('admin/user_list', [...])
 6 SYSTEMPATH\CodeIgniter.php(898): App\Controllers\Admin->index()
 7 SYSTEMPATH\CodeIgniter.php(457): CodeIgniter\CodeIgniter->runController(Object(App\Controllers\Admin))
 8 SYSTEMPATH\CodeIgniter.php(340): CodeIgniter\CodeIgniter->handleRequest(null, Object(Config\Cache), false)
 9 FCPATH\index.php(67): CodeIgniter\CodeIgniter->run()
10 SYSTEMPATH\Commands\Server\rewrite.php(43): require_once('FCPATH\\index.php')
CRITICAL - 2022-08-26 18:44:38 --> Attempt to read property "username" on array
in APPPATH\Views\admin\user_list.php on line 50.
 1 APPPATH\Views\admin\user_list.php(50): CodeIgniter\Debug\Exceptions->errorHandler(2, 'Attempt to read property "username" on array', 'APPPATH\\Views\\admin\\user_list.php', 50)
 2 SYSTEMPATH\View\View.php(213): include('APPPATH\\Views\\admin\\user_list.php')
 3 SYSTEMPATH\View\View.php(216): CodeIgniter\View\View->CodeIgniter\View\{closure}()
 4 SYSTEMPATH\Common.php(1137): CodeIgniter\View\View->render('admin/user_list', [], true)
 5 APPPATH\Controllers\Admin.php(20): view('admin/user_list', [...])
 6 SYSTEMPATH\CodeIgniter.php(898): App\Controllers\Admin->index()
 7 SYSTEMPATH\CodeIgniter.php(457): CodeIgniter\CodeIgniter->runController(Object(App\Controllers\Admin))
 8 SYSTEMPATH\CodeIgniter.php(340): CodeIgniter\CodeIgniter->handleRequest(null, Object(Config\Cache), false)
 9 FCPATH\index.php(67): CodeIgniter\CodeIgniter->run()
10 SYSTEMPATH\Commands\Server\rewrite.php(43): require_once('FCPATH\\index.php')
CRITICAL - 2022-08-26 18:44:46 --> syntax error, unexpected token "*", expecting "]"
in APPPATH\Models\UsersModel.php on line 10.
 1 SYSTEMPATH\Autoloader\Autoloader.php(259): CodeIgniter\Autoloader\Autoloader->includeFile('APPPATH\\Models\\UsersModel.php')
 2 SYSTEMPATH\Autoloader\Autoloader.php(237): CodeIgniter\Autoloader\Autoloader->loadInNamespace('App\\Models\\UsersModel')
 3 APPPATH\Controllers\Admin.php(10): CodeIgniter\Autoloader\Autoloader->loadClass('App\\Models\\UsersModel')
 4 SYSTEMPATH\CodeIgniter.php(860): App\Controllers\Admin->__construct()
 5 SYSTEMPATH\CodeIgniter.php(448): CodeIgniter\CodeIgniter->createController()
 6 SYSTEMPATH\CodeIgniter.php(340): CodeIgniter\CodeIgniter->handleRequest(null, Object(Config\Cache), false)
 7 FCPATH\index.php(67): CodeIgniter\CodeIgniter->run()
 8 SYSTEMPATH\Commands\Server\rewrite.php(43): require_once('FCPATH\\index.php')
CRITICAL - 2022-08-26 18:44:49 --> Attempt to read property "username" on array
in APPPATH\Views\admin\user_list.php on line 50.
 1 APPPATH\Views\admin\user_list.php(50): CodeIgniter\Debug\Exceptions->errorHandler(2, 'Attempt to read property "username" on array', 'APPPATH\\Views\\admin\\user_list.php', 50)
 2 SYSTEMPATH\View\View.php(213): include('APPPATH\\Views\\admin\\user_list.php')
 3 SYSTEMPATH\View\View.php(216): CodeIgniter\View\View->CodeIgniter\View\{closure}()
 4 SYSTEMPATH\Common.php(1137): CodeIgniter\View\View->render('admin/user_list', [], true)
 5 APPPATH\Controllers\Admin.php(20): view('admin/user_list', [...])
 6 SYSTEMPATH\CodeIgniter.php(898): App\Controllers\Admin->index()
 7 SYSTEMPATH\CodeIgniter.php(457): CodeIgniter\CodeIgniter->runController(Object(App\Controllers\Admin))
 8 SYSTEMPATH\CodeIgniter.php(340): CodeIgniter\CodeIgniter->handleRequest(null, Object(Config\Cache), false)
 9 FCPATH\index.php(67): CodeIgniter\CodeIgniter->run()
10 SYSTEMPATH\Commands\Server\rewrite.php(43): require_once('FCPATH\\index.php')
CRITICAL - 2022-08-26 18:45:00 --> Attempt to read property "username" on array
in APPPATH\Views\admin\user_list.php on line 50.
 1 APPPATH\Views\admin\user_list.php(50): CodeIgniter\Debug\Exceptions->errorHandler(2, 'Attempt to read property "username" on array', 'APPPATH\\Views\\admin\\user_list.php', 50)
 2 SYSTEMPATH\View\View.php(213): include('APPPATH\\Views\\admin\\user_list.php')
 3 SYSTEMPATH\View\View.php(216): CodeIgniter\View\View->CodeIgniter\View\{closure}()
 4 SYSTEMPATH\Common.php(1137): CodeIgniter\View\View->render('admin/user_list', [], true)
 5 APPPATH\Controllers\Admin.php(20): view('admin/user_list', [...])
 6 SYSTEMPATH\CodeIgniter.php(898): App\Controllers\Admin->index()
 7 SYSTEMPATH\CodeIgniter.php(457): CodeIgniter\CodeIgniter->runController(Object(App\Controllers\Admin))
 8 SYSTEMPATH\CodeIgniter.php(340): CodeIgniter\CodeIgniter->handleRequest(null, Object(Config\Cache), false)
 9 FCPATH\index.php(67): CodeIgniter\CodeIgniter->run()
10 SYSTEMPATH\Commands\Server\rewrite.php(43): require_once('FCPATH\\index.php')
CRITICAL - 2022-08-26 18:49:24 --> Attempt to read property "username" on array
in APPPATH\Views\admin\user_list.php on line 50.
 1 APPPATH\Views\admin\user_list.php(50): CodeIgniter\Debug\Exceptions->errorHandler(2, 'Attempt to read property "username" on array', 'APPPATH\\Views\\admin\\user_list.php', 50)
 2 SYSTEMPATH\View\View.php(213): include('APPPATH\\Views\\admin\\user_list.php')
 3 SYSTEMPATH\View\View.php(216): CodeIgniter\View\View->CodeIgniter\View\{closure}()
 4 SYSTEMPATH\Common.php(1137): CodeIgniter\View\View->render('admin/user_list', [], true)
 5 APPPATH\Controllers\Admin.php(20): view('admin/user_list', [...])
 6 SYSTEMPATH\CodeIgniter.php(898): App\Controllers\Admin->index()
 7 SYSTEMPATH\CodeIgniter.php(457): CodeIgniter\CodeIgniter->runController(Object(App\Controllers\Admin))
 8 SYSTEMPATH\CodeIgniter.php(340): CodeIgniter\CodeIgniter->handleRequest(null, Object(Config\Cache), false)
 9 FCPATH\index.php(67): CodeIgniter\CodeIgniter->run()
10 SYSTEMPATH\Commands\Server\rewrite.php(43): require_once('FCPATH\\index.php')
CRITICAL - 2022-08-26 19:04:07 --> Attempt to read property "username" on array
in APPPATH\Views\admin\user_list.php on line 49.
 1 APPPATH\Views\admin\user_list.php(49): CodeIgniter\Debug\Exceptions->errorHandler(2, 'Attempt to read property "username" on array', 'APPPATH\\Views\\admin\\user_list.php', 49)
 2 SYSTEMPATH\View\View.php(213): include('APPPATH\\Views\\admin\\user_list.php')
 3 SYSTEMPATH\View\View.php(216): CodeIgniter\View\View->CodeIgniter\View\{closure}()
 4 SYSTEMPATH\Common.php(1137): CodeIgniter\View\View->render('admin/user_list', [], true)
 5 APPPATH\Controllers\Admin.php(20): view('admin/user_list', [...])
 6 SYSTEMPATH\CodeIgniter.php(898): App\Controllers\Admin->index()
 7 SYSTEMPATH\CodeIgniter.php(457): CodeIgniter\CodeIgniter->runController(Object(App\Controllers\Admin))
 8 SYSTEMPATH\CodeIgniter.php(340): CodeIgniter\CodeIgniter->handleRequest(null, Object(Config\Cache), false)
 9 FCPATH\index.php(67): CodeIgniter\CodeIgniter->run()
10 SYSTEMPATH\Commands\Server\rewrite.php(43): require_once('FCPATH\\index.php')
CRITICAL - 2022-08-26 19:04:41 --> Array to string conversion
in APPPATH\Views\admin\user_list.php on line 49.
 1 APPPATH\Views\admin\user_list.php(49): CodeIgniter\Debug\Exceptions->errorHandler(2, 'Array to string conversion', 'APPPATH\\Views\\admin\\user_list.php', 49)
 2 SYSTEMPATH\View\View.php(213): include('APPPATH\\Views\\admin\\user_list.php')
 3 SYSTEMPATH\View\View.php(216): CodeIgniter\View\View->CodeIgniter\View\{closure}()
 4 SYSTEMPATH\Common.php(1137): CodeIgniter\View\View->render('admin/user_list', [], true)
 5 APPPATH\Controllers\Admin.php(20): view('admin/user_list', [...])
 6 SYSTEMPATH\CodeIgniter.php(898): App\Controllers\Admin->index()
 7 SYSTEMPATH\CodeIgniter.php(457): CodeIgniter\CodeIgniter->runController(Object(App\Controllers\Admin))
 8 SYSTEMPATH\CodeIgniter.php(340): CodeIgniter\CodeIgniter->handleRequest(null, Object(Config\Cache), false)
 9 FCPATH\index.php(67): CodeIgniter\CodeIgniter->run()
10 SYSTEMPATH\Commands\Server\rewrite.php(43): require_once('FCPATH\\index.php')
CRITICAL - 2022-08-26 19:04:51 --> syntax error, unexpected token "=>", expecting "," or ";"
in APPPATH\Views\admin\user_list.php on line 49.
 1 SYSTEMPATH\View\View.php(216): CodeIgniter\View\View->CodeIgniter\View\{closure}()
 2 SYSTEMPATH\Common.php(1137): CodeIgniter\View\View->render('admin/user_list', [], true)
 3 APPPATH\Controllers\Admin.php(20): view('admin/user_list', [...])
 4 SYSTEMPATH\CodeIgniter.php(898): App\Controllers\Admin->index()
 5 SYSTEMPATH\CodeIgniter.php(457): CodeIgniter\CodeIgniter->runController(Object(App\Controllers\Admin))
 6 SYSTEMPATH\CodeIgniter.php(340): CodeIgniter\CodeIgniter->handleRequest(null, Object(Config\Cache), false)
 7 FCPATH\index.php(67): CodeIgniter\CodeIgniter->run()
 8 SYSTEMPATH\Commands\Server\rewrite.php(43): require_once('FCPATH\\index.php')
CRITICAL - 2022-08-26 19:04:55 --> syntax error, unexpected token "[", expecting identifier or variable or "{" or "$"
in APPPATH\Views\admin\user_list.php on line 49.
 1 SYSTEMPATH\View\View.php(216): CodeIgniter\View\View->CodeIgniter\View\{closure}()
 2 SYSTEMPATH\Common.php(1137): CodeIgniter\View\View->render('admin/user_list', [], true)
 3 APPPATH\Controllers\Admin.php(20): view('admin/user_list', [...])
 4 SYSTEMPATH\CodeIgniter.php(898): App\Controllers\Admin->index()
 5 SYSTEMPATH\CodeIgniter.php(457): CodeIgniter\CodeIgniter->runController(Object(App\Controllers\Admin))
 6 SYSTEMPATH\CodeIgniter.php(340): CodeIgniter\CodeIgniter->handleRequest(null, Object(Config\Cache), false)
 7 FCPATH\index.php(67): CodeIgniter\CodeIgniter->run()
 8 SYSTEMPATH\Commands\Server\rewrite.php(43): require_once('FCPATH\\index.php')
CRITICAL - 2022-08-26 19:05:00 --> syntax error, unexpected single-quoted string "username", expecting identifier or variable or "{" or "$"
in APPPATH\Views\admin\user_list.php on line 49.
 1 SYSTEMPATH\View\View.php(216): CodeIgniter\View\View->CodeIgniter\View\{closure}()
 2 SYSTEMPATH\Common.php(1137): CodeIgniter\View\View->render('admin/user_list', [], true)
 3 APPPATH\Controllers\Admin.php(20): view('admin/user_list', [...])
 4 SYSTEMPATH\CodeIgniter.php(898): App\Controllers\Admin->index()
 5 SYSTEMPATH\CodeIgniter.php(457): CodeIgniter\CodeIgniter->runController(Object(App\Controllers\Admin))
 6 SYSTEMPATH\CodeIgniter.php(340): CodeIgniter\CodeIgniter->handleRequest(null, Object(Config\Cache), false)
 7 FCPATH\index.php(67): CodeIgniter\CodeIgniter->run()
 8 SYSTEMPATH\Commands\Server\rewrite.php(43): require_once('FCPATH\\index.php')
CRITICAL - 2022-08-26 19:05:07 --> syntax error, unexpected double-quoted string "username", expecting identifier or variable or "{" or "$"
in APPPATH\Views\admin\user_list.php on line 49.
 1 SYSTEMPATH\View\View.php(216): CodeIgniter\View\View->CodeIgniter\View\{closure}()
 2 SYSTEMPATH\Common.php(1137): CodeIgniter\View\View->render('admin/user_list', [], true)
 3 APPPATH\Controllers\Admin.php(20): view('admin/user_list', [...])
 4 SYSTEMPATH\CodeIgniter.php(898): App\Controllers\Admin->index()
 5 SYSTEMPATH\CodeIgniter.php(457): CodeIgniter\CodeIgniter->runController(Object(App\Controllers\Admin))
 6 SYSTEMPATH\CodeIgniter.php(340): CodeIgniter\CodeIgniter->handleRequest(null, Object(Config\Cache), false)
 7 FCPATH\index.php(67): CodeIgniter\CodeIgniter->run()
 8 SYSTEMPATH\Commands\Server\rewrite.php(43): require_once('FCPATH\\index.php')
CRITICAL - 2022-08-26 19:05:14 --> Attempt to read property "username" on array
in APPPATH\Views\admin\user_list.php on line 49.
 1 APPPATH\Views\admin\user_list.php(49): CodeIgniter\Debug\Exceptions->errorHandler(2, 'Attempt to read property "username" on array', 'APPPATH\\Views\\admin\\user_list.php', 49)
 2 SYSTEMPATH\View\View.php(213): include('APPPATH\\Views\\admin\\user_list.php')
 3 SYSTEMPATH\View\View.php(216): CodeIgniter\View\View->CodeIgniter\View\{closure}()
 4 SYSTEMPATH\Common.php(1137): CodeIgniter\View\View->render('admin/user_list', [], true)
 5 APPPATH\Controllers\Admin.php(20): view('admin/user_list', [...])
 6 SYSTEMPATH\CodeIgniter.php(898): App\Controllers\Admin->index()
 7 SYSTEMPATH\CodeIgniter.php(457): CodeIgniter\CodeIgniter->runController(Object(App\Controllers\Admin))
 8 SYSTEMPATH\CodeIgniter.php(340): CodeIgniter\CodeIgniter->handleRequest(null, Object(Config\Cache), false)
 9 FCPATH\index.php(67): CodeIgniter\CodeIgniter->run()
10 SYSTEMPATH\Commands\Server\rewrite.php(43): require_once('FCPATH\\index.php')
CRITICAL - 2022-08-26 19:09:39 --> Undefined property: stdClass::$name
in APPPATH\Views\admin\user_list.php on line 50.
 1 APPPATH\Views\admin\user_list.php(50): CodeIgniter\Debug\Exceptions->errorHandler(2, 'Undefined property: stdClass::$name', 'APPPATH\\Views\\admin\\user_list.php', 50)
 2 SYSTEMPATH\View\View.php(213): include('APPPATH\\Views\\admin\\user_list.php')
 3 SYSTEMPATH\View\View.php(216): CodeIgniter\View\View->CodeIgniter\View\{closure}()
 4 SYSTEMPATH\Common.php(1137): CodeIgniter\View\View->render('admin/user_list', [], true)
 5 APPPATH\Controllers\Admin.php(20): view('admin/user_list', [...])
 6 SYSTEMPATH\CodeIgniter.php(898): App\Controllers\Admin->index()
 7 SYSTEMPATH\CodeIgniter.php(457): CodeIgniter\CodeIgniter->runController(Object(App\Controllers\Admin))
 8 SYSTEMPATH\CodeIgniter.php(340): CodeIgniter\CodeIgniter->handleRequest(null, Object(Config\Cache), false)
 9 FCPATH\index.php(67): CodeIgniter\CodeIgniter->run()
10 SYSTEMPATH\Commands\Server\rewrite.php(43): require_once('FCPATH\\index.php')
CRITICAL - 2022-08-26 19:09:59 --> Undefined property: stdClass::$id_group
in APPPATH\Views\admin\user_list.php on line 50.
 1 APPPATH\Views\admin\user_list.php(50): CodeIgniter\Debug\Exceptions->errorHandler(2, 'Undefined property: stdClass::$id_group', 'APPPATH\\Views\\admin\\user_list.php', 50)
 2 SYSTEMPATH\View\View.php(213): include('APPPATH\\Views\\admin\\user_list.php')
 3 SYSTEMPATH\View\View.php(216): CodeIgniter\View\View->CodeIgniter\View\{closure}()
 4 SYSTEMPATH\Common.php(1137): CodeIgniter\View\View->render('admin/user_list', [], true)
 5 APPPATH\Controllers\Admin.php(20): view('admin/user_list', [...])
 6 SYSTEMPATH\CodeIgniter.php(898): App\Controllers\Admin->index()
 7 SYSTEMPATH\CodeIgniter.php(457): CodeIgniter\CodeIgniter->runController(Object(App\Controllers\Admin))
 8 SYSTEMPATH\CodeIgniter.php(340): CodeIgniter\CodeIgniter->handleRequest(null, Object(Config\Cache), false)
 9 FCPATH\index.php(67): CodeIgniter\CodeIgniter->run()
10 SYSTEMPATH\Commands\Server\rewrite.php(43): require_once('FCPATH\\index.php')
CRITICAL - 2022-08-26 19:12:29 --> Undefined property: stdClass::$userid
in APPPATH\Views\admin\user_list.php on line 53.
 1 APPPATH\Views\admin\user_list.php(53): CodeIgniter\Debug\Exceptions->errorHandler(2, 'Undefined property: stdClass::$userid', 'APPPATH\\Views\\admin\\user_list.php', 53)
 2 SYSTEMPATH\View\View.php(213): include('APPPATH\\Views\\admin\\user_list.php')
 3 SYSTEMPATH\View\View.php(216): CodeIgniter\View\View->CodeIgniter\View\{closure}()
 4 SYSTEMPATH\Common.php(1137): CodeIgniter\View\View->render('admin/user_list', [], true)
 5 APPPATH\Controllers\Admin.php(20): view('admin/user_list', [...])
 6 SYSTEMPATH\CodeIgniter.php(898): App\Controllers\Admin->index()
 7 SYSTEMPATH\CodeIgniter.php(457): CodeIgniter\CodeIgniter->runController(Object(App\Controllers\Admin))
 8 SYSTEMPATH\CodeIgniter.php(340): CodeIgniter\CodeIgniter->handleRequest(null, Object(Config\Cache), false)
 9 FCPATH\index.php(67): CodeIgniter\CodeIgniter->run()
10 SYSTEMPATH\Commands\Server\rewrite.php(43): require_once('FCPATH\\index.php')
CRITICAL - 2022-08-26 19:28:09 --> Undefined variable $users
in APPPATH\Views\admin\user_list.php on line 46.
 1 APPPATH\Views\admin\user_list.php(46): CodeIgniter\Debug\Exceptions->errorHandler(2, 'Undefined variable $users', 'APPPATH\\Views\\admin\\user_list.php', 46)
 2 SYSTEMPATH\View\View.php(213): include('APPPATH\\Views\\admin\\user_list.php')
 3 SYSTEMPATH\View\View.php(216): CodeIgniter\View\View->CodeIgniter\View\{closure}()
 4 SYSTEMPATH\Common.php(1137): CodeIgniter\View\View->render('admin/user_list', [], true)
 5 APPPATH\Controllers\Admin.php(19): view('admin/user_list', [...])
 6 SYSTEMPATH\CodeIgniter.php(898): App\Controllers\Admin->index()
 7 SYSTEMPATH\CodeIgniter.php(457): CodeIgniter\CodeIgniter->runController(Object(App\Controllers\Admin))
 8 SYSTEMPATH\CodeIgniter.php(340): CodeIgniter\CodeIgniter->handleRequest(null, Object(Config\Cache), false)
 9 FCPATH\index.php(67): CodeIgniter\CodeIgniter->run()
10 SYSTEMPATH\Commands\Server\rewrite.php(43): require_once('FCPATH\\index.php')
CRITICAL - 2022-08-26 19:28:26 --> Undefined property: stdClass::$id
in APPPATH\Views\admin\user_list.php on line 50.
 1 APPPATH\Views\admin\user_list.php(50): CodeIgniter\Debug\Exceptions->errorHandler(2, 'Undefined property: stdClass::$id', 'APPPATH\\Views\\admin\\user_list.php', 50)
 2 SYSTEMPATH\View\View.php(213): include('APPPATH\\Views\\admin\\user_list.php')
 3 SYSTEMPATH\View\View.php(216): CodeIgniter\View\View->CodeIgniter\View\{closure}()
 4 SYSTEMPATH\Common.php(1137): CodeIgniter\View\View->render('admin/user_list', [], true)
 5 APPPATH\Controllers\Admin.php(19): view('admin/user_list', [...])
 6 SYSTEMPATH\CodeIgniter.php(898): App\Controllers\Admin->index()
 7 SYSTEMPATH\CodeIgniter.php(457): CodeIgniter\CodeIgniter->runController(Object(App\Controllers\Admin))
 8 SYSTEMPATH\CodeIgniter.php(340): CodeIgniter\CodeIgniter->handleRequest(null, Object(Config\Cache), false)
 9 FCPATH\index.php(67): CodeIgniter\CodeIgniter->run()
10 SYSTEMPATH\Commands\Server\rewrite.php(43): require_once('FCPATH\\index.php')
ERROR - 2022-08-26 19:40:14 --> mysqli_sql_exception: Unknown column 'role' in 'where clause' in C:\xampp\htdocs\aplikasi_iro\system\Database\MySQLi\Connection.php:292
Stack trace:
#0 C:\xampp\htdocs\aplikasi_iro\system\Database\MySQLi\Connection.php(292): mysqli->query('SELECT COUNT(*)...', 0)
#1 C:\xampp\htdocs\aplikasi_iro\system\Database\BaseConnection.php(693): CodeIgniter\Database\MySQLi\Connection->execute('SELECT COUNT(*)...')
#2 C:\xampp\htdocs\aplikasi_iro\system\Database\BaseConnection.php(620): CodeIgniter\Database\BaseConnection->simpleQuery('SELECT COUNT(*)...')
#3 C:\xampp\htdocs\aplikasi_iro\system\Database\BaseBuilder.php(1669): CodeIgniter\Database\BaseConnection->query('SELECT COUNT(*)...', Array, false)
#4 C:\xampp\htdocs\aplikasi_iro\system\Model.php(550): CodeIgniter\Database\BaseBuilder->countAllResults(false)
#5 C:\xampp\htdocs\aplikasi_iro\system\BaseModel.php(1085): CodeIgniter\Model->countAllResults(false)
#6 C:\xampp\htdocs\aplikasi_iro\app\Models\UsersModel.php(33): CodeIgniter\BaseModel->paginate(5)
#7 C:\xampp\htdocs\aplikasi_iro\app\Controllers\Admin.php(15): App\Models\UsersModel->getPaginated(5, 'f')
#8 C:\xampp\htdocs\aplikasi_iro\system\CodeIgniter.php(898): App\Controllers\Admin->index()
#9 C:\xampp\htdocs\aplikasi_iro\system\CodeIgniter.php(457): CodeIgniter\CodeIgniter->runController(Object(App\Controllers\Admin))
#10 C:\xampp\htdocs\aplikasi_iro\system\CodeIgniter.php(340): CodeIgniter\CodeIgniter->handleRequest(NULL, Object(Config\Cache), false)
#11 C:\xampp\htdocs\aplikasi_iro\public\index.php(67): CodeIgniter\CodeIgniter->run()
#12 C:\xampp\htdocs\aplikasi_iro\system\Commands\Server\rewrite.php(43): require_once('C:\\xampp\\htdocs...')
#13 {main}
ERROR - 2022-08-26 19:40:14 --> mysqli_sql_exception: Unknown column 'role' in 'where clause' in C:\xampp\htdocs\aplikasi_iro\system\Database\MySQLi\Connection.php:292
Stack trace:
#0 C:\xampp\htdocs\aplikasi_iro\system\Database\MySQLi\Connection.php(292): mysqli->query('SELECT `users`....', 0)
#1 C:\xampp\htdocs\aplikasi_iro\system\Database\BaseConnection.php(693): CodeIgniter\Database\MySQLi\Connection->execute('SELECT `users`....')
#2 C:\xampp\htdocs\aplikasi_iro\system\Database\BaseConnection.php(620): CodeIgniter\Database\BaseConnection->simpleQuery('SELECT `users`....')
#3 C:\xampp\htdocs\aplikasi_iro\system\Database\BaseBuilder.php(1585): CodeIgniter\Database\BaseConnection->query('SELECT `users`....', Array, false)
#4 C:\xampp\htdocs\aplikasi_iro\system\Model.php(222): CodeIgniter\Database\BaseBuilder->get()
#5 C:\xampp\htdocs\aplikasi_iro\system\BaseModel.php(584): CodeIgniter\Model->doFindAll(5, 0)
#6 C:\xampp\htdocs\aplikasi_iro\system\BaseModel.php(1089): CodeIgniter\BaseModel->findAll(5, 0)
#7 C:\xampp\htdocs\aplikasi_iro\app\Models\UsersModel.php(33): CodeIgniter\BaseModel->paginate(5)
#8 C:\xampp\htdocs\aplikasi_iro\app\Controllers\Admin.php(15): App\Models\UsersModel->getPaginated(5, 'f')
#9 C:\xampp\htdocs\aplikasi_iro\system\CodeIgniter.php(898): App\Controllers\Admin->index()
#10 C:\xampp\htdocs\aplikasi_iro\system\CodeIgniter.php(457): CodeIgniter\CodeIgniter->runController(Object(App\Controllers\Admin))
#11 C:\xampp\htdocs\aplikasi_iro\system\CodeIgniter.php(340): CodeIgniter\CodeIgniter->handleRequest(NULL, Object(Config\Cache), false)
#12 C:\xampp\htdocs\aplikasi_iro\public\index.php(67): CodeIgniter\CodeIgniter->run()
#13 C:\xampp\htdocs\aplikasi_iro\system\Commands\Server\rewrite.php(43): require_once('C:\\xampp\\htdocs...')
#14 {main}
CRITICAL - 2022-08-26 19:40:14 --> Call to a member function getResult() on bool
in SYSTEMPATH\Model.php on line 223.
 1 SYSTEMPATH\BaseModel.php(584): CodeIgniter\Model->doFindAll(5, 0)
 2 SYSTEMPATH\BaseModel.php(1089): CodeIgniter\BaseModel->findAll(5, 0)
 3 APPPATH\Models\UsersModel.php(33): CodeIgniter\BaseModel->paginate(5)
 4 APPPATH\Controllers\Admin.php(15): App\Models\UsersModel->getPaginated(5, 'f')
 5 SYSTEMPATH\CodeIgniter.php(898): App\Controllers\Admin->index()
 6 SYSTEMPATH\CodeIgniter.php(457): CodeIgniter\CodeIgniter->runController(Object(App\Controllers\Admin))
 7 SYSTEMPATH\CodeIgniter.php(340): CodeIgniter\CodeIgniter->handleRequest(null, Object(Config\Cache), false)
 8 FCPATH\index.php(67): CodeIgniter\CodeIgniter->run()
 9 SYSTEMPATH\Commands\Server\rewrite.php(43): require_once('FCPATH\\index.php')
