ERROR - 2022-09-08 01:18:28 --> mysqli_sql_exception: MySQL server has gone away in C:\xampp\htdocs\aplikasi_iro\system\Database\MySQLi\Connection.php:292
Stack trace:
#0 C:\xampp\htdocs\aplikasi_iro\system\Database\MySQLi\Connection.php(292): mysqli->query('SELECT COUNT(*)...', 0)
#1 C:\xampp\htdocs\aplikasi_iro\system\Database\BaseConnection.php(693): CodeIgniter\Database\MySQLi\Connection->execute('SELECT COUNT(*)...')
#2 C:\xampp\htdocs\aplikasi_iro\system\Database\BaseConnection.php(620): CodeIgniter\Database\BaseConnection->simpleQuery('SELECT COUNT(*)...')
#3 C:\xampp\htdocs\aplikasi_iro\system\Database\BaseBuilder.php(1669): CodeIgniter\Database\BaseConnection->query('SELECT COUNT(*)...', Array, false)
#4 C:\xampp\htdocs\aplikasi_iro\app\Helpers\custom_helper.php(4): CodeIgniter\Database\BaseBuilder->countAllResults()
#5 C:\xampp\htdocs\aplikasi_iro\app\Views\user\index.php(44): countData('course')
#6 C:\xampp\htdocs\aplikasi_iro\system\View\View.php(213): include('C:\\xampp\\htdocs...')
#7 C:\xampp\htdocs\aplikasi_iro\system\View\View.php(216): CodeIgniter\View\View->CodeIgniter\View\{closure}()
#8 C:\xampp\htdocs\aplikasi_iro\system\Common.php(1137): CodeIgniter\View\View->render('user/index', Array, true)
#9 C:\xampp\htdocs\aplikasi_iro\app\Controllers\User.php(15): view('user/index')
#10 C:\xampp\htdocs\aplikasi_iro\system\CodeIgniter.php(898): App\Controllers\User->index()
#11 C:\xampp\htdocs\aplikasi_iro\system\CodeIgniter.php(457): CodeIgniter\CodeIgniter->runController(Object(App\Controllers\User))
#12 C:\xampp\htdocs\aplikasi_iro\system\CodeIgniter.php(340): CodeIgniter\CodeIgniter->handleRequest(NULL, Object(Config\Cache), false)
#13 C:\xampp\htdocs\aplikasi_iro\public\index.php(67): CodeIgniter\CodeIgniter->run()
#14 C:\xampp\htdocs\aplikasi_iro\system\Commands\Server\rewrite.php(43): require_once('C:\\xampp\\htdocs...')
#15 {main}
ERROR - 2022-09-08 01:18:28 --> mysqli_sql_exception: MySQL server has gone away in C:\xampp\htdocs\aplikasi_iro\system\Database\MySQLi\Connection.php:292
Stack trace:
#0 C:\xampp\htdocs\aplikasi_iro\system\Database\MySQLi\Connection.php(292): mysqli->query('SELECT COUNT(*)...', 0)
#1 C:\xampp\htdocs\aplikasi_iro\system\Database\BaseConnection.php(693): CodeIgniter\Database\MySQLi\Connection->execute('SELECT COUNT(*)...')
#2 C:\xampp\htdocs\aplikasi_iro\system\Database\BaseConnection.php(620): CodeIgniter\Database\BaseConnection->simpleQuery('SELECT COUNT(*)...')
#3 C:\xampp\htdocs\aplikasi_iro\system\Database\BaseBuilder.php(1669): CodeIgniter\Database\BaseConnection->query('SELECT COUNT(*)...', Array, false)
#4 C:\xampp\htdocs\aplikasi_iro\app\Helpers\custom_helper.php(4): CodeIgniter\Database\BaseBuilder->countAllResults()
#5 C:\xampp\htdocs\aplikasi_iro\app\Views\user\index.php(59): countData('pengumuman')
#6 C:\xampp\htdocs\aplikasi_iro\system\View\View.php(213): include('C:\\xampp\\htdocs...')
#7 C:\xampp\htdocs\aplikasi_iro\system\View\View.php(216): CodeIgniter\View\View->CodeIgniter\View\{closure}()
#8 C:\xampp\htdocs\aplikasi_iro\system\Common.php(1137): CodeIgniter\View\View->render('user/index', Array, true)
#9 C:\xampp\htdocs\aplikasi_iro\app\Controllers\User.php(15): view('user/index')
#10 C:\xampp\htdocs\aplikasi_iro\system\CodeIgniter.php(898): App\Controllers\User->index()
#11 C:\xampp\htdocs\aplikasi_iro\system\CodeIgniter.php(457): CodeIgniter\CodeIgniter->runController(Object(App\Controllers\User))
#12 C:\xampp\htdocs\aplikasi_iro\system\CodeIgniter.php(340): CodeIgniter\CodeIgniter->handleRequest(NULL, Object(Config\Cache), false)
#13 C:\xampp\htdocs\aplikasi_iro\public\index.php(67): CodeIgniter\CodeIgniter->run()
#14 C:\xampp\htdocs\aplikasi_iro\system\Commands\Server\rewrite.php(43): require_once('C:\\xampp\\htdocs...')
#15 {main}
ERROR - 2022-09-08 01:18:28 --> mysqli_sql_exception: MySQL server has gone away in C:\xampp\htdocs\aplikasi_iro\system\Database\MySQLi\Connection.php:292
Stack trace:
#0 C:\xampp\htdocs\aplikasi_iro\system\Database\MySQLi\Connection.php(292): mysqli->query('SELECT `auth_gr...', 0)
#1 C:\xampp\htdocs\aplikasi_iro\system\Database\BaseConnection.php(693): CodeIgniter\Database\MySQLi\Connection->execute('SELECT `auth_gr...')
#2 C:\xampp\htdocs\aplikasi_iro\system\Database\BaseConnection.php(620): CodeIgniter\Database\BaseConnection->simpleQuery('SELECT `auth_gr...')
#3 C:\xampp\htdocs\aplikasi_iro\system\Database\BaseBuilder.php(1585): CodeIgniter\Database\BaseConnection->query('SELECT `auth_gr...', Array, false)
#4 C:\xampp\htdocs\aplikasi_iro\vendor\myth\auth\src\Models\GroupModel.php(102): CodeIgniter\Database\BaseBuilder->get()
#5 C:\xampp\htdocs\aplikasi_iro\vendor\myth\auth\src\Authorization\FlatAuthorization.php(108): Myth\Auth\Models\GroupModel->getGroupsForUser(10)
#6 C:\xampp\htdocs\aplikasi_iro\vendor\myth\auth\src\Helpers\auth_helper.php(67): Myth\Auth\Authorization\FlatAuthorization->inGroup(Array, 10)
#7 C:\xampp\htdocs\aplikasi_iro\app\Views\layout\menu.php(8): in_groups('admin')
#8 C:\xampp\htdocs\aplikasi_iro\system\View\View.php(213): include('C:\\xampp\\htdocs...')
#9 C:\xampp\htdocs\aplikasi_iro\system\View\View.php(216): CodeIgniter\View\View->CodeIgniter\View\{closure}()
#10 C:\xampp\htdocs\aplikasi_iro\system\View\View.php(429): CodeIgniter\View\View->render('layout/menu', NULL, true)
#11 C:\xampp\htdocs\aplikasi_iro\app\Views\layout\default.php(189): CodeIgniter\View\View->include('layout/menu')
#12 C:\xampp\htdocs\aplikasi_iro\system\View\View.php(213): include('C:\\xampp\\htdocs...')
#13 C:\xampp\htdocs\aplikasi_iro\system\View\View.php(216): CodeIgniter\View\View->CodeIgniter\View\{closure}()
#14 C:\xampp\htdocs\aplikasi_iro\system\View\View.php(229): CodeIgniter\View\View->render('/layout/default', Array, true)
#15 C:\xampp\htdocs\aplikasi_iro\system\Common.php(1137): CodeIgniter\View\View->render('user/index', Array, true)
#16 C:\xampp\htdocs\aplikasi_iro\app\Controllers\User.php(15): view('user/index')
#17 C:\xampp\htdocs\aplikasi_iro\system\CodeIgniter.php(898): App\Controllers\User->index()
#18 C:\xampp\htdocs\aplikasi_iro\system\CodeIgniter.php(457): CodeIgniter\CodeIgniter->runController(Object(App\Controllers\User))
#19 C:\xampp\htdocs\aplikasi_iro\system\CodeIgniter.php(340): CodeIgniter\CodeIgniter->handleRequest(NULL, Object(Config\Cache), false)
#20 C:\xampp\htdocs\aplikasi_iro\public\index.php(67): CodeIgniter\CodeIgniter->run()
#21 C:\xampp\htdocs\aplikasi_iro\system\Commands\Server\rewrite.php(43): require_once('C:\\xampp\\htdocs...')
#22 {main}
CRITICAL - 2022-09-08 01:18:28 --> Call to a member function getResultArray() on bool
in VENDORPATH\myth\auth\src\Models\GroupModel.php on line 102.
 1 VENDORPATH\myth\auth\src\Authorization\FlatAuthorization.php(108): Myth\Auth\Models\GroupModel->getGroupsForUser(10)
 2 VENDORPATH\myth\auth\src\Helpers\auth_helper.php(67): Myth\Auth\Authorization\FlatAuthorization->inGroup([...], 10)
 3 APPPATH\Views\layout\menu.php(8): in_groups('admin')
 4 SYSTEMPATH\View\View.php(213): include('APPPATH\\Views\\layout\\menu.php')
 5 SYSTEMPATH\View\View.php(216): CodeIgniter\View\View->CodeIgniter\View\{closure}()
 6 SYSTEMPATH\View\View.php(429): CodeIgniter\View\View->render('layout/menu', null, true)
 7 APPPATH\Views\layout\default.php(189): CodeIgniter\View\View->include('layout/menu')
 8 SYSTEMPATH\View\View.php(213): include('APPPATH\\Views\\layout\\default.php')
 9 SYSTEMPATH\View\View.php(216): CodeIgniter\View\View->CodeIgniter\View\{closure}()
10 SYSTEMPATH\View\View.php(229): CodeIgniter\View\View->render('/layout/default', [], true)
11 SYSTEMPATH\Common.php(1137): CodeIgniter\View\View->render('user/index', [], true)
12 APPPATH\Controllers\User.php(15): view('user/index')
13 SYSTEMPATH\CodeIgniter.php(898): App\Controllers\User->index()
14 SYSTEMPATH\CodeIgniter.php(457): CodeIgniter\CodeIgniter->runController(Object(App\Controllers\User))
15 SYSTEMPATH\CodeIgniter.php(340): CodeIgniter\CodeIgniter->handleRequest(null, Object(Config\Cache), false)
16 FCPATH\index.php(67): CodeIgniter\CodeIgniter->run()
17 SYSTEMPATH\Commands\Server\rewrite.php(43): require_once('FCPATH\\index.php')
CRITICAL - 2022-09-08 21:20:11 --> unlink(image/default.png): No such file or directory
in APPPATH\Controllers\User.php on line 43.
 1 [internal function]: CodeIgniter\Debug\Exceptions->errorHandler(2, 'unlink(image/default.png): No such file or directory', 'APPPATH\\Controllers\\User.php', 43)
 2 APPPATH\Controllers\User.php(43): unlink('image/default.png')
 3 SYSTEMPATH\CodeIgniter.php(898): App\Controllers\User->update('17')
 4 SYSTEMPATH\CodeIgniter.php(457): CodeIgniter\CodeIgniter->runController(Object(App\Controllers\User))
 5 SYSTEMPATH\CodeIgniter.php(340): CodeIgniter\CodeIgniter->handleRequest(null, Object(Config\Cache), false)
 6 FCPATH\index.php(67): CodeIgniter\CodeIgniter->run()
 7 SYSTEMPATH\Commands\Server\rewrite.php(43): require_once('FCPATH\\index.php')
CRITICAL - 2022-09-08 21:21:00 --> unlink(image/default.png): No such file or directory
in APPPATH\Controllers\User.php on line 43.
 1 [internal function]: CodeIgniter\Debug\Exceptions->errorHandler(2, 'unlink(image/default.png): No such file or directory', 'APPPATH\\Controllers\\User.php', 43)
 2 APPPATH\Controllers\User.php(43): unlink('image/default.png')
 3 SYSTEMPATH\CodeIgniter.php(898): App\Controllers\User->update('17')
 4 SYSTEMPATH\CodeIgniter.php(457): CodeIgniter\CodeIgniter->runController(Object(App\Controllers\User))
 5 SYSTEMPATH\CodeIgniter.php(340): CodeIgniter\CodeIgniter->handleRequest(null, Object(Config\Cache), false)
 6 FCPATH\index.php(67): CodeIgniter\CodeIgniter->run()
 7 SYSTEMPATH\Commands\Server\rewrite.php(43): require_once('FCPATH\\index.php')
CRITICAL - 2022-09-08 21:22:22 --> unlink(image/default.png): No such file or directory
in APPPATH\Controllers\User.php on line 43.
 1 [internal function]: CodeIgniter\Debug\Exceptions->errorHandler(2, 'unlink(image/default.png): No such file or directory', 'APPPATH\\Controllers\\User.php', 43)
 2 APPPATH\Controllers\User.php(43): unlink('image/default.png')
 3 SYSTEMPATH\CodeIgniter.php(898): App\Controllers\User->update('17')
 4 SYSTEMPATH\CodeIgniter.php(457): CodeIgniter\CodeIgniter->runController(Object(App\Controllers\User))
 5 SYSTEMPATH\CodeIgniter.php(340): CodeIgniter\CodeIgniter->handleRequest(null, Object(Config\Cache), false)
 6 FCPATH\index.php(67): CodeIgniter\CodeIgniter->run()
 7 SYSTEMPATH\Commands\Server\rewrite.php(43): require_once('FCPATH\\index.php')
CRITICAL - 2022-09-08 21:38:22 --> syntax error, unexpected identifier "user", expecting "," or ";"
in APPPATH\Views\layout\default.php on line 164.
 1 SYSTEMPATH\View\View.php(216): CodeIgniter\View\View->CodeIgniter\View\{closure}()
 2 SYSTEMPATH\View\View.php(229): CodeIgniter\View\View->render('layout/default', [], true)
 3 SYSTEMPATH\Common.php(1137): CodeIgniter\View\View->render('profil/get', [], true)
 4 APPPATH\Controllers\User.php(32): view('profil/get', [...])
 5 SYSTEMPATH\CodeIgniter.php(898): App\Controllers\User->profil('21')
 6 SYSTEMPATH\CodeIgniter.php(457): CodeIgniter\CodeIgniter->runController(Object(App\Controllers\User))
 7 SYSTEMPATH\CodeIgniter.php(340): CodeIgniter\CodeIgniter->handleRequest(null, Object(Config\Cache), false)
 8 FCPATH\index.php(67): CodeIgniter\CodeIgniter->run()
 9 SYSTEMPATH\Commands\Server\rewrite.php(43): require_once('FCPATH\\index.php')
CRITICAL - 2022-09-08 21:38:43 --> syntax error, unexpected identifier "user", expecting "," or ";"
in APPPATH\Views\layout\default.php on line 164.
 1 SYSTEMPATH\View\View.php(216): CodeIgniter\View\View->CodeIgniter\View\{closure}()
 2 SYSTEMPATH\View\View.php(229): CodeIgniter\View\View->render('layout/default', [], true)
 3 SYSTEMPATH\Common.php(1137): CodeIgniter\View\View->render('profil/get', [], true)
 4 APPPATH\Controllers\User.php(32): view('profil/get', [...])
 5 SYSTEMPATH\CodeIgniter.php(898): App\Controllers\User->profil('21')
 6 SYSTEMPATH\CodeIgniter.php(457): CodeIgniter\CodeIgniter->runController(Object(App\Controllers\User))
 7 SYSTEMPATH\CodeIgniter.php(340): CodeIgniter\CodeIgniter->handleRequest(null, Object(Config\Cache), false)
 8 FCPATH\index.php(67): CodeIgniter\CodeIgniter->run()
 9 SYSTEMPATH\Commands\Server\rewrite.php(43): require_once('FCPATH\\index.php')
CRITICAL - 2022-09-08 21:38:47 --> syntax error, unexpected identifier "user", expecting "," or ";"
in APPPATH\Views\layout\default.php on line 164.
 1 SYSTEMPATH\View\View.php(216): CodeIgniter\View\View->CodeIgniter\View\{closure}()
 2 SYSTEMPATH\View\View.php(229): CodeIgniter\View\View->render('layout/default', [], true)
 3 SYSTEMPATH\Common.php(1137): CodeIgniter\View\View->render('profil/get', [], true)
 4 APPPATH\Controllers\User.php(32): view('profil/get', [...])
 5 SYSTEMPATH\CodeIgniter.php(898): App\Controllers\User->profil('21')
 6 SYSTEMPATH\CodeIgniter.php(457): CodeIgniter\CodeIgniter->runController(Object(App\Controllers\User))
 7 SYSTEMPATH\CodeIgniter.php(340): CodeIgniter\CodeIgniter->handleRequest(null, Object(Config\Cache), false)
 8 FCPATH\index.php(67): CodeIgniter\CodeIgniter->run()
 9 SYSTEMPATH\Commands\Server\rewrite.php(43): require_once('FCPATH\\index.php')
CRITICAL - 2022-09-08 21:39:26 --> syntax error, unexpected identifier "user", expecting "," or ";"
in APPPATH\Views\layout\default.php on line 164.
 1 SYSTEMPATH\View\View.php(216): CodeIgniter\View\View->CodeIgniter\View\{closure}()
 2 SYSTEMPATH\View\View.php(229): CodeIgniter\View\View->render('layout/default', [], true)
 3 SYSTEMPATH\Common.php(1137): CodeIgniter\View\View->render('course/get', [], true)
 4 APPPATH\Controllers\Course.php(18): view('course/get', [...])
 5 SYSTEMPATH\CodeIgniter.php(898): App\Controllers\Course->index()
 6 SYSTEMPATH\CodeIgniter.php(457): CodeIgniter\CodeIgniter->runController(Object(App\Controllers\Course))
 7 SYSTEMPATH\CodeIgniter.php(340): CodeIgniter\CodeIgniter->handleRequest(null, Object(Config\Cache), false)
 8 FCPATH\index.php(67): CodeIgniter\CodeIgniter->run()
 9 SYSTEMPATH\Commands\Server\rewrite.php(43): require_once('FCPATH\\index.php')
CRITICAL - 2022-09-08 21:39:28 --> syntax error, unexpected identifier "user", expecting "," or ";"
in APPPATH\Views\layout\default.php on line 164.
 1 SYSTEMPATH\View\View.php(216): CodeIgniter\View\View->CodeIgniter\View\{closure}()
 2 SYSTEMPATH\View\View.php(229): CodeIgniter\View\View->render('/layout/default', [], true)
 3 SYSTEMPATH\Common.php(1137): CodeIgniter\View\View->render('user/index', [], true)
 4 APPPATH\Controllers\User.php(15): view('user/index')
 5 SYSTEMPATH\CodeIgniter.php(898): App\Controllers\User->index()
 6 SYSTEMPATH\CodeIgniter.php(457): CodeIgniter\CodeIgniter->runController(Object(App\Controllers\User))
 7 SYSTEMPATH\CodeIgniter.php(340): CodeIgniter\CodeIgniter->handleRequest(null, Object(Config\Cache), false)
 8 FCPATH\index.php(67): CodeIgniter\CodeIgniter->run()
 9 SYSTEMPATH\Commands\Server\rewrite.php(43): require_once('FCPATH\\index.php')
CRITICAL - 2022-09-08 21:39:29 --> syntax error, unexpected identifier "user", expecting "," or ";"
in APPPATH\Views\layout\default.php on line 164.
 1 SYSTEMPATH\View\View.php(216): CodeIgniter\View\View->CodeIgniter\View\{closure}()
 2 SYSTEMPATH\View\View.php(229): CodeIgniter\View\View->render('/layout/default', [], true)
 3 SYSTEMPATH\Common.php(1137): CodeIgniter\View\View->render('user/index', [], true)
 4 APPPATH\Controllers\User.php(15): view('user/index')
 5 SYSTEMPATH\CodeIgniter.php(898): App\Controllers\User->index()
 6 SYSTEMPATH\CodeIgniter.php(457): CodeIgniter\CodeIgniter->runController(Object(App\Controllers\User))
 7 SYSTEMPATH\CodeIgniter.php(340): CodeIgniter\CodeIgniter->handleRequest(null, Object(Config\Cache), false)
 8 FCPATH\index.php(67): CodeIgniter\CodeIgniter->run()
 9 SYSTEMPATH\Commands\Server\rewrite.php(43): require_once('FCPATH\\index.php')
CRITICAL - 2022-09-08 21:40:06 --> unlink(image/default.png): No such file or directory
in APPPATH\Controllers\User.php on line 43.
 1 [internal function]: CodeIgniter\Debug\Exceptions->errorHandler(2, 'unlink(image/default.png): No such file or directory', 'APPPATH\\Controllers\\User.php', 43)
 2 APPPATH\Controllers\User.php(43): unlink('image/default.png')
 3 SYSTEMPATH\CodeIgniter.php(898): App\Controllers\User->update('21')
 4 SYSTEMPATH\CodeIgniter.php(457): CodeIgniter\CodeIgniter->runController(Object(App\Controllers\User))
 5 SYSTEMPATH\CodeIgniter.php(340): CodeIgniter\CodeIgniter->handleRequest(null, Object(Config\Cache), false)
 6 FCPATH\index.php(67): CodeIgniter\CodeIgniter->run()
 7 SYSTEMPATH\Commands\Server\rewrite.php(43): require_once('FCPATH\\index.php')
CRITICAL - 2022-09-08 21:46:02 --> unlink(image/default.png): No such file or directory
in APPPATH\Controllers\User.php on line 43.
 1 [internal function]: CodeIgniter\Debug\Exceptions->errorHandler(2, 'unlink(image/default.png): No such file or directory', 'APPPATH\\Controllers\\User.php', 43)
 2 APPPATH\Controllers\User.php(43): unlink('image/default.png')
 3 SYSTEMPATH\CodeIgniter.php(898): App\Controllers\User->update('23')
 4 SYSTEMPATH\CodeIgniter.php(457): CodeIgniter\CodeIgniter->runController(Object(App\Controllers\User))
 5 SYSTEMPATH\CodeIgniter.php(340): CodeIgniter\CodeIgniter->handleRequest(null, Object(Config\Cache), false)
 6 FCPATH\index.php(67): CodeIgniter\CodeIgniter->run()
 7 SYSTEMPATH\Commands\Server\rewrite.php(43): require_once('FCPATH\\index.php')
CRITICAL - 2022-09-08 21:46:54 --> unlink(image/default.png): No such file or directory
in APPPATH\Controllers\User.php on line 43.
 1 [internal function]: CodeIgniter\Debug\Exceptions->errorHandler(2, 'unlink(image/default.png): No such file or directory', 'APPPATH\\Controllers\\User.php', 43)
 2 APPPATH\Controllers\User.php(43): unlink('image/default.png')
 3 SYSTEMPATH\CodeIgniter.php(898): App\Controllers\User->update('23')
 4 SYSTEMPATH\CodeIgniter.php(457): CodeIgniter\CodeIgniter->runController(Object(App\Controllers\User))
 5 SYSTEMPATH\CodeIgniter.php(340): CodeIgniter\CodeIgniter->handleRequest(null, Object(Config\Cache), false)
 6 FCPATH\index.php(67): CodeIgniter\CodeIgniter->run()
 7 SYSTEMPATH\Commands\Server\rewrite.php(43): require_once('FCPATH\\index.php')
CRITICAL - 2022-09-08 21:46:55 --> unlink(image/default.png): No such file or directory
in APPPATH\Controllers\User.php on line 43.
 1 [internal function]: CodeIgniter\Debug\Exceptions->errorHandler(2, 'unlink(image/default.png): No such file or directory', 'APPPATH\\Controllers\\User.php', 43)
 2 APPPATH\Controllers\User.php(43): unlink('image/default.png')
 3 SYSTEMPATH\CodeIgniter.php(898): App\Controllers\User->update('23')
 4 SYSTEMPATH\CodeIgniter.php(457): CodeIgniter\CodeIgniter->runController(Object(App\Controllers\User))
 5 SYSTEMPATH\CodeIgniter.php(340): CodeIgniter\CodeIgniter->handleRequest(null, Object(Config\Cache), false)
 6 FCPATH\index.php(67): CodeIgniter\CodeIgniter->run()
 7 SYSTEMPATH\Commands\Server\rewrite.php(43): require_once('FCPATH\\index.php')
