CRITICAL - 2022-08-27 03:54:42 --> Undefined variable $user
in APPPATH\Views\user\profile.php on line 18.
 1 APPPATH\Views\user\profile.php(18): CodeIgniter\Debug\Exceptions->errorHandler(2, 'Undefined variable $user', 'APPPATH\\Views\\user\\profile.php', 18)
 2 SYSTEMPATH\View\View.php(213): include('APPPATH\\Views\\user\\profile.php')
 3 SYSTEMPATH\View\View.php(216): CodeIgniter\View\View->CodeIgniter\View\{closure}()
 4 SYSTEMPATH\Common.php(1137): CodeIgniter\View\View->render('user/profile', [], true)
 5 APPPATH\Controllers\User.php(17): view('user/profile')
 6 SYSTEMPATH\CodeIgniter.php(898): App\Controllers\User->profile()
 7 SYSTEMPATH\CodeIgniter.php(457): CodeIgniter\CodeIgniter->runController(Object(App\Controllers\User))
 8 SYSTEMPATH\CodeIgniter.php(340): CodeIgniter\CodeIgniter->handleRequest(null, Object(Config\Cache), false)
 9 FCPATH\index.php(67): CodeIgniter\CodeIgniter->run()
10 SYSTEMPATH\Commands\Server\rewrite.php(43): require_once('FCPATH\\index.php')
CRITICAL - 2022-08-27 03:57:03 --> Undefined property: App\Controllers\User::$user
in APPPATH\Controllers\User.php on line 23.
 1 APPPATH\Controllers\User.php(23): CodeIgniter\Debug\Exceptions->errorHandler(2, 'Undefined property: App\\Controllers\\User::$user', 'APPPATH\\Controllers\\User.php', 23)
 2 SYSTEMPATH\CodeIgniter.php(898): App\Controllers\User->profile()
 3 SYSTEMPATH\CodeIgniter.php(457): CodeIgniter\CodeIgniter->runController(Object(App\Controllers\User))
 4 SYSTEMPATH\CodeIgniter.php(340): CodeIgniter\CodeIgniter->handleRequest(null, Object(Config\Cache), false)
 5 FCPATH\index.php(67): CodeIgniter\CodeIgniter->run()
 6 SYSTEMPATH\Commands\Server\rewrite.php(43): require_once('FCPATH\\index.php')
CRITICAL - 2022-08-27 03:57:09 --> Undefined variable $user
in APPPATH\Views\user\profile.php on line 18.
 1 APPPATH\Views\user\profile.php(18): CodeIgniter\Debug\Exceptions->errorHandler(2, 'Undefined variable $user', 'APPPATH\\Views\\user\\profile.php', 18)
 2 SYSTEMPATH\View\View.php(213): include('APPPATH\\Views\\user\\profile.php')
 3 SYSTEMPATH\View\View.php(216): CodeIgniter\View\View->CodeIgniter\View\{closure}()
 4 SYSTEMPATH\Common.php(1137): CodeIgniter\View\View->render('user/profile', [], true)
 5 APPPATH\Controllers\User.php(24): view('user/profile')
 6 SYSTEMPATH\CodeIgniter.php(898): App\Controllers\User->profile()
 7 SYSTEMPATH\CodeIgniter.php(457): CodeIgniter\CodeIgniter->runController(Object(App\Controllers\User))
 8 SYSTEMPATH\CodeIgniter.php(340): CodeIgniter\CodeIgniter->handleRequest(null, Object(Config\Cache), false)
 9 FCPATH\index.php(67): CodeIgniter\CodeIgniter->run()
10 SYSTEMPATH\Commands\Server\rewrite.php(43): require_once('FCPATH\\index.php')
CRITICAL - 2022-08-27 03:57:19 --> Undefined variable $profile
in APPPATH\Views\user\profile.php on line 18.
 1 APPPATH\Views\user\profile.php(18): CodeIgniter\Debug\Exceptions->errorHandler(2, 'Undefined variable $profile', 'APPPATH\\Views\\user\\profile.php', 18)
 2 SYSTEMPATH\View\View.php(213): include('APPPATH\\Views\\user\\profile.php')
 3 SYSTEMPATH\View\View.php(216): CodeIgniter\View\View->CodeIgniter\View\{closure}()
 4 SYSTEMPATH\Common.php(1137): CodeIgniter\View\View->render('user/profile', [], true)
 5 APPPATH\Controllers\User.php(24): view('user/profile')
 6 SYSTEMPATH\CodeIgniter.php(898): App\Controllers\User->profile()
 7 SYSTEMPATH\CodeIgniter.php(457): CodeIgniter\CodeIgniter->runController(Object(App\Controllers\User))
 8 SYSTEMPATH\CodeIgniter.php(340): CodeIgniter\CodeIgniter->handleRequest(null, Object(Config\Cache), false)
 9 FCPATH\index.php(67): CodeIgniter\CodeIgniter->run()
10 SYSTEMPATH\Commands\Server\rewrite.php(43): require_once('FCPATH\\index.php')
CRITICAL - 2022-08-27 03:57:45 --> Undefined variable $profile
in APPPATH\Views\user\profile.php on line 18.
 1 APPPATH\Views\user\profile.php(18): CodeIgniter\Debug\Exceptions->errorHandler(2, 'Undefined variable $profile', 'APPPATH\\Views\\user\\profile.php', 18)
 2 SYSTEMPATH\View\View.php(213): include('APPPATH\\Views\\user\\profile.php')
 3 SYSTEMPATH\View\View.php(216): CodeIgniter\View\View->CodeIgniter\View\{closure}()
 4 SYSTEMPATH\Common.php(1137): CodeIgniter\View\View->render('user/profile', [], true)
 5 APPPATH\Controllers\User.php(24): view('user/profile', [...])
 6 SYSTEMPATH\CodeIgniter.php(898): App\Controllers\User->profile()
 7 SYSTEMPATH\CodeIgniter.php(457): CodeIgniter\CodeIgniter->runController(Object(App\Controllers\User))
 8 SYSTEMPATH\CodeIgniter.php(340): CodeIgniter\CodeIgniter->handleRequest(null, Object(Config\Cache), false)
 9 FCPATH\index.php(67): CodeIgniter\CodeIgniter->run()
10 SYSTEMPATH\Commands\Server\rewrite.php(43): require_once('FCPATH\\index.php')
CRITICAL - 2022-08-27 03:57:46 --> Undefined variable $profile
in APPPATH\Views\user\profile.php on line 18.
 1 APPPATH\Views\user\profile.php(18): CodeIgniter\Debug\Exceptions->errorHandler(2, 'Undefined variable $profile', 'APPPATH\\Views\\user\\profile.php', 18)
 2 SYSTEMPATH\View\View.php(213): include('APPPATH\\Views\\user\\profile.php')
 3 SYSTEMPATH\View\View.php(216): CodeIgniter\View\View->CodeIgniter\View\{closure}()
 4 SYSTEMPATH\Common.php(1137): CodeIgniter\View\View->render('user/profile', [], true)
 5 APPPATH\Controllers\User.php(24): view('user/profile', [...])
 6 SYSTEMPATH\CodeIgniter.php(898): App\Controllers\User->profile()
 7 SYSTEMPATH\CodeIgniter.php(457): CodeIgniter\CodeIgniter->runController(Object(App\Controllers\User))
 8 SYSTEMPATH\CodeIgniter.php(340): CodeIgniter\CodeIgniter->handleRequest(null, Object(Config\Cache), false)
 9 FCPATH\index.php(67): CodeIgniter\CodeIgniter->run()
10 SYSTEMPATH\Commands\Server\rewrite.php(43): require_once('FCPATH\\index.php')
CRITICAL - 2022-08-27 03:57:46 --> Undefined variable $profile
in APPPATH\Views\user\profile.php on line 18.
 1 APPPATH\Views\user\profile.php(18): CodeIgniter\Debug\Exceptions->errorHandler(2, 'Undefined variable $profile', 'APPPATH\\Views\\user\\profile.php', 18)
 2 SYSTEMPATH\View\View.php(213): include('APPPATH\\Views\\user\\profile.php')
 3 SYSTEMPATH\View\View.php(216): CodeIgniter\View\View->CodeIgniter\View\{closure}()
 4 SYSTEMPATH\Common.php(1137): CodeIgniter\View\View->render('user/profile', [], true)
 5 APPPATH\Controllers\User.php(24): view('user/profile', [...])
 6 SYSTEMPATH\CodeIgniter.php(898): App\Controllers\User->profile()
 7 SYSTEMPATH\CodeIgniter.php(457): CodeIgniter\CodeIgniter->runController(Object(App\Controllers\User))
 8 SYSTEMPATH\CodeIgniter.php(340): CodeIgniter\CodeIgniter->handleRequest(null, Object(Config\Cache), false)
 9 FCPATH\index.php(67): CodeIgniter\CodeIgniter->run()
10 SYSTEMPATH\Commands\Server\rewrite.php(43): require_once('FCPATH\\index.php')
CRITICAL - 2022-08-27 03:57:46 --> Undefined variable $profile
in APPPATH\Views\user\profile.php on line 18.
 1 APPPATH\Views\user\profile.php(18): CodeIgniter\Debug\Exceptions->errorHandler(2, 'Undefined variable $profile', 'APPPATH\\Views\\user\\profile.php', 18)
 2 SYSTEMPATH\View\View.php(213): include('APPPATH\\Views\\user\\profile.php')
 3 SYSTEMPATH\View\View.php(216): CodeIgniter\View\View->CodeIgniter\View\{closure}()
 4 SYSTEMPATH\Common.php(1137): CodeIgniter\View\View->render('user/profile', [], true)
 5 APPPATH\Controllers\User.php(24): view('user/profile', [...])
 6 SYSTEMPATH\CodeIgniter.php(898): App\Controllers\User->profile()
 7 SYSTEMPATH\CodeIgniter.php(457): CodeIgniter\CodeIgniter->runController(Object(App\Controllers\User))
 8 SYSTEMPATH\CodeIgniter.php(340): CodeIgniter\CodeIgniter->handleRequest(null, Object(Config\Cache), false)
 9 FCPATH\index.php(67): CodeIgniter\CodeIgniter->run()
10 SYSTEMPATH\Commands\Server\rewrite.php(43): require_once('FCPATH\\index.php')
CRITICAL - 2022-08-27 04:00:27 --> Attempt to read property "user_image" on array
in APPPATH\Views\user\profile.php on line 18.
 1 APPPATH\Views\user\profile.php(18): CodeIgniter\Debug\Exceptions->errorHandler(2, 'Attempt to read property "user_image" on array', 'APPPATH\\Views\\user\\profile.php', 18)
 2 SYSTEMPATH\View\View.php(213): include('APPPATH\\Views\\user\\profile.php')
 3 SYSTEMPATH\View\View.php(216): CodeIgniter\View\View->CodeIgniter\View\{closure}()
 4 SYSTEMPATH\Common.php(1137): CodeIgniter\View\View->render('user/profile', [], true)
 5 APPPATH\Controllers\User.php(28): view('user/profile', [...])
 6 SYSTEMPATH\CodeIgniter.php(898): App\Controllers\User->profile()
 7 SYSTEMPATH\CodeIgniter.php(457): CodeIgniter\CodeIgniter->runController(Object(App\Controllers\User))
 8 SYSTEMPATH\CodeIgniter.php(340): CodeIgniter\CodeIgniter->handleRequest(null, Object(Config\Cache), false)
 9 FCPATH\index.php(67): CodeIgniter\CodeIgniter->run()
10 SYSTEMPATH\Commands\Server\rewrite.php(43): require_once('FCPATH\\index.php')
CRITICAL - 2022-08-27 04:00:52 --> Undefined variable $user
in APPPATH\Views\user\profile.php on line 35.
 1 APPPATH\Views\user\profile.php(35): CodeIgniter\Debug\Exceptions->errorHandler(2, 'Undefined variable $user', 'APPPATH\\Views\\user\\profile.php', 35)
 2 SYSTEMPATH\View\View.php(213): include('APPPATH\\Views\\user\\profile.php')
 3 SYSTEMPATH\View\View.php(216): CodeIgniter\View\View->CodeIgniter\View\{closure}()
 4 SYSTEMPATH\Common.php(1137): CodeIgniter\View\View->render('user/profile', [], true)
 5 APPPATH\Controllers\User.php(28): view('user/profile', [...])
 6 SYSTEMPATH\CodeIgniter.php(898): App\Controllers\User->profile()
 7 SYSTEMPATH\CodeIgniter.php(457): CodeIgniter\CodeIgniter->runController(Object(App\Controllers\User))
 8 SYSTEMPATH\CodeIgniter.php(340): CodeIgniter\CodeIgniter->handleRequest(null, Object(Config\Cache), false)
 9 FCPATH\index.php(67): CodeIgniter\CodeIgniter->run()
10 SYSTEMPATH\Commands\Server\rewrite.php(43): require_once('FCPATH\\index.php')
CRITICAL - 2022-08-27 04:01:02 --> Attempt to read property "user_image" on array
in APPPATH\Views\user\profile.php on line 18.
 1 APPPATH\Views\user\profile.php(18): CodeIgniter\Debug\Exceptions->errorHandler(2, 'Attempt to read property "user_image" on array', 'APPPATH\\Views\\user\\profile.php', 18)
 2 SYSTEMPATH\View\View.php(213): include('APPPATH\\Views\\user\\profile.php')
 3 SYSTEMPATH\View\View.php(216): CodeIgniter\View\View->CodeIgniter\View\{closure}()
 4 SYSTEMPATH\Common.php(1137): CodeIgniter\View\View->render('user/profile', [], true)
 5 APPPATH\Controllers\User.php(28): view('user/profile', [...])
 6 SYSTEMPATH\CodeIgniter.php(898): App\Controllers\User->profile()
 7 SYSTEMPATH\CodeIgniter.php(457): CodeIgniter\CodeIgniter->runController(Object(App\Controllers\User))
 8 SYSTEMPATH\CodeIgniter.php(340): CodeIgniter\CodeIgniter->handleRequest(null, Object(Config\Cache), false)
 9 FCPATH\index.php(67): CodeIgniter\CodeIgniter->run()
10 SYSTEMPATH\Commands\Server\rewrite.php(43): require_once('FCPATH\\index.php')
CRITICAL - 2022-08-27 04:01:45 --> Undefined variable $id
in APPPATH\Controllers\User.php on line 27.
 1 APPPATH\Controllers\User.php(27): CodeIgniter\Debug\Exceptions->errorHandler(2, 'Undefined variable $id', 'APPPATH\\Controllers\\User.php', 27)
 2 SYSTEMPATH\CodeIgniter.php(898): App\Controllers\User->profile()
 3 SYSTEMPATH\CodeIgniter.php(457): CodeIgniter\CodeIgniter->runController(Object(App\Controllers\User))
 4 SYSTEMPATH\CodeIgniter.php(340): CodeIgniter\CodeIgniter->handleRequest(null, Object(Config\Cache), false)
 5 FCPATH\index.php(67): CodeIgniter\CodeIgniter->run()
 6 SYSTEMPATH\Commands\Server\rewrite.php(43): require_once('FCPATH\\index.php')
CRITICAL - 2022-08-27 04:01:51 --> Undefined variable $users
in APPPATH\Views\user\profile.php on line 18.
 1 APPPATH\Views\user\profile.php(18): CodeIgniter\Debug\Exceptions->errorHandler(2, 'Undefined variable $users', 'APPPATH\\Views\\user\\profile.php', 18)
 2 SYSTEMPATH\View\View.php(213): include('APPPATH\\Views\\user\\profile.php')
 3 SYSTEMPATH\View\View.php(216): CodeIgniter\View\View->CodeIgniter\View\{closure}()
 4 SYSTEMPATH\Common.php(1137): CodeIgniter\View\View->render('user/profile', [], true)
 5 APPPATH\Controllers\User.php(32): view('user/profile', [...])
 6 SYSTEMPATH\CodeIgniter.php(898): App\Controllers\User->profile()
 7 SYSTEMPATH\CodeIgniter.php(457): CodeIgniter\CodeIgniter->runController(Object(App\Controllers\User))
 8 SYSTEMPATH\CodeIgniter.php(340): CodeIgniter\CodeIgniter->handleRequest(null, Object(Config\Cache), false)
 9 FCPATH\index.php(67): CodeIgniter\CodeIgniter->run()
10 SYSTEMPATH\Commands\Server\rewrite.php(43): require_once('FCPATH\\index.php')
CRITICAL - 2022-08-27 04:14:13 --> Attempt to read property "user_image" on array
in APPPATH\Views\user\profile.php on line 18.
 1 APPPATH\Views\user\profile.php(18): CodeIgniter\Debug\Exceptions->errorHandler(2, 'Attempt to read property "user_image" on array', 'APPPATH\\Views\\user\\profile.php', 18)
 2 SYSTEMPATH\View\View.php(213): include('APPPATH\\Views\\user\\profile.php')
 3 SYSTEMPATH\View\View.php(216): CodeIgniter\View\View->CodeIgniter\View\{closure}()
 4 SYSTEMPATH\Common.php(1137): CodeIgniter\View\View->render('user/profile', [], true)
 5 APPPATH\Controllers\User.php(27): view('user/profile', [...])
 6 SYSTEMPATH\CodeIgniter.php(898): App\Controllers\User->profile()
 7 SYSTEMPATH\CodeIgniter.php(457): CodeIgniter\CodeIgniter->runController(Object(App\Controllers\User))
 8 SYSTEMPATH\CodeIgniter.php(340): CodeIgniter\CodeIgniter->handleRequest(null, Object(Config\Cache), false)
 9 FCPATH\index.php(67): CodeIgniter\CodeIgniter->run()
10 SYSTEMPATH\Commands\Server\rewrite.php(43): require_once('FCPATH\\index.php')
CRITICAL - 2022-08-27 04:14:26 --> Attempt to read property "user_image" on array
in APPPATH\Views\user\profile.php on line 18.
 1 APPPATH\Views\user\profile.php(18): CodeIgniter\Debug\Exceptions->errorHandler(2, 'Attempt to read property "user_image" on array', 'APPPATH\\Views\\user\\profile.php', 18)
 2 SYSTEMPATH\View\View.php(213): include('APPPATH\\Views\\user\\profile.php')
 3 SYSTEMPATH\View\View.php(216): CodeIgniter\View\View->CodeIgniter\View\{closure}()
 4 SYSTEMPATH\Common.php(1137): CodeIgniter\View\View->render('user/profile', [], true)
 5 APPPATH\Controllers\User.php(27): view('user/profile', [...])
 6 SYSTEMPATH\CodeIgniter.php(898): App\Controllers\User->profile()
 7 SYSTEMPATH\CodeIgniter.php(457): CodeIgniter\CodeIgniter->runController(Object(App\Controllers\User))
 8 SYSTEMPATH\CodeIgniter.php(340): CodeIgniter\CodeIgniter->handleRequest(null, Object(Config\Cache), false)
 9 FCPATH\index.php(67): CodeIgniter\CodeIgniter->run()
10 SYSTEMPATH\Commands\Server\rewrite.php(43): require_once('FCPATH\\index.php')
CRITICAL - 2022-08-27 04:14:27 --> Attempt to read property "user_image" on array
in APPPATH\Views\user\profile.php on line 18.
 1 APPPATH\Views\user\profile.php(18): CodeIgniter\Debug\Exceptions->errorHandler(2, 'Attempt to read property "user_image" on array', 'APPPATH\\Views\\user\\profile.php', 18)
 2 SYSTEMPATH\View\View.php(213): include('APPPATH\\Views\\user\\profile.php')
 3 SYSTEMPATH\View\View.php(216): CodeIgniter\View\View->CodeIgniter\View\{closure}()
 4 SYSTEMPATH\Common.php(1137): CodeIgniter\View\View->render('user/profile', [], true)
 5 APPPATH\Controllers\User.php(27): view('user/profile', [...])
 6 SYSTEMPATH\CodeIgniter.php(898): App\Controllers\User->profile()
 7 SYSTEMPATH\CodeIgniter.php(457): CodeIgniter\CodeIgniter->runController(Object(App\Controllers\User))
 8 SYSTEMPATH\CodeIgniter.php(340): CodeIgniter\CodeIgniter->handleRequest(null, Object(Config\Cache), false)
 9 FCPATH\index.php(67): CodeIgniter\CodeIgniter->run()
10 SYSTEMPATH\Commands\Server\rewrite.php(43): require_once('FCPATH\\index.php')
CRITICAL - 2022-08-27 04:14:27 --> Attempt to read property "user_image" on array
in APPPATH\Views\user\profile.php on line 18.
 1 APPPATH\Views\user\profile.php(18): CodeIgniter\Debug\Exceptions->errorHandler(2, 'Attempt to read property "user_image" on array', 'APPPATH\\Views\\user\\profile.php', 18)
 2 SYSTEMPATH\View\View.php(213): include('APPPATH\\Views\\user\\profile.php')
 3 SYSTEMPATH\View\View.php(216): CodeIgniter\View\View->CodeIgniter\View\{closure}()
 4 SYSTEMPATH\Common.php(1137): CodeIgniter\View\View->render('user/profile', [], true)
 5 APPPATH\Controllers\User.php(27): view('user/profile', [...])
 6 SYSTEMPATH\CodeIgniter.php(898): App\Controllers\User->profile()
 7 SYSTEMPATH\CodeIgniter.php(457): CodeIgniter\CodeIgniter->runController(Object(App\Controllers\User))
 8 SYSTEMPATH\CodeIgniter.php(340): CodeIgniter\CodeIgniter->handleRequest(null, Object(Config\Cache), false)
 9 FCPATH\index.php(67): CodeIgniter\CodeIgniter->run()
10 SYSTEMPATH\Commands\Server\rewrite.php(43): require_once('FCPATH\\index.php')
CRITICAL - 2022-08-27 04:14:27 --> Attempt to read property "user_image" on array
in APPPATH\Views\user\profile.php on line 18.
 1 APPPATH\Views\user\profile.php(18): CodeIgniter\Debug\Exceptions->errorHandler(2, 'Attempt to read property "user_image" on array', 'APPPATH\\Views\\user\\profile.php', 18)
 2 SYSTEMPATH\View\View.php(213): include('APPPATH\\Views\\user\\profile.php')
 3 SYSTEMPATH\View\View.php(216): CodeIgniter\View\View->CodeIgniter\View\{closure}()
 4 SYSTEMPATH\Common.php(1137): CodeIgniter\View\View->render('user/profile', [], true)
 5 APPPATH\Controllers\User.php(27): view('user/profile', [...])
 6 SYSTEMPATH\CodeIgniter.php(898): App\Controllers\User->profile()
 7 SYSTEMPATH\CodeIgniter.php(457): CodeIgniter\CodeIgniter->runController(Object(App\Controllers\User))
 8 SYSTEMPATH\CodeIgniter.php(340): CodeIgniter\CodeIgniter->handleRequest(null, Object(Config\Cache), false)
 9 FCPATH\index.php(67): CodeIgniter\CodeIgniter->run()
10 SYSTEMPATH\Commands\Server\rewrite.php(43): require_once('FCPATH\\index.php')
CRITICAL - 2022-08-27 04:14:27 --> Attempt to read property "user_image" on array
in APPPATH\Views\user\profile.php on line 18.
 1 APPPATH\Views\user\profile.php(18): CodeIgniter\Debug\Exceptions->errorHandler(2, 'Attempt to read property "user_image" on array', 'APPPATH\\Views\\user\\profile.php', 18)
 2 SYSTEMPATH\View\View.php(213): include('APPPATH\\Views\\user\\profile.php')
 3 SYSTEMPATH\View\View.php(216): CodeIgniter\View\View->CodeIgniter\View\{closure}()
 4 SYSTEMPATH\Common.php(1137): CodeIgniter\View\View->render('user/profile', [], true)
 5 APPPATH\Controllers\User.php(27): view('user/profile', [...])
 6 SYSTEMPATH\CodeIgniter.php(898): App\Controllers\User->profile()
 7 SYSTEMPATH\CodeIgniter.php(457): CodeIgniter\CodeIgniter->runController(Object(App\Controllers\User))
 8 SYSTEMPATH\CodeIgniter.php(340): CodeIgniter\CodeIgniter->handleRequest(null, Object(Config\Cache), false)
 9 FCPATH\index.php(67): CodeIgniter\CodeIgniter->run()
10 SYSTEMPATH\Commands\Server\rewrite.php(43): require_once('FCPATH\\index.php')
CRITICAL - 2022-08-27 04:18:26 --> Attempt to read property "user_image" on array
in APPPATH\Views\profile\get.php on line 18.
 1 APPPATH\Views\profile\get.php(18): CodeIgniter\Debug\Exceptions->errorHandler(2, 'Attempt to read property "user_image" on array', 'APPPATH\\Views\\profile\\get.php', 18)
 2 SYSTEMPATH\View\View.php(213): include('APPPATH\\Views\\profile\\get.php')
 3 SYSTEMPATH\View\View.php(216): CodeIgniter\View\View->CodeIgniter\View\{closure}()
 4 SYSTEMPATH\Common.php(1137): CodeIgniter\View\View->render('profile/get', [], true)
 5 APPPATH\Controllers\User.php(27): view('profile/get', [...])
 6 SYSTEMPATH\CodeIgniter.php(898): App\Controllers\User->profile()
 7 SYSTEMPATH\CodeIgniter.php(457): CodeIgniter\CodeIgniter->runController(Object(App\Controllers\User))
 8 SYSTEMPATH\CodeIgniter.php(340): CodeIgniter\CodeIgniter->handleRequest(null, Object(Config\Cache), false)
 9 FCPATH\index.php(67): CodeIgniter\CodeIgniter->run()
10 SYSTEMPATH\Commands\Server\rewrite.php(43): require_once('FCPATH\\index.php')
CRITICAL - 2022-08-27 04:18:27 --> Attempt to read property "user_image" on array
in APPPATH\Views\profile\get.php on line 18.
 1 APPPATH\Views\profile\get.php(18): CodeIgniter\Debug\Exceptions->errorHandler(2, 'Attempt to read property "user_image" on array', 'APPPATH\\Views\\profile\\get.php', 18)
 2 SYSTEMPATH\View\View.php(213): include('APPPATH\\Views\\profile\\get.php')
 3 SYSTEMPATH\View\View.php(216): CodeIgniter\View\View->CodeIgniter\View\{closure}()
 4 SYSTEMPATH\Common.php(1137): CodeIgniter\View\View->render('profile/get', [], true)
 5 APPPATH\Controllers\User.php(27): view('profile/get', [...])
 6 SYSTEMPATH\CodeIgniter.php(898): App\Controllers\User->profile()
 7 SYSTEMPATH\CodeIgniter.php(457): CodeIgniter\CodeIgniter->runController(Object(App\Controllers\User))
 8 SYSTEMPATH\CodeIgniter.php(340): CodeIgniter\CodeIgniter->handleRequest(null, Object(Config\Cache), false)
 9 FCPATH\index.php(67): CodeIgniter\CodeIgniter->run()
10 SYSTEMPATH\Commands\Server\rewrite.php(43): require_once('FCPATH\\index.php')
CRITICAL - 2022-08-27 04:18:31 --> Attempt to read property "user_image" on array
in APPPATH\Views\profile\get.php on line 18.
 1 APPPATH\Views\profile\get.php(18): CodeIgniter\Debug\Exceptions->errorHandler(2, 'Attempt to read property "user_image" on array', 'APPPATH\\Views\\profile\\get.php', 18)
 2 SYSTEMPATH\View\View.php(213): include('APPPATH\\Views\\profile\\get.php')
 3 SYSTEMPATH\View\View.php(216): CodeIgniter\View\View->CodeIgniter\View\{closure}()
 4 SYSTEMPATH\Common.php(1137): CodeIgniter\View\View->render('profile/get', [], true)
 5 APPPATH\Controllers\User.php(27): view('profile/get', [...])
 6 SYSTEMPATH\CodeIgniter.php(898): App\Controllers\User->profile()
 7 SYSTEMPATH\CodeIgniter.php(457): CodeIgniter\CodeIgniter->runController(Object(App\Controllers\User))
 8 SYSTEMPATH\CodeIgniter.php(340): CodeIgniter\CodeIgniter->handleRequest(null, Object(Config\Cache), false)
 9 FCPATH\index.php(67): CodeIgniter\CodeIgniter->run()
10 SYSTEMPATH\Commands\Server\rewrite.php(43): require_once('FCPATH\\index.php')
CRITICAL - 2022-08-27 04:19:43 --> Attempt to read property "user_image" on array
in APPPATH\Views\profil\get.php on line 18.
 1 APPPATH\Views\profil\get.php(18): CodeIgniter\Debug\Exceptions->errorHandler(2, 'Attempt to read property "user_image" on array', 'APPPATH\\Views\\profil\\get.php', 18)
 2 SYSTEMPATH\View\View.php(213): include('APPPATH\\Views\\profil\\get.php')
 3 SYSTEMPATH\View\View.php(216): CodeIgniter\View\View->CodeIgniter\View\{closure}()
 4 SYSTEMPATH\Common.php(1137): CodeIgniter\View\View->render('profil/get', [], true)
 5 APPPATH\Controllers\User.php(27): view('profil/get', [...])
 6 SYSTEMPATH\CodeIgniter.php(898): App\Controllers\User->profil()
 7 SYSTEMPATH\CodeIgniter.php(457): CodeIgniter\CodeIgniter->runController(Object(App\Controllers\User))
 8 SYSTEMPATH\CodeIgniter.php(340): CodeIgniter\CodeIgniter->handleRequest(null, Object(Config\Cache), false)
 9 FCPATH\index.php(67): CodeIgniter\CodeIgniter->run()
10 SYSTEMPATH\Commands\Server\rewrite.php(43): require_once('FCPATH\\index.php')
CRITICAL - 2022-08-27 04:20:39 --> Attempt to read property "username" on array
in APPPATH\Views\profil\get.php on line 36.
 1 APPPATH\Views\profil\get.php(36): CodeIgniter\Debug\Exceptions->errorHandler(2, 'Attempt to read property "username" on array', 'APPPATH\\Views\\profil\\get.php', 36)
 2 SYSTEMPATH\View\View.php(213): include('APPPATH\\Views\\profil\\get.php')
 3 SYSTEMPATH\View\View.php(216): CodeIgniter\View\View->CodeIgniter\View\{closure}()
 4 SYSTEMPATH\Common.php(1137): CodeIgniter\View\View->render('profil/get', [], true)
 5 APPPATH\Controllers\User.php(27): view('profil/get', [...])
 6 SYSTEMPATH\CodeIgniter.php(898): App\Controllers\User->profil()
 7 SYSTEMPATH\CodeIgniter.php(457): CodeIgniter\CodeIgniter->runController(Object(App\Controllers\User))
 8 SYSTEMPATH\CodeIgniter.php(340): CodeIgniter\CodeIgniter->handleRequest(null, Object(Config\Cache), false)
 9 FCPATH\index.php(67): CodeIgniter\CodeIgniter->run()
10 SYSTEMPATH\Commands\Server\rewrite.php(43): require_once('FCPATH\\index.php')
CRITICAL - 2022-08-27 04:35:21 --> syntax error, unexpected token "->"
in APPPATH\Models\ProfilModel.php on line 19.
 1 SYSTEMPATH\Autoloader\Autoloader.php(259): CodeIgniter\Autoloader\Autoloader->includeFile('APPPATH\\Models\\ProfilModel.php')
 2 SYSTEMPATH\Autoloader\Autoloader.php(237): CodeIgniter\Autoloader\Autoloader->loadInNamespace('App\\Models\\ProfilModel')
 3 APPPATH\Controllers\User.php(11): CodeIgniter\Autoloader\Autoloader->loadClass('App\\Models\\ProfilModel')
 4 SYSTEMPATH\CodeIgniter.php(860): App\Controllers\User->__construct()
 5 SYSTEMPATH\CodeIgniter.php(448): CodeIgniter\CodeIgniter->createController()
 6 SYSTEMPATH\CodeIgniter.php(340): CodeIgniter\CodeIgniter->handleRequest(null, Object(Config\Cache), false)
 7 FCPATH\index.php(67): CodeIgniter\CodeIgniter->run()
 8 SYSTEMPATH\Commands\Server\rewrite.php(43): require_once('FCPATH\\index.php')
CRITICAL - 2022-08-27 04:35:27 --> Unclosed '{' on line 8
in APPPATH\Models\ProfilModel.php on line 26.
 1 SYSTEMPATH\Autoloader\Autoloader.php(259): CodeIgniter\Autoloader\Autoloader->includeFile('APPPATH\\Models\\ProfilModel.php')
 2 SYSTEMPATH\Autoloader\Autoloader.php(237): CodeIgniter\Autoloader\Autoloader->loadInNamespace('App\\Models\\ProfilModel')
 3 APPPATH\Controllers\User.php(11): CodeIgniter\Autoloader\Autoloader->loadClass('App\\Models\\ProfilModel')
 4 SYSTEMPATH\CodeIgniter.php(860): App\Controllers\User->__construct()
 5 SYSTEMPATH\CodeIgniter.php(448): CodeIgniter\CodeIgniter->createController()
 6 SYSTEMPATH\CodeIgniter.php(340): CodeIgniter\CodeIgniter->handleRequest(null, Object(Config\Cache), false)
 7 FCPATH\index.php(67): CodeIgniter\CodeIgniter->run()
 8 SYSTEMPATH\Commands\Server\rewrite.php(43): require_once('FCPATH\\index.php')
CRITICAL - 2022-08-27 04:35:42 --> Undefined property: App\Controllers\User::$profile
in APPPATH\Controllers\User.php on line 23.
 1 APPPATH\Controllers\User.php(23): CodeIgniter\Debug\Exceptions->errorHandler(2, 'Undefined property: App\\Controllers\\User::$profile', 'APPPATH\\Controllers\\User.php', 23)
 2 SYSTEMPATH\CodeIgniter.php(898): App\Controllers\User->profil()
 3 SYSTEMPATH\CodeIgniter.php(457): CodeIgniter\CodeIgniter->runController(Object(App\Controllers\User))
 4 SYSTEMPATH\CodeIgniter.php(340): CodeIgniter\CodeIgniter->handleRequest(null, Object(Config\Cache), false)
 5 FCPATH\index.php(67): CodeIgniter\CodeIgniter->run()
 6 SYSTEMPATH\Commands\Server\rewrite.php(43): require_once('FCPATH\\index.php')
CRITICAL - 2022-08-27 04:38:46 --> Undefined variable $data
in APPPATH\Controllers\User.php on line 24.
 1 APPPATH\Controllers\User.php(24): CodeIgniter\Debug\Exceptions->errorHandler(2, 'Undefined variable $data', 'APPPATH\\Controllers\\User.php', 24)
 2 SYSTEMPATH\CodeIgniter.php(898): App\Controllers\User->profil()
 3 SYSTEMPATH\CodeIgniter.php(457): CodeIgniter\CodeIgniter->runController(Object(App\Controllers\User))
 4 SYSTEMPATH\CodeIgniter.php(340): CodeIgniter\CodeIgniter->handleRequest(null, Object(Config\Cache), false)
 5 FCPATH\index.php(67): CodeIgniter\CodeIgniter->run()
 6 SYSTEMPATH\Commands\Server\rewrite.php(43): require_once('FCPATH\\index.php')
CRITICAL - 2022-08-27 04:40:58 --> Call to undefined function App\Controllers\id()
in APPPATH\Controllers\User.php on line 23.
 1 SYSTEMPATH\CodeIgniter.php(898): App\Controllers\User->profil()
 2 SYSTEMPATH\CodeIgniter.php(457): CodeIgniter\CodeIgniter->runController(Object(App\Controllers\User))
 3 SYSTEMPATH\CodeIgniter.php(340): CodeIgniter\CodeIgniter->handleRequest(null, Object(Config\Cache), false)
 4 FCPATH\index.php(67): CodeIgniter\CodeIgniter->run()
 5 SYSTEMPATH\Commands\Server\rewrite.php(43): require_once('FCPATH\\index.php')
CRITICAL - 2022-08-27 04:43:38 --> Undefined variable $data
in APPPATH\Views\profil\get.php on line 36.
 1 APPPATH\Views\profil\get.php(36): CodeIgniter\Debug\Exceptions->errorHandler(2, 'Undefined variable $data', 'APPPATH\\Views\\profil\\get.php', 36)
 2 SYSTEMPATH\View\View.php(213): include('APPPATH\\Views\\profil\\get.php')
 3 SYSTEMPATH\View\View.php(216): CodeIgniter\View\View->CodeIgniter\View\{closure}()
 4 SYSTEMPATH\Common.php(1137): CodeIgniter\View\View->render('profil/get', [], true)
 5 APPPATH\Controllers\User.php(25): view('profil/get', [...])
 6 SYSTEMPATH\CodeIgniter.php(898): App\Controllers\User->profil()
 7 SYSTEMPATH\CodeIgniter.php(457): CodeIgniter\CodeIgniter->runController(Object(App\Controllers\User))
 8 SYSTEMPATH\CodeIgniter.php(340): CodeIgniter\CodeIgniter->handleRequest(null, Object(Config\Cache), false)
 9 FCPATH\index.php(67): CodeIgniter\CodeIgniter->run()
10 SYSTEMPATH\Commands\Server\rewrite.php(43): require_once('FCPATH\\index.php')
CRITICAL - 2022-08-27 04:43:48 --> Undefined variable $profil
in APPPATH\Views\profil\get.php on line 36.
 1 APPPATH\Views\profil\get.php(36): CodeIgniter\Debug\Exceptions->errorHandler(2, 'Undefined variable $profil', 'APPPATH\\Views\\profil\\get.php', 36)
 2 SYSTEMPATH\View\View.php(213): include('APPPATH\\Views\\profil\\get.php')
 3 SYSTEMPATH\View\View.php(216): CodeIgniter\View\View->CodeIgniter\View\{closure}()
 4 SYSTEMPATH\Common.php(1137): CodeIgniter\View\View->render('profil/get', [], true)
 5 APPPATH\Controllers\User.php(25): view('profil/get', [...])
 6 SYSTEMPATH\CodeIgniter.php(898): App\Controllers\User->profil()
 7 SYSTEMPATH\CodeIgniter.php(457): CodeIgniter\CodeIgniter->runController(Object(App\Controllers\User))
 8 SYSTEMPATH\CodeIgniter.php(340): CodeIgniter\CodeIgniter->handleRequest(null, Object(Config\Cache), false)
 9 FCPATH\index.php(67): CodeIgniter\CodeIgniter->run()
10 SYSTEMPATH\Commands\Server\rewrite.php(43): require_once('FCPATH\\index.php')
CRITICAL - 2022-08-27 21:11:31 --> Undefined variable $profil
in APPPATH\Views\profil\get.php on line 36.
 1 APPPATH\Views\profil\get.php(36): CodeIgniter\Debug\Exceptions->errorHandler(2, 'Undefined variable $profil', 'APPPATH\\Views\\profil\\get.php', 36)
 2 SYSTEMPATH\View\View.php(213): include('APPPATH\\Views\\profil\\get.php')
 3 SYSTEMPATH\View\View.php(216): CodeIgniter\View\View->CodeIgniter\View\{closure}()
 4 SYSTEMPATH\Common.php(1137): CodeIgniter\View\View->render('profil/get', [], true)
 5 APPPATH\Controllers\User.php(25): view('profil/get', [...])
 6 SYSTEMPATH\CodeIgniter.php(898): App\Controllers\User->profil()
 7 SYSTEMPATH\CodeIgniter.php(457): CodeIgniter\CodeIgniter->runController(Object(App\Controllers\User))
 8 SYSTEMPATH\CodeIgniter.php(340): CodeIgniter\CodeIgniter->handleRequest(null, Object(Config\Cache), false)
 9 FCPATH\index.php(67): CodeIgniter\CodeIgniter->run()
10 SYSTEMPATH\Commands\Server\rewrite.php(43): require_once('FCPATH\\index.php')
CRITICAL - 2022-08-27 21:19:09 --> Class "App\Controllers\contentModel" not found
in APPPATH\Controllers\Content.php on line 11.
 1 SYSTEMPATH\CodeIgniter.php(860): App\Controllers\Content->__construct()
 2 SYSTEMPATH\CodeIgniter.php(448): CodeIgniter\CodeIgniter->createController()
 3 SYSTEMPATH\CodeIgniter.php(340): CodeIgniter\CodeIgniter->handleRequest(null, Object(Config\Cache), false)
 4 FCPATH\index.php(67): CodeIgniter\CodeIgniter->run()
 5 SYSTEMPATH\Commands\Server\rewrite.php(43): require_once('FCPATH\\index.php')
CRITICAL - 2022-08-27 21:19:53 --> Class "App\Controllers\ContentModel" not found
in APPPATH\Controllers\Content.php on line 11.
 1 SYSTEMPATH\CodeIgniter.php(860): App\Controllers\Content->__construct()
 2 SYSTEMPATH\CodeIgniter.php(448): CodeIgniter\CodeIgniter->createController()
 3 SYSTEMPATH\CodeIgniter.php(340): CodeIgniter\CodeIgniter->handleRequest(null, Object(Config\Cache), false)
 4 FCPATH\index.php(67): CodeIgniter\CodeIgniter->run()
 5 SYSTEMPATH\Commands\Server\rewrite.php(43): require_once('FCPATH\\index.php')
CRITICAL - 2022-08-27 21:20:08 --> Undefined variable $course
in APPPATH\Views\content\get.php on line 47.
 1 APPPATH\Views\content\get.php(47): CodeIgniter\Debug\Exceptions->errorHandler(2, 'Undefined variable $course', 'APPPATH\\Views\\content\\get.php', 47)
 2 SYSTEMPATH\View\View.php(213): include('APPPATH\\Views\\content\\get.php')
 3 SYSTEMPATH\View\View.php(216): CodeIgniter\View\View->CodeIgniter\View\{closure}()
 4 SYSTEMPATH\Common.php(1137): CodeIgniter\View\View->render('content/get', [], true)
 5 APPPATH\Controllers\Content.php(20): view('content/get', [...])
 6 SYSTEMPATH\CodeIgniter.php(898): App\Controllers\Content->index()
 7 SYSTEMPATH\CodeIgniter.php(457): CodeIgniter\CodeIgniter->runController(Object(App\Controllers\Content))
 8 SYSTEMPATH\CodeIgniter.php(340): CodeIgniter\CodeIgniter->handleRequest(null, Object(Config\Cache), false)
 9 FCPATH\index.php(67): CodeIgniter\CodeIgniter->run()
10 SYSTEMPATH\Commands\Server\rewrite.php(43): require_once('FCPATH\\index.php')
CRITICAL - 2022-08-27 21:38:34 --> Call to undefined method stdClass::tgl()
in APPPATH\Views\content\get.php on line 55.
 1 SYSTEMPATH\View\View.php(213): include()
 2 SYSTEMPATH\View\View.php(216): CodeIgniter\View\View->CodeIgniter\View\{closure}()
 3 SYSTEMPATH\Common.php(1137): CodeIgniter\View\View->render('content/get', [], true)
 4 APPPATH\Controllers\Content.php(20): view('content/get', [...])
 5 SYSTEMPATH\CodeIgniter.php(898): App\Controllers\Content->index()
 6 SYSTEMPATH\CodeIgniter.php(457): CodeIgniter\CodeIgniter->runController(Object(App\Controllers\Content))
 7 SYSTEMPATH\CodeIgniter.php(340): CodeIgniter\CodeIgniter->handleRequest(null, Object(Config\Cache), false)
 8 FCPATH\index.php(67): CodeIgniter\CodeIgniter->run()
 9 SYSTEMPATH\Commands\Server\rewrite.php(43): require_once('FCPATH\\index.php')
CRITICAL - 2022-08-27 21:39:00 --> Call to undefined method stdClass::tgl()
in APPPATH\Views\content\get.php on line 55.
 1 SYSTEMPATH\View\View.php(213): include()
 2 SYSTEMPATH\View\View.php(216): CodeIgniter\View\View->CodeIgniter\View\{closure}()
 3 SYSTEMPATH\Common.php(1137): CodeIgniter\View\View->render('content/get', [], true)
 4 APPPATH\Controllers\Content.php(20): view('content/get', [...])
 5 SYSTEMPATH\CodeIgniter.php(898): App\Controllers\Content->index()
 6 SYSTEMPATH\CodeIgniter.php(457): CodeIgniter\CodeIgniter->runController(Object(App\Controllers\Content))
 7 SYSTEMPATH\CodeIgniter.php(340): CodeIgniter\CodeIgniter->handleRequest(null, Object(Config\Cache), false)
 8 FCPATH\index.php(67): CodeIgniter\CodeIgniter->run()
 9 SYSTEMPATH\Commands\Server\rewrite.php(43): require_once('FCPATH\\index.php')
CRITICAL - 2022-08-27 21:39:13 --> Call to undefined method stdClass::tgl()
in APPPATH\Views\content\get.php on line 55.
 1 SYSTEMPATH\View\View.php(213): include()
 2 SYSTEMPATH\View\View.php(216): CodeIgniter\View\View->CodeIgniter\View\{closure}()
 3 SYSTEMPATH\Common.php(1137): CodeIgniter\View\View->render('content/get', [], true)
 4 APPPATH\Controllers\Content.php(20): view('content/get', [...])
 5 SYSTEMPATH\CodeIgniter.php(898): App\Controllers\Content->index()
 6 SYSTEMPATH\CodeIgniter.php(457): CodeIgniter\CodeIgniter->runController(Object(App\Controllers\Content))
 7 SYSTEMPATH\CodeIgniter.php(340): CodeIgniter\CodeIgniter->handleRequest(null, Object(Config\Cache), false)
 8 FCPATH\index.php(67): CodeIgniter\CodeIgniter->run()
 9 SYSTEMPATH\Commands\Server\rewrite.php(43): require_once('FCPATH\\index.php')
CRITICAL - 2022-08-27 21:40:47 --> Call to undefined method stdClass::tgl()
in APPPATH\Views\content\get.php on line 55.
 1 SYSTEMPATH\View\View.php(213): include()
 2 SYSTEMPATH\View\View.php(216): CodeIgniter\View\View->CodeIgniter\View\{closure}()
 3 SYSTEMPATH\Common.php(1137): CodeIgniter\View\View->render('content/get', [], true)
 4 APPPATH\Controllers\Content.php(20): view('content/get', [...])
 5 SYSTEMPATH\CodeIgniter.php(898): App\Controllers\Content->index()
 6 SYSTEMPATH\CodeIgniter.php(457): CodeIgniter\CodeIgniter->runController(Object(App\Controllers\Content))
 7 SYSTEMPATH\CodeIgniter.php(340): CodeIgniter\CodeIgniter->handleRequest(null, Object(Config\Cache), false)
 8 FCPATH\index.php(67): CodeIgniter\CodeIgniter->run()
 9 SYSTEMPATH\Commands\Server\rewrite.php(43): require_once('FCPATH\\index.php')
CRITICAL - 2022-08-27 21:40:48 --> Call to undefined method stdClass::tgl()
in APPPATH\Views\content\get.php on line 55.
 1 SYSTEMPATH\View\View.php(213): include()
 2 SYSTEMPATH\View\View.php(216): CodeIgniter\View\View->CodeIgniter\View\{closure}()
 3 SYSTEMPATH\Common.php(1137): CodeIgniter\View\View->render('content/get', [], true)
 4 APPPATH\Controllers\Content.php(20): view('content/get', [...])
 5 SYSTEMPATH\CodeIgniter.php(898): App\Controllers\Content->index()
 6 SYSTEMPATH\CodeIgniter.php(457): CodeIgniter\CodeIgniter->runController(Object(App\Controllers\Content))
 7 SYSTEMPATH\CodeIgniter.php(340): CodeIgniter\CodeIgniter->handleRequest(null, Object(Config\Cache), false)
 8 FCPATH\index.php(67): CodeIgniter\CodeIgniter->run()
 9 SYSTEMPATH\Commands\Server\rewrite.php(43): require_once('FCPATH\\index.php')
