CRITICAL - 2022-09-07 02:06:38 --> Undefined variable $content
in APPPATH\Views\blog\blog-detail.php on line 14.
 1 APPPATH\Views\blog\blog-detail.php(14): CodeIgniter\Debug\Exceptions->errorHandler(2, 'Undefined variable $content', 'APPPATH\\Views\\blog\\blog-detail.php', 14)
 2 SYSTEMPATH\View\View.php(213): include('APPPATH\\Views\\blog\\blog-detail.php')
 3 SYSTEMPATH\View\View.php(216): CodeIgniter\View\View->CodeIgniter\View\{closure}()
 4 SYSTEMPATH\Common.php(1137): CodeIgniter\View\View->render('blog/blog-detail', [], true)
 5 APPPATH\Controllers\Blog.php(14): view('blog/blog-detail')
 6 SYSTEMPATH\CodeIgniter.php(898): App\Controllers\Blog->index()
 7 SYSTEMPATH\CodeIgniter.php(457): CodeIgniter\CodeIgniter->runController(Object(App\Controllers\Blog))
 8 SYSTEMPATH\CodeIgniter.php(340): CodeIgniter\CodeIgniter->handleRequest(null, Object(Config\Cache), false)
 9 FCPATH\index.php(67): CodeIgniter\CodeIgniter->run()
10 SYSTEMPATH\Commands\Server\rewrite.php(43): require_once('FCPATH\\index.php')
CRITICAL - 2022-09-07 02:16:16 --> Undefined array key 2
in APPPATH\Helpers\custom_helper.php on line 21.
 1 APPPATH\Helpers\custom_helper.php(21): CodeIgniter\Debug\Exceptions->errorHandler(2, 'Undefined array key 2', 'APPPATH\\Helpers\\custom_helper.php', 21)
 2 APPPATH\Views\profil\get.php(66): date_indo('ROOTPATH\\public')
 3 SYSTEMPATH\View\View.php(213): include('APPPATH\\Views\\profil\\get.php')
 4 SYSTEMPATH\View\View.php(216): CodeIgniter\View\View->CodeIgniter\View\{closure}()
 5 SYSTEMPATH\Common.php(1137): CodeIgniter\View\View->render('profil/get', [], true)
 6 APPPATH\Controllers\User.php(32): view('profil/get', [...])
 7 SYSTEMPATH\CodeIgniter.php(898): App\Controllers\User->profil('9')
 8 SYSTEMPATH\CodeIgniter.php(457): CodeIgniter\CodeIgniter->runController(Object(App\Controllers\User))
 9 SYSTEMPATH\CodeIgniter.php(340): CodeIgniter\CodeIgniter->handleRequest(null, Object(Config\Cache), false)
10 FCPATH\index.php(67): CodeIgniter\CodeIgniter->run()
11 SYSTEMPATH\Commands\Server\rewrite.php(43): require_once('FCPATH\\index.php')
CRITICAL - 2022-09-07 02:16:19 --> Undefined array key 2
in APPPATH\Helpers\custom_helper.php on line 21.
 1 APPPATH\Helpers\custom_helper.php(21): CodeIgniter\Debug\Exceptions->errorHandler(2, 'Undefined array key 2', 'APPPATH\\Helpers\\custom_helper.php', 21)
 2 APPPATH\Views\profil\get.php(66): date_indo('ROOTPATH\\public')
 3 SYSTEMPATH\View\View.php(213): include('APPPATH\\Views\\profil\\get.php')
 4 SYSTEMPATH\View\View.php(216): CodeIgniter\View\View->CodeIgniter\View\{closure}()
 5 SYSTEMPATH\Common.php(1137): CodeIgniter\View\View->render('profil/get', [], true)
 6 APPPATH\Controllers\User.php(32): view('profil/get', [...])
 7 SYSTEMPATH\CodeIgniter.php(898): App\Controllers\User->profil('9')
 8 SYSTEMPATH\CodeIgniter.php(457): CodeIgniter\CodeIgniter->runController(Object(App\Controllers\User))
 9 SYSTEMPATH\CodeIgniter.php(340): CodeIgniter\CodeIgniter->handleRequest(null, Object(Config\Cache), false)
10 FCPATH\index.php(67): CodeIgniter\CodeIgniter->run()
11 SYSTEMPATH\Commands\Server\rewrite.php(43): require_once('FCPATH\\index.php')
CRITICAL - 2022-09-07 02:16:25 --> Undefined array key 2
in APPPATH\Helpers\custom_helper.php on line 21.
 1 APPPATH\Helpers\custom_helper.php(21): CodeIgniter\Debug\Exceptions->errorHandler(2, 'Undefined array key 2', 'APPPATH\\Helpers\\custom_helper.php', 21)
 2 APPPATH\Views\profil\get.php(66): date_indo('ROOTPATH\\public')
 3 SYSTEMPATH\View\View.php(213): include('APPPATH\\Views\\profil\\get.php')
 4 SYSTEMPATH\View\View.php(216): CodeIgniter\View\View->CodeIgniter\View\{closure}()
 5 SYSTEMPATH\Common.php(1137): CodeIgniter\View\View->render('profil/get', [], true)
 6 APPPATH\Controllers\User.php(32): view('profil/get', [...])
 7 SYSTEMPATH\CodeIgniter.php(898): App\Controllers\User->profil('9')
 8 SYSTEMPATH\CodeIgniter.php(457): CodeIgniter\CodeIgniter->runController(Object(App\Controllers\User))
 9 SYSTEMPATH\CodeIgniter.php(340): CodeIgniter\CodeIgniter->handleRequest(null, Object(Config\Cache), false)
10 FCPATH\index.php(67): CodeIgniter\CodeIgniter->run()
11 SYSTEMPATH\Commands\Server\rewrite.php(43): require_once('FCPATH\\index.php')
CRITICAL - 2022-09-07 02:16:32 --> Undefined array key 2
in APPPATH\Helpers\custom_helper.php on line 21.
 1 APPPATH\Helpers\custom_helper.php(21): CodeIgniter\Debug\Exceptions->errorHandler(2, 'Undefined array key 2', 'APPPATH\\Helpers\\custom_helper.php', 21)
 2 APPPATH\Views\profil\get.php(66): date_indo('ROOTPATH\\public')
 3 SYSTEMPATH\View\View.php(213): include('APPPATH\\Views\\profil\\get.php')
 4 SYSTEMPATH\View\View.php(216): CodeIgniter\View\View->CodeIgniter\View\{closure}()
 5 SYSTEMPATH\Common.php(1137): CodeIgniter\View\View->render('profil/get', [], true)
 6 APPPATH\Controllers\User.php(32): view('profil/get', [...])
 7 SYSTEMPATH\CodeIgniter.php(898): App\Controllers\User->profil('9')
 8 SYSTEMPATH\CodeIgniter.php(457): CodeIgniter\CodeIgniter->runController(Object(App\Controllers\User))
 9 SYSTEMPATH\CodeIgniter.php(340): CodeIgniter\CodeIgniter->handleRequest(null, Object(Config\Cache), false)
10 FCPATH\index.php(67): CodeIgniter\CodeIgniter->run()
11 SYSTEMPATH\Commands\Server\rewrite.php(43): require_once('FCPATH\\index.php')
CRITICAL - 2022-09-07 02:18:26 --> Undefined array key 2
in APPPATH\Helpers\custom_helper.php on line 21.
 1 APPPATH\Helpers\custom_helper.php(21): CodeIgniter\Debug\Exceptions->errorHandler(2, 'Undefined array key 2', 'APPPATH\\Helpers\\custom_helper.php', 21)
 2 APPPATH\Views\profil\get.php(66): date_indo('ROOTPATH\\public')
 3 SYSTEMPATH\View\View.php(213): include('APPPATH\\Views\\profil\\get.php')
 4 SYSTEMPATH\View\View.php(216): CodeIgniter\View\View->CodeIgniter\View\{closure}()
 5 SYSTEMPATH\Common.php(1137): CodeIgniter\View\View->render('profil/get', [], true)
 6 APPPATH\Controllers\User.php(32): view('profil/get', [...])
 7 SYSTEMPATH\CodeIgniter.php(898): App\Controllers\User->profil('9')
 8 SYSTEMPATH\CodeIgniter.php(457): CodeIgniter\CodeIgniter->runController(Object(App\Controllers\User))
 9 SYSTEMPATH\CodeIgniter.php(340): CodeIgniter\CodeIgniter->handleRequest(null, Object(Config\Cache), false)
10 FCPATH\index.php(67): CodeIgniter\CodeIgniter->run()
11 SYSTEMPATH\Commands\Server\rewrite.php(43): require_once('FCPATH\\index.php')
CRITICAL - 2022-09-07 02:18:46 --> Undefined array key 2
in APPPATH\Helpers\custom_helper.php on line 21.
 1 APPPATH\Helpers\custom_helper.php(21): CodeIgniter\Debug\Exceptions->errorHandler(2, 'Undefined array key 2', 'APPPATH\\Helpers\\custom_helper.php', 21)
 2 APPPATH\Views\profil\get.php(66): date_indo('ROOTPATH\\public')
 3 SYSTEMPATH\View\View.php(213): include('APPPATH\\Views\\profil\\get.php')
 4 SYSTEMPATH\View\View.php(216): CodeIgniter\View\View->CodeIgniter\View\{closure}()
 5 SYSTEMPATH\Common.php(1137): CodeIgniter\View\View->render('profil/get', [], true)
 6 APPPATH\Controllers\User.php(32): view('profil/get', [...])
 7 SYSTEMPATH\CodeIgniter.php(898): App\Controllers\User->profil('9')
 8 SYSTEMPATH\CodeIgniter.php(457): CodeIgniter\CodeIgniter->runController(Object(App\Controllers\User))
 9 SYSTEMPATH\CodeIgniter.php(340): CodeIgniter\CodeIgniter->handleRequest(null, Object(Config\Cache), false)
10 FCPATH\index.php(67): CodeIgniter\CodeIgniter->run()
11 SYSTEMPATH\Commands\Server\rewrite.php(43): require_once('FCPATH\\index.php')
CRITICAL - 2022-09-07 02:21:12 --> Attempt to read property "image" on null
in APPPATH\Views\layout\default.php on line 164.
 1 APPPATH\Views\layout\default.php(164): CodeIgniter\Debug\Exceptions->errorHandler(2, 'Attempt to read property "image" on null', 'APPPATH\\Views\\layout\\default.php', 164)
 2 SYSTEMPATH\View\View.php(213): include('APPPATH\\Views\\layout\\default.php')
 3 SYSTEMPATH\View\View.php(216): CodeIgniter\View\View->CodeIgniter\View\{closure}()
 4 SYSTEMPATH\View\View.php(229): CodeIgniter\View\View->render('layout/default', [], true)
 5 SYSTEMPATH\Common.php(1137): CodeIgniter\View\View->render('course/get', [], true)
 6 APPPATH\Controllers\Course.php(18): view('course/get', [...])
 7 SYSTEMPATH\CodeIgniter.php(898): App\Controllers\Course->index()
 8 SYSTEMPATH\CodeIgniter.php(457): CodeIgniter\CodeIgniter->runController(Object(App\Controllers\Course))
 9 SYSTEMPATH\CodeIgniter.php(340): CodeIgniter\CodeIgniter->handleRequest(null, Object(Config\Cache), false)
10 FCPATH\index.php(67): CodeIgniter\CodeIgniter->run()
11 SYSTEMPATH\Commands\Server\rewrite.php(43): require_once('FCPATH\\index.php')
CRITICAL - 2022-09-07 02:21:25 --> Attempt to read property "image" on null
in APPPATH\Views\layout\default.php on line 164.
 1 APPPATH\Views\layout\default.php(164): CodeIgniter\Debug\Exceptions->errorHandler(2, 'Attempt to read property "image" on null', 'APPPATH\\Views\\layout\\default.php', 164)
 2 SYSTEMPATH\View\View.php(213): include('APPPATH\\Views\\layout\\default.php')
 3 SYSTEMPATH\View\View.php(216): CodeIgniter\View\View->CodeIgniter\View\{closure}()
 4 SYSTEMPATH\View\View.php(229): CodeIgniter\View\View->render('layout/default', [], true)
 5 SYSTEMPATH\Common.php(1137): CodeIgniter\View\View->render('course/get', [], true)
 6 APPPATH\Controllers\Course.php(18): view('course/get', [...])
 7 SYSTEMPATH\CodeIgniter.php(898): App\Controllers\Course->index()
 8 SYSTEMPATH\CodeIgniter.php(457): CodeIgniter\CodeIgniter->runController(Object(App\Controllers\Course))
 9 SYSTEMPATH\CodeIgniter.php(340): CodeIgniter\CodeIgniter->handleRequest(null, Object(Config\Cache), false)
10 FCPATH\index.php(67): CodeIgniter\CodeIgniter->run()
11 SYSTEMPATH\Commands\Server\rewrite.php(43): require_once('FCPATH\\index.php')
CRITICAL - 2022-09-07 02:22:02 --> Attempt to read property "image" on null
in APPPATH\Views\layout\default.php on line 164.
 1 APPPATH\Views\layout\default.php(164): CodeIgniter\Debug\Exceptions->errorHandler(2, 'Attempt to read property "image" on null', 'APPPATH\\Views\\layout\\default.php', 164)
 2 SYSTEMPATH\View\View.php(213): include('APPPATH\\Views\\layout\\default.php')
 3 SYSTEMPATH\View\View.php(216): CodeIgniter\View\View->CodeIgniter\View\{closure}()
 4 SYSTEMPATH\View\View.php(229): CodeIgniter\View\View->render('layout/default', [], true)
 5 SYSTEMPATH\Common.php(1137): CodeIgniter\View\View->render('course/get', [], true)
 6 APPPATH\Controllers\Course.php(18): view('course/get', [...])
 7 SYSTEMPATH\CodeIgniter.php(898): App\Controllers\Course->index()
 8 SYSTEMPATH\CodeIgniter.php(457): CodeIgniter\CodeIgniter->runController(Object(App\Controllers\Course))
 9 SYSTEMPATH\CodeIgniter.php(340): CodeIgniter\CodeIgniter->handleRequest(null, Object(Config\Cache), false)
10 FCPATH\index.php(67): CodeIgniter\CodeIgniter->run()
11 SYSTEMPATH\Commands\Server\rewrite.php(43): require_once('FCPATH\\index.php')
CRITICAL - 2022-09-07 02:22:06 --> Attempt to read property "image" on null
in APPPATH\Views\layout\default.php on line 164.
 1 APPPATH\Views\layout\default.php(164): CodeIgniter\Debug\Exceptions->errorHandler(2, 'Attempt to read property "image" on null', 'APPPATH\\Views\\layout\\default.php', 164)
 2 SYSTEMPATH\View\View.php(213): include('APPPATH\\Views\\layout\\default.php')
 3 SYSTEMPATH\View\View.php(216): CodeIgniter\View\View->CodeIgniter\View\{closure}()
 4 SYSTEMPATH\View\View.php(229): CodeIgniter\View\View->render('layout/default', [], true)
 5 SYSTEMPATH\Common.php(1137): CodeIgniter\View\View->render('course/get', [], true)
 6 APPPATH\Controllers\Course.php(18): view('course/get', [...])
 7 SYSTEMPATH\CodeIgniter.php(898): App\Controllers\Course->index()
 8 SYSTEMPATH\CodeIgniter.php(457): CodeIgniter\CodeIgniter->runController(Object(App\Controllers\Course))
 9 SYSTEMPATH\CodeIgniter.php(340): CodeIgniter\CodeIgniter->handleRequest(null, Object(Config\Cache), false)
10 FCPATH\index.php(67): CodeIgniter\CodeIgniter->run()
11 SYSTEMPATH\Commands\Server\rewrite.php(43): require_once('FCPATH\\index.php')
CRITICAL - 2022-09-07 05:20:03 --> syntax error, unexpected single-quoted string "reset_hash", expecting "]"
in VENDORPATH\myth\auth\src\Models\UserModel.php on line 20.
 1 SYSTEMPATH\Autoloader\Autoloader.php(218): CodeIgniter\Autoloader\Autoloader->includeFile('VENDORPATH\\myth\\auth\\src\\Models\\UserModel.php')
 2 [internal function]: CodeIgniter\Autoloader\Autoloader->loadClassmap('Myth\\Auth\\Models\\UserModel')
 3 SYSTEMPATH\Config\Factories.php(157): class_exists('Myth\\Auth\\Models\\UserModel')
 4 SYSTEMPATH\Config\Factories.php(122): CodeIgniter\Config\Factories::locateClass([...], 'Myth\\Auth\\Models\\UserModel')
 5 SYSTEMPATH\Config\Factories.php(83): CodeIgniter\Config\Factories::__callStatic('models', [...])
 6 SYSTEMPATH\Common.php(812): CodeIgniter\Config\Factories::models('Myth\\Auth\\Models\\UserModel', [...], null)
 7 VENDORPATH\myth\auth\src\Config\Services.php(27): model('Myth\\Auth\\Models\\UserModel')
 8 SYSTEMPATH\Config\BaseService.php(253): Myth\Auth\Config\Services::authentication('local', null, null, false)
 9 SYSTEMPATH\Config\BaseService.php(194): CodeIgniter\Config\BaseService::__callStatic('authentication', [...])
10 VENDORPATH\myth\auth\src\Config\Services.php(24): CodeIgniter\Config\BaseService::getSharedInstance('authentication', 'local', null, null)
11 SYSTEMPATH\Config\BaseService.php(253): Myth\Auth\Config\Services::authentication()
12 SYSTEMPATH\Common.php(962): CodeIgniter\Config\BaseService::__callStatic('authentication', [])
13 VENDORPATH\myth\auth\src\Helpers\auth_helper.php(25): service('authentication')
14 APPPATH\Views\profil\get.php(21): user()
15 SYSTEMPATH\View\View.php(213): include('APPPATH\\Views\\profil\\get.php')
16 SYSTEMPATH\View\View.php(216): CodeIgniter\View\View->CodeIgniter\View\{closure}()
17 SYSTEMPATH\Common.php(1137): CodeIgniter\View\View->render('profil/get', [], true)
18 APPPATH\Controllers\User.php(32): view('profil/get', [...])
19 SYSTEMPATH\CodeIgniter.php(898): App\Controllers\User->profil('15')
20 SYSTEMPATH\CodeIgniter.php(457): CodeIgniter\CodeIgniter->runController(Object(App\Controllers\User))
21 SYSTEMPATH\CodeIgniter.php(340): CodeIgniter\CodeIgniter->handleRequest(null, Object(Config\Cache), false)
22 FCPATH\index.php(67): CodeIgniter\CodeIgniter->run()
23 SYSTEMPATH\Commands\Server\rewrite.php(43): require_once('FCPATH\\index.php')
CRITICAL - 2022-09-07 19:02:04 --> Invalid file: blog/blog-detail.php
in SYSTEMPATH\Exceptions\FrameworkException.php on line 33.
 1 SYSTEMPATH\View\View.php(201): CodeIgniter\Exceptions\FrameworkException::forInvalidFile('blog/blog-detail.php')
 2 SYSTEMPATH\Common.php(1137): CodeIgniter\View\View->render('blog/blog-detail', [], true)
 3 APPPATH\Controllers\Blog.php(26): view('blog/blog-detail', [...])
 4 SYSTEMPATH\CodeIgniter.php(898): App\Controllers\Blog->detail('16')
 5 SYSTEMPATH\CodeIgniter.php(457): CodeIgniter\CodeIgniter->runController(Object(App\Controllers\Blog))
 6 SYSTEMPATH\CodeIgniter.php(340): CodeIgniter\CodeIgniter->handleRequest(null, Object(Config\Cache), false)
 7 FCPATH\index.php(67): CodeIgniter\CodeIgniter->run()
 8 SYSTEMPATH\Commands\Server\rewrite.php(43): require_once('FCPATH\\index.php')
CRITICAL - 2022-09-07 19:19:13 --> View themes, no current section.
in SYSTEMPATH\View\View.php on line 392.
 1 APPPATH\Views\blog\blog-detail.php(121): CodeIgniter\View\View->endSection()
 2 SYSTEMPATH\View\View.php(213): include('APPPATH\\Views\\blog\\blog-detail.php')
 3 SYSTEMPATH\View\View.php(216): CodeIgniter\View\View->CodeIgniter\View\{closure}()
 4 SYSTEMPATH\Common.php(1137): CodeIgniter\View\View->render('blog/blog-detail', [], true)
 5 APPPATH\Controllers\Blog.php(26): view('blog/blog-detail', [...])
 6 SYSTEMPATH\CodeIgniter.php(898): App\Controllers\Blog->detail('16')
 7 SYSTEMPATH\CodeIgniter.php(457): CodeIgniter\CodeIgniter->runController(Object(App\Controllers\Blog))
 8 SYSTEMPATH\CodeIgniter.php(340): CodeIgniter\CodeIgniter->handleRequest(null, Object(Config\Cache), false)
 9 FCPATH\index.php(67): CodeIgniter\CodeIgniter->run()
10 SYSTEMPATH\Commands\Server\rewrite.php(43): require_once('FCPATH\\index.php')
CRITICAL - 2022-09-07 20:18:29 --> Call to undefined function readMoreFunction()
in APPPATH\Views\welcome_message.php on line 93.
 1 SYSTEMPATH\View\View.php(213): include()
 2 SYSTEMPATH\View\View.php(216): CodeIgniter\View\View->CodeIgniter\View\{closure}()
 3 SYSTEMPATH\Common.php(1137): CodeIgniter\View\View->render('welcome_message', [], true)
 4 APPPATH\Controllers\Home.php(13): view('welcome_message', [...])
 5 SYSTEMPATH\CodeIgniter.php(898): App\Controllers\Home->home()
 6 SYSTEMPATH\CodeIgniter.php(457): CodeIgniter\CodeIgniter->runController(Object(App\Controllers\Home))
 7 SYSTEMPATH\CodeIgniter.php(340): CodeIgniter\CodeIgniter->handleRequest(null, Object(Config\Cache), false)
 8 FCPATH\index.php(67): CodeIgniter\CodeIgniter->run()
 9 SYSTEMPATH\Commands\Server\rewrite.php(43): require_once('FCPATH\\index.php')
CRITICAL - 2022-09-07 20:20:58 --> Cannot redeclare readMoreFunction() (previously declared in C:\xampp\htdocs\aplikasi_iro\app\Views\welcome_message.php:94)
in APPPATH\Views\welcome_message.php on line 94.
 1 [internal function]: CodeIgniter\Debug\Exceptions->shutdownHandler()
CRITICAL - 2022-09-07 21:54:12 --> Undefined variable $content
in APPPATH\Views\aktivitas\get.php on line 47.
 1 APPPATH\Views\aktivitas\get.php(47): CodeIgniter\Debug\Exceptions->errorHandler(2, 'Undefined variable $content', 'APPPATH\\Views\\aktivitas\\get.php', 47)
 2 SYSTEMPATH\View\View.php(213): include('APPPATH\\Views\\aktivitas\\get.php')
 3 SYSTEMPATH\View\View.php(216): CodeIgniter\View\View->CodeIgniter\View\{closure}()
 4 SYSTEMPATH\Common.php(1137): CodeIgniter\View\View->render('aktivitas/get', [], true)
 5 APPPATH\Controllers\Aktivitas.php(18): view('aktivitas/get', [...])
 6 SYSTEMPATH\CodeIgniter.php(898): App\Controllers\Aktivitas->index()
 7 SYSTEMPATH\CodeIgniter.php(457): CodeIgniter\CodeIgniter->runController(Object(App\Controllers\Aktivitas))
 8 SYSTEMPATH\CodeIgniter.php(340): CodeIgniter\CodeIgniter->handleRequest(null, Object(Config\Cache), false)
 9 FCPATH\index.php(67): CodeIgniter\CodeIgniter->run()
10 SYSTEMPATH\Commands\Server\rewrite.php(43): require_once('FCPATH\\index.php')
CRITICAL - 2022-09-07 21:56:26 --> Undefined property: App\Controllers\Aktivitas::$contentModel
in APPPATH\Controllers\Aktivitas.php on line 63.
 1 APPPATH\Controllers\Aktivitas.php(63): CodeIgniter\Debug\Exceptions->errorHandler(2, 'Undefined property: App\\Controllers\\Aktivitas::$contentModel', 'APPPATH\\Controllers\\Aktivitas.php', 63)
 2 SYSTEMPATH\CodeIgniter.php(898): App\Controllers\Aktivitas->save()
 3 SYSTEMPATH\CodeIgniter.php(457): CodeIgniter\CodeIgniter->runController(Object(App\Controllers\Aktivitas))
 4 SYSTEMPATH\CodeIgniter.php(340): CodeIgniter\CodeIgniter->handleRequest(null, Object(Config\Cache), false)
 5 FCPATH\index.php(67): CodeIgniter\CodeIgniter->run()
 6 SYSTEMPATH\Commands\Server\rewrite.php(43): require_once('FCPATH\\index.php')
CRITICAL - 2022-09-07 21:57:54 --> Undefined property: stdClass::$tgl
in APPPATH\Views\aktivitas\get.php on line 47.
 1 APPPATH\Views\aktivitas\get.php(47): CodeIgniter\Debug\Exceptions->errorHandler(2, 'Undefined property: stdClass::$tgl', 'APPPATH\\Views\\aktivitas\\get.php', 47)
 2 SYSTEMPATH\View\View.php(213): include('APPPATH\\Views\\aktivitas\\get.php')
 3 SYSTEMPATH\View\View.php(216): CodeIgniter\View\View->CodeIgniter\View\{closure}()
 4 SYSTEMPATH\Common.php(1137): CodeIgniter\View\View->render('aktivitas/get', [], true)
 5 APPPATH\Controllers\Aktivitas.php(18): view('aktivitas/get', [...])
 6 SYSTEMPATH\CodeIgniter.php(898): App\Controllers\Aktivitas->index()
 7 SYSTEMPATH\CodeIgniter.php(457): CodeIgniter\CodeIgniter->runController(Object(App\Controllers\Aktivitas))
 8 SYSTEMPATH\CodeIgniter.php(340): CodeIgniter\CodeIgniter->handleRequest(null, Object(Config\Cache), false)
 9 FCPATH\index.php(67): CodeIgniter\CodeIgniter->run()
10 SYSTEMPATH\Commands\Server\rewrite.php(43): require_once('FCPATH\\index.php')
CRITICAL - 2022-09-07 21:58:14 --> Undefined variable $data
in APPPATH\Views\aktivitas\get.php on line 52.
 1 APPPATH\Views\aktivitas\get.php(52): CodeIgniter\Debug\Exceptions->errorHandler(2, 'Undefined variable $data', 'APPPATH\\Views\\aktivitas\\get.php', 52)
 2 SYSTEMPATH\View\View.php(213): include('APPPATH\\Views\\aktivitas\\get.php')
 3 SYSTEMPATH\View\View.php(216): CodeIgniter\View\View->CodeIgniter\View\{closure}()
 4 SYSTEMPATH\Common.php(1137): CodeIgniter\View\View->render('aktivitas/get', [], true)
 5 APPPATH\Controllers\Aktivitas.php(18): view('aktivitas/get', [...])
 6 SYSTEMPATH\CodeIgniter.php(898): App\Controllers\Aktivitas->index()
 7 SYSTEMPATH\CodeIgniter.php(457): CodeIgniter\CodeIgniter->runController(Object(App\Controllers\Aktivitas))
 8 SYSTEMPATH\CodeIgniter.php(340): CodeIgniter\CodeIgniter->handleRequest(null, Object(Config\Cache), false)
 9 FCPATH\index.php(67): CodeIgniter\CodeIgniter->run()
10 SYSTEMPATH\Commands\Server\rewrite.php(43): require_once('FCPATH\\index.php')
CRITICAL - 2022-09-07 22:45:54 --> Undefined array key 2
in APPPATH\Helpers\custom_helper.php on line 21.
 1 APPPATH\Helpers\custom_helper.php(21): CodeIgniter\Debug\Exceptions->errorHandler(2, 'Undefined array key 2', 'APPPATH\\Helpers\\custom_helper.php', 21)
 2 APPPATH\Views\profil\get.php(66): date_indo('ROOTPATH\\public')
 3 SYSTEMPATH\View\View.php(213): include('APPPATH\\Views\\profil\\get.php')
 4 SYSTEMPATH\View\View.php(216): CodeIgniter\View\View->CodeIgniter\View\{closure}()
 5 SYSTEMPATH\Common.php(1137): CodeIgniter\View\View->render('profil/get', [], true)
 6 APPPATH\Controllers\User.php(32): view('profil/get', [...])
 7 SYSTEMPATH\CodeIgniter.php(898): App\Controllers\User->profil('10')
 8 SYSTEMPATH\CodeIgniter.php(457): CodeIgniter\CodeIgniter->runController(Object(App\Controllers\User))
 9 SYSTEMPATH\CodeIgniter.php(340): CodeIgniter\CodeIgniter->handleRequest(null, Object(Config\Cache), false)
10 FCPATH\index.php(67): CodeIgniter\CodeIgniter->run()
11 SYSTEMPATH\Commands\Server\rewrite.php(43): require_once('FCPATH\\index.php')
