ERROR - 2022-08-30 00:59:58 --> Error connecting to the database: mysqli_sql_exception: No connection could be made because the target machine actively refused it in C:\xampp\htdocs\aplikasi_iro\system\Database\MySQLi\Connection.php:171
Stack trace:
#0 C:\xampp\htdocs\aplikasi_iro\system\Database\MySQLi\Connection.php(171): mysqli->real_connect('localhost', 'root', '', 'iro', 3306, '', 0)
#1 C:\xampp\htdocs\aplikasi_iro\system\Database\BaseConnection.php(382): CodeIgniter\Database\MySQLi\Connection->connect(false)
#2 C:\xampp\htdocs\aplikasi_iro\system\Database\BaseConnection.php(588): CodeIgniter\Database\BaseConnection->initialize()
#3 C:\xampp\htdocs\aplikasi_iro\system\Database\BaseBuilder.php(1585): CodeIgniter\Database\BaseConnection->query('SELECT *\nFROM `...', Array, false)
#4 C:\xampp\htdocs\aplikasi_iro\app\Controllers\Home.php(10): CodeIgniter\Database\BaseBuilder->get()
#5 C:\xampp\htdocs\aplikasi_iro\system\CodeIgniter.php(898): App\Controllers\Home->home()
#6 C:\xampp\htdocs\aplikasi_iro\system\CodeIgniter.php(457): CodeIgniter\CodeIgniter->runController(Object(App\Controllers\Home))
#7 C:\xampp\htdocs\aplikasi_iro\system\CodeIgniter.php(340): CodeIgniter\CodeIgniter->handleRequest(NULL, Object(Config\Cache), false)
#8 C:\xampp\htdocs\aplikasi_iro\public\index.php(67): CodeIgniter\CodeIgniter->run()
#9 C:\xampp\htdocs\aplikasi_iro\system\Commands\Server\rewrite.php(43): require_once('C:\\xampp\\htdocs...')
#10 {main}

Next CodeIgniter\Database\Exceptions\DatabaseException: No connection could be made because the target machine actively refused it in C:\xampp\htdocs\aplikasi_iro\system\Database\MySQLi\Connection.php:215
Stack trace:
#0 C:\xampp\htdocs\aplikasi_iro\system\Database\BaseConnection.php(382): CodeIgniter\Database\MySQLi\Connection->connect(false)
#1 C:\xampp\htdocs\aplikasi_iro\system\Database\BaseConnection.php(588): CodeIgniter\Database\BaseConnection->initialize()
#2 C:\xampp\htdocs\aplikasi_iro\system\Database\BaseBuilder.php(1585): CodeIgniter\Database\BaseConnection->query('SELECT *\nFROM `...', Array, false)
#3 C:\xampp\htdocs\aplikasi_iro\app\Controllers\Home.php(10): CodeIgniter\Database\BaseBuilder->get()
#4 C:\xampp\htdocs\aplikasi_iro\system\CodeIgniter.php(898): App\Controllers\Home->home()
#5 C:\xampp\htdocs\aplikasi_iro\system\CodeIgniter.php(457): CodeIgniter\CodeIgniter->runController(Object(App\Controllers\Home))
#6 C:\xampp\htdocs\aplikasi_iro\system\CodeIgniter.php(340): CodeIgniter\CodeIgniter->handleRequest(NULL, Object(Config\Cache), false)
#7 C:\xampp\htdocs\aplikasi_iro\public\index.php(67): CodeIgniter\CodeIgniter->run()
#8 C:\xampp\htdocs\aplikasi_iro\system\Commands\Server\rewrite.php(43): require_once('C:\\xampp\\htdocs...')
#9 {main}
CRITICAL - 2022-08-30 00:59:58 --> Unable to connect to the database.
Main connection [MySQLi]: No connection could be made because the target machine actively refused it
in SYSTEMPATH\Database\BaseConnection.php on line 418.
 1 SYSTEMPATH\Database\BaseConnection.php(588): CodeIgniter\Database\BaseConnection->initialize()
 2 SYSTEMPATH\Database\BaseBuilder.php(1585): CodeIgniter\Database\BaseConnection->query('SELECT *
FROM `content`', [], false)
 3 APPPATH\Controllers\Home.php(10): CodeIgniter\Database\BaseBuilder->get()
 4 SYSTEMPATH\CodeIgniter.php(898): App\Controllers\Home->home()
 5 SYSTEMPATH\CodeIgniter.php(457): CodeIgniter\CodeIgniter->runController(Object(App\Controllers\Home))
 6 SYSTEMPATH\CodeIgniter.php(340): CodeIgniter\CodeIgniter->handleRequest(null, Object(Config\Cache), false)
 7 FCPATH\index.php(67): CodeIgniter\CodeIgniter->run()
 8 SYSTEMPATH\Commands\Server\rewrite.php(43): require_once('FCPATH\\index.php')
CRITICAL - 2022-08-30 01:15:57 --> Undefined variable $files
in APPPATH\Controllers\Course.php on line 33.
 1 APPPATH\Controllers\Course.php(33): CodeIgniter\Debug\Exceptions->errorHandler(2, 'Undefined variable $files', 'APPPATH\\Controllers\\Course.php', 33)
 2 SYSTEMPATH\CodeIgniter.php(898): App\Controllers\Course->save()
 3 SYSTEMPATH\CodeIgniter.php(457): CodeIgniter\CodeIgniter->runController(Object(App\Controllers\Course))
 4 SYSTEMPATH\CodeIgniter.php(340): CodeIgniter\CodeIgniter->handleRequest(null, Object(Config\Cache), false)
 5 FCPATH\index.php(67): CodeIgniter\CodeIgniter->run()
 6 SYSTEMPATH\Commands\Server\rewrite.php(43): require_once('FCPATH\\index.php')
CRITICAL - 2022-08-30 01:17:05 --> Undefined variable $data
in APPPATH\Controllers\Course.php on line 49.
 1 APPPATH\Controllers\Course.php(49): CodeIgniter\Debug\Exceptions->errorHandler(2, 'Undefined variable $data', 'APPPATH\\Controllers\\Course.php', 49)
 2 SYSTEMPATH\CodeIgniter.php(898): App\Controllers\Course->save()
 3 SYSTEMPATH\CodeIgniter.php(457): CodeIgniter\CodeIgniter->runController(Object(App\Controllers\Course))
 4 SYSTEMPATH\CodeIgniter.php(340): CodeIgniter\CodeIgniter->handleRequest(null, Object(Config\Cache), false)
 5 FCPATH\index.php(67): CodeIgniter\CodeIgniter->run()
 6 SYSTEMPATH\Commands\Server\rewrite.php(43): require_once('FCPATH\\index.php')
CRITICAL - 2022-08-30 01:35:55 --> syntax error, unexpected token "public"
in APPPATH\Controllers\Course.php on line 60.
 1 SYSTEMPATH\Autoloader\Autoloader.php(259): CodeIgniter\Autoloader\Autoloader->includeFile('APPPATH\\Controllers\\Course.php')
 2 SYSTEMPATH\Autoloader\Autoloader.php(237): CodeIgniter\Autoloader\Autoloader->loadInNamespace('App\\Controllers\\Course')
 3 [internal function]: CodeIgniter\Autoloader\Autoloader->loadClass('App\\Controllers\\Course')
 4 SYSTEMPATH\CodeIgniter.php(848): class_exists('\\App\\Controllers\\Course', true)
 5 SYSTEMPATH\CodeIgniter.php(444): CodeIgniter\CodeIgniter->startController()
 6 SYSTEMPATH\CodeIgniter.php(340): CodeIgniter\CodeIgniter->handleRequest(null, Object(Config\Cache), false)
 7 FCPATH\index.php(67): CodeIgniter\CodeIgniter->run()
 8 SYSTEMPATH\Commands\Server\rewrite.php(43): require_once('FCPATH\\index.php')
CRITICAL - 2022-08-30 01:36:00 --> syntax error, unexpected token "public"
in APPPATH\Controllers\Course.php on line 60.
 1 SYSTEMPATH\Autoloader\Autoloader.php(259): CodeIgniter\Autoloader\Autoloader->includeFile('APPPATH\\Controllers\\Course.php')
 2 SYSTEMPATH\Autoloader\Autoloader.php(237): CodeIgniter\Autoloader\Autoloader->loadInNamespace('App\\Controllers\\Course')
 3 [internal function]: CodeIgniter\Autoloader\Autoloader->loadClass('App\\Controllers\\Course')
 4 SYSTEMPATH\CodeIgniter.php(848): class_exists('\\App\\Controllers\\Course', true)
 5 SYSTEMPATH\CodeIgniter.php(444): CodeIgniter\CodeIgniter->startController()
 6 SYSTEMPATH\CodeIgniter.php(340): CodeIgniter\CodeIgniter->handleRequest(null, Object(Config\Cache), false)
 7 FCPATH\index.php(67): CodeIgniter\CodeIgniter->run()
 8 SYSTEMPATH\Commands\Server\rewrite.php(43): require_once('FCPATH\\index.php')
CRITICAL - 2022-08-30 01:36:15 --> syntax error, unexpected token "public"
in APPPATH\Controllers\Course.php on line 60.
 1 SYSTEMPATH\Autoloader\Autoloader.php(259): CodeIgniter\Autoloader\Autoloader->includeFile('APPPATH\\Controllers\\Course.php')
 2 SYSTEMPATH\Autoloader\Autoloader.php(237): CodeIgniter\Autoloader\Autoloader->loadInNamespace('App\\Controllers\\Course')
 3 [internal function]: CodeIgniter\Autoloader\Autoloader->loadClass('App\\Controllers\\Course')
 4 SYSTEMPATH\CodeIgniter.php(848): class_exists('\\App\\Controllers\\Course', true)
 5 SYSTEMPATH\CodeIgniter.php(444): CodeIgniter\CodeIgniter->startController()
 6 SYSTEMPATH\CodeIgniter.php(340): CodeIgniter\CodeIgniter->handleRequest(null, Object(Config\Cache), false)
 7 FCPATH\index.php(67): CodeIgniter\CodeIgniter->run()
 8 SYSTEMPATH\Commands\Server\rewrite.php(43): require_once('FCPATH\\index.php')
CRITICAL - 2022-08-30 01:36:23 --> syntax error, unexpected token "public"
in APPPATH\Controllers\Course.php on line 61.
 1 SYSTEMPATH\Autoloader\Autoloader.php(259): CodeIgniter\Autoloader\Autoloader->includeFile('APPPATH\\Controllers\\Course.php')
 2 SYSTEMPATH\Autoloader\Autoloader.php(237): CodeIgniter\Autoloader\Autoloader->loadInNamespace('App\\Controllers\\Course')
 3 [internal function]: CodeIgniter\Autoloader\Autoloader->loadClass('App\\Controllers\\Course')
 4 SYSTEMPATH\CodeIgniter.php(848): class_exists('\\App\\Controllers\\Course', true)
 5 SYSTEMPATH\CodeIgniter.php(444): CodeIgniter\CodeIgniter->startController()
 6 SYSTEMPATH\CodeIgniter.php(340): CodeIgniter\CodeIgniter->handleRequest(null, Object(Config\Cache), false)
 7 FCPATH\index.php(67): CodeIgniter\CodeIgniter->run()
 8 SYSTEMPATH\Commands\Server\rewrite.php(43): require_once('FCPATH\\index.php')
CRITICAL - 2022-08-30 01:42:34 --> syntax error, unexpected token ";", expecting "]"
in APPPATH\Controllers\Course.php on line 42.
 1 SYSTEMPATH\Autoloader\Autoloader.php(259): CodeIgniter\Autoloader\Autoloader->includeFile('APPPATH\\Controllers\\Course.php')
 2 SYSTEMPATH\Autoloader\Autoloader.php(237): CodeIgniter\Autoloader\Autoloader->loadInNamespace('App\\Controllers\\Course')
 3 [internal function]: CodeIgniter\Autoloader\Autoloader->loadClass('App\\Controllers\\Course')
 4 SYSTEMPATH\CodeIgniter.php(848): class_exists('\\App\\Controllers\\Course', true)
 5 SYSTEMPATH\CodeIgniter.php(444): CodeIgniter\CodeIgniter->startController()
 6 SYSTEMPATH\CodeIgniter.php(340): CodeIgniter\CodeIgniter->handleRequest(null, Object(Config\Cache), false)
 7 FCPATH\index.php(67): CodeIgniter\CodeIgniter->run()
 8 SYSTEMPATH\Commands\Server\rewrite.php(43): require_once('FCPATH\\index.php')
CRITICAL - 2022-08-30 01:42:37 --> syntax error, unexpected token ";", expecting "]"
in APPPATH\Controllers\Course.php on line 42.
 1 SYSTEMPATH\Autoloader\Autoloader.php(259): CodeIgniter\Autoloader\Autoloader->includeFile('APPPATH\\Controllers\\Course.php')
 2 SYSTEMPATH\Autoloader\Autoloader.php(237): CodeIgniter\Autoloader\Autoloader->loadInNamespace('App\\Controllers\\Course')
 3 [internal function]: CodeIgniter\Autoloader\Autoloader->loadClass('App\\Controllers\\Course')
 4 SYSTEMPATH\CodeIgniter.php(848): class_exists('\\App\\Controllers\\Course', true)
 5 SYSTEMPATH\CodeIgniter.php(444): CodeIgniter\CodeIgniter->startController()
 6 SYSTEMPATH\CodeIgniter.php(340): CodeIgniter\CodeIgniter->handleRequest(null, Object(Config\Cache), false)
 7 FCPATH\index.php(67): CodeIgniter\CodeIgniter->run()
 8 SYSTEMPATH\Commands\Server\rewrite.php(43): require_once('FCPATH\\index.php')
CRITICAL - 2022-08-30 01:42:42 --> syntax error, unexpected token ";", expecting "]"
in APPPATH\Controllers\Course.php on line 40.
 1 SYSTEMPATH\Autoloader\Autoloader.php(259): CodeIgniter\Autoloader\Autoloader->includeFile('APPPATH\\Controllers\\Course.php')
 2 SYSTEMPATH\Autoloader\Autoloader.php(237): CodeIgniter\Autoloader\Autoloader->loadInNamespace('App\\Controllers\\Course')
 3 [internal function]: CodeIgniter\Autoloader\Autoloader->loadClass('App\\Controllers\\Course')
 4 SYSTEMPATH\CodeIgniter.php(848): class_exists('\\App\\Controllers\\Course', true)
 5 SYSTEMPATH\CodeIgniter.php(444): CodeIgniter\CodeIgniter->startController()
 6 SYSTEMPATH\CodeIgniter.php(340): CodeIgniter\CodeIgniter->handleRequest(null, Object(Config\Cache), false)
 7 FCPATH\index.php(67): CodeIgniter\CodeIgniter->run()
 8 SYSTEMPATH\Commands\Server\rewrite.php(43): require_once('FCPATH\\index.php')
CRITICAL - 2022-08-30 01:43:20 -->  is not a valid rule.
in SYSTEMPATH\Validation\Validation.php on line 316.
 1 SYSTEMPATH\Validation\Validation.php(316): CodeIgniter\Validation\Exceptions\ValidationException::forRuleNotFound('ROOTPATH\\public')
 2 SYSTEMPATH\Validation\Validation.php(175): CodeIgniter\Validation\Validation->processRules('deskripsi', 'deskripsi', null, [...], [...])
 3 SYSTEMPATH\Controller.php(140): CodeIgniter\Validation\Validation->run()
 4 APPPATH\Controllers\Course.php(30): CodeIgniter\Controller->validate([...])
 5 SYSTEMPATH\CodeIgniter.php(898): App\Controllers\Course->save()
 6 SYSTEMPATH\CodeIgniter.php(457): CodeIgniter\CodeIgniter->runController(Object(App\Controllers\Course))
 7 SYSTEMPATH\CodeIgniter.php(340): CodeIgniter\CodeIgniter->handleRequest(null, Object(Config\Cache), false)
 8 FCPATH\index.php(67): CodeIgniter\CodeIgniter->run()
 9 SYSTEMPATH\Commands\Server\rewrite.php(43): require_once('FCPATH\\index.php')
CRITICAL - 2022-08-30 01:43:28 --> syntax error, unexpected token "=>", expecting ")"
in APPPATH\Controllers\Course.php on line 31.
 1 SYSTEMPATH\Autoloader\Autoloader.php(259): CodeIgniter\Autoloader\Autoloader->includeFile('APPPATH\\Controllers\\Course.php')
 2 SYSTEMPATH\Autoloader\Autoloader.php(237): CodeIgniter\Autoloader\Autoloader->loadInNamespace('App\\Controllers\\Course')
 3 [internal function]: CodeIgniter\Autoloader\Autoloader->loadClass('App\\Controllers\\Course')
 4 SYSTEMPATH\CodeIgniter.php(848): class_exists('\\App\\Controllers\\Course', true)
 5 SYSTEMPATH\CodeIgniter.php(444): CodeIgniter\CodeIgniter->startController()
 6 SYSTEMPATH\CodeIgniter.php(340): CodeIgniter\CodeIgniter->handleRequest(null, Object(Config\Cache), false)
 7 FCPATH\index.php(67): CodeIgniter\CodeIgniter->run()
 8 SYSTEMPATH\Commands\Server\rewrite.php(43): require_once('FCPATH\\index.php')
ERROR - 2022-08-30 01:56:58 --> mysqli_sql_exception: Unknown column 'created_at' in 'field list' in C:\xampp\htdocs\aplikasi_iro\system\Database\MySQLi\Connection.php:292
Stack trace:
#0 C:\xampp\htdocs\aplikasi_iro\system\Database\MySQLi\Connection.php(292): mysqli->query('INSERT INTO `co...', 0)
#1 C:\xampp\htdocs\aplikasi_iro\system\Database\BaseConnection.php(693): CodeIgniter\Database\MySQLi\Connection->execute('INSERT INTO `co...')
#2 C:\xampp\htdocs\aplikasi_iro\system\Database\BaseConnection.php(620): CodeIgniter\Database\BaseConnection->simpleQuery('INSERT INTO `co...')
#3 C:\xampp\htdocs\aplikasi_iro\system\Database\BaseBuilder.php(1916): CodeIgniter\Database\BaseConnection->query('INSERT INTO `co...', Array, false)
#4 C:\xampp\htdocs\aplikasi_iro\system\Model.php(278): CodeIgniter\Database\BaseBuilder->insert()
#5 C:\xampp\htdocs\aplikasi_iro\system\BaseModel.php(738): CodeIgniter\Model->doInsert(Array)
#6 C:\xampp\htdocs\aplikasi_iro\system\Model.php(666): CodeIgniter\BaseModel->insert(Array, true)
#7 C:\xampp\htdocs\aplikasi_iro\app\Controllers\Course.php(55): CodeIgniter\Model->insert(Array)
#8 C:\xampp\htdocs\aplikasi_iro\system\CodeIgniter.php(898): App\Controllers\Course->save()
#9 C:\xampp\htdocs\aplikasi_iro\system\CodeIgniter.php(457): CodeIgniter\CodeIgniter->runController(Object(App\Controllers\Course))
#10 C:\xampp\htdocs\aplikasi_iro\system\CodeIgniter.php(340): CodeIgniter\CodeIgniter->handleRequest(NULL, Object(Config\Cache), false)
#11 C:\xampp\htdocs\aplikasi_iro\public\index.php(67): CodeIgniter\CodeIgniter->run()
#12 C:\xampp\htdocs\aplikasi_iro\system\Commands\Server\rewrite.php(43): require_once('C:\\xampp\\htdocs...')
#13 {main}
ERROR - 2022-08-30 01:57:56 --> mysqli_sql_exception: Unknown column 'created_at' in 'field list' in C:\xampp\htdocs\aplikasi_iro\system\Database\MySQLi\Connection.php:292
Stack trace:
#0 C:\xampp\htdocs\aplikasi_iro\system\Database\MySQLi\Connection.php(292): mysqli->query('INSERT INTO `co...', 0)
#1 C:\xampp\htdocs\aplikasi_iro\system\Database\BaseConnection.php(693): CodeIgniter\Database\MySQLi\Connection->execute('INSERT INTO `co...')
#2 C:\xampp\htdocs\aplikasi_iro\system\Database\BaseConnection.php(620): CodeIgniter\Database\BaseConnection->simpleQuery('INSERT INTO `co...')
#3 C:\xampp\htdocs\aplikasi_iro\system\Database\BaseBuilder.php(1916): CodeIgniter\Database\BaseConnection->query('INSERT INTO `co...', Array, false)
#4 C:\xampp\htdocs\aplikasi_iro\system\Model.php(278): CodeIgniter\Database\BaseBuilder->insert()
#5 C:\xampp\htdocs\aplikasi_iro\system\BaseModel.php(738): CodeIgniter\Model->doInsert(Array)
#6 C:\xampp\htdocs\aplikasi_iro\system\Model.php(666): CodeIgniter\BaseModel->insert(Array, true)
#7 C:\xampp\htdocs\aplikasi_iro\app\Controllers\Course.php(55): CodeIgniter\Model->insert(Array)
#8 C:\xampp\htdocs\aplikasi_iro\system\CodeIgniter.php(898): App\Controllers\Course->save()
#9 C:\xampp\htdocs\aplikasi_iro\system\CodeIgniter.php(457): CodeIgniter\CodeIgniter->runController(Object(App\Controllers\Course))
#10 C:\xampp\htdocs\aplikasi_iro\system\CodeIgniter.php(340): CodeIgniter\CodeIgniter->handleRequest(NULL, Object(Config\Cache), false)
#11 C:\xampp\htdocs\aplikasi_iro\public\index.php(67): CodeIgniter\CodeIgniter->run()
#12 C:\xampp\htdocs\aplikasi_iro\system\Commands\Server\rewrite.php(43): require_once('C:\\xampp\\htdocs...')
#13 {main}
ERROR - 2022-08-30 01:58:31 --> mysqli_sql_exception: Unknown column 'created_at' in 'field list' in C:\xampp\htdocs\aplikasi_iro\system\Database\MySQLi\Connection.php:292
Stack trace:
#0 C:\xampp\htdocs\aplikasi_iro\system\Database\MySQLi\Connection.php(292): mysqli->query('INSERT INTO `co...', 0)
#1 C:\xampp\htdocs\aplikasi_iro\system\Database\BaseConnection.php(693): CodeIgniter\Database\MySQLi\Connection->execute('INSERT INTO `co...')
#2 C:\xampp\htdocs\aplikasi_iro\system\Database\BaseConnection.php(620): CodeIgniter\Database\BaseConnection->simpleQuery('INSERT INTO `co...')
#3 C:\xampp\htdocs\aplikasi_iro\system\Database\BaseBuilder.php(1916): CodeIgniter\Database\BaseConnection->query('INSERT INTO `co...', Array, false)
#4 C:\xampp\htdocs\aplikasi_iro\system\Model.php(278): CodeIgniter\Database\BaseBuilder->insert()
#5 C:\xampp\htdocs\aplikasi_iro\system\BaseModel.php(738): CodeIgniter\Model->doInsert(Array)
#6 C:\xampp\htdocs\aplikasi_iro\system\Model.php(666): CodeIgniter\BaseModel->insert(Array, true)
#7 C:\xampp\htdocs\aplikasi_iro\app\Controllers\Course.php(55): CodeIgniter\Model->insert(Array)
#8 C:\xampp\htdocs\aplikasi_iro\system\CodeIgniter.php(898): App\Controllers\Course->save()
#9 C:\xampp\htdocs\aplikasi_iro\system\CodeIgniter.php(457): CodeIgniter\CodeIgniter->runController(Object(App\Controllers\Course))
#10 C:\xampp\htdocs\aplikasi_iro\system\CodeIgniter.php(340): CodeIgniter\CodeIgniter->handleRequest(NULL, Object(Config\Cache), false)
#11 C:\xampp\htdocs\aplikasi_iro\public\index.php(67): CodeIgniter\CodeIgniter->run()
#12 C:\xampp\htdocs\aplikasi_iro\system\Commands\Server\rewrite.php(43): require_once('C:\\xampp\\htdocs...')
#13 {main}
ERROR - 2022-08-30 02:00:25 --> mysqli_sql_exception: Unknown column 'created_at' in 'field list' in C:\xampp\htdocs\aplikasi_iro\system\Database\MySQLi\Connection.php:292
Stack trace:
#0 C:\xampp\htdocs\aplikasi_iro\system\Database\MySQLi\Connection.php(292): mysqli->query('INSERT INTO `co...', 0)
#1 C:\xampp\htdocs\aplikasi_iro\system\Database\BaseConnection.php(693): CodeIgniter\Database\MySQLi\Connection->execute('INSERT INTO `co...')
#2 C:\xampp\htdocs\aplikasi_iro\system\Database\BaseConnection.php(620): CodeIgniter\Database\BaseConnection->simpleQuery('INSERT INTO `co...')
#3 C:\xampp\htdocs\aplikasi_iro\system\Database\BaseBuilder.php(1916): CodeIgniter\Database\BaseConnection->query('INSERT INTO `co...', Array, false)
#4 C:\xampp\htdocs\aplikasi_iro\system\Model.php(278): CodeIgniter\Database\BaseBuilder->insert()
#5 C:\xampp\htdocs\aplikasi_iro\system\BaseModel.php(738): CodeIgniter\Model->doInsert(Array)
#6 C:\xampp\htdocs\aplikasi_iro\system\Model.php(666): CodeIgniter\BaseModel->insert(Array, true)
#7 C:\xampp\htdocs\aplikasi_iro\app\Controllers\Course.php(55): CodeIgniter\Model->insert(Array)
#8 C:\xampp\htdocs\aplikasi_iro\system\CodeIgniter.php(898): App\Controllers\Course->save()
#9 C:\xampp\htdocs\aplikasi_iro\system\CodeIgniter.php(457): CodeIgniter\CodeIgniter->runController(Object(App\Controllers\Course))
#10 C:\xampp\htdocs\aplikasi_iro\system\CodeIgniter.php(340): CodeIgniter\CodeIgniter->handleRequest(NULL, Object(Config\Cache), false)
#11 C:\xampp\htdocs\aplikasi_iro\public\index.php(67): CodeIgniter\CodeIgniter->run()
#12 C:\xampp\htdocs\aplikasi_iro\system\Commands\Server\rewrite.php(43): require_once('C:\\xampp\\htdocs...')
#13 {main}
ERROR - 2022-08-30 02:02:34 --> mysqli_sql_exception: Unknown column 'created_at' in 'field list' in C:\xampp\htdocs\aplikasi_iro\system\Database\MySQLi\Connection.php:292
Stack trace:
#0 C:\xampp\htdocs\aplikasi_iro\system\Database\MySQLi\Connection.php(292): mysqli->query('INSERT INTO `co...', 0)
#1 C:\xampp\htdocs\aplikasi_iro\system\Database\BaseConnection.php(693): CodeIgniter\Database\MySQLi\Connection->execute('INSERT INTO `co...')
#2 C:\xampp\htdocs\aplikasi_iro\system\Database\BaseConnection.php(620): CodeIgniter\Database\BaseConnection->simpleQuery('INSERT INTO `co...')
#3 C:\xampp\htdocs\aplikasi_iro\system\Database\BaseBuilder.php(1916): CodeIgniter\Database\BaseConnection->query('INSERT INTO `co...', Array, false)
#4 C:\xampp\htdocs\aplikasi_iro\system\Model.php(278): CodeIgniter\Database\BaseBuilder->insert()
#5 C:\xampp\htdocs\aplikasi_iro\system\BaseModel.php(738): CodeIgniter\Model->doInsert(Array)
#6 C:\xampp\htdocs\aplikasi_iro\system\Model.php(666): CodeIgniter\BaseModel->insert(Array, true)
#7 C:\xampp\htdocs\aplikasi_iro\app\Controllers\Course.php(55): CodeIgniter\Model->insert(Array)
#8 C:\xampp\htdocs\aplikasi_iro\system\CodeIgniter.php(898): App\Controllers\Course->save()
#9 C:\xampp\htdocs\aplikasi_iro\system\CodeIgniter.php(457): CodeIgniter\CodeIgniter->runController(Object(App\Controllers\Course))
#10 C:\xampp\htdocs\aplikasi_iro\system\CodeIgniter.php(340): CodeIgniter\CodeIgniter->handleRequest(NULL, Object(Config\Cache), false)
#11 C:\xampp\htdocs\aplikasi_iro\public\index.php(67): CodeIgniter\CodeIgniter->run()
#12 C:\xampp\htdocs\aplikasi_iro\system\Commands\Server\rewrite.php(43): require_once('C:\\xampp\\htdocs...')
#13 {main}
ERROR - 2022-08-30 02:04:47 --> mysqli_sql_exception: Unknown column 'created_at' in 'field list' in C:\xampp\htdocs\aplikasi_iro\system\Database\MySQLi\Connection.php:292
Stack trace:
#0 C:\xampp\htdocs\aplikasi_iro\system\Database\MySQLi\Connection.php(292): mysqli->query('INSERT INTO `co...', 0)
#1 C:\xampp\htdocs\aplikasi_iro\system\Database\BaseConnection.php(693): CodeIgniter\Database\MySQLi\Connection->execute('INSERT INTO `co...')
#2 C:\xampp\htdocs\aplikasi_iro\system\Database\BaseConnection.php(620): CodeIgniter\Database\BaseConnection->simpleQuery('INSERT INTO `co...')
#3 C:\xampp\htdocs\aplikasi_iro\system\Database\BaseBuilder.php(1916): CodeIgniter\Database\BaseConnection->query('INSERT INTO `co...', Array, false)
#4 C:\xampp\htdocs\aplikasi_iro\system\Model.php(278): CodeIgniter\Database\BaseBuilder->insert()
#5 C:\xampp\htdocs\aplikasi_iro\system\BaseModel.php(738): CodeIgniter\Model->doInsert(Array)
#6 C:\xampp\htdocs\aplikasi_iro\system\Model.php(666): CodeIgniter\BaseModel->insert(Array, true)
#7 C:\xampp\htdocs\aplikasi_iro\app\Controllers\Course.php(56): CodeIgniter\Model->insert(Array)
#8 C:\xampp\htdocs\aplikasi_iro\system\CodeIgniter.php(898): App\Controllers\Course->save()
#9 C:\xampp\htdocs\aplikasi_iro\system\CodeIgniter.php(457): CodeIgniter\CodeIgniter->runController(Object(App\Controllers\Course))
#10 C:\xampp\htdocs\aplikasi_iro\system\CodeIgniter.php(340): CodeIgniter\CodeIgniter->handleRequest(NULL, Object(Config\Cache), false)
#11 C:\xampp\htdocs\aplikasi_iro\public\index.php(67): CodeIgniter\CodeIgniter->run()
#12 C:\xampp\htdocs\aplikasi_iro\system\Commands\Server\rewrite.php(43): require_once('C:\\xampp\\htdocs...')
#13 {main}
ERROR - 2022-08-30 02:06:28 --> mysqli_sql_exception: Unknown column 'created_at' in 'field list' in C:\xampp\htdocs\aplikasi_iro\system\Database\MySQLi\Connection.php:292
Stack trace:
#0 C:\xampp\htdocs\aplikasi_iro\system\Database\MySQLi\Connection.php(292): mysqli->query('INSERT INTO `co...', 0)
#1 C:\xampp\htdocs\aplikasi_iro\system\Database\BaseConnection.php(693): CodeIgniter\Database\MySQLi\Connection->execute('INSERT INTO `co...')
#2 C:\xampp\htdocs\aplikasi_iro\system\Database\BaseConnection.php(620): CodeIgniter\Database\BaseConnection->simpleQuery('INSERT INTO `co...')
#3 C:\xampp\htdocs\aplikasi_iro\system\Database\BaseBuilder.php(1916): CodeIgniter\Database\BaseConnection->query('INSERT INTO `co...', Array, false)
#4 C:\xampp\htdocs\aplikasi_iro\system\Model.php(278): CodeIgniter\Database\BaseBuilder->insert()
#5 C:\xampp\htdocs\aplikasi_iro\system\BaseModel.php(738): CodeIgniter\Model->doInsert(Array)
#6 C:\xampp\htdocs\aplikasi_iro\system\Model.php(666): CodeIgniter\BaseModel->insert(Array, true)
#7 C:\xampp\htdocs\aplikasi_iro\app\Controllers\Course.php(56): CodeIgniter\Model->insert(Array)
#8 C:\xampp\htdocs\aplikasi_iro\system\CodeIgniter.php(898): App\Controllers\Course->save()
#9 C:\xampp\htdocs\aplikasi_iro\system\CodeIgniter.php(457): CodeIgniter\CodeIgniter->runController(Object(App\Controllers\Course))
#10 C:\xampp\htdocs\aplikasi_iro\system\CodeIgniter.php(340): CodeIgniter\CodeIgniter->handleRequest(NULL, Object(Config\Cache), false)
#11 C:\xampp\htdocs\aplikasi_iro\public\index.php(67): CodeIgniter\CodeIgniter->run()
#12 C:\xampp\htdocs\aplikasi_iro\system\Commands\Server\rewrite.php(43): require_once('C:\\xampp\\htdocs...')
#13 {main}
ERROR - 2022-08-30 18:19:11 --> mysqli_sql_exception: Unknown column 'created_at' in 'field list' in C:\xampp\htdocs\aplikasi_iro\system\Database\MySQLi\Connection.php:292
Stack trace:
#0 C:\xampp\htdocs\aplikasi_iro\system\Database\MySQLi\Connection.php(292): mysqli->query('INSERT INTO `co...', 0)
#1 C:\xampp\htdocs\aplikasi_iro\system\Database\BaseConnection.php(693): CodeIgniter\Database\MySQLi\Connection->execute('INSERT INTO `co...')
#2 C:\xampp\htdocs\aplikasi_iro\system\Database\BaseConnection.php(620): CodeIgniter\Database\BaseConnection->simpleQuery('INSERT INTO `co...')
#3 C:\xampp\htdocs\aplikasi_iro\system\Database\BaseBuilder.php(1916): CodeIgniter\Database\BaseConnection->query('INSERT INTO `co...', Array, false)
#4 C:\xampp\htdocs\aplikasi_iro\system\Model.php(278): CodeIgniter\Database\BaseBuilder->insert()
#5 C:\xampp\htdocs\aplikasi_iro\system\BaseModel.php(738): CodeIgniter\Model->doInsert(Array)
#6 C:\xampp\htdocs\aplikasi_iro\system\Model.php(666): CodeIgniter\BaseModel->insert(Array, true)
#7 C:\xampp\htdocs\aplikasi_iro\app\Controllers\Course.php(56): CodeIgniter\Model->insert(Array)
#8 C:\xampp\htdocs\aplikasi_iro\system\CodeIgniter.php(898): App\Controllers\Course->save()
#9 C:\xampp\htdocs\aplikasi_iro\system\CodeIgniter.php(457): CodeIgniter\CodeIgniter->runController(Object(App\Controllers\Course))
#10 C:\xampp\htdocs\aplikasi_iro\system\CodeIgniter.php(340): CodeIgniter\CodeIgniter->handleRequest(NULL, Object(Config\Cache), false)
#11 C:\xampp\htdocs\aplikasi_iro\public\index.php(67): CodeIgniter\CodeIgniter->run()
#12 C:\xampp\htdocs\aplikasi_iro\system\Commands\Server\rewrite.php(43): require_once('C:\\xampp\\htdocs...')
#13 {main}
ERROR - 2022-08-30 18:19:56 --> mysqli_sql_exception: Unknown column 'created_at' in 'field list' in C:\xampp\htdocs\aplikasi_iro\system\Database\MySQLi\Connection.php:292
Stack trace:
#0 C:\xampp\htdocs\aplikasi_iro\system\Database\MySQLi\Connection.php(292): mysqli->query('INSERT INTO `co...', 0)
#1 C:\xampp\htdocs\aplikasi_iro\system\Database\BaseConnection.php(693): CodeIgniter\Database\MySQLi\Connection->execute('INSERT INTO `co...')
#2 C:\xampp\htdocs\aplikasi_iro\system\Database\BaseConnection.php(620): CodeIgniter\Database\BaseConnection->simpleQuery('INSERT INTO `co...')
#3 C:\xampp\htdocs\aplikasi_iro\system\Database\BaseBuilder.php(1916): CodeIgniter\Database\BaseConnection->query('INSERT INTO `co...', Array, false)
#4 C:\xampp\htdocs\aplikasi_iro\system\Model.php(278): CodeIgniter\Database\BaseBuilder->insert()
#5 C:\xampp\htdocs\aplikasi_iro\system\BaseModel.php(738): CodeIgniter\Model->doInsert(Array)
#6 C:\xampp\htdocs\aplikasi_iro\system\Model.php(666): CodeIgniter\BaseModel->insert(Array, true)
#7 C:\xampp\htdocs\aplikasi_iro\app\Controllers\Course.php(56): CodeIgniter\Model->insert(Array)
#8 C:\xampp\htdocs\aplikasi_iro\system\CodeIgniter.php(898): App\Controllers\Course->save()
#9 C:\xampp\htdocs\aplikasi_iro\system\CodeIgniter.php(457): CodeIgniter\CodeIgniter->runController(Object(App\Controllers\Course))
#10 C:\xampp\htdocs\aplikasi_iro\system\CodeIgniter.php(340): CodeIgniter\CodeIgniter->handleRequest(NULL, Object(Config\Cache), false)
#11 C:\xampp\htdocs\aplikasi_iro\public\index.php(67): CodeIgniter\CodeIgniter->run()
#12 C:\xampp\htdocs\aplikasi_iro\system\Commands\Server\rewrite.php(43): require_once('C:\\xampp\\htdocs...')
#13 {main}
ERROR - 2022-08-30 18:22:16 --> mysqli_sql_exception: Unknown column 'created_at' in 'field list' in C:\xampp\htdocs\aplikasi_iro\system\Database\MySQLi\Connection.php:292
Stack trace:
#0 C:\xampp\htdocs\aplikasi_iro\system\Database\MySQLi\Connection.php(292): mysqli->query('INSERT INTO `co...', 0)
#1 C:\xampp\htdocs\aplikasi_iro\system\Database\BaseConnection.php(693): CodeIgniter\Database\MySQLi\Connection->execute('INSERT INTO `co...')
#2 C:\xampp\htdocs\aplikasi_iro\system\Database\BaseConnection.php(620): CodeIgniter\Database\BaseConnection->simpleQuery('INSERT INTO `co...')
#3 C:\xampp\htdocs\aplikasi_iro\system\Database\BaseBuilder.php(1916): CodeIgniter\Database\BaseConnection->query('INSERT INTO `co...', Array, false)
#4 C:\xampp\htdocs\aplikasi_iro\system\Model.php(278): CodeIgniter\Database\BaseBuilder->insert()
#5 C:\xampp\htdocs\aplikasi_iro\system\BaseModel.php(738): CodeIgniter\Model->doInsert(Array)
#6 C:\xampp\htdocs\aplikasi_iro\system\Model.php(666): CodeIgniter\BaseModel->insert(Array, true)
#7 C:\xampp\htdocs\aplikasi_iro\app\Controllers\Course.php(56): CodeIgniter\Model->insert(Array)
#8 C:\xampp\htdocs\aplikasi_iro\system\CodeIgniter.php(898): App\Controllers\Course->save()
#9 C:\xampp\htdocs\aplikasi_iro\system\CodeIgniter.php(457): CodeIgniter\CodeIgniter->runController(Object(App\Controllers\Course))
#10 C:\xampp\htdocs\aplikasi_iro\system\CodeIgniter.php(340): CodeIgniter\CodeIgniter->handleRequest(NULL, Object(Config\Cache), false)
#11 C:\xampp\htdocs\aplikasi_iro\public\index.php(67): CodeIgniter\CodeIgniter->run()
#12 C:\xampp\htdocs\aplikasi_iro\system\Commands\Server\rewrite.php(43): require_once('C:\\xampp\\htdocs...')
#13 {main}
CRITICAL - 2022-08-30 18:26:17 --> Call to a member function insert() on null
in APPPATH\Controllers\Course.php on line 48.
 1 SYSTEMPATH\CodeIgniter.php(898): App\Controllers\Course->save()
 2 SYSTEMPATH\CodeIgniter.php(457): CodeIgniter\CodeIgniter->runController(Object(App\Controllers\Course))
 3 SYSTEMPATH\CodeIgniter.php(340): CodeIgniter\CodeIgniter->handleRequest(null, Object(Config\Cache), false)
 4 FCPATH\index.php(67): CodeIgniter\CodeIgniter->run()
 5 SYSTEMPATH\Commands\Server\rewrite.php(43): require_once('FCPATH\\index.php')
CRITICAL - 2022-08-30 18:26:34 --> Call to a member function save() on null
in APPPATH\Controllers\Course.php on line 48.
 1 SYSTEMPATH\CodeIgniter.php(898): App\Controllers\Course->save()
 2 SYSTEMPATH\CodeIgniter.php(457): CodeIgniter\CodeIgniter->runController(Object(App\Controllers\Course))
 3 SYSTEMPATH\CodeIgniter.php(340): CodeIgniter\CodeIgniter->handleRequest(null, Object(Config\Cache), false)
 4 FCPATH\index.php(67): CodeIgniter\CodeIgniter->run()
 5 SYSTEMPATH\Commands\Server\rewrite.php(43): require_once('FCPATH\\index.php')
CRITICAL - 2022-08-30 18:28:54 --> Call to a member function save() on null
in APPPATH\Controllers\Course.php on line 50.
 1 SYSTEMPATH\CodeIgniter.php(898): App\Controllers\Course->save()
 2 SYSTEMPATH\CodeIgniter.php(457): CodeIgniter\CodeIgniter->runController(Object(App\Controllers\Course))
 3 SYSTEMPATH\CodeIgniter.php(340): CodeIgniter\CodeIgniter->handleRequest(null, Object(Config\Cache), false)
 4 FCPATH\index.php(67): CodeIgniter\CodeIgniter->run()
 5 SYSTEMPATH\Commands\Server\rewrite.php(43): require_once('FCPATH\\index.php')
CRITICAL - 2022-08-30 18:29:05 --> Call to a member function save() on null
in APPPATH\Controllers\Course.php on line 50.
 1 SYSTEMPATH\CodeIgniter.php(898): App\Controllers\Course->save()
 2 SYSTEMPATH\CodeIgniter.php(457): CodeIgniter\CodeIgniter->runController(Object(App\Controllers\Course))
 3 SYSTEMPATH\CodeIgniter.php(340): CodeIgniter\CodeIgniter->handleRequest(null, Object(Config\Cache), false)
 4 FCPATH\index.php(67): CodeIgniter\CodeIgniter->run()
 5 SYSTEMPATH\Commands\Server\rewrite.php(43): require_once('FCPATH\\index.php')
ERROR - 2022-08-30 18:32:36 --> mysqli_sql_exception: Unknown column 'created_at' in 'field list' in C:\xampp\htdocs\aplikasi_iro\system\Database\MySQLi\Connection.php:292
Stack trace:
#0 C:\xampp\htdocs\aplikasi_iro\system\Database\MySQLi\Connection.php(292): mysqli->query('INSERT INTO `co...', 0)
#1 C:\xampp\htdocs\aplikasi_iro\system\Database\BaseConnection.php(693): CodeIgniter\Database\MySQLi\Connection->execute('INSERT INTO `co...')
#2 C:\xampp\htdocs\aplikasi_iro\system\Database\BaseConnection.php(620): CodeIgniter\Database\BaseConnection->simpleQuery('INSERT INTO `co...')
#3 C:\xampp\htdocs\aplikasi_iro\system\Database\BaseBuilder.php(1916): CodeIgniter\Database\BaseConnection->query('INSERT INTO `co...', Array, false)
#4 C:\xampp\htdocs\aplikasi_iro\system\Model.php(278): CodeIgniter\Database\BaseBuilder->insert()
#5 C:\xampp\htdocs\aplikasi_iro\system\BaseModel.php(738): CodeIgniter\Model->doInsert(Array)
#6 C:\xampp\htdocs\aplikasi_iro\system\Model.php(666): CodeIgniter\BaseModel->insert(Array, false)
#7 C:\xampp\htdocs\aplikasi_iro\system\BaseModel.php(658): CodeIgniter\Model->insert(Array, false)
#8 C:\xampp\htdocs\aplikasi_iro\app\Controllers\Course.php(56): CodeIgniter\BaseModel->save(Array)
#9 C:\xampp\htdocs\aplikasi_iro\system\CodeIgniter.php(898): App\Controllers\Course->save()
#10 C:\xampp\htdocs\aplikasi_iro\system\CodeIgniter.php(457): CodeIgniter\CodeIgniter->runController(Object(App\Controllers\Course))
#11 C:\xampp\htdocs\aplikasi_iro\system\CodeIgniter.php(340): CodeIgniter\CodeIgniter->handleRequest(NULL, Object(Config\Cache), false)
#12 C:\xampp\htdocs\aplikasi_iro\public\index.php(67): CodeIgniter\CodeIgniter->run()
#13 C:\xampp\htdocs\aplikasi_iro\system\Commands\Server\rewrite.php(43): require_once('C:\\xampp\\htdocs...')
#14 {main}
ERROR - 2022-08-30 18:33:03 --> mysqli_sql_exception: Unknown column 'created_at' in 'field list' in C:\xampp\htdocs\aplikasi_iro\system\Database\MySQLi\Connection.php:292
Stack trace:
#0 C:\xampp\htdocs\aplikasi_iro\system\Database\MySQLi\Connection.php(292): mysqli->query('INSERT INTO `co...', 0)
#1 C:\xampp\htdocs\aplikasi_iro\system\Database\BaseConnection.php(693): CodeIgniter\Database\MySQLi\Connection->execute('INSERT INTO `co...')
#2 C:\xampp\htdocs\aplikasi_iro\system\Database\BaseConnection.php(620): CodeIgniter\Database\BaseConnection->simpleQuery('INSERT INTO `co...')
#3 C:\xampp\htdocs\aplikasi_iro\system\Database\BaseBuilder.php(1916): CodeIgniter\Database\BaseConnection->query('INSERT INTO `co...', Array, false)
#4 C:\xampp\htdocs\aplikasi_iro\system\Model.php(278): CodeIgniter\Database\BaseBuilder->insert()
#5 C:\xampp\htdocs\aplikasi_iro\system\BaseModel.php(738): CodeIgniter\Model->doInsert(Array)
#6 C:\xampp\htdocs\aplikasi_iro\system\Model.php(666): CodeIgniter\BaseModel->insert(Array, false)
#7 C:\xampp\htdocs\aplikasi_iro\system\BaseModel.php(658): CodeIgniter\Model->insert(Array, false)
#8 C:\xampp\htdocs\aplikasi_iro\app\Controllers\Course.php(56): CodeIgniter\BaseModel->save(Array)
#9 C:\xampp\htdocs\aplikasi_iro\system\CodeIgniter.php(898): App\Controllers\Course->save()
#10 C:\xampp\htdocs\aplikasi_iro\system\CodeIgniter.php(457): CodeIgniter\CodeIgniter->runController(Object(App\Controllers\Course))
#11 C:\xampp\htdocs\aplikasi_iro\system\CodeIgniter.php(340): CodeIgniter\CodeIgniter->handleRequest(NULL, Object(Config\Cache), false)
#12 C:\xampp\htdocs\aplikasi_iro\public\index.php(67): CodeIgniter\CodeIgniter->run()
#13 C:\xampp\htdocs\aplikasi_iro\system\Commands\Server\rewrite.php(43): require_once('C:\\xampp\\htdocs...')
#14 {main}
ERROR - 2022-08-30 18:34:11 --> mysqli_sql_exception: Unknown column 'created_at' in 'field list' in C:\xampp\htdocs\aplikasi_iro\system\Database\MySQLi\Connection.php:292
Stack trace:
#0 C:\xampp\htdocs\aplikasi_iro\system\Database\MySQLi\Connection.php(292): mysqli->query('INSERT INTO `co...', 0)
#1 C:\xampp\htdocs\aplikasi_iro\system\Database\BaseConnection.php(693): CodeIgniter\Database\MySQLi\Connection->execute('INSERT INTO `co...')
#2 C:\xampp\htdocs\aplikasi_iro\system\Database\BaseConnection.php(620): CodeIgniter\Database\BaseConnection->simpleQuery('INSERT INTO `co...')
#3 C:\xampp\htdocs\aplikasi_iro\system\Database\BaseBuilder.php(1916): CodeIgniter\Database\BaseConnection->query('INSERT INTO `co...', Array, false)
#4 C:\xampp\htdocs\aplikasi_iro\system\Model.php(278): CodeIgniter\Database\BaseBuilder->insert()
#5 C:\xampp\htdocs\aplikasi_iro\system\BaseModel.php(738): CodeIgniter\Model->doInsert(Array)
#6 C:\xampp\htdocs\aplikasi_iro\system\Model.php(666): CodeIgniter\BaseModel->insert(Array, false)
#7 C:\xampp\htdocs\aplikasi_iro\system\BaseModel.php(658): CodeIgniter\Model->insert(Array, false)
#8 C:\xampp\htdocs\aplikasi_iro\app\Controllers\Course.php(56): CodeIgniter\BaseModel->save(Array)
#9 C:\xampp\htdocs\aplikasi_iro\system\CodeIgniter.php(898): App\Controllers\Course->save()
#10 C:\xampp\htdocs\aplikasi_iro\system\CodeIgniter.php(457): CodeIgniter\CodeIgniter->runController(Object(App\Controllers\Course))
#11 C:\xampp\htdocs\aplikasi_iro\system\CodeIgniter.php(340): CodeIgniter\CodeIgniter->handleRequest(NULL, Object(Config\Cache), false)
#12 C:\xampp\htdocs\aplikasi_iro\public\index.php(67): CodeIgniter\CodeIgniter->run()
#13 C:\xampp\htdocs\aplikasi_iro\system\Commands\Server\rewrite.php(43): require_once('C:\\xampp\\htdocs...')
#14 {main}
ERROR - 2022-08-30 18:35:21 --> mysqli_sql_exception: Unknown column 'created_at' in 'field list' in C:\xampp\htdocs\aplikasi_iro\system\Database\MySQLi\Connection.php:292
Stack trace:
#0 C:\xampp\htdocs\aplikasi_iro\system\Database\MySQLi\Connection.php(292): mysqli->query('INSERT INTO `co...', 0)
#1 C:\xampp\htdocs\aplikasi_iro\system\Database\BaseConnection.php(693): CodeIgniter\Database\MySQLi\Connection->execute('INSERT INTO `co...')
#2 C:\xampp\htdocs\aplikasi_iro\system\Database\BaseConnection.php(620): CodeIgniter\Database\BaseConnection->simpleQuery('INSERT INTO `co...')
#3 C:\xampp\htdocs\aplikasi_iro\system\Database\BaseBuilder.php(1916): CodeIgniter\Database\BaseConnection->query('INSERT INTO `co...', Array, false)
#4 C:\xampp\htdocs\aplikasi_iro\system\Model.php(278): CodeIgniter\Database\BaseBuilder->insert()
#5 C:\xampp\htdocs\aplikasi_iro\system\BaseModel.php(738): CodeIgniter\Model->doInsert(Array)
#6 C:\xampp\htdocs\aplikasi_iro\system\Model.php(666): CodeIgniter\BaseModel->insert(Array, false)
#7 C:\xampp\htdocs\aplikasi_iro\system\BaseModel.php(658): CodeIgniter\Model->insert(Array, false)
#8 C:\xampp\htdocs\aplikasi_iro\app\Controllers\Course.php(56): CodeIgniter\BaseModel->save(Array)
#9 C:\xampp\htdocs\aplikasi_iro\system\CodeIgniter.php(898): App\Controllers\Course->save()
#10 C:\xampp\htdocs\aplikasi_iro\system\CodeIgniter.php(457): CodeIgniter\CodeIgniter->runController(Object(App\Controllers\Course))
#11 C:\xampp\htdocs\aplikasi_iro\system\CodeIgniter.php(340): CodeIgniter\CodeIgniter->handleRequest(NULL, Object(Config\Cache), false)
#12 C:\xampp\htdocs\aplikasi_iro\public\index.php(67): CodeIgniter\CodeIgniter->run()
#13 C:\xampp\htdocs\aplikasi_iro\system\Commands\Server\rewrite.php(43): require_once('C:\\xampp\\htdocs...')
#14 {main}
ERROR - 2022-08-30 18:36:30 --> mysqli_sql_exception: Unknown column 'created_at' in 'field list' in C:\xampp\htdocs\aplikasi_iro\system\Database\MySQLi\Connection.php:292
Stack trace:
#0 C:\xampp\htdocs\aplikasi_iro\system\Database\MySQLi\Connection.php(292): mysqli->query('INSERT INTO `co...', 0)
#1 C:\xampp\htdocs\aplikasi_iro\system\Database\BaseConnection.php(693): CodeIgniter\Database\MySQLi\Connection->execute('INSERT INTO `co...')
#2 C:\xampp\htdocs\aplikasi_iro\system\Database\BaseConnection.php(620): CodeIgniter\Database\BaseConnection->simpleQuery('INSERT INTO `co...')
#3 C:\xampp\htdocs\aplikasi_iro\system\Database\BaseBuilder.php(1916): CodeIgniter\Database\BaseConnection->query('INSERT INTO `co...', Array, false)
#4 C:\xampp\htdocs\aplikasi_iro\system\Model.php(278): CodeIgniter\Database\BaseBuilder->insert()
#5 C:\xampp\htdocs\aplikasi_iro\system\BaseModel.php(738): CodeIgniter\Model->doInsert(Array)
#6 C:\xampp\htdocs\aplikasi_iro\system\Model.php(666): CodeIgniter\BaseModel->insert(Array, false)
#7 C:\xampp\htdocs\aplikasi_iro\system\BaseModel.php(658): CodeIgniter\Model->insert(Array, false)
#8 C:\xampp\htdocs\aplikasi_iro\app\Controllers\Course.php(56): CodeIgniter\BaseModel->save(Array)
#9 C:\xampp\htdocs\aplikasi_iro\system\CodeIgniter.php(898): App\Controllers\Course->save()
#10 C:\xampp\htdocs\aplikasi_iro\system\CodeIgniter.php(457): CodeIgniter\CodeIgniter->runController(Object(App\Controllers\Course))
#11 C:\xampp\htdocs\aplikasi_iro\system\CodeIgniter.php(340): CodeIgniter\CodeIgniter->handleRequest(NULL, Object(Config\Cache), false)
#12 C:\xampp\htdocs\aplikasi_iro\public\index.php(67): CodeIgniter\CodeIgniter->run()
#13 C:\xampp\htdocs\aplikasi_iro\system\Commands\Server\rewrite.php(43): require_once('C:\\xampp\\htdocs...')
#14 {main}
CRITICAL - 2022-08-30 18:37:40 --> Undefined property: stdClass::$jumlah_doewnload
in APPPATH\Views\course\get.php on line 56.
 1 APPPATH\Views\course\get.php(56): CodeIgniter\Debug\Exceptions->errorHandler(2, 'Undefined property: stdClass::$jumlah_doewnload', 'APPPATH\\Views\\course\\get.php', 56)
 2 SYSTEMPATH\View\View.php(213): include('APPPATH\\Views\\course\\get.php')
 3 SYSTEMPATH\View\View.php(216): CodeIgniter\View\View->CodeIgniter\View\{closure}()
 4 SYSTEMPATH\Common.php(1137): CodeIgniter\View\View->render('course/get', [], true)
 5 APPPATH\Controllers\Course.php(20): view('course/get', [...])
 6 SYSTEMPATH\CodeIgniter.php(898): App\Controllers\Course->index()
 7 SYSTEMPATH\CodeIgniter.php(457): CodeIgniter\CodeIgniter->runController(Object(App\Controllers\Course))
 8 SYSTEMPATH\CodeIgniter.php(340): CodeIgniter\CodeIgniter->handleRequest(null, Object(Config\Cache), false)
 9 FCPATH\index.php(67): CodeIgniter\CodeIgniter->run()
10 SYSTEMPATH\Commands\Server\rewrite.php(43): require_once('FCPATH\\index.php')
CRITICAL - 2022-08-30 18:38:01 --> Undefined property: stdClass::$id
in APPPATH\Views\course\get.php on line 59.
 1 APPPATH\Views\course\get.php(59): CodeIgniter\Debug\Exceptions->errorHandler(2, 'Undefined property: stdClass::$id', 'APPPATH\\Views\\course\\get.php', 59)
 2 SYSTEMPATH\View\View.php(213): include('APPPATH\\Views\\course\\get.php')
 3 SYSTEMPATH\View\View.php(216): CodeIgniter\View\View->CodeIgniter\View\{closure}()
 4 SYSTEMPATH\Common.php(1137): CodeIgniter\View\View->render('course/get', [], true)
 5 APPPATH\Controllers\Course.php(20): view('course/get', [...])
 6 SYSTEMPATH\CodeIgniter.php(898): App\Controllers\Course->index()
 7 SYSTEMPATH\CodeIgniter.php(457): CodeIgniter\CodeIgniter->runController(Object(App\Controllers\Course))
 8 SYSTEMPATH\CodeIgniter.php(340): CodeIgniter\CodeIgniter->handleRequest(null, Object(Config\Cache), false)
 9 FCPATH\index.php(67): CodeIgniter\CodeIgniter->run()
10 SYSTEMPATH\Commands\Server\rewrite.php(43): require_once('FCPATH\\index.php')
CRITICAL - 2022-08-30 18:38:09 --> Undefined property: stdClass::$id
in APPPATH\Views\course\get.php on line 60.
 1 APPPATH\Views\course\get.php(60): CodeIgniter\Debug\Exceptions->errorHandler(2, 'Undefined property: stdClass::$id', 'APPPATH\\Views\\course\\get.php', 60)
 2 SYSTEMPATH\View\View.php(213): include('APPPATH\\Views\\course\\get.php')
 3 SYSTEMPATH\View\View.php(216): CodeIgniter\View\View->CodeIgniter\View\{closure}()
 4 SYSTEMPATH\Common.php(1137): CodeIgniter\View\View->render('course/get', [], true)
 5 APPPATH\Controllers\Course.php(20): view('course/get', [...])
 6 SYSTEMPATH\CodeIgniter.php(898): App\Controllers\Course->index()
 7 SYSTEMPATH\CodeIgniter.php(457): CodeIgniter\CodeIgniter->runController(Object(App\Controllers\Course))
 8 SYSTEMPATH\CodeIgniter.php(340): CodeIgniter\CodeIgniter->handleRequest(null, Object(Config\Cache), false)
 9 FCPATH\index.php(67): CodeIgniter\CodeIgniter->run()
10 SYSTEMPATH\Commands\Server\rewrite.php(43): require_once('FCPATH\\index.php')
CRITICAL - 2022-08-30 18:38:10 --> Undefined property: stdClass::$id
in APPPATH\Views\course\get.php on line 60.
 1 APPPATH\Views\course\get.php(60): CodeIgniter\Debug\Exceptions->errorHandler(2, 'Undefined property: stdClass::$id', 'APPPATH\\Views\\course\\get.php', 60)
 2 SYSTEMPATH\View\View.php(213): include('APPPATH\\Views\\course\\get.php')
 3 SYSTEMPATH\View\View.php(216): CodeIgniter\View\View->CodeIgniter\View\{closure}()
 4 SYSTEMPATH\Common.php(1137): CodeIgniter\View\View->render('course/get', [], true)
 5 APPPATH\Controllers\Course.php(20): view('course/get', [...])
 6 SYSTEMPATH\CodeIgniter.php(898): App\Controllers\Course->index()
 7 SYSTEMPATH\CodeIgniter.php(457): CodeIgniter\CodeIgniter->runController(Object(App\Controllers\Course))
 8 SYSTEMPATH\CodeIgniter.php(340): CodeIgniter\CodeIgniter->handleRequest(null, Object(Config\Cache), false)
 9 FCPATH\index.php(67): CodeIgniter\CodeIgniter->run()
10 SYSTEMPATH\Commands\Server\rewrite.php(43): require_once('FCPATH\\index.php')
CRITICAL - 2022-08-30 18:42:49 --> Undefined variable $row
in APPPATH\Views\course\get.php on line 58.
 1 APPPATH\Views\course\get.php(58): CodeIgniter\Debug\Exceptions->errorHandler(2, 'Undefined variable $row', 'APPPATH\\Views\\course\\get.php', 58)
 2 SYSTEMPATH\View\View.php(213): include('APPPATH\\Views\\course\\get.php')
 3 SYSTEMPATH\View\View.php(216): CodeIgniter\View\View->CodeIgniter\View\{closure}()
 4 SYSTEMPATH\Common.php(1137): CodeIgniter\View\View->render('course/get', [], true)
 5 APPPATH\Controllers\Course.php(20): view('course/get', [...])
 6 SYSTEMPATH\CodeIgniter.php(898): App\Controllers\Course->index()
 7 SYSTEMPATH\CodeIgniter.php(457): CodeIgniter\CodeIgniter->runController(Object(App\Controllers\Course))
 8 SYSTEMPATH\CodeIgniter.php(340): CodeIgniter\CodeIgniter->handleRequest(null, Object(Config\Cache), false)
 9 FCPATH\index.php(67): CodeIgniter\CodeIgniter->run()
10 SYSTEMPATH\Commands\Server\rewrite.php(43): require_once('FCPATH\\index.php')
CRITICAL - 2022-08-30 18:43:02 --> Undefined variable $row
in APPPATH\Views\course\get.php on line 58.
 1 APPPATH\Views\course\get.php(58): CodeIgniter\Debug\Exceptions->errorHandler(2, 'Undefined variable $row', 'APPPATH\\Views\\course\\get.php', 58)
 2 SYSTEMPATH\View\View.php(213): include('APPPATH\\Views\\course\\get.php')
 3 SYSTEMPATH\View\View.php(216): CodeIgniter\View\View->CodeIgniter\View\{closure}()
 4 SYSTEMPATH\Common.php(1137): CodeIgniter\View\View->render('course/get', [], true)
 5 APPPATH\Controllers\Course.php(20): view('course/get', [...])
 6 SYSTEMPATH\CodeIgniter.php(898): App\Controllers\Course->index()
 7 SYSTEMPATH\CodeIgniter.php(457): CodeIgniter\CodeIgniter->runController(Object(App\Controllers\Course))
 8 SYSTEMPATH\CodeIgniter.php(340): CodeIgniter\CodeIgniter->handleRequest(null, Object(Config\Cache), false)
 9 FCPATH\index.php(67): CodeIgniter\CodeIgniter->run()
10 SYSTEMPATH\Commands\Server\rewrite.php(43): require_once('FCPATH\\index.php')
CRITICAL - 2022-08-30 18:44:51 --> Undefined property: stdClass::$id
in APPPATH\Views\course\get.php on line 58.
 1 APPPATH\Views\course\get.php(58): CodeIgniter\Debug\Exceptions->errorHandler(2, 'Undefined property: stdClass::$id', 'APPPATH\\Views\\course\\get.php', 58)
 2 SYSTEMPATH\View\View.php(213): include('APPPATH\\Views\\course\\get.php')
 3 SYSTEMPATH\View\View.php(216): CodeIgniter\View\View->CodeIgniter\View\{closure}()
 4 SYSTEMPATH\Common.php(1137): CodeIgniter\View\View->render('course/get', [], true)
 5 APPPATH\Controllers\Course.php(20): view('course/get', [...])
 6 SYSTEMPATH\CodeIgniter.php(898): App\Controllers\Course->index()
 7 SYSTEMPATH\CodeIgniter.php(457): CodeIgniter\CodeIgniter->runController(Object(App\Controllers\Course))
 8 SYSTEMPATH\CodeIgniter.php(340): CodeIgniter\CodeIgniter->handleRequest(null, Object(Config\Cache), false)
 9 FCPATH\index.php(67): CodeIgniter\CodeIgniter->run()
10 SYSTEMPATH\Commands\Server\rewrite.php(43): require_once('FCPATH\\index.php')
CRITICAL - 2022-08-30 18:46:31 --> Undefined variable $course
in APPPATH\Controllers\Course.php on line 16.
 1 APPPATH\Controllers\Course.php(16): CodeIgniter\Debug\Exceptions->errorHandler(2, 'Undefined variable $course', 'APPPATH\\Controllers\\Course.php', 16)
 2 SYSTEMPATH\CodeIgniter.php(898): App\Controllers\Course->index()
 3 SYSTEMPATH\CodeIgniter.php(457): CodeIgniter\CodeIgniter->runController(Object(App\Controllers\Course))
 4 SYSTEMPATH\CodeIgniter.php(340): CodeIgniter\CodeIgniter->handleRequest(null, Object(Config\Cache), false)
 5 FCPATH\index.php(67): CodeIgniter\CodeIgniter->run()
 6 SYSTEMPATH\Commands\Server\rewrite.php(43): require_once('FCPATH\\index.php')
CRITICAL - 2022-08-30 18:46:41 --> Attempt to read property "judul" on array
in APPPATH\Views\course\get.php on line 53.
 1 APPPATH\Views\course\get.php(53): CodeIgniter\Debug\Exceptions->errorHandler(2, 'Attempt to read property "judul" on array', 'APPPATH\\Views\\course\\get.php', 53)
 2 SYSTEMPATH\View\View.php(213): include('APPPATH\\Views\\course\\get.php')
 3 SYSTEMPATH\View\View.php(216): CodeIgniter\View\View->CodeIgniter\View\{closure}()
 4 SYSTEMPATH\Common.php(1137): CodeIgniter\View\View->render('course/get', [], true)
 5 APPPATH\Controllers\Course.php(17): view('course/get', [...])
 6 SYSTEMPATH\CodeIgniter.php(898): App\Controllers\Course->index()
 7 SYSTEMPATH\CodeIgniter.php(457): CodeIgniter\CodeIgniter->runController(Object(App\Controllers\Course))
 8 SYSTEMPATH\CodeIgniter.php(340): CodeIgniter\CodeIgniter->handleRequest(null, Object(Config\Cache), false)
 9 FCPATH\index.php(67): CodeIgniter\CodeIgniter->run()
10 SYSTEMPATH\Commands\Server\rewrite.php(43): require_once('FCPATH\\index.php')
CRITICAL - 2022-08-30 18:47:00 --> Undefined property: stdClass::$id
in APPPATH\Views\course\get.php on line 58.
 1 APPPATH\Views\course\get.php(58): CodeIgniter\Debug\Exceptions->errorHandler(2, 'Undefined property: stdClass::$id', 'APPPATH\\Views\\course\\get.php', 58)
 2 SYSTEMPATH\View\View.php(213): include('APPPATH\\Views\\course\\get.php')
 3 SYSTEMPATH\View\View.php(216): CodeIgniter\View\View->CodeIgniter\View\{closure}()
 4 SYSTEMPATH\Common.php(1137): CodeIgniter\View\View->render('course/get', [], true)
 5 APPPATH\Controllers\Course.php(17): view('course/get', [...])
 6 SYSTEMPATH\CodeIgniter.php(898): App\Controllers\Course->index()
 7 SYSTEMPATH\CodeIgniter.php(457): CodeIgniter\CodeIgniter->runController(Object(App\Controllers\Course))
 8 SYSTEMPATH\CodeIgniter.php(340): CodeIgniter\CodeIgniter->handleRequest(null, Object(Config\Cache), false)
 9 FCPATH\index.php(67): CodeIgniter\CodeIgniter->run()
10 SYSTEMPATH\Commands\Server\rewrite.php(43): require_once('FCPATH\\index.php')
CRITICAL - 2022-08-30 18:49:44 --> Undefined property: stdClass::$id
in APPPATH\Views\course\get.php on line 58.
 1 APPPATH\Views\course\get.php(58): CodeIgniter\Debug\Exceptions->errorHandler(2, 'Undefined property: stdClass::$id', 'APPPATH\\Views\\course\\get.php', 58)
 2 SYSTEMPATH\View\View.php(213): include('APPPATH\\Views\\course\\get.php')
 3 SYSTEMPATH\View\View.php(216): CodeIgniter\View\View->CodeIgniter\View\{closure}()
 4 SYSTEMPATH\Common.php(1137): CodeIgniter\View\View->render('course/get', [], true)
 5 APPPATH\Controllers\Course.php(17): view('course/get', [...])
 6 SYSTEMPATH\CodeIgniter.php(898): App\Controllers\Course->index()
 7 SYSTEMPATH\CodeIgniter.php(457): CodeIgniter\CodeIgniter->runController(Object(App\Controllers\Course))
 8 SYSTEMPATH\CodeIgniter.php(340): CodeIgniter\CodeIgniter->handleRequest(null, Object(Config\Cache), false)
 9 FCPATH\index.php(67): CodeIgniter\CodeIgniter->run()
10 SYSTEMPATH\Commands\Server\rewrite.php(43): require_once('FCPATH\\index.php')
