ERROR - 2022-09-01 00:28:32 --> mysqli_sql_exception: Unknown column 'image' in 'field list' in C:\xampp\htdocs\aplikasi_iro\system\Database\MySQLi\Connection.php:292
Stack trace:
#0 C:\xampp\htdocs\aplikasi_iro\system\Database\MySQLi\Connection.php(292): mysqli->query('UPDATE `users` ...', 0)
#1 C:\xampp\htdocs\aplikasi_iro\system\Database\BaseConnection.php(693): CodeIgniter\Database\MySQLi\Connection->execute('UPDATE `users` ...')
#2 C:\xampp\htdocs\aplikasi_iro\system\Database\BaseConnection.php(620): CodeIgniter\Database\BaseConnection->simpleQuery('UPDATE `users` ...')
#3 C:\xampp\htdocs\aplikasi_iro\system\Database\BaseBuilder.php(2078): CodeIgniter\Database\BaseConnection->query('UPDATE `users` ...', Array, false)
#4 C:\xampp\htdocs\aplikasi_iro\app\Controllers\User.php(60): CodeIgniter\Database\BaseBuilder->update(Array)
#5 C:\xampp\htdocs\aplikasi_iro\system\CodeIgniter.php(898): App\Controllers\User->update('4')
#6 C:\xampp\htdocs\aplikasi_iro\system\CodeIgniter.php(457): CodeIgniter\CodeIgniter->runController(Object(App\Controllers\User))
#7 C:\xampp\htdocs\aplikasi_iro\system\CodeIgniter.php(340): CodeIgniter\CodeIgniter->handleRequest(NULL, Object(Config\Cache), false)
#8 C:\xampp\htdocs\aplikasi_iro\public\index.php(67): CodeIgniter\CodeIgniter->run()
#9 C:\xampp\htdocs\aplikasi_iro\system\Commands\Server\rewrite.php(43): require_once('C:\\xampp\\htdocs...')
#10 {main}
ERROR - 2022-09-01 00:30:56 --> mysqli_sql_exception: Unknown column 'image' in 'field list' in C:\xampp\htdocs\aplikasi_iro\system\Database\MySQLi\Connection.php:292
Stack trace:
#0 C:\xampp\htdocs\aplikasi_iro\system\Database\MySQLi\Connection.php(292): mysqli->query('UPDATE `users` ...', 0)
#1 C:\xampp\htdocs\aplikasi_iro\system\Database\BaseConnection.php(693): CodeIgniter\Database\MySQLi\Connection->execute('UPDATE `users` ...')
#2 C:\xampp\htdocs\aplikasi_iro\system\Database\BaseConnection.php(620): CodeIgniter\Database\BaseConnection->simpleQuery('UPDATE `users` ...')
#3 C:\xampp\htdocs\aplikasi_iro\system\Database\BaseBuilder.php(2078): CodeIgniter\Database\BaseConnection->query('UPDATE `users` ...', Array, false)
#4 C:\xampp\htdocs\aplikasi_iro\app\Controllers\User.php(60): CodeIgniter\Database\BaseBuilder->update(Array)
#5 C:\xampp\htdocs\aplikasi_iro\system\CodeIgniter.php(898): App\Controllers\User->update('4')
#6 C:\xampp\htdocs\aplikasi_iro\system\CodeIgniter.php(457): CodeIgniter\CodeIgniter->runController(Object(App\Controllers\User))
#7 C:\xampp\htdocs\aplikasi_iro\system\CodeIgniter.php(340): CodeIgniter\CodeIgniter->handleRequest(NULL, Object(Config\Cache), false)
#8 C:\xampp\htdocs\aplikasi_iro\public\index.php(67): CodeIgniter\CodeIgniter->run()
#9 C:\xampp\htdocs\aplikasi_iro\system\Commands\Server\rewrite.php(43): require_once('C:\\xampp\\htdocs...')
#10 {main}
CRITICAL - 2022-09-01 00:33:27 --> Undefined property: stdClass::$user_image
in APPPATH\Views\profil\get.php on line 73.
 1 APPPATH\Views\profil\get.php(73): CodeIgniter\Debug\Exceptions->errorHandler(2, 'Undefined property: stdClass::$user_image', 'APPPATH\\Views\\profil\\get.php', 73)
 2 SYSTEMPATH\View\View.php(213): include('APPPATH\\Views\\profil\\get.php')
 3 SYSTEMPATH\View\View.php(216): CodeIgniter\View\View->CodeIgniter\View\{closure}()
 4 SYSTEMPATH\Common.php(1137): CodeIgniter\View\View->render('profil/get', [], true)
 5 APPPATH\Controllers\User.php(36): view('profil/get', [...])
 6 SYSTEMPATH\CodeIgniter.php(898): App\Controllers\User->profil('4')
 7 SYSTEMPATH\CodeIgniter.php(457): CodeIgniter\CodeIgniter->runController(Object(App\Controllers\User))
 8 SYSTEMPATH\CodeIgniter.php(340): CodeIgniter\CodeIgniter->handleRequest(null, Object(Config\Cache), false)
 9 FCPATH\index.php(67): CodeIgniter\CodeIgniter->run()
10 SYSTEMPATH\Commands\Server\rewrite.php(43): require_once('FCPATH\\index.php')
CRITICAL - 2022-09-01 00:33:40 --> Undefined property: stdClass::$user_image
in APPPATH\Views\profil\get.php on line 131.
 1 APPPATH\Views\profil\get.php(131): CodeIgniter\Debug\Exceptions->errorHandler(2, 'Undefined property: stdClass::$user_image', 'APPPATH\\Views\\profil\\get.php', 131)
 2 SYSTEMPATH\View\View.php(213): include('APPPATH\\Views\\profil\\get.php')
 3 SYSTEMPATH\View\View.php(216): CodeIgniter\View\View->CodeIgniter\View\{closure}()
 4 SYSTEMPATH\Common.php(1137): CodeIgniter\View\View->render('profil/get', [], true)
 5 APPPATH\Controllers\User.php(36): view('profil/get', [...])
 6 SYSTEMPATH\CodeIgniter.php(898): App\Controllers\User->profil('4')
 7 SYSTEMPATH\CodeIgniter.php(457): CodeIgniter\CodeIgniter->runController(Object(App\Controllers\User))
 8 SYSTEMPATH\CodeIgniter.php(340): CodeIgniter\CodeIgniter->handleRequest(null, Object(Config\Cache), false)
 9 FCPATH\index.php(67): CodeIgniter\CodeIgniter->run()
10 SYSTEMPATH\Commands\Server\rewrite.php(43): require_once('FCPATH\\index.php')
CRITICAL - 2022-09-01 00:46:16 --> Undefined property: stdClass::$user_image
in APPPATH\Views\admin\detail.php on line 18.
 1 APPPATH\Views\admin\detail.php(18): CodeIgniter\Debug\Exceptions->errorHandler(2, 'Undefined property: stdClass::$user_image', 'APPPATH\\Views\\admin\\detail.php', 18)
 2 SYSTEMPATH\View\View.php(213): include('APPPATH\\Views\\admin\\detail.php')
 3 SYSTEMPATH\View\View.php(216): CodeIgniter\View\View->CodeIgniter\View\{closure}()
 4 SYSTEMPATH\Common.php(1137): CodeIgniter\View\View->render('admin/detail', [], true)
 5 APPPATH\Controllers\Admin.php(35): view('admin/detail', [...])
 6 SYSTEMPATH\CodeIgniter.php(898): App\Controllers\Admin->detail('4')
 7 SYSTEMPATH\CodeIgniter.php(457): CodeIgniter\CodeIgniter->runController(Object(App\Controllers\Admin))
 8 SYSTEMPATH\CodeIgniter.php(340): CodeIgniter\CodeIgniter->handleRequest(null, Object(Config\Cache), false)
 9 FCPATH\index.php(67): CodeIgniter\CodeIgniter->run()
10 SYSTEMPATH\Commands\Server\rewrite.php(43): require_once('FCPATH\\index.php')
CRITICAL - 2022-09-01 00:49:15 --> Call to undefined method stdClass::date()
in APPPATH\Views\profil\get.php on line 135.
 1 SYSTEMPATH\View\View.php(213): include()
 2 SYSTEMPATH\View\View.php(216): CodeIgniter\View\View->CodeIgniter\View\{closure}()
 3 SYSTEMPATH\Common.php(1137): CodeIgniter\View\View->render('profil/get', [], true)
 4 APPPATH\Controllers\User.php(36): view('profil/get', [...])
 5 SYSTEMPATH\CodeIgniter.php(898): App\Controllers\User->profil('4')
 6 SYSTEMPATH\CodeIgniter.php(457): CodeIgniter\CodeIgniter->runController(Object(App\Controllers\User))
 7 SYSTEMPATH\CodeIgniter.php(340): CodeIgniter\CodeIgniter->handleRequest(null, Object(Config\Cache), false)
 8 FCPATH\index.php(67): CodeIgniter\CodeIgniter->run()
 9 SYSTEMPATH\Commands\Server\rewrite.php(43): require_once('FCPATH\\index.php')
CRITICAL - 2022-09-01 00:49:29 --> syntax error, unexpected identifier "strtotime", expecting ")"
in APPPATH\Views\profil\get.php on line 135.
 1 SYSTEMPATH\View\View.php(216): CodeIgniter\View\View->CodeIgniter\View\{closure}()
 2 SYSTEMPATH\Common.php(1137): CodeIgniter\View\View->render('profil/get', [], true)
 3 APPPATH\Controllers\User.php(36): view('profil/get', [...])
 4 SYSTEMPATH\CodeIgniter.php(898): App\Controllers\User->profil('4')
 5 SYSTEMPATH\CodeIgniter.php(457): CodeIgniter\CodeIgniter->runController(Object(App\Controllers\User))
 6 SYSTEMPATH\CodeIgniter.php(340): CodeIgniter\CodeIgniter->handleRequest(null, Object(Config\Cache), false)
 7 FCPATH\index.php(67): CodeIgniter\CodeIgniter->run()
 8 SYSTEMPATH\Commands\Server\rewrite.php(43): require_once('FCPATH\\index.php')
CRITICAL - 2022-09-01 00:53:36 --> Call to undefined function d-m-Y()
in APPPATH\Views\profil\get.php on line 135.
 1 SYSTEMPATH\View\View.php(213): include()
 2 SYSTEMPATH\View\View.php(216): CodeIgniter\View\View->CodeIgniter\View\{closure}()
 3 SYSTEMPATH\Common.php(1137): CodeIgniter\View\View->render('profil/get', [], true)
 4 APPPATH\Controllers\User.php(36): view('profil/get', [...])
 5 SYSTEMPATH\CodeIgniter.php(898): App\Controllers\User->profil('4')
 6 SYSTEMPATH\CodeIgniter.php(457): CodeIgniter\CodeIgniter->runController(Object(App\Controllers\User))
 7 SYSTEMPATH\CodeIgniter.php(340): CodeIgniter\CodeIgniter->handleRequest(null, Object(Config\Cache), false)
 8 FCPATH\index.php(67): CodeIgniter\CodeIgniter->run()
 9 SYSTEMPATH\Commands\Server\rewrite.php(43): require_once('FCPATH\\index.php')
CRITICAL - 2022-09-01 00:54:18 --> Call to undefined function d/m/Y()
in APPPATH\Views\profil\get.php on line 135.
 1 SYSTEMPATH\View\View.php(213): include()
 2 SYSTEMPATH\View\View.php(216): CodeIgniter\View\View->CodeIgniter\View\{closure}()
 3 SYSTEMPATH\Common.php(1137): CodeIgniter\View\View->render('profil/get', [], true)
 4 APPPATH\Controllers\User.php(36): view('profil/get', [...])
 5 SYSTEMPATH\CodeIgniter.php(898): App\Controllers\User->profil('4')
 6 SYSTEMPATH\CodeIgniter.php(457): CodeIgniter\CodeIgniter->runController(Object(App\Controllers\User))
 7 SYSTEMPATH\CodeIgniter.php(340): CodeIgniter\CodeIgniter->handleRequest(null, Object(Config\Cache), false)
 8 FCPATH\index.php(67): CodeIgniter\CodeIgniter->run()
 9 SYSTEMPATH\Commands\Server\rewrite.php(43): require_once('FCPATH\\index.php')
CRITICAL - 2022-09-01 00:55:11 --> syntax error, unexpected token ";"
in APPPATH\Views\profil\get.php on line 135.
 1 SYSTEMPATH\View\View.php(216): CodeIgniter\View\View->CodeIgniter\View\{closure}()
 2 SYSTEMPATH\Common.php(1137): CodeIgniter\View\View->render('profil/get', [], true)
 3 APPPATH\Controllers\User.php(36): view('profil/get', [...])
 4 SYSTEMPATH\CodeIgniter.php(898): App\Controllers\User->profil('4')
 5 SYSTEMPATH\CodeIgniter.php(457): CodeIgniter\CodeIgniter->runController(Object(App\Controllers\User))
 6 SYSTEMPATH\CodeIgniter.php(340): CodeIgniter\CodeIgniter->handleRequest(null, Object(Config\Cache), false)
 7 FCPATH\index.php(67): CodeIgniter\CodeIgniter->run()
 8 SYSTEMPATH\Commands\Server\rewrite.php(43): require_once('FCPATH\\index.php')
CRITICAL - 2022-09-01 01:18:09 --> Cannot redeclare App\Controllers\Content::create()
in APPPATH\Controllers\Content.php on line 30.
 1 [internal function]: CodeIgniter\Debug\Exceptions->shutdownHandler()
CRITICAL - 2022-09-01 07:27:18 --> Unsupported operand types: string + int
in APPPATH\Views\content\details.php on line 52.
 1 SYSTEMPATH\View\View.php(213): include()
 2 SYSTEMPATH\View\View.php(216): CodeIgniter\View\View->CodeIgniter\View\{closure}()
 3 SYSTEMPATH\Common.php(1137): CodeIgniter\View\View->render('content/details', [], true)
 4 APPPATH\Controllers\Content.php(37): view('content/details', [...])
 5 SYSTEMPATH\CodeIgniter.php(898): App\Controllers\Content->details('2')
 6 SYSTEMPATH\CodeIgniter.php(457): CodeIgniter\CodeIgniter->runController(Object(App\Controllers\Content))
 7 SYSTEMPATH\CodeIgniter.php(340): CodeIgniter\CodeIgniter->handleRequest(null, Object(Config\Cache), false)
 8 FCPATH\index.php(67): CodeIgniter\CodeIgniter->run()
 9 SYSTEMPATH\Commands\Server\rewrite.php(43): require_once('FCPATH\\index.php')
CRITICAL - 2022-09-01 07:28:20 --> Unsupported operand types: string + int
in APPPATH\Views\content\details.php on line 52.
 1 SYSTEMPATH\View\View.php(213): include()
 2 SYSTEMPATH\View\View.php(216): CodeIgniter\View\View->CodeIgniter\View\{closure}()
 3 SYSTEMPATH\Common.php(1137): CodeIgniter\View\View->render('content/details', [], true)
 4 APPPATH\Controllers\Content.php(37): view('content/details', [...])
 5 SYSTEMPATH\CodeIgniter.php(898): App\Controllers\Content->details('2')
 6 SYSTEMPATH\CodeIgniter.php(457): CodeIgniter\CodeIgniter->runController(Object(App\Controllers\Content))
 7 SYSTEMPATH\CodeIgniter.php(340): CodeIgniter\CodeIgniter->handleRequest(null, Object(Config\Cache), false)
 8 FCPATH\index.php(67): CodeIgniter\CodeIgniter->run()
 9 SYSTEMPATH\Commands\Server\rewrite.php(43): require_once('FCPATH\\index.php')
CRITICAL - 2022-09-01 07:28:21 --> Unsupported operand types: string + int
in APPPATH\Views\content\details.php on line 52.
 1 SYSTEMPATH\View\View.php(213): include()
 2 SYSTEMPATH\View\View.php(216): CodeIgniter\View\View->CodeIgniter\View\{closure}()
 3 SYSTEMPATH\Common.php(1137): CodeIgniter\View\View->render('content/details', [], true)
 4 APPPATH\Controllers\Content.php(37): view('content/details', [...])
 5 SYSTEMPATH\CodeIgniter.php(898): App\Controllers\Content->details('2')
 6 SYSTEMPATH\CodeIgniter.php(457): CodeIgniter\CodeIgniter->runController(Object(App\Controllers\Content))
 7 SYSTEMPATH\CodeIgniter.php(340): CodeIgniter\CodeIgniter->handleRequest(null, Object(Config\Cache), false)
 8 FCPATH\index.php(67): CodeIgniter\CodeIgniter->run()
 9 SYSTEMPATH\Commands\Server\rewrite.php(43): require_once('FCPATH\\index.php')
CRITICAL - 2022-09-01 07:28:22 --> Unsupported operand types: string + int
in APPPATH\Views\content\details.php on line 52.
 1 SYSTEMPATH\View\View.php(213): include()
 2 SYSTEMPATH\View\View.php(216): CodeIgniter\View\View->CodeIgniter\View\{closure}()
 3 SYSTEMPATH\Common.php(1137): CodeIgniter\View\View->render('content/details', [], true)
 4 APPPATH\Controllers\Content.php(37): view('content/details', [...])
 5 SYSTEMPATH\CodeIgniter.php(898): App\Controllers\Content->details('2')
 6 SYSTEMPATH\CodeIgniter.php(457): CodeIgniter\CodeIgniter->runController(Object(App\Controllers\Content))
 7 SYSTEMPATH\CodeIgniter.php(340): CodeIgniter\CodeIgniter->handleRequest(null, Object(Config\Cache), false)
 8 FCPATH\index.php(67): CodeIgniter\CodeIgniter->run()
 9 SYSTEMPATH\Commands\Server\rewrite.php(43): require_once('FCPATH\\index.php')
CRITICAL - 2022-09-01 07:55:22 --> Undefined property: stdClass::$asd
in APPPATH\Views\content\get.php on line 52.
 1 APPPATH\Views\content\get.php(52): CodeIgniter\Debug\Exceptions->errorHandler(2, 'Undefined property: stdClass::$asd', 'APPPATH\\Views\\content\\get.php', 52)
 2 SYSTEMPATH\View\View.php(213): include('APPPATH\\Views\\content\\get.php')
 3 SYSTEMPATH\View\View.php(216): CodeIgniter\View\View->CodeIgniter\View\{closure}()
 4 SYSTEMPATH\Common.php(1137): CodeIgniter\View\View->render('content/get', [], true)
 5 APPPATH\Controllers\Content.php(18): view('content/get', [...])
 6 SYSTEMPATH\CodeIgniter.php(898): App\Controllers\Content->index()
 7 SYSTEMPATH\CodeIgniter.php(457): CodeIgniter\CodeIgniter->runController(Object(App\Controllers\Content))
 8 SYSTEMPATH\CodeIgniter.php(340): CodeIgniter\CodeIgniter->handleRequest(null, Object(Config\Cache), false)
 9 FCPATH\index.php(67): CodeIgniter\CodeIgniter->run()
10 SYSTEMPATH\Commands\Server\rewrite.php(43): require_once('FCPATH\\index.php')
CRITICAL - 2022-09-01 07:56:16 --> Undefined property: stdClass::$id_content
in APPPATH\Views\content\get.php on line 57.
 1 APPPATH\Views\content\get.php(57): CodeIgniter\Debug\Exceptions->errorHandler(2, 'Undefined property: stdClass::$id_content', 'APPPATH\\Views\\content\\get.php', 57)
 2 SYSTEMPATH\View\View.php(213): include('APPPATH\\Views\\content\\get.php')
 3 SYSTEMPATH\View\View.php(216): CodeIgniter\View\View->CodeIgniter\View\{closure}()
 4 SYSTEMPATH\Common.php(1137): CodeIgniter\View\View->render('content/get', [], true)
 5 APPPATH\Controllers\Content.php(18): view('content/get', [...])
 6 SYSTEMPATH\CodeIgniter.php(898): App\Controllers\Content->index()
 7 SYSTEMPATH\CodeIgniter.php(457): CodeIgniter\CodeIgniter->runController(Object(App\Controllers\Content))
 8 SYSTEMPATH\CodeIgniter.php(340): CodeIgniter\CodeIgniter->handleRequest(null, Object(Config\Cache), false)
 9 FCPATH\index.php(67): CodeIgniter\CodeIgniter->run()
10 SYSTEMPATH\Commands\Server\rewrite.php(43): require_once('FCPATH\\index.php')
CRITICAL - 2022-09-01 08:16:15 --> Call to a member function getError() on null
in APPPATH\Controllers\Content.php on line 91.
 1 SYSTEMPATH\CodeIgniter.php(898): App\Controllers\Content->update('5')
 2 SYSTEMPATH\CodeIgniter.php(457): CodeIgniter\CodeIgniter->runController(Object(App\Controllers\Content))
 3 SYSTEMPATH\CodeIgniter.php(340): CodeIgniter\CodeIgniter->handleRequest(null, Object(Config\Cache), false)
 4 FCPATH\index.php(67): CodeIgniter\CodeIgniter->run()
 5 SYSTEMPATH\Commands\Server\rewrite.php(43): require_once('FCPATH\\index.php')
CRITICAL - 2022-09-01 08:18:06 --> Call to a member function getError() on null
in APPPATH\Controllers\Content.php on line 91.
 1 SYSTEMPATH\CodeIgniter.php(898): App\Controllers\Content->update('5')
 2 SYSTEMPATH\CodeIgniter.php(457): CodeIgniter\CodeIgniter->runController(Object(App\Controllers\Content))
 3 SYSTEMPATH\CodeIgniter.php(340): CodeIgniter\CodeIgniter->handleRequest(null, Object(Config\Cache), false)
 4 FCPATH\index.php(67): CodeIgniter\CodeIgniter->run()
 5 SYSTEMPATH\Commands\Server\rewrite.php(43): require_once('FCPATH\\index.php')
ERROR - 2022-09-01 08:20:21 --> mysqli_sql_exception: Duplicate entry 'Rachmad@gmail.com' for key 'email' in C:\xampp\htdocs\aplikasi_iro\system\Database\MySQLi\Connection.php:292
Stack trace:
#0 C:\xampp\htdocs\aplikasi_iro\system\Database\MySQLi\Connection.php(292): mysqli->query('UPDATE `users` ...', 0)
#1 C:\xampp\htdocs\aplikasi_iro\system\Database\BaseConnection.php(693): CodeIgniter\Database\MySQLi\Connection->execute('UPDATE `users` ...')
#2 C:\xampp\htdocs\aplikasi_iro\system\Database\BaseConnection.php(620): CodeIgniter\Database\BaseConnection->simpleQuery('UPDATE `users` ...')
#3 C:\xampp\htdocs\aplikasi_iro\system\Database\BaseBuilder.php(2078): CodeIgniter\Database\BaseConnection->query('UPDATE `users` ...', Array, false)
#4 C:\xampp\htdocs\aplikasi_iro\app\Controllers\User.php(57): CodeIgniter\Database\BaseBuilder->update(Array)
#5 C:\xampp\htdocs\aplikasi_iro\system\CodeIgniter.php(898): App\Controllers\User->update('5')
#6 C:\xampp\htdocs\aplikasi_iro\system\CodeIgniter.php(457): CodeIgniter\CodeIgniter->runController(Object(App\Controllers\User))
#7 C:\xampp\htdocs\aplikasi_iro\system\CodeIgniter.php(340): CodeIgniter\CodeIgniter->handleRequest(NULL, Object(Config\Cache), false)
#8 C:\xampp\htdocs\aplikasi_iro\public\index.php(67): CodeIgniter\CodeIgniter->run()
#9 C:\xampp\htdocs\aplikasi_iro\system\Commands\Server\rewrite.php(43): require_once('C:\\xampp\\htdocs...')
#10 {main}
CRITICAL - 2022-09-01 08:22:03 --> unlink(konten/image1.jpg): No such file or directory
in APPPATH\Controllers\Content.php on line 96.
 1 [internal function]: CodeIgniter\Debug\Exceptions->errorHandler(2, 'unlink(konten/image1.jpg): No such file or directory', 'APPPATH\\Controllers\\Content.php', 96)
 2 APPPATH\Controllers\Content.php(96): unlink('konten/image1.jpg')
 3 SYSTEMPATH\CodeIgniter.php(898): App\Controllers\Content->update('2')
 4 SYSTEMPATH\CodeIgniter.php(457): CodeIgniter\CodeIgniter->runController(Object(App\Controllers\Content))
 5 SYSTEMPATH\CodeIgniter.php(340): CodeIgniter\CodeIgniter->handleRequest(null, Object(Config\Cache), false)
 6 FCPATH\index.php(67): CodeIgniter\CodeIgniter->run()
 7 SYSTEMPATH\Commands\Server\rewrite.php(43): require_once('FCPATH\\index.php')
ERROR - 2022-09-01 08:22:37 --> mysqli_sql_exception: Unknown column 'telp' in 'field list' in C:\xampp\htdocs\aplikasi_iro\system\Database\MySQLi\Connection.php:292
Stack trace:
#0 C:\xampp\htdocs\aplikasi_iro\system\Database\MySQLi\Connection.php(292): mysqli->query('UPDATE `content...', 0)
#1 C:\xampp\htdocs\aplikasi_iro\system\Database\BaseConnection.php(693): CodeIgniter\Database\MySQLi\Connection->execute('UPDATE `content...')
#2 C:\xampp\htdocs\aplikasi_iro\system\Database\BaseConnection.php(620): CodeIgniter\Database\BaseConnection->simpleQuery('UPDATE `content...')
#3 C:\xampp\htdocs\aplikasi_iro\system\Database\BaseBuilder.php(2078): CodeIgniter\Database\BaseConnection->query('UPDATE `content...', Array, false)
#4 C:\xampp\htdocs\aplikasi_iro\app\Controllers\Content.php(107): CodeIgniter\Database\BaseBuilder->update(Array)
#5 C:\xampp\htdocs\aplikasi_iro\system\CodeIgniter.php(898): App\Controllers\Content->update('2')
#6 C:\xampp\htdocs\aplikasi_iro\system\CodeIgniter.php(457): CodeIgniter\CodeIgniter->runController(Object(App\Controllers\Content))
#7 C:\xampp\htdocs\aplikasi_iro\system\CodeIgniter.php(340): CodeIgniter\CodeIgniter->handleRequest(NULL, Object(Config\Cache), false)
#8 C:\xampp\htdocs\aplikasi_iro\public\index.php(67): CodeIgniter\CodeIgniter->run()
#9 C:\xampp\htdocs\aplikasi_iro\system\Commands\Server\rewrite.php(43): require_once('C:\\xampp\\htdocs...')
#10 {main}
ERROR - 2022-09-01 08:23:33 --> mysqli_sql_exception: Unknown column 'telp' in 'field list' in C:\xampp\htdocs\aplikasi_iro\system\Database\MySQLi\Connection.php:292
Stack trace:
#0 C:\xampp\htdocs\aplikasi_iro\system\Database\MySQLi\Connection.php(292): mysqli->query('UPDATE `content...', 0)
#1 C:\xampp\htdocs\aplikasi_iro\system\Database\BaseConnection.php(693): CodeIgniter\Database\MySQLi\Connection->execute('UPDATE `content...')
#2 C:\xampp\htdocs\aplikasi_iro\system\Database\BaseConnection.php(620): CodeIgniter\Database\BaseConnection->simpleQuery('UPDATE `content...')
#3 C:\xampp\htdocs\aplikasi_iro\system\Database\BaseBuilder.php(2078): CodeIgniter\Database\BaseConnection->query('UPDATE `content...', Array, false)
#4 C:\xampp\htdocs\aplikasi_iro\app\Controllers\Content.php(107): CodeIgniter\Database\BaseBuilder->update(Array)
#5 C:\xampp\htdocs\aplikasi_iro\system\CodeIgniter.php(898): App\Controllers\Content->update('4')
#6 C:\xampp\htdocs\aplikasi_iro\system\CodeIgniter.php(457): CodeIgniter\CodeIgniter->runController(Object(App\Controllers\Content))
#7 C:\xampp\htdocs\aplikasi_iro\system\CodeIgniter.php(340): CodeIgniter\CodeIgniter->handleRequest(NULL, Object(Config\Cache), false)
#8 C:\xampp\htdocs\aplikasi_iro\public\index.php(67): CodeIgniter\CodeIgniter->run()
#9 C:\xampp\htdocs\aplikasi_iro\system\Commands\Server\rewrite.php(43): require_once('C:\\xampp\\htdocs...')
#10 {main}
CRITICAL - 2022-09-01 08:25:56 --> unlink(konten/1662034433_a5a135a509c7e6b48216.jpeg): No such file or directory
in APPPATH\Controllers\Content.php on line 96.
 1 [internal function]: CodeIgniter\Debug\Exceptions->errorHandler(2, 'unlink(konten/1662034433_a5a135a509c7e6b48216.jpeg): No such file or directory', 'APPPATH\\Controllers\\Content.php', 96)
 2 APPPATH\Controllers\Content.php(96): unlink('konten/1662034433_a5a135a509c7e6b48216.jpeg')
 3 SYSTEMPATH\CodeIgniter.php(898): App\Controllers\Content->update('4')
 4 SYSTEMPATH\CodeIgniter.php(457): CodeIgniter\CodeIgniter->runController(Object(App\Controllers\Content))
 5 SYSTEMPATH\CodeIgniter.php(340): CodeIgniter\CodeIgniter->handleRequest(null, Object(Config\Cache), false)
 6 FCPATH\index.php(67): CodeIgniter\CodeIgniter->run()
 7 SYSTEMPATH\Commands\Server\rewrite.php(43): require_once('FCPATH\\index.php')
ERROR - 2022-09-01 08:26:20 --> mysqli_sql_exception: Unknown column 'telp' in 'field list' in C:\xampp\htdocs\aplikasi_iro\system\Database\MySQLi\Connection.php:292
Stack trace:
#0 C:\xampp\htdocs\aplikasi_iro\system\Database\MySQLi\Connection.php(292): mysqli->query('UPDATE `content...', 0)
#1 C:\xampp\htdocs\aplikasi_iro\system\Database\BaseConnection.php(693): CodeIgniter\Database\MySQLi\Connection->execute('UPDATE `content...')
#2 C:\xampp\htdocs\aplikasi_iro\system\Database\BaseConnection.php(620): CodeIgniter\Database\BaseConnection->simpleQuery('UPDATE `content...')
#3 C:\xampp\htdocs\aplikasi_iro\system\Database\BaseBuilder.php(2078): CodeIgniter\Database\BaseConnection->query('UPDATE `content...', Array, false)
#4 C:\xampp\htdocs\aplikasi_iro\app\Controllers\Content.php(107): CodeIgniter\Database\BaseBuilder->update(Array)
#5 C:\xampp\htdocs\aplikasi_iro\system\CodeIgniter.php(898): App\Controllers\Content->update('5')
#6 C:\xampp\htdocs\aplikasi_iro\system\CodeIgniter.php(457): CodeIgniter\CodeIgniter->runController(Object(App\Controllers\Content))
#7 C:\xampp\htdocs\aplikasi_iro\system\CodeIgniter.php(340): CodeIgniter\CodeIgniter->handleRequest(NULL, Object(Config\Cache), false)
#8 C:\xampp\htdocs\aplikasi_iro\public\index.php(67): CodeIgniter\CodeIgniter->run()
#9 C:\xampp\htdocs\aplikasi_iro\system\Commands\Server\rewrite.php(43): require_once('C:\\xampp\\htdocs...')
#10 {main}
ERROR - 2022-09-01 08:29:03 --> mysqli_sql_exception: Unknown column 'telp' in 'field list' in C:\xampp\htdocs\aplikasi_iro\system\Database\MySQLi\Connection.php:292
Stack trace:
#0 C:\xampp\htdocs\aplikasi_iro\system\Database\MySQLi\Connection.php(292): mysqli->query('UPDATE `content...', 0)
#1 C:\xampp\htdocs\aplikasi_iro\system\Database\BaseConnection.php(693): CodeIgniter\Database\MySQLi\Connection->execute('UPDATE `content...')
#2 C:\xampp\htdocs\aplikasi_iro\system\Database\BaseConnection.php(620): CodeIgniter\Database\BaseConnection->simpleQuery('UPDATE `content...')
#3 C:\xampp\htdocs\aplikasi_iro\system\Database\BaseBuilder.php(2078): CodeIgniter\Database\BaseConnection->query('UPDATE `content...', Array, false)
#4 C:\xampp\htdocs\aplikasi_iro\app\Controllers\Content.php(107): CodeIgniter\Database\BaseBuilder->update(Array)
#5 C:\xampp\htdocs\aplikasi_iro\system\CodeIgniter.php(898): App\Controllers\Content->update('6')
#6 C:\xampp\htdocs\aplikasi_iro\system\CodeIgniter.php(457): CodeIgniter\CodeIgniter->runController(Object(App\Controllers\Content))
#7 C:\xampp\htdocs\aplikasi_iro\system\CodeIgniter.php(340): CodeIgniter\CodeIgniter->handleRequest(NULL, Object(Config\Cache), false)
#8 C:\xampp\htdocs\aplikasi_iro\public\index.php(67): CodeIgniter\CodeIgniter->run()
#9 C:\xampp\htdocs\aplikasi_iro\system\Commands\Server\rewrite.php(43): require_once('C:\\xampp\\htdocs...')
#10 {main}
ERROR - 2022-09-01 20:52:17 --> Error connecting to the database: mysqli_sql_exception: No connection could be made because the target machine actively refused it in C:\xampp\htdocs\aplikasi_iro\system\Database\MySQLi\Connection.php:171
Stack trace:
#0 C:\xampp\htdocs\aplikasi_iro\system\Database\MySQLi\Connection.php(171): mysqli->real_connect('localhost', 'root', '', 'iro', 3306, '', 0)
#1 C:\xampp\htdocs\aplikasi_iro\system\Database\BaseConnection.php(382): CodeIgniter\Database\MySQLi\Connection->connect(false)
#2 C:\xampp\htdocs\aplikasi_iro\system\Database\BaseConnection.php(588): CodeIgniter\Database\BaseConnection->initialize()
#3 C:\xampp\htdocs\aplikasi_iro\system\Database\BaseBuilder.php(1585): CodeIgniter\Database\BaseConnection->query('SELECT *\nFROM `...', Array, false)
#4 C:\xampp\htdocs\aplikasi_iro\app\Controllers\Home.php(10): CodeIgniter\Database\BaseBuilder->get()
#5 C:\xampp\htdocs\aplikasi_iro\system\CodeIgniter.php(898): App\Controllers\Home->home()
#6 C:\xampp\htdocs\aplikasi_iro\system\CodeIgniter.php(457): CodeIgniter\CodeIgniter->runController(Object(App\Controllers\Home))
#7 C:\xampp\htdocs\aplikasi_iro\system\CodeIgniter.php(340): CodeIgniter\CodeIgniter->handleRequest(NULL, Object(Config\Cache), false)
#8 C:\xampp\htdocs\aplikasi_iro\public\index.php(67): CodeIgniter\CodeIgniter->run()
#9 C:\xampp\htdocs\aplikasi_iro\system\Commands\Server\rewrite.php(43): require_once('C:\\xampp\\htdocs...')
#10 {main}

Next CodeIgniter\Database\Exceptions\DatabaseException: No connection could be made because the target machine actively refused it in C:\xampp\htdocs\aplikasi_iro\system\Database\MySQLi\Connection.php:215
Stack trace:
#0 C:\xampp\htdocs\aplikasi_iro\system\Database\BaseConnection.php(382): CodeIgniter\Database\MySQLi\Connection->connect(false)
#1 C:\xampp\htdocs\aplikasi_iro\system\Database\BaseConnection.php(588): CodeIgniter\Database\BaseConnection->initialize()
#2 C:\xampp\htdocs\aplikasi_iro\system\Database\BaseBuilder.php(1585): CodeIgniter\Database\BaseConnection->query('SELECT *\nFROM `...', Array, false)
#3 C:\xampp\htdocs\aplikasi_iro\app\Controllers\Home.php(10): CodeIgniter\Database\BaseBuilder->get()
#4 C:\xampp\htdocs\aplikasi_iro\system\CodeIgniter.php(898): App\Controllers\Home->home()
#5 C:\xampp\htdocs\aplikasi_iro\system\CodeIgniter.php(457): CodeIgniter\CodeIgniter->runController(Object(App\Controllers\Home))
#6 C:\xampp\htdocs\aplikasi_iro\system\CodeIgniter.php(340): CodeIgniter\CodeIgniter->handleRequest(NULL, Object(Config\Cache), false)
#7 C:\xampp\htdocs\aplikasi_iro\public\index.php(67): CodeIgniter\CodeIgniter->run()
#8 C:\xampp\htdocs\aplikasi_iro\system\Commands\Server\rewrite.php(43): require_once('C:\\xampp\\htdocs...')
#9 {main}
CRITICAL - 2022-09-01 20:52:17 --> Unable to connect to the database.
Main connection [MySQLi]: No connection could be made because the target machine actively refused it
in SYSTEMPATH\Database\BaseConnection.php on line 418.
 1 SYSTEMPATH\Database\BaseConnection.php(588): CodeIgniter\Database\BaseConnection->initialize()
 2 SYSTEMPATH\Database\BaseBuilder.php(1585): CodeIgniter\Database\BaseConnection->query('SELECT *
FROM `content`', [], false)
 3 APPPATH\Controllers\Home.php(10): CodeIgniter\Database\BaseBuilder->get()
 4 SYSTEMPATH\CodeIgniter.php(898): App\Controllers\Home->home()
 5 SYSTEMPATH\CodeIgniter.php(457): CodeIgniter\CodeIgniter->runController(Object(App\Controllers\Home))
 6 SYSTEMPATH\CodeIgniter.php(340): CodeIgniter\CodeIgniter->handleRequest(null, Object(Config\Cache), false)
 7 FCPATH\index.php(67): CodeIgniter\CodeIgniter->run()
 8 SYSTEMPATH\Commands\Server\rewrite.php(43): require_once('FCPATH\\index.php')
CRITICAL - 2022-09-01 20:55:39 --> unlink(konten/1662038934_f3d4b2ead44389444126.jpeg): No such file or directory
in APPPATH\Controllers\Content.php on line 96.
 1 [internal function]: CodeIgniter\Debug\Exceptions->errorHandler(2, 'unlink(konten/1662038934_f3d4b2ead44389444126.jpeg): No such file or directory', 'APPPATH\\Controllers\\Content.php', 96)
 2 APPPATH\Controllers\Content.php(96): unlink('konten/1662038934_f3d4b2ead44389444126.jpeg')
 3 SYSTEMPATH\CodeIgniter.php(898): App\Controllers\Content->update('6')
 4 SYSTEMPATH\CodeIgniter.php(457): CodeIgniter\CodeIgniter->runController(Object(App\Controllers\Content))
 5 SYSTEMPATH\CodeIgniter.php(340): CodeIgniter\CodeIgniter->handleRequest(null, Object(Config\Cache), false)
 6 FCPATH\index.php(67): CodeIgniter\CodeIgniter->run()
 7 SYSTEMPATH\Commands\Server\rewrite.php(43): require_once('FCPATH\\index.php')
ERROR - 2022-09-01 20:58:12 --> mysqli_sql_exception: Unknown column 'telp' in 'field list' in C:\xampp\htdocs\aplikasi_iro\system\Database\MySQLi\Connection.php:292
Stack trace:
#0 C:\xampp\htdocs\aplikasi_iro\system\Database\MySQLi\Connection.php(292): mysqli->query('UPDATE `content...', 0)
#1 C:\xampp\htdocs\aplikasi_iro\system\Database\BaseConnection.php(693): CodeIgniter\Database\MySQLi\Connection->execute('UPDATE `content...')
#2 C:\xampp\htdocs\aplikasi_iro\system\Database\BaseConnection.php(620): CodeIgniter\Database\BaseConnection->simpleQuery('UPDATE `content...')
#3 C:\xampp\htdocs\aplikasi_iro\system\Database\BaseBuilder.php(2078): CodeIgniter\Database\BaseConnection->query('UPDATE `content...', Array, false)
#4 C:\xampp\htdocs\aplikasi_iro\app\Controllers\Content.php(107): CodeIgniter\Database\BaseBuilder->update(Array)
#5 C:\xampp\htdocs\aplikasi_iro\system\CodeIgniter.php(898): App\Controllers\Content->update('7')
#6 C:\xampp\htdocs\aplikasi_iro\system\CodeIgniter.php(457): CodeIgniter\CodeIgniter->runController(Object(App\Controllers\Content))
#7 C:\xampp\htdocs\aplikasi_iro\system\CodeIgniter.php(340): CodeIgniter\CodeIgniter->handleRequest(NULL, Object(Config\Cache), false)
#8 C:\xampp\htdocs\aplikasi_iro\public\index.php(67): CodeIgniter\CodeIgniter->run()
#9 C:\xampp\htdocs\aplikasi_iro\system\Commands\Server\rewrite.php(43): require_once('C:\\xampp\\htdocs...')
#10 {main}
CRITICAL - 2022-09-01 20:59:41 --> unlink(konten/1662083878_627d10710ad1d2554ef0.jpeg): No such file or directory
in APPPATH\Controllers\Content.php on line 96.
 1 [internal function]: CodeIgniter\Debug\Exceptions->errorHandler(2, 'unlink(konten/1662083878_627d10710ad1d2554ef0.jpeg): No such file or directory', 'APPPATH\\Controllers\\Content.php', 96)
 2 APPPATH\Controllers\Content.php(96): unlink('konten/1662083878_627d10710ad1d2554ef0.jpeg')
 3 SYSTEMPATH\CodeIgniter.php(898): App\Controllers\Content->update('7')
 4 SYSTEMPATH\CodeIgniter.php(457): CodeIgniter\CodeIgniter->runController(Object(App\Controllers\Content))
 5 SYSTEMPATH\CodeIgniter.php(340): CodeIgniter\CodeIgniter->handleRequest(null, Object(Config\Cache), false)
 6 FCPATH\index.php(67): CodeIgniter\CodeIgniter->run()
 7 SYSTEMPATH\Commands\Server\rewrite.php(43): require_once('FCPATH\\index.php')
ERROR - 2022-09-01 21:01:03 --> mysqli_sql_exception: Unknown column 'telp' in 'field list' in C:\xampp\htdocs\aplikasi_iro\system\Database\MySQLi\Connection.php:292
Stack trace:
#0 C:\xampp\htdocs\aplikasi_iro\system\Database\MySQLi\Connection.php(292): mysqli->query('UPDATE `content...', 0)
#1 C:\xampp\htdocs\aplikasi_iro\system\Database\BaseConnection.php(693): CodeIgniter\Database\MySQLi\Connection->execute('UPDATE `content...')
#2 C:\xampp\htdocs\aplikasi_iro\system\Database\BaseConnection.php(620): CodeIgniter\Database\BaseConnection->simpleQuery('UPDATE `content...')
#3 C:\xampp\htdocs\aplikasi_iro\system\Database\BaseBuilder.php(2078): CodeIgniter\Database\BaseConnection->query('UPDATE `content...', Array, false)
#4 C:\xampp\htdocs\aplikasi_iro\app\Controllers\Content.php(107): CodeIgniter\Database\BaseBuilder->update(Array)
#5 C:\xampp\htdocs\aplikasi_iro\system\CodeIgniter.php(898): App\Controllers\Content->update('8')
#6 C:\xampp\htdocs\aplikasi_iro\system\CodeIgniter.php(457): CodeIgniter\CodeIgniter->runController(Object(App\Controllers\Content))
#7 C:\xampp\htdocs\aplikasi_iro\system\CodeIgniter.php(340): CodeIgniter\CodeIgniter->handleRequest(NULL, Object(Config\Cache), false)
#8 C:\xampp\htdocs\aplikasi_iro\public\index.php(67): CodeIgniter\CodeIgniter->run()
#9 C:\xampp\htdocs\aplikasi_iro\system\Commands\Server\rewrite.php(43): require_once('C:\\xampp\\htdocs...')
#10 {main}
ERROR - 2022-09-01 21:01:17 --> mysqli_sql_exception: Unknown column 'telp' in 'field list' in C:\xampp\htdocs\aplikasi_iro\system\Database\MySQLi\Connection.php:292
Stack trace:
#0 C:\xampp\htdocs\aplikasi_iro\system\Database\MySQLi\Connection.php(292): mysqli->query('UPDATE `content...', 0)
#1 C:\xampp\htdocs\aplikasi_iro\system\Database\BaseConnection.php(693): CodeIgniter\Database\MySQLi\Connection->execute('UPDATE `content...')
#2 C:\xampp\htdocs\aplikasi_iro\system\Database\BaseConnection.php(620): CodeIgniter\Database\BaseConnection->simpleQuery('UPDATE `content...')
#3 C:\xampp\htdocs\aplikasi_iro\system\Database\BaseBuilder.php(2078): CodeIgniter\Database\BaseConnection->query('UPDATE `content...', Array, false)
#4 C:\xampp\htdocs\aplikasi_iro\app\Controllers\Content.php(107): CodeIgniter\Database\BaseBuilder->update(Array)
#5 C:\xampp\htdocs\aplikasi_iro\system\CodeIgniter.php(898): App\Controllers\Content->update('8')
#6 C:\xampp\htdocs\aplikasi_iro\system\CodeIgniter.php(457): CodeIgniter\CodeIgniter->runController(Object(App\Controllers\Content))
#7 C:\xampp\htdocs\aplikasi_iro\system\CodeIgniter.php(340): CodeIgniter\CodeIgniter->handleRequest(NULL, Object(Config\Cache), false)
#8 C:\xampp\htdocs\aplikasi_iro\public\index.php(67): CodeIgniter\CodeIgniter->run()
#9 C:\xampp\htdocs\aplikasi_iro\system\Commands\Server\rewrite.php(43): require_once('C:\\xampp\\htdocs...')
#10 {main}
ERROR - 2022-09-01 21:02:52 --> mysqli_sql_exception: Unknown column 'telp' in 'field list' in C:\xampp\htdocs\aplikasi_iro\system\Database\MySQLi\Connection.php:292
Stack trace:
#0 C:\xampp\htdocs\aplikasi_iro\system\Database\MySQLi\Connection.php(292): mysqli->query('UPDATE `content...', 0)
#1 C:\xampp\htdocs\aplikasi_iro\system\Database\BaseConnection.php(693): CodeIgniter\Database\MySQLi\Connection->execute('UPDATE `content...')
#2 C:\xampp\htdocs\aplikasi_iro\system\Database\BaseConnection.php(620): CodeIgniter\Database\BaseConnection->simpleQuery('UPDATE `content...')
#3 C:\xampp\htdocs\aplikasi_iro\system\Database\BaseBuilder.php(2078): CodeIgniter\Database\BaseConnection->query('UPDATE `content...', Array, false)
#4 C:\xampp\htdocs\aplikasi_iro\app\Controllers\Content.php(107): CodeIgniter\Database\BaseBuilder->update(Array)
#5 C:\xampp\htdocs\aplikasi_iro\system\CodeIgniter.php(898): App\Controllers\Content->update('8')
#6 C:\xampp\htdocs\aplikasi_iro\system\CodeIgniter.php(457): CodeIgniter\CodeIgniter->runController(Object(App\Controllers\Content))
#7 C:\xampp\htdocs\aplikasi_iro\system\CodeIgniter.php(340): CodeIgniter\CodeIgniter->handleRequest(NULL, Object(Config\Cache), false)
#8 C:\xampp\htdocs\aplikasi_iro\public\index.php(67): CodeIgniter\CodeIgniter->run()
#9 C:\xampp\htdocs\aplikasi_iro\system\Commands\Server\rewrite.php(43): require_once('C:\\xampp\\htdocs...')
#10 {main}
ERROR - 2022-09-01 21:03:03 --> mysqli_sql_exception: Unknown column 'telp' in 'field list' in C:\xampp\htdocs\aplikasi_iro\system\Database\MySQLi\Connection.php:292
Stack trace:
#0 C:\xampp\htdocs\aplikasi_iro\system\Database\MySQLi\Connection.php(292): mysqli->query('UPDATE `content...', 0)
#1 C:\xampp\htdocs\aplikasi_iro\system\Database\BaseConnection.php(693): CodeIgniter\Database\MySQLi\Connection->execute('UPDATE `content...')
#2 C:\xampp\htdocs\aplikasi_iro\system\Database\BaseConnection.php(620): CodeIgniter\Database\BaseConnection->simpleQuery('UPDATE `content...')
#3 C:\xampp\htdocs\aplikasi_iro\system\Database\BaseBuilder.php(2078): CodeIgniter\Database\BaseConnection->query('UPDATE `content...', Array, false)
#4 C:\xampp\htdocs\aplikasi_iro\app\Controllers\Content.php(107): CodeIgniter\Database\BaseBuilder->update(Array)
#5 C:\xampp\htdocs\aplikasi_iro\system\CodeIgniter.php(898): App\Controllers\Content->update('8')
#6 C:\xampp\htdocs\aplikasi_iro\system\CodeIgniter.php(457): CodeIgniter\CodeIgniter->runController(Object(App\Controllers\Content))
#7 C:\xampp\htdocs\aplikasi_iro\system\CodeIgniter.php(340): CodeIgniter\CodeIgniter->handleRequest(NULL, Object(Config\Cache), false)
#8 C:\xampp\htdocs\aplikasi_iro\public\index.php(67): CodeIgniter\CodeIgniter->run()
#9 C:\xampp\htdocs\aplikasi_iro\system\Commands\Server\rewrite.php(43): require_once('C:\\xampp\\htdocs...')
#10 {main}
ERROR - 2022-09-01 21:06:37 --> mysqli_sql_exception: Unknown column 'telp' in 'field list' in C:\xampp\htdocs\aplikasi_iro\system\Database\MySQLi\Connection.php:292
Stack trace:
#0 C:\xampp\htdocs\aplikasi_iro\system\Database\MySQLi\Connection.php(292): mysqli->query('UPDATE `content...', 0)
#1 C:\xampp\htdocs\aplikasi_iro\system\Database\BaseConnection.php(693): CodeIgniter\Database\MySQLi\Connection->execute('UPDATE `content...')
#2 C:\xampp\htdocs\aplikasi_iro\system\Database\BaseConnection.php(620): CodeIgniter\Database\BaseConnection->simpleQuery('UPDATE `content...')
#3 C:\xampp\htdocs\aplikasi_iro\system\Database\BaseBuilder.php(2078): CodeIgniter\Database\BaseConnection->query('UPDATE `content...', Array, false)
#4 C:\xampp\htdocs\aplikasi_iro\app\Controllers\Content.php(107): CodeIgniter\Database\BaseBuilder->update(Array)
#5 C:\xampp\htdocs\aplikasi_iro\system\CodeIgniter.php(898): App\Controllers\Content->update('8')
#6 C:\xampp\htdocs\aplikasi_iro\system\CodeIgniter.php(457): CodeIgniter\CodeIgniter->runController(Object(App\Controllers\Content))
#7 C:\xampp\htdocs\aplikasi_iro\system\CodeIgniter.php(340): CodeIgniter\CodeIgniter->handleRequest(NULL, Object(Config\Cache), false)
#8 C:\xampp\htdocs\aplikasi_iro\public\index.php(67): CodeIgniter\CodeIgniter->run()
#9 C:\xampp\htdocs\aplikasi_iro\system\Commands\Server\rewrite.php(43): require_once('C:\\xampp\\htdocs...')
#10 {main}
ERROR - 2022-09-01 21:54:39 --> mysqli_sql_exception: Table 'iro.pengumuman' doesn't exist in C:\xampp\htdocs\aplikasi_iro\system\Database\MySQLi\Connection.php:292
Stack trace:
#0 C:\xampp\htdocs\aplikasi_iro\system\Database\MySQLi\Connection.php(292): mysqli->query('SELECT *\nFROM `...', 0)
#1 C:\xampp\htdocs\aplikasi_iro\system\Database\BaseConnection.php(693): CodeIgniter\Database\MySQLi\Connection->execute('SELECT *\nFROM `...')
#2 C:\xampp\htdocs\aplikasi_iro\system\Database\BaseConnection.php(620): CodeIgniter\Database\BaseConnection->simpleQuery('SELECT *\nFROM `...')
#3 C:\xampp\htdocs\aplikasi_iro\system\Database\BaseBuilder.php(1585): CodeIgniter\Database\BaseConnection->query('SELECT *\nFROM `...', Array, false)
#4 C:\xampp\htdocs\aplikasi_iro\app\Controllers\Pengumuman.php(16): CodeIgniter\Database\BaseBuilder->get()
#5 C:\xampp\htdocs\aplikasi_iro\system\CodeIgniter.php(898): App\Controllers\Pengumuman->index()
#6 C:\xampp\htdocs\aplikasi_iro\system\CodeIgniter.php(457): CodeIgniter\CodeIgniter->runController(Object(App\Controllers\Pengumuman))
#7 C:\xampp\htdocs\aplikasi_iro\system\CodeIgniter.php(340): CodeIgniter\CodeIgniter->handleRequest(NULL, Object(Config\Cache), false)
#8 C:\xampp\htdocs\aplikasi_iro\public\index.php(67): CodeIgniter\CodeIgniter->run()
#9 C:\xampp\htdocs\aplikasi_iro\system\Commands\Server\rewrite.php(43): require_once('C:\\xampp\\htdocs...')
#10 {main}
CRITICAL - 2022-09-01 21:54:39 --> Call to a member function getResult() on bool
in APPPATH\Controllers\Pengumuman.php on line 17.
 1 SYSTEMPATH\CodeIgniter.php(898): App\Controllers\Pengumuman->index()
 2 SYSTEMPATH\CodeIgniter.php(457): CodeIgniter\CodeIgniter->runController(Object(App\Controllers\Pengumuman))
 3 SYSTEMPATH\CodeIgniter.php(340): CodeIgniter\CodeIgniter->handleRequest(null, Object(Config\Cache), false)
 4 FCPATH\index.php(67): CodeIgniter\CodeIgniter->run()
 5 SYSTEMPATH\Commands\Server\rewrite.php(43): require_once('FCPATH\\index.php')
CRITICAL - 2022-09-01 23:35:54 --> Undefined property: stdClass::$nim
in APPPATH\Views\admin\detail.php on line 44.
 1 APPPATH\Views\admin\detail.php(44): CodeIgniter\Debug\Exceptions->errorHandler(2, 'Undefined property: stdClass::$nim', 'APPPATH\\Views\\admin\\detail.php', 44)
 2 SYSTEMPATH\View\View.php(213): include('APPPATH\\Views\\admin\\detail.php')
 3 SYSTEMPATH\View\View.php(216): CodeIgniter\View\View->CodeIgniter\View\{closure}()
 4 SYSTEMPATH\Common.php(1137): CodeIgniter\View\View->render('admin/detail', [], true)
 5 APPPATH\Controllers\Admin.php(35): view('admin/detail', [...])
 6 SYSTEMPATH\CodeIgniter.php(898): App\Controllers\Admin->detail('4')
 7 SYSTEMPATH\CodeIgniter.php(457): CodeIgniter\CodeIgniter->runController(Object(App\Controllers\Admin))
 8 SYSTEMPATH\CodeIgniter.php(340): CodeIgniter\CodeIgniter->handleRequest(null, Object(Config\Cache), false)
 9 FCPATH\index.php(67): CodeIgniter\CodeIgniter->run()
10 SYSTEMPATH\Commands\Server\rewrite.php(43): require_once('FCPATH\\index.php')
CRITICAL - 2022-09-01 23:43:57 --> Undefined variable $value
in APPPATH\Views\admin\detail.php on line 49.
 1 APPPATH\Views\admin\detail.php(49): CodeIgniter\Debug\Exceptions->errorHandler(2, 'Undefined variable $value', 'APPPATH\\Views\\admin\\detail.php', 49)
 2 SYSTEMPATH\View\View.php(213): include('APPPATH\\Views\\admin\\detail.php')
 3 SYSTEMPATH\View\View.php(216): CodeIgniter\View\View->CodeIgniter\View\{closure}()
 4 SYSTEMPATH\Common.php(1137): CodeIgniter\View\View->render('admin/detail', [], true)
 5 APPPATH\Controllers\Admin.php(35): view('admin/detail', [...])
 6 SYSTEMPATH\CodeIgniter.php(898): App\Controllers\Admin->detail('6')
 7 SYSTEMPATH\CodeIgniter.php(457): CodeIgniter\CodeIgniter->runController(Object(App\Controllers\Admin))
 8 SYSTEMPATH\CodeIgniter.php(340): CodeIgniter\CodeIgniter->handleRequest(null, Object(Config\Cache), false)
 9 FCPATH\index.php(67): CodeIgniter\CodeIgniter->run()
10 SYSTEMPATH\Commands\Server\rewrite.php(43): require_once('FCPATH\\index.php')
CRITICAL - 2022-09-01 23:44:03 --> Undefined property: stdClass::$id
in APPPATH\Views\admin\detail.php on line 49.
 1 APPPATH\Views\admin\detail.php(49): CodeIgniter\Debug\Exceptions->errorHandler(2, 'Undefined property: stdClass::$id', 'APPPATH\\Views\\admin\\detail.php', 49)
 2 SYSTEMPATH\View\View.php(213): include('APPPATH\\Views\\admin\\detail.php')
 3 SYSTEMPATH\View\View.php(216): CodeIgniter\View\View->CodeIgniter\View\{closure}()
 4 SYSTEMPATH\Common.php(1137): CodeIgniter\View\View->render('admin/detail', [], true)
 5 APPPATH\Controllers\Admin.php(35): view('admin/detail', [...])
 6 SYSTEMPATH\CodeIgniter.php(898): App\Controllers\Admin->detail('6')
 7 SYSTEMPATH\CodeIgniter.php(457): CodeIgniter\CodeIgniter->runController(Object(App\Controllers\Admin))
 8 SYSTEMPATH\CodeIgniter.php(340): CodeIgniter\CodeIgniter->handleRequest(null, Object(Config\Cache), false)
 9 FCPATH\index.php(67): CodeIgniter\CodeIgniter->run()
10 SYSTEMPATH\Commands\Server\rewrite.php(43): require_once('FCPATH\\index.php')
CRITICAL - 2022-09-01 23:47:40 --> Undefined variable $profil
in APPPATH\Views\admin\detail.php on line 38.
 1 APPPATH\Views\admin\detail.php(38): CodeIgniter\Debug\Exceptions->errorHandler(2, 'Undefined variable $profil', 'APPPATH\\Views\\admin\\detail.php', 38)
 2 SYSTEMPATH\View\View.php(213): include('APPPATH\\Views\\admin\\detail.php')
 3 SYSTEMPATH\View\View.php(216): CodeIgniter\View\View->CodeIgniter\View\{closure}()
 4 SYSTEMPATH\Common.php(1137): CodeIgniter\View\View->render('admin/detail', [], true)
 5 APPPATH\Controllers\Admin.php(35): view('admin/detail', [...])
 6 SYSTEMPATH\CodeIgniter.php(898): App\Controllers\Admin->detail('6')
 7 SYSTEMPATH\CodeIgniter.php(457): CodeIgniter\CodeIgniter->runController(Object(App\Controllers\Admin))
 8 SYSTEMPATH\CodeIgniter.php(340): CodeIgniter\CodeIgniter->handleRequest(null, Object(Config\Cache), false)
 9 FCPATH\index.php(67): CodeIgniter\CodeIgniter->run()
10 SYSTEMPATH\Commands\Server\rewrite.php(43): require_once('FCPATH\\index.php')
CRITICAL - 2022-09-01 23:48:11 --> Undefined property: stdClass::$id
in APPPATH\Views\admin\detail.php on line 38.
 1 APPPATH\Views\admin\detail.php(38): CodeIgniter\Debug\Exceptions->errorHandler(2, 'Undefined property: stdClass::$id', 'APPPATH\\Views\\admin\\detail.php', 38)
 2 SYSTEMPATH\View\View.php(213): include('APPPATH\\Views\\admin\\detail.php')
 3 SYSTEMPATH\View\View.php(216): CodeIgniter\View\View->CodeIgniter\View\{closure}()
 4 SYSTEMPATH\Common.php(1137): CodeIgniter\View\View->render('admin/detail', [], true)
 5 APPPATH\Controllers\Admin.php(35): view('admin/detail', [...])
 6 SYSTEMPATH\CodeIgniter.php(898): App\Controllers\Admin->detail('6')
 7 SYSTEMPATH\CodeIgniter.php(457): CodeIgniter\CodeIgniter->runController(Object(App\Controllers\Admin))
 8 SYSTEMPATH\CodeIgniter.php(340): CodeIgniter\CodeIgniter->handleRequest(null, Object(Config\Cache), false)
 9 FCPATH\index.php(67): CodeIgniter\CodeIgniter->run()
10 SYSTEMPATH\Commands\Server\rewrite.php(43): require_once('FCPATH\\index.php')
CRITICAL - 2022-09-01 23:48:18 --> Undefined property: stdClass::$prodi
in APPPATH\Views\admin\detail.php on line 74.
 1 APPPATH\Views\admin\detail.php(74): CodeIgniter\Debug\Exceptions->errorHandler(2, 'Undefined property: stdClass::$prodi', 'APPPATH\\Views\\admin\\detail.php', 74)
 2 SYSTEMPATH\View\View.php(213): include('APPPATH\\Views\\admin\\detail.php')
 3 SYSTEMPATH\View\View.php(216): CodeIgniter\View\View->CodeIgniter\View\{closure}()
 4 SYSTEMPATH\Common.php(1137): CodeIgniter\View\View->render('admin/detail', [], true)
 5 APPPATH\Controllers\Admin.php(35): view('admin/detail', [...])
 6 SYSTEMPATH\CodeIgniter.php(898): App\Controllers\Admin->detail('6')
 7 SYSTEMPATH\CodeIgniter.php(457): CodeIgniter\CodeIgniter->runController(Object(App\Controllers\Admin))
 8 SYSTEMPATH\CodeIgniter.php(340): CodeIgniter\CodeIgniter->handleRequest(null, Object(Config\Cache), false)
 9 FCPATH\index.php(67): CodeIgniter\CodeIgniter->run()
10 SYSTEMPATH\Commands\Server\rewrite.php(43): require_once('FCPATH\\index.php')
