CRITICAL - 2022-08-31 01:14:25 --> Invalid file: course/detail.php
in SYSTEMPATH\Exceptions\FrameworkException.php on line 33.
 1 SYSTEMPATH\View\View.php(201): CodeIgniter\Exceptions\FrameworkException::forInvalidFile('course/detail.php')
 2 SYSTEMPATH\Common.php(1137): CodeIgniter\View\View->render('course/detail', [], true)
 3 APPPATH\Controllers\Course.php(78): view('course/detail', [...])
 4 SYSTEMPATH\CodeIgniter.php(898): App\Controllers\Course->details('1')
 5 SYSTEMPATH\CodeIgniter.php(457): CodeIgniter\CodeIgniter->runController(Object(App\Controllers\Course))
 6 SYSTEMPATH\CodeIgniter.php(340): CodeIgniter\CodeIgniter->handleRequest(null, Object(Config\Cache), false)
 7 FCPATH\index.php(67): CodeIgniter\CodeIgniter->run()
 8 SYSTEMPATH\Commands\Server\rewrite.php(43): require_once('FCPATH\\index.php')
CRITICAL - 2022-08-31 01:14:34 --> Unsupported operand types: string + int
in APPPATH\Views\course\details.php on line 52.
 1 SYSTEMPATH\View\View.php(213): include()
 2 SYSTEMPATH\View\View.php(216): CodeIgniter\View\View->CodeIgniter\View\{closure}()
 3 SYSTEMPATH\Common.php(1137): CodeIgniter\View\View->render('course/details', [], true)
 4 APPPATH\Controllers\Course.php(78): view('course/details', [...])
 5 SYSTEMPATH\CodeIgniter.php(898): App\Controllers\Course->details('1')
 6 SYSTEMPATH\CodeIgniter.php(457): CodeIgniter\CodeIgniter->runController(Object(App\Controllers\Course))
 7 SYSTEMPATH\CodeIgniter.php(340): CodeIgniter\CodeIgniter->handleRequest(null, Object(Config\Cache), false)
 8 FCPATH\index.php(67): CodeIgniter\CodeIgniter->run()
 9 SYSTEMPATH\Commands\Server\rewrite.php(43): require_once('FCPATH\\index.php')
CRITICAL - 2022-08-31 01:15:47 --> Unsupported operand types: string + int
in APPPATH\Views\course\details.php on line 52.
 1 SYSTEMPATH\View\View.php(213): include()
 2 SYSTEMPATH\View\View.php(216): CodeIgniter\View\View->CodeIgniter\View\{closure}()
 3 SYSTEMPATH\Common.php(1137): CodeIgniter\View\View->render('course/details', [], true)
 4 APPPATH\Controllers\Course.php(78): view('course/details', [...])
 5 SYSTEMPATH\CodeIgniter.php(898): App\Controllers\Course->details('1')
 6 SYSTEMPATH\CodeIgniter.php(457): CodeIgniter\CodeIgniter->runController(Object(App\Controllers\Course))
 7 SYSTEMPATH\CodeIgniter.php(340): CodeIgniter\CodeIgniter->handleRequest(null, Object(Config\Cache), false)
 8 FCPATH\index.php(67): CodeIgniter\CodeIgniter->run()
 9 SYSTEMPATH\Commands\Server\rewrite.php(43): require_once('FCPATH\\index.php')
CRITICAL - 2022-08-31 01:15:57 --> Attempt to read property "judul" on string
in APPPATH\Views\course\details.php on line 52.
 1 APPPATH\Views\course\details.php(52): CodeIgniter\Debug\Exceptions->errorHandler(2, 'Attempt to read property "judul" on string', 'APPPATH\\Views\\course\\details.php', 52)
 2 SYSTEMPATH\View\View.php(213): include('APPPATH\\Views\\course\\details.php')
 3 SYSTEMPATH\View\View.php(216): CodeIgniter\View\View->CodeIgniter\View\{closure}()
 4 SYSTEMPATH\Common.php(1137): CodeIgniter\View\View->render('course/details', [], true)
 5 APPPATH\Controllers\Course.php(78): view('course/details', [...])
 6 SYSTEMPATH\CodeIgniter.php(898): App\Controllers\Course->details('1')
 7 SYSTEMPATH\CodeIgniter.php(457): CodeIgniter\CodeIgniter->runController(Object(App\Controllers\Course))
 8 SYSTEMPATH\CodeIgniter.php(340): CodeIgniter\CodeIgniter->handleRequest(null, Object(Config\Cache), false)
 9 FCPATH\index.php(67): CodeIgniter\CodeIgniter->run()
10 SYSTEMPATH\Commands\Server\rewrite.php(43): require_once('FCPATH\\index.php')
CRITICAL - 2022-08-31 01:16:34 --> Undefined variable $user
in APPPATH\Views\course\details.php on line 52.
 1 APPPATH\Views\course\details.php(52): CodeIgniter\Debug\Exceptions->errorHandler(2, 'Undefined variable $user', 'APPPATH\\Views\\course\\details.php', 52)
 2 SYSTEMPATH\View\View.php(213): include('APPPATH\\Views\\course\\details.php')
 3 SYSTEMPATH\View\View.php(216): CodeIgniter\View\View->CodeIgniter\View\{closure}()
 4 SYSTEMPATH\Common.php(1137): CodeIgniter\View\View->render('course/details', [], true)
 5 APPPATH\Controllers\Course.php(78): view('course/details', [...])
 6 SYSTEMPATH\CodeIgniter.php(898): App\Controllers\Course->details('1')
 7 SYSTEMPATH\CodeIgniter.php(457): CodeIgniter\CodeIgniter->runController(Object(App\Controllers\Course))
 8 SYSTEMPATH\CodeIgniter.php(340): CodeIgniter\CodeIgniter->handleRequest(null, Object(Config\Cache), false)
 9 FCPATH\index.php(67): CodeIgniter\CodeIgniter->run()
10 SYSTEMPATH\Commands\Server\rewrite.php(43): require_once('FCPATH\\index.php')
CRITICAL - 2022-08-31 01:16:44 --> Undefined variable $value
in APPPATH\Views\course\details.php on line 54.
 1 APPPATH\Views\course\details.php(54): CodeIgniter\Debug\Exceptions->errorHandler(2, 'Undefined variable $value', 'APPPATH\\Views\\course\\details.php', 54)
 2 SYSTEMPATH\View\View.php(213): include('APPPATH\\Views\\course\\details.php')
 3 SYSTEMPATH\View\View.php(216): CodeIgniter\View\View->CodeIgniter\View\{closure}()
 4 SYSTEMPATH\Common.php(1137): CodeIgniter\View\View->render('course/details', [], true)
 5 APPPATH\Controllers\Course.php(78): view('course/details', [...])
 6 SYSTEMPATH\CodeIgniter.php(898): App\Controllers\Course->details('1')
 7 SYSTEMPATH\CodeIgniter.php(457): CodeIgniter\CodeIgniter->runController(Object(App\Controllers\Course))
 8 SYSTEMPATH\CodeIgniter.php(340): CodeIgniter\CodeIgniter->handleRequest(null, Object(Config\Cache), false)
 9 FCPATH\index.php(67): CodeIgniter\CodeIgniter->run()
10 SYSTEMPATH\Commands\Server\rewrite.php(43): require_once('FCPATH\\index.php')
CRITICAL - 2022-08-31 01:20:15 --> Cannot use object of type stdClass as array
in APPPATH\Views\course\details.php on line 46.
 1 SYSTEMPATH\View\View.php(213): include()
 2 SYSTEMPATH\View\View.php(216): CodeIgniter\View\View->CodeIgniter\View\{closure}()
 3 SYSTEMPATH\Common.php(1137): CodeIgniter\View\View->render('course/details', [], true)
 4 APPPATH\Controllers\Course.php(78): view('course/details', [...])
 5 SYSTEMPATH\CodeIgniter.php(898): App\Controllers\Course->details('1')
 6 SYSTEMPATH\CodeIgniter.php(457): CodeIgniter\CodeIgniter->runController(Object(App\Controllers\Course))
 7 SYSTEMPATH\CodeIgniter.php(340): CodeIgniter\CodeIgniter->handleRequest(null, Object(Config\Cache), false)
 8 FCPATH\index.php(67): CodeIgniter\CodeIgniter->run()
 9 SYSTEMPATH\Commands\Server\rewrite.php(43): require_once('FCPATH\\index.php')
CRITICAL - 2022-08-31 01:38:42 --> Attempt to read property "dokumen" on array
in APPPATH\Views\course\get.php on line 59.
 1 APPPATH\Views\course\get.php(59): CodeIgniter\Debug\Exceptions->errorHandler(2, 'Attempt to read property "dokumen" on array', 'APPPATH\\Views\\course\\get.php', 59)
 2 SYSTEMPATH\View\View.php(213): include('APPPATH\\Views\\course\\get.php')
 3 SYSTEMPATH\View\View.php(216): CodeIgniter\View\View->CodeIgniter\View\{closure}()
 4 SYSTEMPATH\Common.php(1137): CodeIgniter\View\View->render('course/get', [], true)
 5 APPPATH\Controllers\Course.php(17): view('course/get', [...])
 6 SYSTEMPATH\CodeIgniter.php(898): App\Controllers\Course->index()
 7 SYSTEMPATH\CodeIgniter.php(457): CodeIgniter\CodeIgniter->runController(Object(App\Controllers\Course))
 8 SYSTEMPATH\CodeIgniter.php(340): CodeIgniter\CodeIgniter->handleRequest(null, Object(Config\Cache), false)
 9 FCPATH\index.php(67): CodeIgniter\CodeIgniter->run()
10 SYSTEMPATH\Commands\Server\rewrite.php(43): require_once('FCPATH\\index.php')
ERROR - 2022-08-31 01:58:57 --> mysqli_sql_exception: Table 'iro.sensor' doesn't exist in C:\xampp\htdocs\aplikasi_iro\system\Database\MySQLi\Connection.php:292
Stack trace:
#0 C:\xampp\htdocs\aplikasi_iro\system\Database\MySQLi\Connection.php(292): mysqli->query('DELETE FROM `se...', 0)
#1 C:\xampp\htdocs\aplikasi_iro\system\Database\BaseConnection.php(693): CodeIgniter\Database\MySQLi\Connection->execute('DELETE FROM `se...')
#2 C:\xampp\htdocs\aplikasi_iro\system\Database\BaseConnection.php(620): CodeIgniter\Database\BaseConnection->simpleQuery('DELETE FROM `se...')
#3 C:\xampp\htdocs\aplikasi_iro\system\Database\BaseBuilder.php(2390): CodeIgniter\Database\BaseConnection->query('DELETE FROM `se...', Array, false)
#4 C:\xampp\htdocs\aplikasi_iro\app\Controllers\Course.php(104): CodeIgniter\Database\BaseBuilder->delete()
#5 C:\xampp\htdocs\aplikasi_iro\system\CodeIgniter.php(898): App\Controllers\Course->destroy('2')
#6 C:\xampp\htdocs\aplikasi_iro\system\CodeIgniter.php(457): CodeIgniter\CodeIgniter->runController(Object(App\Controllers\Course))
#7 C:\xampp\htdocs\aplikasi_iro\system\CodeIgniter.php(340): CodeIgniter\CodeIgniter->handleRequest(NULL, Object(Config\Cache), false)
#8 C:\xampp\htdocs\aplikasi_iro\public\index.php(67): CodeIgniter\CodeIgniter->run()
#9 C:\xampp\htdocs\aplikasi_iro\system\Commands\Server\rewrite.php(43): require_once('C:\\xampp\\htdocs...')
#10 {main}
CRITICAL - 2022-08-31 02:05:59 --> Undefined variable $pager
in APPPATH\Views\course\get.php on line 77.
 1 APPPATH\Views\course\get.php(77): CodeIgniter\Debug\Exceptions->errorHandler(2, 'Undefined variable $pager', 'APPPATH\\Views\\course\\get.php', 77)
 2 SYSTEMPATH\View\View.php(213): include('APPPATH\\Views\\course\\get.php')
 3 SYSTEMPATH\View\View.php(216): CodeIgniter\View\View->CodeIgniter\View\{closure}()
 4 SYSTEMPATH\Common.php(1137): CodeIgniter\View\View->render('course/get', [], true)
 5 APPPATH\Controllers\Course.php(17): view('course/get', [...])
 6 SYSTEMPATH\CodeIgniter.php(898): App\Controllers\Course->index()
 7 SYSTEMPATH\CodeIgniter.php(457): CodeIgniter\CodeIgniter->runController(Object(App\Controllers\Course))
 8 SYSTEMPATH\CodeIgniter.php(340): CodeIgniter\CodeIgniter->handleRequest(null, Object(Config\Cache), false)
 9 FCPATH\index.php(67): CodeIgniter\CodeIgniter->run()
10 SYSTEMPATH\Commands\Server\rewrite.php(43): require_once('FCPATH\\index.php')
CRITICAL - 2022-08-31 02:06:42 --> Undefined property: App\Controllers\Course::$course
in APPPATH\Controllers\Course.php on line 18.
 1 APPPATH\Controllers\Course.php(18): CodeIgniter\Debug\Exceptions->errorHandler(2, 'Undefined property: App\\Controllers\\Course::$course', 'APPPATH\\Controllers\\Course.php', 18)
 2 SYSTEMPATH\CodeIgniter.php(898): App\Controllers\Course->index()
 3 SYSTEMPATH\CodeIgniter.php(457): CodeIgniter\CodeIgniter->runController(Object(App\Controllers\Course))
 4 SYSTEMPATH\CodeIgniter.php(340): CodeIgniter\CodeIgniter->handleRequest(null, Object(Config\Cache), false)
 5 FCPATH\index.php(67): CodeIgniter\CodeIgniter->run()
 6 SYSTEMPATH\Commands\Server\rewrite.php(43): require_once('FCPATH\\index.php')
CRITICAL - 2022-08-31 02:07:32 --> Undefined property: stdClass::$id_course
in APPPATH\Views\course\get.php on line 57.
 1 APPPATH\Views\course\get.php(57): CodeIgniter\Debug\Exceptions->errorHandler(2, 'Undefined property: stdClass::$id_course', 'APPPATH\\Views\\course\\get.php', 57)
 2 SYSTEMPATH\View\View.php(213): include('APPPATH\\Views\\course\\get.php')
 3 SYSTEMPATH\View\View.php(216): CodeIgniter\View\View->CodeIgniter\View\{closure}()
 4 SYSTEMPATH\Common.php(1137): CodeIgniter\View\View->render('course/get', [], true)
 5 APPPATH\Controllers\Course.php(18): view('course/get', [...])
 6 SYSTEMPATH\CodeIgniter.php(898): App\Controllers\Course->index()
 7 SYSTEMPATH\CodeIgniter.php(457): CodeIgniter\CodeIgniter->runController(Object(App\Controllers\Course))
 8 SYSTEMPATH\CodeIgniter.php(340): CodeIgniter\CodeIgniter->handleRequest(null, Object(Config\Cache), false)
 9 FCPATH\index.php(67): CodeIgniter\CodeIgniter->run()
10 SYSTEMPATH\Commands\Server\rewrite.php(43): require_once('FCPATH\\index.php')
CRITICAL - 2022-08-31 02:07:49 --> Undefined property: stdClass::$judul
in APPPATH\Views\course\get.php on line 56.
 1 APPPATH\Views\course\get.php(56): CodeIgniter\Debug\Exceptions->errorHandler(2, 'Undefined property: stdClass::$judul', 'APPPATH\\Views\\course\\get.php', 56)
 2 SYSTEMPATH\View\View.php(213): include('APPPATH\\Views\\course\\get.php')
 3 SYSTEMPATH\View\View.php(216): CodeIgniter\View\View->CodeIgniter\View\{closure}()
 4 SYSTEMPATH\Common.php(1137): CodeIgniter\View\View->render('course/get', [], true)
 5 APPPATH\Controllers\Course.php(18): view('course/get', [...])
 6 SYSTEMPATH\CodeIgniter.php(898): App\Controllers\Course->index()
 7 SYSTEMPATH\CodeIgniter.php(457): CodeIgniter\CodeIgniter->runController(Object(App\Controllers\Course))
 8 SYSTEMPATH\CodeIgniter.php(340): CodeIgniter\CodeIgniter->handleRequest(null, Object(Config\Cache), false)
 9 FCPATH\index.php(67): CodeIgniter\CodeIgniter->run()
10 SYSTEMPATH\Commands\Server\rewrite.php(43): require_once('FCPATH\\index.php')
CRITICAL - 2022-08-31 02:08:17 --> Undefined property: stdClass::$judul
in APPPATH\Views\course\get.php on line 56.
 1 APPPATH\Views\course\get.php(56): CodeIgniter\Debug\Exceptions->errorHandler(2, 'Undefined property: stdClass::$judul', 'APPPATH\\Views\\course\\get.php', 56)
 2 SYSTEMPATH\View\View.php(213): include('APPPATH\\Views\\course\\get.php')
 3 SYSTEMPATH\View\View.php(216): CodeIgniter\View\View->CodeIgniter\View\{closure}()
 4 SYSTEMPATH\Common.php(1137): CodeIgniter\View\View->render('course/get', [], true)
 5 APPPATH\Controllers\Course.php(18): view('course/get', [...])
 6 SYSTEMPATH\CodeIgniter.php(898): App\Controllers\Course->index()
 7 SYSTEMPATH\CodeIgniter.php(457): CodeIgniter\CodeIgniter->runController(Object(App\Controllers\Course))
 8 SYSTEMPATH\CodeIgniter.php(340): CodeIgniter\CodeIgniter->handleRequest(null, Object(Config\Cache), false)
 9 FCPATH\index.php(67): CodeIgniter\CodeIgniter->run()
10 SYSTEMPATH\Commands\Server\rewrite.php(43): require_once('FCPATH\\index.php')
CRITICAL - 2022-08-31 02:08:42 --> Undefined property: stdClass::$judul
in APPPATH\Views\course\get.php on line 56.
 1 APPPATH\Views\course\get.php(56): CodeIgniter\Debug\Exceptions->errorHandler(2, 'Undefined property: stdClass::$judul', 'APPPATH\\Views\\course\\get.php', 56)
 2 SYSTEMPATH\View\View.php(213): include('APPPATH\\Views\\course\\get.php')
 3 SYSTEMPATH\View\View.php(216): CodeIgniter\View\View->CodeIgniter\View\{closure}()
 4 SYSTEMPATH\Common.php(1137): CodeIgniter\View\View->render('course/get', [], true)
 5 APPPATH\Controllers\Course.php(18): view('course/get', [...])
 6 SYSTEMPATH\CodeIgniter.php(898): App\Controllers\Course->index()
 7 SYSTEMPATH\CodeIgniter.php(457): CodeIgniter\CodeIgniter->runController(Object(App\Controllers\Course))
 8 SYSTEMPATH\CodeIgniter.php(340): CodeIgniter\CodeIgniter->handleRequest(null, Object(Config\Cache), false)
 9 FCPATH\index.php(67): CodeIgniter\CodeIgniter->run()
10 SYSTEMPATH\Commands\Server\rewrite.php(43): require_once('FCPATH\\index.php')
CRITICAL - 2022-08-31 02:12:07 --> Attempt to read property "judul" on array
in APPPATH\Views\course\get.php on line 56.
 1 APPPATH\Views\course\get.php(56): CodeIgniter\Debug\Exceptions->errorHandler(2, 'Attempt to read property "judul" on array', 'APPPATH\\Views\\course\\get.php', 56)
 2 SYSTEMPATH\View\View.php(213): include('APPPATH\\Views\\course\\get.php')
 3 SYSTEMPATH\View\View.php(216): CodeIgniter\View\View->CodeIgniter\View\{closure}()
 4 SYSTEMPATH\Common.php(1137): CodeIgniter\View\View->render('course/get', [], true)
 5 APPPATH\Controllers\Course.php(18): view('course/get', [...])
 6 SYSTEMPATH\CodeIgniter.php(898): App\Controllers\Course->index()
 7 SYSTEMPATH\CodeIgniter.php(457): CodeIgniter\CodeIgniter->runController(Object(App\Controllers\Course))
 8 SYSTEMPATH\CodeIgniter.php(340): CodeIgniter\CodeIgniter->handleRequest(null, Object(Config\Cache), false)
 9 FCPATH\index.php(67): CodeIgniter\CodeIgniter->run()
10 SYSTEMPATH\Commands\Server\rewrite.php(43): require_once('FCPATH\\index.php')
CRITICAL - 2022-08-31 02:12:11 --> Undefined property: stdClass::$judul
in APPPATH\Views\course\get.php on line 56.
 1 APPPATH\Views\course\get.php(56): CodeIgniter\Debug\Exceptions->errorHandler(2, 'Undefined property: stdClass::$judul', 'APPPATH\\Views\\course\\get.php', 56)
 2 SYSTEMPATH\View\View.php(213): include('APPPATH\\Views\\course\\get.php')
 3 SYSTEMPATH\View\View.php(216): CodeIgniter\View\View->CodeIgniter\View\{closure}()
 4 SYSTEMPATH\Common.php(1137): CodeIgniter\View\View->render('course/get', [], true)
 5 APPPATH\Controllers\Course.php(18): view('course/get', [...])
 6 SYSTEMPATH\CodeIgniter.php(898): App\Controllers\Course->index()
 7 SYSTEMPATH\CodeIgniter.php(457): CodeIgniter\CodeIgniter->runController(Object(App\Controllers\Course))
 8 SYSTEMPATH\CodeIgniter.php(340): CodeIgniter\CodeIgniter->handleRequest(null, Object(Config\Cache), false)
 9 FCPATH\index.php(67): CodeIgniter\CodeIgniter->run()
10 SYSTEMPATH\Commands\Server\rewrite.php(43): require_once('FCPATH\\index.php')
CRITICAL - 2022-08-31 02:12:20 --> Undefined property: stdClass::$dokumen
in APPPATH\Views\course\get.php on line 57.
 1 APPPATH\Views\course\get.php(57): CodeIgniter\Debug\Exceptions->errorHandler(2, 'Undefined property: stdClass::$dokumen', 'APPPATH\\Views\\course\\get.php', 57)
 2 SYSTEMPATH\View\View.php(213): include('APPPATH\\Views\\course\\get.php')
 3 SYSTEMPATH\View\View.php(216): CodeIgniter\View\View->CodeIgniter\View\{closure}()
 4 SYSTEMPATH\Common.php(1137): CodeIgniter\View\View->render('course/get', [], true)
 5 APPPATH\Controllers\Course.php(18): view('course/get', [...])
 6 SYSTEMPATH\CodeIgniter.php(898): App\Controllers\Course->index()
 7 SYSTEMPATH\CodeIgniter.php(457): CodeIgniter\CodeIgniter->runController(Object(App\Controllers\Course))
 8 SYSTEMPATH\CodeIgniter.php(340): CodeIgniter\CodeIgniter->handleRequest(null, Object(Config\Cache), false)
 9 FCPATH\index.php(67): CodeIgniter\CodeIgniter->run()
10 SYSTEMPATH\Commands\Server\rewrite.php(43): require_once('FCPATH\\index.php')
CRITICAL - 2022-08-31 02:12:28 --> Undefined property: stdClass::$dokumen
in APPPATH\Views\course\get.php on line 57.
 1 APPPATH\Views\course\get.php(57): CodeIgniter\Debug\Exceptions->errorHandler(2, 'Undefined property: stdClass::$dokumen', 'APPPATH\\Views\\course\\get.php', 57)
 2 SYSTEMPATH\View\View.php(213): include('APPPATH\\Views\\course\\get.php')
 3 SYSTEMPATH\View\View.php(216): CodeIgniter\View\View->CodeIgniter\View\{closure}()
 4 SYSTEMPATH\Common.php(1137): CodeIgniter\View\View->render('course/get', [], true)
 5 APPPATH\Controllers\Course.php(18): view('course/get', [...])
 6 SYSTEMPATH\CodeIgniter.php(898): App\Controllers\Course->index()
 7 SYSTEMPATH\CodeIgniter.php(457): CodeIgniter\CodeIgniter->runController(Object(App\Controllers\Course))
 8 SYSTEMPATH\CodeIgniter.php(340): CodeIgniter\CodeIgniter->handleRequest(null, Object(Config\Cache), false)
 9 FCPATH\index.php(67): CodeIgniter\CodeIgniter->run()
10 SYSTEMPATH\Commands\Server\rewrite.php(43): require_once('FCPATH\\index.php')
CRITICAL - 2022-08-31 02:15:28 --> Undefined property: stdClass::$judul
in APPPATH\Views\course\get.php on line 56.
 1 APPPATH\Views\course\get.php(56): CodeIgniter\Debug\Exceptions->errorHandler(2, 'Undefined property: stdClass::$judul', 'APPPATH\\Views\\course\\get.php', 56)
 2 SYSTEMPATH\View\View.php(213): include('APPPATH\\Views\\course\\get.php')
 3 SYSTEMPATH\View\View.php(216): CodeIgniter\View\View->CodeIgniter\View\{closure}()
 4 SYSTEMPATH\Common.php(1137): CodeIgniter\View\View->render('course/get', [], true)
 5 APPPATH\Controllers\Course.php(18): view('course/get', [...])
 6 SYSTEMPATH\CodeIgniter.php(898): App\Controllers\Course->index()
 7 SYSTEMPATH\CodeIgniter.php(457): CodeIgniter\CodeIgniter->runController(Object(App\Controllers\Course))
 8 SYSTEMPATH\CodeIgniter.php(340): CodeIgniter\CodeIgniter->handleRequest(null, Object(Config\Cache), false)
 9 FCPATH\index.php(67): CodeIgniter\CodeIgniter->run()
10 SYSTEMPATH\Commands\Server\rewrite.php(43): require_once('FCPATH\\index.php')
CRITICAL - 2022-08-31 02:15:29 --> Undefined property: stdClass::$judul
in APPPATH\Views\course\get.php on line 56.
 1 APPPATH\Views\course\get.php(56): CodeIgniter\Debug\Exceptions->errorHandler(2, 'Undefined property: stdClass::$judul', 'APPPATH\\Views\\course\\get.php', 56)
 2 SYSTEMPATH\View\View.php(213): include('APPPATH\\Views\\course\\get.php')
 3 SYSTEMPATH\View\View.php(216): CodeIgniter\View\View->CodeIgniter\View\{closure}()
 4 SYSTEMPATH\Common.php(1137): CodeIgniter\View\View->render('course/get', [], true)
 5 APPPATH\Controllers\Course.php(18): view('course/get', [...])
 6 SYSTEMPATH\CodeIgniter.php(898): App\Controllers\Course->index()
 7 SYSTEMPATH\CodeIgniter.php(457): CodeIgniter\CodeIgniter->runController(Object(App\Controllers\Course))
 8 SYSTEMPATH\CodeIgniter.php(340): CodeIgniter\CodeIgniter->handleRequest(null, Object(Config\Cache), false)
 9 FCPATH\index.php(67): CodeIgniter\CodeIgniter->run()
10 SYSTEMPATH\Commands\Server\rewrite.php(43): require_once('FCPATH\\index.php')
CRITICAL - 2022-08-31 02:15:30 --> Undefined property: stdClass::$judul
in APPPATH\Views\course\get.php on line 56.
 1 APPPATH\Views\course\get.php(56): CodeIgniter\Debug\Exceptions->errorHandler(2, 'Undefined property: stdClass::$judul', 'APPPATH\\Views\\course\\get.php', 56)
 2 SYSTEMPATH\View\View.php(213): include('APPPATH\\Views\\course\\get.php')
 3 SYSTEMPATH\View\View.php(216): CodeIgniter\View\View->CodeIgniter\View\{closure}()
 4 SYSTEMPATH\Common.php(1137): CodeIgniter\View\View->render('course/get', [], true)
 5 APPPATH\Controllers\Course.php(18): view('course/get', [...])
 6 SYSTEMPATH\CodeIgniter.php(898): App\Controllers\Course->index()
 7 SYSTEMPATH\CodeIgniter.php(457): CodeIgniter\CodeIgniter->runController(Object(App\Controllers\Course))
 8 SYSTEMPATH\CodeIgniter.php(340): CodeIgniter\CodeIgniter->handleRequest(null, Object(Config\Cache), false)
 9 FCPATH\index.php(67): CodeIgniter\CodeIgniter->run()
10 SYSTEMPATH\Commands\Server\rewrite.php(43): require_once('FCPATH\\index.php')
CRITICAL - 2022-08-31 02:18:48 --> Undefined variable $course
in APPPATH\Views\course\get.php on line 53.
 1 APPPATH\Views\course\get.php(53): CodeIgniter\Debug\Exceptions->errorHandler(2, 'Undefined variable $course', 'APPPATH\\Views\\course\\get.php', 53)
 2 SYSTEMPATH\View\View.php(213): include('APPPATH\\Views\\course\\get.php')
 3 SYSTEMPATH\View\View.php(216): CodeIgniter\View\View->CodeIgniter\View\{closure}()
 4 SYSTEMPATH\Common.php(1137): CodeIgniter\View\View->render('course/get', [], true)
 5 APPPATH\Controllers\Course.php(19): view('course/get', [...])
 6 SYSTEMPATH\CodeIgniter.php(898): App\Controllers\Course->index()
 7 SYSTEMPATH\CodeIgniter.php(457): CodeIgniter\CodeIgniter->runController(Object(App\Controllers\Course))
 8 SYSTEMPATH\CodeIgniter.php(340): CodeIgniter\CodeIgniter->handleRequest(null, Object(Config\Cache), false)
 9 FCPATH\index.php(67): CodeIgniter\CodeIgniter->run()
10 SYSTEMPATH\Commands\Server\rewrite.php(43): require_once('FCPATH\\index.php')
CRITICAL - 2022-08-31 02:25:23 --> Undefined property: stdClass::$judul
in APPPATH\Views\course\get.php on line 56.
 1 APPPATH\Views\course\get.php(56): CodeIgniter\Debug\Exceptions->errorHandler(2, 'Undefined property: stdClass::$judul', 'APPPATH\\Views\\course\\get.php', 56)
 2 SYSTEMPATH\View\View.php(213): include('APPPATH\\Views\\course\\get.php')
 3 SYSTEMPATH\View\View.php(216): CodeIgniter\View\View->CodeIgniter\View\{closure}()
 4 SYSTEMPATH\Common.php(1137): CodeIgniter\View\View->render('course/get', [], true)
 5 APPPATH\Controllers\Course.php(20): view('course/get', [...])
 6 SYSTEMPATH\CodeIgniter.php(898): App\Controllers\Course->index()
 7 SYSTEMPATH\CodeIgniter.php(457): CodeIgniter\CodeIgniter->runController(Object(App\Controllers\Course))
 8 SYSTEMPATH\CodeIgniter.php(340): CodeIgniter\CodeIgniter->handleRequest(null, Object(Config\Cache), false)
 9 FCPATH\index.php(67): CodeIgniter\CodeIgniter->run()
10 SYSTEMPATH\Commands\Server\rewrite.php(43): require_once('FCPATH\\index.php')
ERROR - 2022-08-31 02:26:57 --> mysqli_sql_exception: Not unique table/alias: 'course' in C:\xampp\htdocs\aplikasi_iro\system\Database\MySQLi\Connection.php:292
Stack trace:
#0 C:\xampp\htdocs\aplikasi_iro\system\Database\MySQLi\Connection.php(292): mysqli->query('SELECT COUNT(*)...', 0)
#1 C:\xampp\htdocs\aplikasi_iro\system\Database\BaseConnection.php(693): CodeIgniter\Database\MySQLi\Connection->execute('SELECT COUNT(*)...')
#2 C:\xampp\htdocs\aplikasi_iro\system\Database\BaseConnection.php(620): CodeIgniter\Database\BaseConnection->simpleQuery('SELECT COUNT(*)...')
#3 C:\xampp\htdocs\aplikasi_iro\system\Database\BaseBuilder.php(1669): CodeIgniter\Database\BaseConnection->query('SELECT COUNT(*)...', Array, false)
#4 C:\xampp\htdocs\aplikasi_iro\system\Model.php(550): CodeIgniter\Database\BaseBuilder->countAllResults(false)
#5 C:\xampp\htdocs\aplikasi_iro\system\BaseModel.php(1085): CodeIgniter\Model->countAllResults(false)
#6 C:\xampp\htdocs\aplikasi_iro\app\Models\CourseModel.php(28): CodeIgniter\BaseModel->paginate(5)
#7 C:\xampp\htdocs\aplikasi_iro\app\Controllers\Course.php(18): App\Models\CourseModel->getPaginated(5, NULL)
#8 C:\xampp\htdocs\aplikasi_iro\system\CodeIgniter.php(898): App\Controllers\Course->index()
#9 C:\xampp\htdocs\aplikasi_iro\system\CodeIgniter.php(457): CodeIgniter\CodeIgniter->runController(Object(App\Controllers\Course))
#10 C:\xampp\htdocs\aplikasi_iro\system\CodeIgniter.php(340): CodeIgniter\CodeIgniter->handleRequest(NULL, Object(Config\Cache), false)
#11 C:\xampp\htdocs\aplikasi_iro\public\index.php(67): CodeIgniter\CodeIgniter->run()
#12 C:\xampp\htdocs\aplikasi_iro\system\Commands\Server\rewrite.php(43): require_once('C:\\xampp\\htdocs...')
#13 {main}
ERROR - 2022-08-31 02:26:57 --> mysqli_sql_exception: Not unique table/alias: 'course' in C:\xampp\htdocs\aplikasi_iro\system\Database\MySQLi\Connection.php:292
Stack trace:
#0 C:\xampp\htdocs\aplikasi_iro\system\Database\MySQLi\Connection.php(292): mysqli->query('SELECT `id_cour...', 0)
#1 C:\xampp\htdocs\aplikasi_iro\system\Database\BaseConnection.php(693): CodeIgniter\Database\MySQLi\Connection->execute('SELECT `id_cour...')
#2 C:\xampp\htdocs\aplikasi_iro\system\Database\BaseConnection.php(620): CodeIgniter\Database\BaseConnection->simpleQuery('SELECT `id_cour...')
#3 C:\xampp\htdocs\aplikasi_iro\system\Database\BaseBuilder.php(1585): CodeIgniter\Database\BaseConnection->query('SELECT `id_cour...', Array, false)
#4 C:\xampp\htdocs\aplikasi_iro\system\Model.php(222): CodeIgniter\Database\BaseBuilder->get()
#5 C:\xampp\htdocs\aplikasi_iro\system\BaseModel.php(584): CodeIgniter\Model->doFindAll(5, 0)
#6 C:\xampp\htdocs\aplikasi_iro\system\BaseModel.php(1089): CodeIgniter\BaseModel->findAll(5, 0)
#7 C:\xampp\htdocs\aplikasi_iro\app\Models\CourseModel.php(28): CodeIgniter\BaseModel->paginate(5)
#8 C:\xampp\htdocs\aplikasi_iro\app\Controllers\Course.php(18): App\Models\CourseModel->getPaginated(5, NULL)
#9 C:\xampp\htdocs\aplikasi_iro\system\CodeIgniter.php(898): App\Controllers\Course->index()
#10 C:\xampp\htdocs\aplikasi_iro\system\CodeIgniter.php(457): CodeIgniter\CodeIgniter->runController(Object(App\Controllers\Course))
#11 C:\xampp\htdocs\aplikasi_iro\system\CodeIgniter.php(340): CodeIgniter\CodeIgniter->handleRequest(NULL, Object(Config\Cache), false)
#12 C:\xampp\htdocs\aplikasi_iro\public\index.php(67): CodeIgniter\CodeIgniter->run()
#13 C:\xampp\htdocs\aplikasi_iro\system\Commands\Server\rewrite.php(43): require_once('C:\\xampp\\htdocs...')
#14 {main}
CRITICAL - 2022-08-31 02:26:57 --> Call to a member function getResult() on bool
in SYSTEMPATH\Model.php on line 223.
 1 SYSTEMPATH\BaseModel.php(584): CodeIgniter\Model->doFindAll(5, 0)
 2 SYSTEMPATH\BaseModel.php(1089): CodeIgniter\BaseModel->findAll(5, 0)
 3 APPPATH\Models\CourseModel.php(28): CodeIgniter\BaseModel->paginate(5)
 4 APPPATH\Controllers\Course.php(18): App\Models\CourseModel->getPaginated(5, null)
 5 SYSTEMPATH\CodeIgniter.php(898): App\Controllers\Course->index()
 6 SYSTEMPATH\CodeIgniter.php(457): CodeIgniter\CodeIgniter->runController(Object(App\Controllers\Course))
 7 SYSTEMPATH\CodeIgniter.php(340): CodeIgniter\CodeIgniter->handleRequest(null, Object(Config\Cache), false)
 8 FCPATH\index.php(67): CodeIgniter\CodeIgniter->run()
 9 SYSTEMPATH\Commands\Server\rewrite.php(43): require_once('FCPATH\\index.php')
CRITICAL - 2022-08-31 02:45:51 --> Call to undefined function countData()
in APPPATH\Views\user\index.php on line 23.
 1 SYSTEMPATH\View\View.php(213): include()
 2 SYSTEMPATH\View\View.php(216): CodeIgniter\View\View->CodeIgniter\View\{closure}()
 3 SYSTEMPATH\Common.php(1137): CodeIgniter\View\View->render('user/index', [], true)
 4 APPPATH\Controllers\User.php(15): view('user/index')
 5 SYSTEMPATH\CodeIgniter.php(898): App\Controllers\User->index()
 6 SYSTEMPATH\CodeIgniter.php(457): CodeIgniter\CodeIgniter->runController(Object(App\Controllers\User))
 7 SYSTEMPATH\CodeIgniter.php(340): CodeIgniter\CodeIgniter->handleRequest(null, Object(Config\Cache), false)
 8 FCPATH\index.php(67): CodeIgniter\CodeIgniter->run()
 9 SYSTEMPATH\Commands\Server\rewrite.php(43): require_once('FCPATH\\index.php')
CRITICAL - 2022-08-31 02:48:40 --> Call to undefined function user()
in APPPATH\Views\layout\default.php on line 164.
 1 SYSTEMPATH\View\View.php(213): include()
 2 SYSTEMPATH\View\View.php(216): CodeIgniter\View\View->CodeIgniter\View\{closure}()
 3 SYSTEMPATH\View\View.php(229): CodeIgniter\View\View->render('layout/default', [], true)
 4 SYSTEMPATH\Common.php(1137): CodeIgniter\View\View->render('admin/user_list', [], true)
 5 APPPATH\Controllers\Admin.php(21): view('admin/user_list', [...])
 6 SYSTEMPATH\CodeIgniter.php(898): App\Controllers\Admin->index()
 7 SYSTEMPATH\CodeIgniter.php(457): CodeIgniter\CodeIgniter->runController(Object(App\Controllers\Admin))
 8 SYSTEMPATH\CodeIgniter.php(340): CodeIgniter\CodeIgniter->handleRequest(null, Object(Config\Cache), false)
 9 FCPATH\index.php(67): CodeIgniter\CodeIgniter->run()
10 SYSTEMPATH\Commands\Server\rewrite.php(43): require_once('FCPATH\\index.php')
CRITICAL - 2022-08-31 02:48:45 --> Call to undefined function user()
in APPPATH\Views\layout\default.php on line 164.
 1 SYSTEMPATH\View\View.php(213): include()
 2 SYSTEMPATH\View\View.php(216): CodeIgniter\View\View->CodeIgniter\View\{closure}()
 3 SYSTEMPATH\View\View.php(229): CodeIgniter\View\View->render('layout/default', [], true)
 4 SYSTEMPATH\Common.php(1137): CodeIgniter\View\View->render('admin/user_list', [], true)
 5 APPPATH\Controllers\Admin.php(21): view('admin/user_list', [...])
 6 SYSTEMPATH\CodeIgniter.php(898): App\Controllers\Admin->index()
 7 SYSTEMPATH\CodeIgniter.php(457): CodeIgniter\CodeIgniter->runController(Object(App\Controllers\Admin))
 8 SYSTEMPATH\CodeIgniter.php(340): CodeIgniter\CodeIgniter->handleRequest(null, Object(Config\Cache), false)
 9 FCPATH\index.php(67): CodeIgniter\CodeIgniter->run()
10 SYSTEMPATH\Commands\Server\rewrite.php(43): require_once('FCPATH\\index.php')
CRITICAL - 2022-08-31 02:49:02 --> Call to undefined function in_groups()
in APPPATH\Views\course\get.php on line 10.
 1 SYSTEMPATH\View\View.php(213): include()
 2 SYSTEMPATH\View\View.php(216): CodeIgniter\View\View->CodeIgniter\View\{closure}()
 3 SYSTEMPATH\Common.php(1137): CodeIgniter\View\View->render('course/get', [], true)
 4 APPPATH\Controllers\Course.php(20): view('course/get', [...])
 5 SYSTEMPATH\CodeIgniter.php(898): App\Controllers\Course->index()
 6 SYSTEMPATH\CodeIgniter.php(457): CodeIgniter\CodeIgniter->runController(Object(App\Controllers\Course))
 7 SYSTEMPATH\CodeIgniter.php(340): CodeIgniter\CodeIgniter->handleRequest(null, Object(Config\Cache), false)
 8 FCPATH\index.php(67): CodeIgniter\CodeIgniter->run()
 9 SYSTEMPATH\Commands\Server\rewrite.php(43): require_once('FCPATH\\index.php')
CRITICAL - 2022-08-31 02:56:14 --> Undefined variable $dokumen
in APPPATH\Controllers\Course.php on line 78.
 1 APPPATH\Controllers\Course.php(78): CodeIgniter\Debug\Exceptions->errorHandler(2, 'Undefined variable $dokumen', 'APPPATH\\Controllers\\Course.php', 78)
 2 SYSTEMPATH\CodeIgniter.php(898): App\Controllers\Course->edit('6')
 3 SYSTEMPATH\CodeIgniter.php(457): CodeIgniter\CodeIgniter->runController(Object(App\Controllers\Course))
 4 SYSTEMPATH\CodeIgniter.php(340): CodeIgniter\CodeIgniter->handleRequest(null, Object(Config\Cache), false)
 5 FCPATH\index.php(67): CodeIgniter\CodeIgniter->run()
 6 SYSTEMPATH\Commands\Server\rewrite.php(43): require_once('FCPATH\\index.php')
CRITICAL - 2022-08-31 02:58:27 --> Undefined property: stdClass::$nama_course
in APPPATH\Views\course\edit.php on line 28.
 1 APPPATH\Views\course\edit.php(28): CodeIgniter\Debug\Exceptions->errorHandler(2, 'Undefined property: stdClass::$nama_course', 'APPPATH\\Views\\course\\edit.php', 28)
 2 SYSTEMPATH\View\View.php(213): include('APPPATH\\Views\\course\\edit.php')
 3 SYSTEMPATH\View\View.php(216): CodeIgniter\View\View->CodeIgniter\View\{closure}()
 4 SYSTEMPATH\Common.php(1137): CodeIgniter\View\View->render('course/edit', [], true)
 5 APPPATH\Controllers\Course.php(81): view('course/edit', [...])
 6 SYSTEMPATH\CodeIgniter.php(898): App\Controllers\Course->edit('3')
 7 SYSTEMPATH\CodeIgniter.php(457): CodeIgniter\CodeIgniter->runController(Object(App\Controllers\Course))
 8 SYSTEMPATH\CodeIgniter.php(340): CodeIgniter\CodeIgniter->handleRequest(null, Object(Config\Cache), false)
 9 FCPATH\index.php(67): CodeIgniter\CodeIgniter->run()
10 SYSTEMPATH\Commands\Server\rewrite.php(43): require_once('FCPATH\\index.php')
ERROR - 2022-08-31 04:37:13 --> mysqli_sql_exception: Unknown column 'nama_course' in 'field list' in C:\xampp\htdocs\aplikasi_iro\system\Database\MySQLi\Connection.php:292
Stack trace:
#0 C:\xampp\htdocs\aplikasi_iro\system\Database\MySQLi\Connection.php(292): mysqli->query('UPDATE `course`...', 0)
#1 C:\xampp\htdocs\aplikasi_iro\system\Database\BaseConnection.php(693): CodeIgniter\Database\MySQLi\Connection->execute('UPDATE `course`...')
#2 C:\xampp\htdocs\aplikasi_iro\system\Database\BaseConnection.php(620): CodeIgniter\Database\BaseConnection->simpleQuery('UPDATE `course`...')
#3 C:\xampp\htdocs\aplikasi_iro\system\Database\BaseBuilder.php(2078): CodeIgniter\Database\BaseConnection->query('UPDATE `course`...', Array, false)
#4 C:\xampp\htdocs\aplikasi_iro\app\Controllers\Course.php(101): CodeIgniter\Database\BaseBuilder->update(Array)
#5 C:\xampp\htdocs\aplikasi_iro\system\CodeIgniter.php(898): App\Controllers\Course->update('4')
#6 C:\xampp\htdocs\aplikasi_iro\system\CodeIgniter.php(457): CodeIgniter\CodeIgniter->runController(Object(App\Controllers\Course))
#7 C:\xampp\htdocs\aplikasi_iro\system\CodeIgniter.php(340): CodeIgniter\CodeIgniter->handleRequest(NULL, Object(Config\Cache), false)
#8 C:\xampp\htdocs\aplikasi_iro\public\index.php(67): CodeIgniter\CodeIgniter->run()
#9 C:\xampp\htdocs\aplikasi_iro\system\Commands\Server\rewrite.php(43): require_once('C:\\xampp\\htdocs...')
#10 {main}
ERROR - 2022-08-31 04:37:36 --> mysqli_sql_exception: Unknown column 'nama_course' in 'field list' in C:\xampp\htdocs\aplikasi_iro\system\Database\MySQLi\Connection.php:292
Stack trace:
#0 C:\xampp\htdocs\aplikasi_iro\system\Database\MySQLi\Connection.php(292): mysqli->query('UPDATE `course`...', 0)
#1 C:\xampp\htdocs\aplikasi_iro\system\Database\BaseConnection.php(693): CodeIgniter\Database\MySQLi\Connection->execute('UPDATE `course`...')
#2 C:\xampp\htdocs\aplikasi_iro\system\Database\BaseConnection.php(620): CodeIgniter\Database\BaseConnection->simpleQuery('UPDATE `course`...')
#3 C:\xampp\htdocs\aplikasi_iro\system\Database\BaseBuilder.php(2078): CodeIgniter\Database\BaseConnection->query('UPDATE `course`...', Array, false)
#4 C:\xampp\htdocs\aplikasi_iro\app\Controllers\Course.php(101): CodeIgniter\Database\BaseBuilder->update(Array)
#5 C:\xampp\htdocs\aplikasi_iro\system\CodeIgniter.php(898): App\Controllers\Course->update('1')
#6 C:\xampp\htdocs\aplikasi_iro\system\CodeIgniter.php(457): CodeIgniter\CodeIgniter->runController(Object(App\Controllers\Course))
#7 C:\xampp\htdocs\aplikasi_iro\system\CodeIgniter.php(340): CodeIgniter\CodeIgniter->handleRequest(NULL, Object(Config\Cache), false)
#8 C:\xampp\htdocs\aplikasi_iro\public\index.php(67): CodeIgniter\CodeIgniter->run()
#9 C:\xampp\htdocs\aplikasi_iro\system\Commands\Server\rewrite.php(43): require_once('C:\\xampp\\htdocs...')
#10 {main}
ERROR - 2022-08-31 04:38:06 --> mysqli_sql_exception: Unknown column 'nama_course' in 'field list' in C:\xampp\htdocs\aplikasi_iro\system\Database\MySQLi\Connection.php:292
Stack trace:
#0 C:\xampp\htdocs\aplikasi_iro\system\Database\MySQLi\Connection.php(292): mysqli->query('UPDATE `course`...', 0)
#1 C:\xampp\htdocs\aplikasi_iro\system\Database\BaseConnection.php(693): CodeIgniter\Database\MySQLi\Connection->execute('UPDATE `course`...')
#2 C:\xampp\htdocs\aplikasi_iro\system\Database\BaseConnection.php(620): CodeIgniter\Database\BaseConnection->simpleQuery('UPDATE `course`...')
#3 C:\xampp\htdocs\aplikasi_iro\system\Database\BaseBuilder.php(2078): CodeIgniter\Database\BaseConnection->query('UPDATE `course`...', Array, false)
#4 C:\xampp\htdocs\aplikasi_iro\app\Controllers\Course.php(101): CodeIgniter\Database\BaseBuilder->update(Array)
#5 C:\xampp\htdocs\aplikasi_iro\system\CodeIgniter.php(898): App\Controllers\Course->update('1')
#6 C:\xampp\htdocs\aplikasi_iro\system\CodeIgniter.php(457): CodeIgniter\CodeIgniter->runController(Object(App\Controllers\Course))
#7 C:\xampp\htdocs\aplikasi_iro\system\CodeIgniter.php(340): CodeIgniter\CodeIgniter->handleRequest(NULL, Object(Config\Cache), false)
#8 C:\xampp\htdocs\aplikasi_iro\public\index.php(67): CodeIgniter\CodeIgniter->run()
#9 C:\xampp\htdocs\aplikasi_iro\system\Commands\Server\rewrite.php(43): require_once('C:\\xampp\\htdocs...')
#10 {main}
CRITICAL - 2022-08-31 04:57:29 --> syntax error, unexpected identifier "unlink"
in APPPATH\Controllers\Course.php on line 109.
 1 SYSTEMPATH\Autoloader\Autoloader.php(259): CodeIgniter\Autoloader\Autoloader->includeFile('APPPATH\\Controllers\\Course.php')
 2 SYSTEMPATH\Autoloader\Autoloader.php(237): CodeIgniter\Autoloader\Autoloader->loadInNamespace('App\\Controllers\\Course')
 3 [internal function]: CodeIgniter\Autoloader\Autoloader->loadClass('App\\Controllers\\Course')
 4 SYSTEMPATH\CodeIgniter.php(848): class_exists('\\App\\Controllers\\Course', true)
 5 SYSTEMPATH\CodeIgniter.php(444): CodeIgniter\CodeIgniter->startController()
 6 SYSTEMPATH\CodeIgniter.php(340): CodeIgniter\CodeIgniter->handleRequest(null, Object(Config\Cache), false)
 7 FCPATH\index.php(67): CodeIgniter\CodeIgniter->run()
 8 SYSTEMPATH\Commands\Server\rewrite.php(43): require_once('FCPATH\\index.php')
CRITICAL - 2022-08-31 05:39:16 --> syntax error, unexpected token "return"
in APPPATH\Controllers\Course.php on line 134.
 1 SYSTEMPATH\Autoloader\Autoloader.php(259): CodeIgniter\Autoloader\Autoloader->includeFile('APPPATH\\Controllers\\Course.php')
 2 SYSTEMPATH\Autoloader\Autoloader.php(237): CodeIgniter\Autoloader\Autoloader->loadInNamespace('App\\Controllers\\Course')
 3 [internal function]: CodeIgniter\Autoloader\Autoloader->loadClass('App\\Controllers\\Course')
 4 SYSTEMPATH\CodeIgniter.php(848): class_exists('\\App\\Controllers\\Course', true)
 5 SYSTEMPATH\CodeIgniter.php(444): CodeIgniter\CodeIgniter->startController()
 6 SYSTEMPATH\CodeIgniter.php(340): CodeIgniter\CodeIgniter->handleRequest(null, Object(Config\Cache), false)
 7 FCPATH\index.php(67): CodeIgniter\CodeIgniter->run()
 8 SYSTEMPATH\Commands\Server\rewrite.php(43): require_once('FCPATH\\index.php')
CRITICAL - 2022-08-31 05:39:30 --> Trying to access array offset on value of type bool
in APPPATH\Controllers\Course.php on line 133.
 1 APPPATH\Controllers\Course.php(133): CodeIgniter\Debug\Exceptions->errorHandler(2, 'Trying to access array offset on value of type bool', 'APPPATH\\Controllers\\Course.php', 133)
 2 SYSTEMPATH\CodeIgniter.php(898): App\Controllers\Course->destroy('7')
 3 SYSTEMPATH\CodeIgniter.php(457): CodeIgniter\CodeIgniter->runController(Object(App\Controllers\Course))
 4 SYSTEMPATH\CodeIgniter.php(340): CodeIgniter\CodeIgniter->handleRequest(null, Object(Config\Cache), false)
 5 FCPATH\index.php(67): CodeIgniter\CodeIgniter->run()
 6 SYSTEMPATH\Commands\Server\rewrite.php(43): require_once('FCPATH\\index.php')
CRITICAL - 2022-08-31 05:40:02 --> Undefined variable $dourseModel
in APPPATH\Controllers\Course.php on line 133.
 1 APPPATH\Controllers\Course.php(133): CodeIgniter\Debug\Exceptions->errorHandler(2, 'Undefined variable $dourseModel', 'APPPATH\\Controllers\\Course.php', 133)
 2 SYSTEMPATH\CodeIgniter.php(898): App\Controllers\Course->destroy('7')
 3 SYSTEMPATH\CodeIgniter.php(457): CodeIgniter\CodeIgniter->runController(Object(App\Controllers\Course))
 4 SYSTEMPATH\CodeIgniter.php(340): CodeIgniter\CodeIgniter->handleRequest(null, Object(Config\Cache), false)
 5 FCPATH\index.php(67): CodeIgniter\CodeIgniter->run()
 6 SYSTEMPATH\Commands\Server\rewrite.php(43): require_once('FCPATH\\index.php')
CRITICAL - 2022-08-31 05:40:03 --> Undefined variable $dourseModel
in APPPATH\Controllers\Course.php on line 133.
 1 APPPATH\Controllers\Course.php(133): CodeIgniter\Debug\Exceptions->errorHandler(2, 'Undefined variable $dourseModel', 'APPPATH\\Controllers\\Course.php', 133)
 2 SYSTEMPATH\CodeIgniter.php(898): App\Controllers\Course->destroy('7')
 3 SYSTEMPATH\CodeIgniter.php(457): CodeIgniter\CodeIgniter->runController(Object(App\Controllers\Course))
 4 SYSTEMPATH\CodeIgniter.php(340): CodeIgniter\CodeIgniter->handleRequest(null, Object(Config\Cache), false)
 5 FCPATH\index.php(67): CodeIgniter\CodeIgniter->run()
 6 SYSTEMPATH\Commands\Server\rewrite.php(43): require_once('FCPATH\\index.php')
CRITICAL - 2022-08-31 05:40:07 --> Undefined variable $courseModel
in APPPATH\Controllers\Course.php on line 133.
 1 APPPATH\Controllers\Course.php(133): CodeIgniter\Debug\Exceptions->errorHandler(2, 'Undefined variable $courseModel', 'APPPATH\\Controllers\\Course.php', 133)
 2 SYSTEMPATH\CodeIgniter.php(898): App\Controllers\Course->destroy('7')
 3 SYSTEMPATH\CodeIgniter.php(457): CodeIgniter\CodeIgniter->runController(Object(App\Controllers\Course))
 4 SYSTEMPATH\CodeIgniter.php(340): CodeIgniter\CodeIgniter->handleRequest(null, Object(Config\Cache), false)
 5 FCPATH\index.php(67): CodeIgniter\CodeIgniter->run()
 6 SYSTEMPATH\Commands\Server\rewrite.php(43): require_once('FCPATH\\index.php')
CRITICAL - 2022-08-31 05:40:13 --> Attempt to read property "dokumen" on bool
in APPPATH\Controllers\Course.php on line 133.
 1 APPPATH\Controllers\Course.php(133): CodeIgniter\Debug\Exceptions->errorHandler(2, 'Attempt to read property "dokumen" on bool', 'APPPATH\\Controllers\\Course.php', 133)
 2 SYSTEMPATH\CodeIgniter.php(898): App\Controllers\Course->destroy('7')
 3 SYSTEMPATH\CodeIgniter.php(457): CodeIgniter\CodeIgniter->runController(Object(App\Controllers\Course))
 4 SYSTEMPATH\CodeIgniter.php(340): CodeIgniter\CodeIgniter->handleRequest(null, Object(Config\Cache), false)
 5 FCPATH\index.php(67): CodeIgniter\CodeIgniter->run()
 6 SYSTEMPATH\Commands\Server\rewrite.php(43): require_once('FCPATH\\index.php')
CRITICAL - 2022-08-31 05:40:44 --> syntax error, unexpected identifier "unlink"
in APPPATH\Controllers\Course.php on line 133.
 1 SYSTEMPATH\Autoloader\Autoloader.php(259): CodeIgniter\Autoloader\Autoloader->includeFile('APPPATH\\Controllers\\Course.php')
 2 SYSTEMPATH\Autoloader\Autoloader.php(237): CodeIgniter\Autoloader\Autoloader->loadInNamespace('App\\Controllers\\Course')
 3 [internal function]: CodeIgniter\Autoloader\Autoloader->loadClass('App\\Controllers\\Course')
 4 SYSTEMPATH\CodeIgniter.php(848): class_exists('\\App\\Controllers\\Course', true)
 5 SYSTEMPATH\CodeIgniter.php(444): CodeIgniter\CodeIgniter->startController()
 6 SYSTEMPATH\CodeIgniter.php(340): CodeIgniter\CodeIgniter->handleRequest(null, Object(Config\Cache), false)
 7 FCPATH\index.php(67): CodeIgniter\CodeIgniter->run()
 8 SYSTEMPATH\Commands\Server\rewrite.php(43): require_once('FCPATH\\index.php')
CRITICAL - 2022-08-31 05:40:45 --> syntax error, unexpected identifier "unlink"
in APPPATH\Controllers\Course.php on line 133.
 1 SYSTEMPATH\Autoloader\Autoloader.php(259): CodeIgniter\Autoloader\Autoloader->includeFile('APPPATH\\Controllers\\Course.php')
 2 SYSTEMPATH\Autoloader\Autoloader.php(237): CodeIgniter\Autoloader\Autoloader->loadInNamespace('App\\Controllers\\Course')
 3 [internal function]: CodeIgniter\Autoloader\Autoloader->loadClass('App\\Controllers\\Course')
 4 SYSTEMPATH\CodeIgniter.php(848): class_exists('\\App\\Controllers\\Course', true)
 5 SYSTEMPATH\CodeIgniter.php(444): CodeIgniter\CodeIgniter->startController()
 6 SYSTEMPATH\CodeIgniter.php(340): CodeIgniter\CodeIgniter->handleRequest(null, Object(Config\Cache), false)
 7 FCPATH\index.php(67): CodeIgniter\CodeIgniter->run()
 8 SYSTEMPATH\Commands\Server\rewrite.php(43): require_once('FCPATH\\index.php')
CRITICAL - 2022-08-31 05:40:54 --> Attempt to read property "dokumen" on array
in APPPATH\Controllers\Course.php on line 133.
 1 APPPATH\Controllers\Course.php(133): CodeIgniter\Debug\Exceptions->errorHandler(2, 'Attempt to read property "dokumen" on array', 'APPPATH\\Controllers\\Course.php', 133)
 2 SYSTEMPATH\CodeIgniter.php(898): App\Controllers\Course->destroy('7')
 3 SYSTEMPATH\CodeIgniter.php(457): CodeIgniter\CodeIgniter->runController(Object(App\Controllers\Course))
 4 SYSTEMPATH\CodeIgniter.php(340): CodeIgniter\CodeIgniter->handleRequest(null, Object(Config\Cache), false)
 5 FCPATH\index.php(67): CodeIgniter\CodeIgniter->run()
 6 SYSTEMPATH\Commands\Server\rewrite.php(43): require_once('FCPATH\\index.php')
CRITICAL - 2022-08-31 05:41:03 --> Undefined array key "dokumen"
in APPPATH\Controllers\Course.php on line 133.
 1 APPPATH\Controllers\Course.php(133): CodeIgniter\Debug\Exceptions->errorHandler(2, 'Undefined array key "dokumen"', 'APPPATH\\Controllers\\Course.php', 133)
 2 SYSTEMPATH\CodeIgniter.php(898): App\Controllers\Course->destroy('7')
 3 SYSTEMPATH\CodeIgniter.php(457): CodeIgniter\CodeIgniter->runController(Object(App\Controllers\Course))
 4 SYSTEMPATH\CodeIgniter.php(340): CodeIgniter\CodeIgniter->handleRequest(null, Object(Config\Cache), false)
 5 FCPATH\index.php(67): CodeIgniter\CodeIgniter->run()
 6 SYSTEMPATH\Commands\Server\rewrite.php(43): require_once('FCPATH\\index.php')
CRITICAL - 2022-08-31 05:41:21 --> Undefined variable $courseModel
in APPPATH\Controllers\Course.php on line 133.
 1 APPPATH\Controllers\Course.php(133): CodeIgniter\Debug\Exceptions->errorHandler(2, 'Undefined variable $courseModel', 'APPPATH\\Controllers\\Course.php', 133)
 2 SYSTEMPATH\CodeIgniter.php(898): App\Controllers\Course->destroy('7')
 3 SYSTEMPATH\CodeIgniter.php(457): CodeIgniter\CodeIgniter->runController(Object(App\Controllers\Course))
 4 SYSTEMPATH\CodeIgniter.php(340): CodeIgniter\CodeIgniter->handleRequest(null, Object(Config\Cache), false)
 5 FCPATH\index.php(67): CodeIgniter\CodeIgniter->run()
 6 SYSTEMPATH\Commands\Server\rewrite.php(43): require_once('FCPATH\\index.php')
CRITICAL - 2022-08-31 05:44:33 --> Attempt to read property "dokumen" on array
in APPPATH\Controllers\Course.php on line 133.
 1 APPPATH\Controllers\Course.php(133): CodeIgniter\Debug\Exceptions->errorHandler(2, 'Attempt to read property "dokumen" on array', 'APPPATH\\Controllers\\Course.php', 133)
 2 SYSTEMPATH\CodeIgniter.php(898): App\Controllers\Course->destroy('7')
 3 SYSTEMPATH\CodeIgniter.php(457): CodeIgniter\CodeIgniter->runController(Object(App\Controllers\Course))
 4 SYSTEMPATH\CodeIgniter.php(340): CodeIgniter\CodeIgniter->handleRequest(null, Object(Config\Cache), false)
 5 FCPATH\index.php(67): CodeIgniter\CodeIgniter->run()
 6 SYSTEMPATH\Commands\Server\rewrite.php(43): require_once('FCPATH\\index.php')
CRITICAL - 2022-08-31 05:45:57 --> Attempt to read property "dokumen" on array
in APPPATH\Controllers\Course.php on line 133.
 1 APPPATH\Controllers\Course.php(133): CodeIgniter\Debug\Exceptions->errorHandler(2, 'Attempt to read property "dokumen" on array', 'APPPATH\\Controllers\\Course.php', 133)
 2 SYSTEMPATH\CodeIgniter.php(898): App\Controllers\Course->destroy('7')
 3 SYSTEMPATH\CodeIgniter.php(457): CodeIgniter\CodeIgniter->runController(Object(App\Controllers\Course))
 4 SYSTEMPATH\CodeIgniter.php(340): CodeIgniter\CodeIgniter->handleRequest(null, Object(Config\Cache), false)
 5 FCPATH\index.php(67): CodeIgniter\CodeIgniter->run()
 6 SYSTEMPATH\Commands\Server\rewrite.php(43): require_once('FCPATH\\index.php')
CRITICAL - 2022-08-31 05:46:08 --> Undefined array key "dokumen"
in APPPATH\Controllers\Course.php on line 133.
 1 APPPATH\Controllers\Course.php(133): CodeIgniter\Debug\Exceptions->errorHandler(2, 'Undefined array key "dokumen"', 'APPPATH\\Controllers\\Course.php', 133)
 2 SYSTEMPATH\CodeIgniter.php(898): App\Controllers\Course->destroy('7')
 3 SYSTEMPATH\CodeIgniter.php(457): CodeIgniter\CodeIgniter->runController(Object(App\Controllers\Course))
 4 SYSTEMPATH\CodeIgniter.php(340): CodeIgniter\CodeIgniter->handleRequest(null, Object(Config\Cache), false)
 5 FCPATH\index.php(67): CodeIgniter\CodeIgniter->run()
 6 SYSTEMPATH\Commands\Server\rewrite.php(43): require_once('FCPATH\\index.php')
CRITICAL - 2022-08-31 05:46:58 --> Undefined array key "dokumen"
in APPPATH\Controllers\Course.php on line 133.
 1 APPPATH\Controllers\Course.php(133): CodeIgniter\Debug\Exceptions->errorHandler(2, 'Undefined array key "dokumen"', 'APPPATH\\Controllers\\Course.php', 133)
 2 SYSTEMPATH\CodeIgniter.php(898): App\Controllers\Course->destroy('7')
 3 SYSTEMPATH\CodeIgniter.php(457): CodeIgniter\CodeIgniter->runController(Object(App\Controllers\Course))
 4 SYSTEMPATH\CodeIgniter.php(340): CodeIgniter\CodeIgniter->handleRequest(null, Object(Config\Cache), false)
 5 FCPATH\index.php(67): CodeIgniter\CodeIgniter->run()
 6 SYSTEMPATH\Commands\Server\rewrite.php(43): require_once('FCPATH\\index.php')
CRITICAL - 2022-08-31 07:12:09 --> Declaration of App\Models\CourseModel::findAll() must be compatible with CodeIgniter\BaseModel::findAll(int $limit = 0, int $offset = 0)
in APPPATH\Models\CourseModel.php on line 14.
 1 [internal function]: CodeIgniter\Debug\Exceptions->shutdownHandler()
CRITICAL - 2022-08-31 07:19:05 --> Undefined property: stdClass::$dokumen
in APPPATH\Controllers\Course.php on line 116.
 1 APPPATH\Controllers\Course.php(116): CodeIgniter\Debug\Exceptions->errorHandler(2, 'Undefined property: stdClass::$dokumen', 'APPPATH\\Controllers\\Course.php', 116)
 2 SYSTEMPATH\CodeIgniter.php(898): App\Controllers\Course->destroy('6')
 3 SYSTEMPATH\CodeIgniter.php(457): CodeIgniter\CodeIgniter->runController(Object(App\Controllers\Course))
 4 SYSTEMPATH\CodeIgniter.php(340): CodeIgniter\CodeIgniter->handleRequest(null, Object(Config\Cache), false)
 5 FCPATH\index.php(67): CodeIgniter\CodeIgniter->run()
 6 SYSTEMPATH\Commands\Server\rewrite.php(43): require_once('FCPATH\\index.php')
CRITICAL - 2022-08-31 07:19:37 --> Attempt to read property "dokumen" on array
in APPPATH\Controllers\Course.php on line 116.
 1 APPPATH\Controllers\Course.php(116): CodeIgniter\Debug\Exceptions->errorHandler(2, 'Attempt to read property "dokumen" on array', 'APPPATH\\Controllers\\Course.php', 116)
 2 SYSTEMPATH\CodeIgniter.php(898): App\Controllers\Course->destroy('6')
 3 SYSTEMPATH\CodeIgniter.php(457): CodeIgniter\CodeIgniter->runController(Object(App\Controllers\Course))
 4 SYSTEMPATH\CodeIgniter.php(340): CodeIgniter\CodeIgniter->handleRequest(null, Object(Config\Cache), false)
 5 FCPATH\index.php(67): CodeIgniter\CodeIgniter->run()
 6 SYSTEMPATH\Commands\Server\rewrite.php(43): require_once('FCPATH\\index.php')
CRITICAL - 2022-08-31 07:23:18 --> Call to undefined method App\Models\CourseModel::getAll
in SYSTEMPATH\Model.php on line 773.
 1 APPPATH\Controllers\Course.php(115): CodeIgniter\Model->__call('getAll', [...])
 2 SYSTEMPATH\CodeIgniter.php(898): App\Controllers\Course->destroy('5')
 3 SYSTEMPATH\CodeIgniter.php(457): CodeIgniter\CodeIgniter->runController(Object(App\Controllers\Course))
 4 SYSTEMPATH\CodeIgniter.php(340): CodeIgniter\CodeIgniter->handleRequest(null, Object(Config\Cache), false)
 5 FCPATH\index.php(67): CodeIgniter\CodeIgniter->run()
 6 SYSTEMPATH\Commands\Server\rewrite.php(43): require_once('FCPATH\\index.php')
CRITICAL - 2022-08-31 07:23:50 --> Call to undefined method App\Models\CourseModel::getAll
in SYSTEMPATH\Model.php on line 773.
 1 APPPATH\Controllers\Course.php(115): CodeIgniter\Model->__call('getAll', [...])
 2 SYSTEMPATH\CodeIgniter.php(898): App\Controllers\Course->destroy('4')
 3 SYSTEMPATH\CodeIgniter.php(457): CodeIgniter\CodeIgniter->runController(Object(App\Controllers\Course))
 4 SYSTEMPATH\CodeIgniter.php(340): CodeIgniter\CodeIgniter->handleRequest(null, Object(Config\Cache), false)
 5 FCPATH\index.php(67): CodeIgniter\CodeIgniter->run()
 6 SYSTEMPATH\Commands\Server\rewrite.php(43): require_once('FCPATH\\index.php')
CRITICAL - 2022-08-31 07:28:43 --> Attempt to read property "judul" on array
in APPPATH\Views\course\get.php on line 66.
 1 APPPATH\Views\course\get.php(66): CodeIgniter\Debug\Exceptions->errorHandler(2, 'Attempt to read property "judul" on array', 'APPPATH\\Views\\course\\get.php', 66)
 2 SYSTEMPATH\View\View.php(213): include('APPPATH\\Views\\course\\get.php')
 3 SYSTEMPATH\View\View.php(216): CodeIgniter\View\View->CodeIgniter\View\{closure}()
 4 SYSTEMPATH\Common.php(1137): CodeIgniter\View\View->render('course/get', [], true)
 5 APPPATH\Controllers\Course.php(18): view('course/get', [...])
 6 SYSTEMPATH\CodeIgniter.php(898): App\Controllers\Course->index()
 7 SYSTEMPATH\CodeIgniter.php(457): CodeIgniter\CodeIgniter->runController(Object(App\Controllers\Course))
 8 SYSTEMPATH\CodeIgniter.php(340): CodeIgniter\CodeIgniter->handleRequest(null, Object(Config\Cache), false)
 9 FCPATH\index.php(67): CodeIgniter\CodeIgniter->run()
10 SYSTEMPATH\Commands\Server\rewrite.php(43): require_once('FCPATH\\index.php')
CRITICAL - 2022-08-31 07:29:36 --> Attempt to read property "dokumen" on array
in APPPATH\Controllers\Course.php on line 116.
 1 APPPATH\Controllers\Course.php(116): CodeIgniter\Debug\Exceptions->errorHandler(2, 'Attempt to read property "dokumen" on array', 'APPPATH\\Controllers\\Course.php', 116)
 2 SYSTEMPATH\CodeIgniter.php(898): App\Controllers\Course->destroy('4')
 3 SYSTEMPATH\CodeIgniter.php(457): CodeIgniter\CodeIgniter->runController(Object(App\Controllers\Course))
 4 SYSTEMPATH\CodeIgniter.php(340): CodeIgniter\CodeIgniter->handleRequest(null, Object(Config\Cache), false)
 5 FCPATH\index.php(67): CodeIgniter\CodeIgniter->run()
 6 SYSTEMPATH\Commands\Server\rewrite.php(43): require_once('FCPATH\\index.php')
CRITICAL - 2022-08-31 07:31:44 --> syntax error, unexpected token "[", expecting identifier or variable or "{" or "$"
in APPPATH\Views\course\get.php on line 67.
 1 SYSTEMPATH\View\View.php(216): CodeIgniter\View\View->CodeIgniter\View\{closure}()
 2 SYSTEMPATH\Common.php(1137): CodeIgniter\View\View->render('course/get', [], true)
 3 APPPATH\Controllers\Course.php(18): view('course/get', [...])
 4 SYSTEMPATH\CodeIgniter.php(898): App\Controllers\Course->index()
 5 SYSTEMPATH\CodeIgniter.php(457): CodeIgniter\CodeIgniter->runController(Object(App\Controllers\Course))
 6 SYSTEMPATH\CodeIgniter.php(340): CodeIgniter\CodeIgniter->handleRequest(null, Object(Config\Cache), false)
 7 FCPATH\index.php(67): CodeIgniter\CodeIgniter->run()
 8 SYSTEMPATH\Commands\Server\rewrite.php(43): require_once('FCPATH\\index.php')
CRITICAL - 2022-08-31 07:32:03 --> Attempt to read property "dokumen" on array
in APPPATH\Views\course\get.php on line 68.
 1 APPPATH\Views\course\get.php(68): CodeIgniter\Debug\Exceptions->errorHandler(2, 'Attempt to read property "dokumen" on array', 'APPPATH\\Views\\course\\get.php', 68)
 2 SYSTEMPATH\View\View.php(213): include('APPPATH\\Views\\course\\get.php')
 3 SYSTEMPATH\View\View.php(216): CodeIgniter\View\View->CodeIgniter\View\{closure}()
 4 SYSTEMPATH\Common.php(1137): CodeIgniter\View\View->render('course/get', [], true)
 5 APPPATH\Controllers\Course.php(18): view('course/get', [...])
 6 SYSTEMPATH\CodeIgniter.php(898): App\Controllers\Course->index()
 7 SYSTEMPATH\CodeIgniter.php(457): CodeIgniter\CodeIgniter->runController(Object(App\Controllers\Course))
 8 SYSTEMPATH\CodeIgniter.php(340): CodeIgniter\CodeIgniter->handleRequest(null, Object(Config\Cache), false)
 9 FCPATH\index.php(67): CodeIgniter\CodeIgniter->run()
10 SYSTEMPATH\Commands\Server\rewrite.php(43): require_once('FCPATH\\index.php')
CRITICAL - 2022-08-31 07:36:48 --> syntax error, unexpected identifier "unlink"
in APPPATH\Controllers\Course.php on line 117.
 1 SYSTEMPATH\Autoloader\Autoloader.php(259): CodeIgniter\Autoloader\Autoloader->includeFile('APPPATH\\Controllers\\Course.php')
 2 SYSTEMPATH\Autoloader\Autoloader.php(237): CodeIgniter\Autoloader\Autoloader->loadInNamespace('App\\Controllers\\Course')
 3 [internal function]: CodeIgniter\Autoloader\Autoloader->loadClass('App\\Controllers\\Course')
 4 SYSTEMPATH\CodeIgniter.php(848): class_exists('\\App\\Controllers\\Course', true)
 5 SYSTEMPATH\CodeIgniter.php(444): CodeIgniter\CodeIgniter->startController()
 6 SYSTEMPATH\CodeIgniter.php(340): CodeIgniter\CodeIgniter->handleRequest(null, Object(Config\Cache), false)
 7 FCPATH\index.php(67): CodeIgniter\CodeIgniter->run()
 8 SYSTEMPATH\Commands\Server\rewrite.php(43): require_once('FCPATH\\index.php')
CRITICAL - 2022-08-31 07:36:50 --> syntax error, unexpected identifier "unlink"
in APPPATH\Controllers\Course.php on line 117.
 1 SYSTEMPATH\Autoloader\Autoloader.php(259): CodeIgniter\Autoloader\Autoloader->includeFile('APPPATH\\Controllers\\Course.php')
 2 SYSTEMPATH\Autoloader\Autoloader.php(237): CodeIgniter\Autoloader\Autoloader->loadInNamespace('App\\Controllers\\Course')
 3 [internal function]: CodeIgniter\Autoloader\Autoloader->loadClass('App\\Controllers\\Course')
 4 SYSTEMPATH\CodeIgniter.php(848): class_exists('\\App\\Controllers\\Course', true)
 5 SYSTEMPATH\CodeIgniter.php(444): CodeIgniter\CodeIgniter->startController()
 6 SYSTEMPATH\CodeIgniter.php(340): CodeIgniter\CodeIgniter->handleRequest(null, Object(Config\Cache), false)
 7 FCPATH\index.php(67): CodeIgniter\CodeIgniter->run()
 8 SYSTEMPATH\Commands\Server\rewrite.php(43): require_once('FCPATH\\index.php')
CRITICAL - 2022-08-31 07:36:57 --> Undefined property: CodeIgniter\Database\MySQLi\Result::$dokumen
in APPPATH\Controllers\Course.php on line 117.
 1 APPPATH\Controllers\Course.php(117): CodeIgniter\Debug\Exceptions->errorHandler(2, 'Undefined property: CodeIgniter\\Database\\MySQLi\\Result::$dokumen', 'APPPATH\\Controllers\\Course.php', 117)
 2 SYSTEMPATH\CodeIgniter.php(898): App\Controllers\Course->destroy('4')
 3 SYSTEMPATH\CodeIgniter.php(457): CodeIgniter\CodeIgniter->runController(Object(App\Controllers\Course))
 4 SYSTEMPATH\CodeIgniter.php(340): CodeIgniter\CodeIgniter->handleRequest(null, Object(Config\Cache), false)
 5 FCPATH\index.php(67): CodeIgniter\CodeIgniter->run()
 6 SYSTEMPATH\Commands\Server\rewrite.php(43): require_once('FCPATH\\index.php')
CRITICAL - 2022-08-31 07:37:12 --> Cannot use object of type CodeIgniter\Database\MySQLi\Result as array
in APPPATH\Controllers\Course.php on line 117.
 1 SYSTEMPATH\CodeIgniter.php(898): App\Controllers\Course->destroy('4')
 2 SYSTEMPATH\CodeIgniter.php(457): CodeIgniter\CodeIgniter->runController(Object(App\Controllers\Course))
 3 SYSTEMPATH\CodeIgniter.php(340): CodeIgniter\CodeIgniter->handleRequest(null, Object(Config\Cache), false)
 4 FCPATH\index.php(67): CodeIgniter\CodeIgniter->run()
 5 SYSTEMPATH\Commands\Server\rewrite.php(43): require_once('FCPATH\\index.php')
CRITICAL - 2022-08-31 07:37:30 --> Undefined property: CodeIgniter\Database\MySQLi\Result::$dokumen
in APPPATH\Controllers\Course.php on line 117.
 1 APPPATH\Controllers\Course.php(117): CodeIgniter\Debug\Exceptions->errorHandler(2, 'Undefined property: CodeIgniter\\Database\\MySQLi\\Result::$dokumen', 'APPPATH\\Controllers\\Course.php', 117)
 2 SYSTEMPATH\CodeIgniter.php(898): App\Controllers\Course->destroy('4')
 3 SYSTEMPATH\CodeIgniter.php(457): CodeIgniter\CodeIgniter->runController(Object(App\Controllers\Course))
 4 SYSTEMPATH\CodeIgniter.php(340): CodeIgniter\CodeIgniter->handleRequest(null, Object(Config\Cache), false)
 5 FCPATH\index.php(67): CodeIgniter\CodeIgniter->run()
 6 SYSTEMPATH\Commands\Server\rewrite.php(43): require_once('FCPATH\\index.php')
CRITICAL - 2022-08-31 18:03:31 --> Call to undefined method stdClass::date()
in APPPATH\Views\course\details.php on line 48.
 1 SYSTEMPATH\View\View.php(213): include()
 2 SYSTEMPATH\View\View.php(216): CodeIgniter\View\View->CodeIgniter\View\{closure}()
 3 SYSTEMPATH\Common.php(1137): CodeIgniter\View\View->render('course/details', [], true)
 4 APPPATH\Controllers\Course.php(72): view('course/details', [...])
 5 SYSTEMPATH\CodeIgniter.php(898): App\Controllers\Course->details('1')
 6 SYSTEMPATH\CodeIgniter.php(457): CodeIgniter\CodeIgniter->runController(Object(App\Controllers\Course))
 7 SYSTEMPATH\CodeIgniter.php(340): CodeIgniter\CodeIgniter->handleRequest(null, Object(Config\Cache), false)
 8 FCPATH\index.php(67): CodeIgniter\CodeIgniter->run()
 9 SYSTEMPATH\Commands\Server\rewrite.php(43): require_once('FCPATH\\index.php')
CRITICAL - 2022-08-31 18:07:21 --> Undefined variable $tgl
in APPPATH\Views\course\details.php on line 48.
 1 APPPATH\Views\course\details.php(48): CodeIgniter\Debug\Exceptions->errorHandler(2, 'Undefined variable $tgl', 'APPPATH\\Views\\course\\details.php', 48)
 2 SYSTEMPATH\View\View.php(213): include('APPPATH\\Views\\course\\details.php')
 3 SYSTEMPATH\View\View.php(216): CodeIgniter\View\View->CodeIgniter\View\{closure}()
 4 SYSTEMPATH\Common.php(1137): CodeIgniter\View\View->render('course/details', [], true)
 5 APPPATH\Controllers\Course.php(72): view('course/details', [...])
 6 SYSTEMPATH\CodeIgniter.php(898): App\Controllers\Course->details('9')
 7 SYSTEMPATH\CodeIgniter.php(457): CodeIgniter\CodeIgniter->runController(Object(App\Controllers\Course))
 8 SYSTEMPATH\CodeIgniter.php(340): CodeIgniter\CodeIgniter->handleRequest(null, Object(Config\Cache), false)
 9 FCPATH\index.php(67): CodeIgniter\CodeIgniter->run()
10 SYSTEMPATH\Commands\Server\rewrite.php(43): require_once('FCPATH\\index.php')
CRITICAL - 2022-08-31 18:15:04 --> Undefined variable $data
in APPPATH\Controllers\User.php on line 23.
 1 APPPATH\Controllers\User.php(23): CodeIgniter\Debug\Exceptions->errorHandler(2, 'Undefined variable $data', 'APPPATH\\Controllers\\User.php', 23)
 2 SYSTEMPATH\CodeIgniter.php(898): App\Controllers\User->profil()
 3 SYSTEMPATH\CodeIgniter.php(457): CodeIgniter\CodeIgniter->runController(Object(App\Controllers\User))
 4 SYSTEMPATH\CodeIgniter.php(340): CodeIgniter\CodeIgniter->handleRequest(null, Object(Config\Cache), false)
 5 FCPATH\index.php(67): CodeIgniter\CodeIgniter->run()
 6 SYSTEMPATH\Commands\Server\rewrite.php(43): require_once('FCPATH\\index.php')
CRITICAL - 2022-08-31 18:15:54 --> Undefined variable $id_user
in APPPATH\Views\profil\get.php on line 19.
 1 APPPATH\Views\profil\get.php(19): CodeIgniter\Debug\Exceptions->errorHandler(2, 'Undefined variable $id_user', 'APPPATH\\Views\\profil\\get.php', 19)
 2 SYSTEMPATH\View\View.php(213): include('APPPATH\\Views\\profil\\get.php')
 3 SYSTEMPATH\View\View.php(216): CodeIgniter\View\View->CodeIgniter\View\{closure}()
 4 SYSTEMPATH\Common.php(1137): CodeIgniter\View\View->render('profil/get', [], true)
 5 APPPATH\Controllers\User.php(24): view('profil/get', [...])
 6 SYSTEMPATH\CodeIgniter.php(898): App\Controllers\User->profil()
 7 SYSTEMPATH\CodeIgniter.php(457): CodeIgniter\CodeIgniter->runController(Object(App\Controllers\User))
 8 SYSTEMPATH\CodeIgniter.php(340): CodeIgniter\CodeIgniter->handleRequest(null, Object(Config\Cache), false)
 9 FCPATH\index.php(67): CodeIgniter\CodeIgniter->run()
10 SYSTEMPATH\Commands\Server\rewrite.php(43): require_once('FCPATH\\index.php')
CRITICAL - 2022-08-31 18:15:59 --> Undefined variable $id
in APPPATH\Views\profil\get.php on line 19.
 1 APPPATH\Views\profil\get.php(19): CodeIgniter\Debug\Exceptions->errorHandler(2, 'Undefined variable $id', 'APPPATH\\Views\\profil\\get.php', 19)
 2 SYSTEMPATH\View\View.php(213): include('APPPATH\\Views\\profil\\get.php')
 3 SYSTEMPATH\View\View.php(216): CodeIgniter\View\View->CodeIgniter\View\{closure}()
 4 SYSTEMPATH\Common.php(1137): CodeIgniter\View\View->render('profil/get', [], true)
 5 APPPATH\Controllers\User.php(24): view('profil/get', [...])
 6 SYSTEMPATH\CodeIgniter.php(898): App\Controllers\User->profil()
 7 SYSTEMPATH\CodeIgniter.php(457): CodeIgniter\CodeIgniter->runController(Object(App\Controllers\User))
 8 SYSTEMPATH\CodeIgniter.php(340): CodeIgniter\CodeIgniter->handleRequest(null, Object(Config\Cache), false)
 9 FCPATH\index.php(67): CodeIgniter\CodeIgniter->run()
10 SYSTEMPATH\Commands\Server\rewrite.php(43): require_once('FCPATH\\index.php')
CRITICAL - 2022-08-31 18:19:30 --> Undefined variable $userid
in APPPATH\Views\layout\default.php on line 168.
 1 APPPATH\Views\layout\default.php(168): CodeIgniter\Debug\Exceptions->errorHandler(2, 'Undefined variable $userid', 'APPPATH\\Views\\layout\\default.php', 168)
 2 SYSTEMPATH\View\View.php(213): include('APPPATH\\Views\\layout\\default.php')
 3 SYSTEMPATH\View\View.php(216): CodeIgniter\View\View->CodeIgniter\View\{closure}()
 4 SYSTEMPATH\View\View.php(229): CodeIgniter\View\View->render('/layout/default', [], true)
 5 SYSTEMPATH\Common.php(1137): CodeIgniter\View\View->render('user/index', [], true)
 6 APPPATH\Controllers\User.php(15): view('user/index')
 7 SYSTEMPATH\CodeIgniter.php(898): App\Controllers\User->index()
 8 SYSTEMPATH\CodeIgniter.php(457): CodeIgniter\CodeIgniter->runController(Object(App\Controllers\User))
 9 SYSTEMPATH\CodeIgniter.php(340): CodeIgniter\CodeIgniter->handleRequest(null, Object(Config\Cache), false)
10 FCPATH\index.php(67): CodeIgniter\CodeIgniter->run()
11 SYSTEMPATH\Commands\Server\rewrite.php(43): require_once('FCPATH\\index.php')
CRITICAL - 2022-08-31 18:19:33 --> Undefined variable $usersid
in APPPATH\Views\layout\default.php on line 168.
 1 APPPATH\Views\layout\default.php(168): CodeIgniter\Debug\Exceptions->errorHandler(2, 'Undefined variable $usersid', 'APPPATH\\Views\\layout\\default.php', 168)
 2 SYSTEMPATH\View\View.php(213): include('APPPATH\\Views\\layout\\default.php')
 3 SYSTEMPATH\View\View.php(216): CodeIgniter\View\View->CodeIgniter\View\{closure}()
 4 SYSTEMPATH\View\View.php(229): CodeIgniter\View\View->render('/layout/default', [], true)
 5 SYSTEMPATH\Common.php(1137): CodeIgniter\View\View->render('user/index', [], true)
 6 APPPATH\Controllers\User.php(15): view('user/index')
 7 SYSTEMPATH\CodeIgniter.php(898): App\Controllers\User->index()
 8 SYSTEMPATH\CodeIgniter.php(457): CodeIgniter\CodeIgniter->runController(Object(App\Controllers\User))
 9 SYSTEMPATH\CodeIgniter.php(340): CodeIgniter\CodeIgniter->handleRequest(null, Object(Config\Cache), false)
10 FCPATH\index.php(67): CodeIgniter\CodeIgniter->run()
11 SYSTEMPATH\Commands\Server\rewrite.php(43): require_once('FCPATH\\index.php')
CRITICAL - 2022-08-31 18:21:00 --> Undefined property: stdClass::$judul
in APPPATH\Views\profil\get.php on line 36.
 1 APPPATH\Views\profil\get.php(36): CodeIgniter\Debug\Exceptions->errorHandler(2, 'Undefined property: stdClass::$judul', 'APPPATH\\Views\\profil\\get.php', 36)
 2 SYSTEMPATH\View\View.php(213): include('APPPATH\\Views\\profil\\get.php')
 3 SYSTEMPATH\View\View.php(216): CodeIgniter\View\View->CodeIgniter\View\{closure}()
 4 SYSTEMPATH\Common.php(1137): CodeIgniter\View\View->render('profil/get', [], true)
 5 APPPATH\Controllers\User.php(36): view('profil/get', [...])
 6 SYSTEMPATH\CodeIgniter.php(898): App\Controllers\User->profil('4')
 7 SYSTEMPATH\CodeIgniter.php(457): CodeIgniter\CodeIgniter->runController(Object(App\Controllers\User))
 8 SYSTEMPATH\CodeIgniter.php(340): CodeIgniter\CodeIgniter->handleRequest(null, Object(Config\Cache), false)
 9 FCPATH\index.php(67): CodeIgniter\CodeIgniter->run()
10 SYSTEMPATH\Commands\Server\rewrite.php(43): require_once('FCPATH\\index.php')
CRITICAL - 2022-08-31 18:23:46 --> Undefined variable $id
in APPPATH\Views\profil\get.php on line 19.
 1 APPPATH\Views\profil\get.php(19): CodeIgniter\Debug\Exceptions->errorHandler(2, 'Undefined variable $id', 'APPPATH\\Views\\profil\\get.php', 19)
 2 SYSTEMPATH\View\View.php(213): include('APPPATH\\Views\\profil\\get.php')
 3 SYSTEMPATH\View\View.php(216): CodeIgniter\View\View->CodeIgniter\View\{closure}()
 4 SYSTEMPATH\Common.php(1137): CodeIgniter\View\View->render('profil/get', [], true)
 5 APPPATH\Controllers\User.php(36): view('profil/get', [...])
 6 SYSTEMPATH\CodeIgniter.php(898): App\Controllers\User->profil('4')
 7 SYSTEMPATH\CodeIgniter.php(457): CodeIgniter\CodeIgniter->runController(Object(App\Controllers\User))
 8 SYSTEMPATH\CodeIgniter.php(340): CodeIgniter\CodeIgniter->handleRequest(null, Object(Config\Cache), false)
 9 FCPATH\index.php(67): CodeIgniter\CodeIgniter->run()
10 SYSTEMPATH\Commands\Server\rewrite.php(43): require_once('FCPATH\\index.php')
CRITICAL - 2022-08-31 18:23:58 --> Undefined variable $user
in APPPATH\Views\profil\get.php on line 19.
 1 APPPATH\Views\profil\get.php(19): CodeIgniter\Debug\Exceptions->errorHandler(2, 'Undefined variable $user', 'APPPATH\\Views\\profil\\get.php', 19)
 2 SYSTEMPATH\View\View.php(213): include('APPPATH\\Views\\profil\\get.php')
 3 SYSTEMPATH\View\View.php(216): CodeIgniter\View\View->CodeIgniter\View\{closure}()
 4 SYSTEMPATH\Common.php(1137): CodeIgniter\View\View->render('profil/get', [], true)
 5 APPPATH\Controllers\User.php(36): view('profil/get', [...])
 6 SYSTEMPATH\CodeIgniter.php(898): App\Controllers\User->profil('4')
 7 SYSTEMPATH\CodeIgniter.php(457): CodeIgniter\CodeIgniter->runController(Object(App\Controllers\User))
 8 SYSTEMPATH\CodeIgniter.php(340): CodeIgniter\CodeIgniter->handleRequest(null, Object(Config\Cache), false)
 9 FCPATH\index.php(67): CodeIgniter\CodeIgniter->run()
10 SYSTEMPATH\Commands\Server\rewrite.php(43): require_once('FCPATH\\index.php')
CRITICAL - 2022-08-31 18:57:59 --> syntax error, unexpected identifier "previewImg"
in APPPATH\Views\profil\get.php on line 127.
 1 SYSTEMPATH\View\View.php(216): CodeIgniter\View\View->CodeIgniter\View\{closure}()
 2 SYSTEMPATH\Common.php(1137): CodeIgniter\View\View->render('profil/get', [], true)
 3 APPPATH\Controllers\User.php(36): view('profil/get', [...])
 4 SYSTEMPATH\CodeIgniter.php(898): App\Controllers\User->profil('4')
 5 SYSTEMPATH\CodeIgniter.php(457): CodeIgniter\CodeIgniter->runController(Object(App\Controllers\User))
 6 SYSTEMPATH\CodeIgniter.php(340): CodeIgniter\CodeIgniter->handleRequest(null, Object(Config\Cache), false)
 7 FCPATH\index.php(67): CodeIgniter\CodeIgniter->run()
 8 SYSTEMPATH\Commands\Server\rewrite.php(43): require_once('FCPATH\\index.php')
CRITICAL - 2022-08-31 19:04:33 --> Undefined variable $course
in APPPATH\Views\profil\get.php on line 71.
 1 APPPATH\Views\profil\get.php(71): CodeIgniter\Debug\Exceptions->errorHandler(2, 'Undefined variable $course', 'APPPATH\\Views\\profil\\get.php', 71)
 2 SYSTEMPATH\View\View.php(213): include('APPPATH\\Views\\profil\\get.php')
 3 SYSTEMPATH\View\View.php(216): CodeIgniter\View\View->CodeIgniter\View\{closure}()
 4 SYSTEMPATH\Common.php(1137): CodeIgniter\View\View->render('profil/get', [], true)
 5 APPPATH\Controllers\User.php(36): view('profil/get', [...])
 6 SYSTEMPATH\CodeIgniter.php(898): App\Controllers\User->profil('4')
 7 SYSTEMPATH\CodeIgniter.php(457): CodeIgniter\CodeIgniter->runController(Object(App\Controllers\User))
 8 SYSTEMPATH\CodeIgniter.php(340): CodeIgniter\CodeIgniter->handleRequest(null, Object(Config\Cache), false)
 9 FCPATH\index.php(67): CodeIgniter\CodeIgniter->run()
10 SYSTEMPATH\Commands\Server\rewrite.php(43): require_once('FCPATH\\index.php')
CRITICAL - 2022-08-31 19:06:28 --> Undefined variable $fileimage
in APPPATH\Controllers\User.php on line 45.
 1 APPPATH\Controllers\User.php(45): CodeIgniter\Debug\Exceptions->errorHandler(2, 'Undefined variable $fileimage', 'APPPATH\\Controllers\\User.php', 45)
 2 SYSTEMPATH\CodeIgniter.php(898): App\Controllers\User->update('4')
 3 SYSTEMPATH\CodeIgniter.php(457): CodeIgniter\CodeIgniter->runController(Object(App\Controllers\User))
 4 SYSTEMPATH\CodeIgniter.php(340): CodeIgniter\CodeIgniter->handleRequest(null, Object(Config\Cache), false)
 5 FCPATH\index.php(67): CodeIgniter\CodeIgniter->run()
 6 SYSTEMPATH\Commands\Server\rewrite.php(43): require_once('FCPATH\\index.php')
ERROR - 2022-08-31 19:06:41 --> mysqli_sql_exception: Unknown column 'image' in 'field list' in C:\xampp\htdocs\aplikasi_iro\system\Database\MySQLi\Connection.php:292
Stack trace:
#0 C:\xampp\htdocs\aplikasi_iro\system\Database\MySQLi\Connection.php(292): mysqli->query('UPDATE `users` ...', 0)
#1 C:\xampp\htdocs\aplikasi_iro\system\Database\BaseConnection.php(693): CodeIgniter\Database\MySQLi\Connection->execute('UPDATE `users` ...')
#2 C:\xampp\htdocs\aplikasi_iro\system\Database\BaseConnection.php(620): CodeIgniter\Database\BaseConnection->simpleQuery('UPDATE `users` ...')
#3 C:\xampp\htdocs\aplikasi_iro\system\Database\BaseBuilder.php(2078): CodeIgniter\Database\BaseConnection->query('UPDATE `users` ...', Array, false)
#4 C:\xampp\htdocs\aplikasi_iro\app\Controllers\User.php(60): CodeIgniter\Database\BaseBuilder->update(Array)
#5 C:\xampp\htdocs\aplikasi_iro\system\CodeIgniter.php(898): App\Controllers\User->update('4')
#6 C:\xampp\htdocs\aplikasi_iro\system\CodeIgniter.php(457): CodeIgniter\CodeIgniter->runController(Object(App\Controllers\User))
#7 C:\xampp\htdocs\aplikasi_iro\system\CodeIgniter.php(340): CodeIgniter\CodeIgniter->handleRequest(NULL, Object(Config\Cache), false)
#8 C:\xampp\htdocs\aplikasi_iro\public\index.php(67): CodeIgniter\CodeIgniter->run()
#9 C:\xampp\htdocs\aplikasi_iro\system\Commands\Server\rewrite.php(43): require_once('C:\\xampp\\htdocs...')
#10 {main}
